<?xml version="1.0" encoding="UTF-8" ?>
<testsuites name="vitest tests" tests="129" failures="35" errors="0" time="18.713738379">
    <testsuite name="src/components/__tests__/CompanySearch.integration.test.tsx" timestamp="2025-07-18T00:07:19.050Z" hostname="FMNZ-C02D5HB1ML7H.local" tests="2" failures="0" errors="0" skipped="0" time="0.802615283">
        <testcase classname="src/components/__tests__/CompanySearch.integration.test.tsx" name="CompanySearch Integration Tests &gt; should integrate with store and service for end-to-end search flow" time="0.415939332">
        </testcase>
        <testcase classname="src/components/__tests__/CompanySearch.integration.test.tsx" name="CompanySearch Integration Tests &gt; should handle full search workflow with error recovery" time="0.380899083">
        </testcase>
    </testsuite>
    <testsuite name="src/components/__tests__/CompanySearch.test.tsx" timestamp="2025-07-18T00:07:19.053Z" hostname="FMNZ-C02D5HB1ML7H.local" tests="20" failures="0" errors="0" skipped="0" time="3.85800098">
        <testcase classname="src/components/__tests__/CompanySearch.test.tsx" name="CompanySearch &gt; Rendering &gt; should render search input with placeholder" time="0.200408">
        </testcase>
        <testcase classname="src/components/__tests__/CompanySearch.test.tsx" name="CompanySearch &gt; Rendering &gt; should render search icon initially" time="0.184853965">
        </testcase>
        <testcase classname="src/components/__tests__/CompanySearch.test.tsx" name="CompanySearch &gt; Rendering &gt; should render with proper accessibility attributes" time="0.021620593">
        </testcase>
        <testcase classname="src/components/__tests__/CompanySearch.test.tsx" name="CompanySearch &gt; User Interaction &gt; should update input value when user types" time="0.171835821">
        </testcase>
        <testcase classname="src/components/__tests__/CompanySearch.test.tsx" name="CompanySearch &gt; User Interaction &gt; should show clear button when input has value" time="0.079189726">
        </testcase>
        <testcase classname="src/components/__tests__/CompanySearch.test.tsx" name="CompanySearch &gt; User Interaction &gt; should clear input when clear button is clicked" time="0.23683076">
        </testcase>
        <testcase classname="src/components/__tests__/CompanySearch.test.tsx" name="CompanySearch &gt; User Interaction &gt; should not show clear button when input is empty" time="0.018081107">
        </testcase>
        <testcase classname="src/components/__tests__/CompanySearch.test.tsx" name="CompanySearch &gt; Search Functionality &gt; should trigger search after debounce delay" time="0.439060204">
        </testcase>
        <testcase classname="src/components/__tests__/CompanySearch.test.tsx" name="CompanySearch &gt; Search Functionality &gt; should not trigger search for queries less than 2 characters" time="0.349984923">
        </testcase>
        <testcase classname="src/components/__tests__/CompanySearch.test.tsx" name="CompanySearch &gt; Search Functionality &gt; should clear search when input is empty" time="0.371268704">
        </testcase>
        <testcase classname="src/components/__tests__/CompanySearch.test.tsx" name="CompanySearch &gt; Search Functionality &gt; should show loading state during search" time="0.082267208">
        </testcase>
        <testcase classname="src/components/__tests__/CompanySearch.test.tsx" name="CompanySearch &gt; Search Results Display &gt; should display search results when available" time="0.063327113">
        </testcase>
        <testcase classname="src/components/__tests__/CompanySearch.test.tsx" name="CompanySearch &gt; Search Results Display &gt; should display singular result text for single result" time="0.017412745">
        </testcase>
        <testcase classname="src/components/__tests__/CompanySearch.test.tsx" name="CompanySearch &gt; Search Results Display &gt; should display company details correctly" time="0.0233198">
        </testcase>
        <testcase classname="src/components/__tests__/CompanySearch.test.tsx" name="CompanySearch &gt; Search Results Display &gt; should handle company selection click" time="0.045656451">
        </testcase>
        <testcase classname="src/components/__tests__/CompanySearch.test.tsx" name="CompanySearch &gt; Search Results Display &gt; should display different status styles" time="0.039289611">
        </testcase>
        <testcase classname="src/components/__tests__/CompanySearch.test.tsx" name="CompanySearch &gt; Error Handling &gt; should handle search errors gracefully" time="0.355801158">
        </testcase>
        <testcase classname="src/components/__tests__/CompanySearch.test.tsx" name="CompanySearch &gt; Error Handling &gt; should handle network errors" time="0.393822823">
        </testcase>
        <testcase classname="src/components/__tests__/CompanySearch.test.tsx" name="CompanySearch &gt; Performance &gt; should debounce search requests" time="0.396409985">
        </testcase>
        <testcase classname="src/components/__tests__/CompanySearch.test.tsx" name="CompanySearch &gt; Performance &gt; should cancel previous search when new search is triggered" time="0.359290985">
        </testcase>
    </testsuite>
    <testsuite name="src/services/__tests__/directorService.test.ts" timestamp="2025-07-18T00:07:19.065Z" hostname="FMNZ-C02D5HB1ML7H.local" tests="9" failures="0" errors="0" skipped="0" time="0.016282632">
        <testcase classname="src/services/__tests__/directorService.test.ts" name="DirectorService &gt; getCountryCode &gt; should convert New Zealand to NZ" time="0.003940367">
        </testcase>
        <testcase classname="src/services/__tests__/directorService.test.ts" name="DirectorService &gt; getCountryCode &gt; should convert Australia to AU" time="0.000581635">
        </testcase>
        <testcase classname="src/services/__tests__/directorService.test.ts" name="DirectorService &gt; getCountryCode &gt; should convert United States variants to US" time="0.000522403">
        </testcase>
        <testcase classname="src/services/__tests__/directorService.test.ts" name="DirectorService &gt; getCountryCode &gt; should convert United Kingdom to GB" time="0.000349951">
        </testcase>
        <testcase classname="src/services/__tests__/directorService.test.ts" name="DirectorService &gt; getCountryCode &gt; should convert Canada to CA" time="0.000350635">
        </testcase>
        <testcase classname="src/services/__tests__/directorService.test.ts" name="DirectorService &gt; getCountryCode &gt; should default to NZ for unrecognized countries" time="0.000412863">
        </testcase>
        <testcase classname="src/services/__tests__/directorService.test.ts" name="DirectorService &gt; getCountryCode &gt; should handle edge cases" time="0.00047536">
        </testcase>
        <testcase classname="src/services/__tests__/directorService.test.ts" name="DirectorService &gt; getCountryCode &gt; should ensure all returned codes are exactly 2 characters" time="0.002567037">
        </testcase>
        <testcase classname="src/services/__tests__/directorService.test.ts" name="DirectorService &gt; getCountryCode &gt; should comply with database VARCHAR(2) constraint" time="0.000399211">
        </testcase>
    </testsuite>
    <testsuite name="src/services/__tests__/registrationService.test.ts" timestamp="2025-07-18T00:07:19.068Z" hostname="FMNZ-C02D5HB1ML7H.local" tests="18" failures="0" errors="0" skipped="0" time="0.0741434">
        <testcase classname="src/services/__tests__/registrationService.test.ts" name="RegistrationService &gt; checkNameAvailability &gt; returns availability status for valid name" time="0.026160805">
        </testcase>
        <testcase classname="src/services/__tests__/registrationService.test.ts" name="RegistrationService &gt; checkNameAvailability &gt; handles special characters in company name" time="0.005449361">
        </testcase>
        <testcase classname="src/services/__tests__/registrationService.test.ts" name="RegistrationService &gt; checkNameAvailability &gt; throws error on HTTP error response" time="0.004410646">
        </testcase>
        <testcase classname="src/services/__tests__/registrationService.test.ts" name="RegistrationService &gt; checkNameAvailability &gt; throws error on network failure" time="0.000745734">
        </testcase>
        <testcase classname="src/services/__tests__/registrationService.test.ts" name="RegistrationService &gt; checkNumberAvailability &gt; returns availability status for valid number" time="0.001240237">
        </testcase>
        <testcase classname="src/services/__tests__/registrationService.test.ts" name="RegistrationService &gt; checkNumberAvailability &gt; handles special characters in company number" time="0.00082221">
        </testcase>
        <testcase classname="src/services/__tests__/registrationService.test.ts" name="RegistrationService &gt; checkNumberAvailability &gt; throws error on HTTP error response" time="0.000505547">
        </testcase>
        <testcase classname="src/services/__tests__/registrationService.test.ts" name="RegistrationService &gt; registerCompany &gt; registers company successfully with authentication" time="0.002312169">
        </testcase>
        <testcase classname="src/services/__tests__/registrationService.test.ts" name="RegistrationService &gt; registerCompany &gt; registers company successfully without authentication" time="0.000743041">
        </testcase>
        <testcase classname="src/services/__tests__/registrationService.test.ts" name="RegistrationService &gt; registerCompany &gt; registers company without optional NZBN" time="0.000738139">
        </testcase>
        <testcase classname="src/services/__tests__/registrationService.test.ts" name="RegistrationService &gt; registerCompany &gt; throws error on HTTP error response" time="0.000757451">
        </testcase>
        <testcase classname="src/services/__tests__/registrationService.test.ts" name="RegistrationService &gt; registerCompany &gt; throws error on network failure" time="0.000503848">
        </testcase>
        <testcase classname="src/services/__tests__/registrationService.test.ts" name="RegistrationService &gt; registerCompany &gt; handles unauthorized access" time="0.00050211">
        </testcase>
        <testcase classname="src/services/__tests__/registrationService.test.ts" name="RegistrationService &gt; generateCompanyNumber &gt; generates a 9-digit company number" time="0.000455505">
        </testcase>
        <testcase classname="src/services/__tests__/registrationService.test.ts" name="RegistrationService &gt; generateCompanyNumber &gt; generates unique company numbers" time="0.001634632">
        </testcase>
        <testcase classname="src/services/__tests__/registrationService.test.ts" name="RegistrationService &gt; generateCompanyNumber &gt; generates numbers with timestamp component" time="0.000969271">
        </testcase>
        <testcase classname="src/services/__tests__/registrationService.test.ts" name="RegistrationService &gt; error handling &gt; handles malformed JSON response" time="0.000838037">
        </testcase>
        <testcase classname="src/services/__tests__/registrationService.test.ts" name="RegistrationService &gt; error handling &gt; handles empty response" time="0.00042603">
        </testcase>
    </testsuite>
    <testsuite name="src/pages/__tests__/CompanyDetails.test.tsx" timestamp="2025-07-18T00:07:19.072Z" hostname="FMNZ-C02D5HB1ML7H.local" tests="15" failures="0" errors="0" skipped="0" time="1.207198383">
        <testcase classname="src/pages/__tests__/CompanyDetails.test.tsx" name="CompanyDetails &gt; Loading State &gt; should display loading state initially" time="0.062863716">
        </testcase>
        <testcase classname="src/pages/__tests__/CompanyDetails.test.tsx" name="CompanyDetails &gt; Company Information Display &gt; should display company details correctly" time="0.255308433">
        </testcase>
        <testcase classname="src/pages/__tests__/CompanyDetails.test.tsx" name="CompanyDetails &gt; Company Information Display &gt; should handle company without NZBN" time="0.075020862">
        </testcase>
        <testcase classname="src/pages/__tests__/CompanyDetails.test.tsx" name="CompanyDetails &gt; Directors Section &gt; should display directors list correctly" time="0.121127967">
        </testcase>
        <testcase classname="src/pages/__tests__/CompanyDetails.test.tsx" name="CompanyDetails &gt; Directors Section &gt; should display &quot;no directors&quot; message when no directors exist" time="0.037048114">
        </testcase>
        <testcase classname="src/pages/__tests__/CompanyDetails.test.tsx" name="CompanyDetails &gt; Directors Section &gt; should show appoint director button when authenticated" time="0.174676108">
        </testcase>
        <testcase classname="src/pages/__tests__/CompanyDetails.test.tsx" name="CompanyDetails &gt; Directors Section &gt; should not show appoint director button when not authenticated" time="0.030719015">
        </testcase>
        <testcase classname="src/pages/__tests__/CompanyDetails.test.tsx" name="CompanyDetails &gt; Directors Section &gt; should show resign button for active directors when authenticated" time="0.058370174">
        </testcase>
        <testcase classname="src/pages/__tests__/CompanyDetails.test.tsx" name="CompanyDetails &gt; Directors Section &gt; should not show resign button for resigned directors" time="0.070842191">
        </testcase>
        <testcase classname="src/pages/__tests__/CompanyDetails.test.tsx" name="CompanyDetails &gt; Navigation &gt; should navigate to director appointment page when appoint button is clicked" time="0.14800042">
        </testcase>
        <testcase classname="src/pages/__tests__/CompanyDetails.test.tsx" name="CompanyDetails &gt; Navigation &gt; should navigate to director resignation page when resign button is clicked" time="0.10878439">
        </testcase>
        <testcase classname="src/pages/__tests__/CompanyDetails.test.tsx" name="CompanyDetails &gt; Error Handling &gt; should display error message when company loading fails" time="0.020082756">
        </testcase>
        <testcase classname="src/pages/__tests__/CompanyDetails.test.tsx" name="CompanyDetails &gt; Error Handling &gt; should display error message when directors loading fails" time="0.011419951">
        </testcase>
        <testcase classname="src/pages/__tests__/CompanyDetails.test.tsx" name="CompanyDetails &gt; Error Handling &gt; should handle missing company ID when neither prop nor param is provided" time="0.000796174">
        </testcase>
        <testcase classname="src/pages/__tests__/CompanyDetails.test.tsx" name="CompanyDetails &gt; Props Override &gt; should use prop companyId when provided" time="0.022511573">
        </testcase>
    </testsuite>
    <testsuite name="src/pages/__tests__/CompanyRegistration.test.tsx" timestamp="2025-07-18T00:07:19.075Z" hostname="FMNZ-C02D5HB1ML7H.local" tests="28" failures="28" errors="0" skipped="0" time="0.868051051">
        <testcase classname="src/pages/__tests__/CompanyRegistration.test.tsx" name="CompanyRegistration &gt; renders the registration form with all required fields" time="0.13700944">
            <failure message="[vitest] No &quot;Calendar&quot; export is defined on the &quot;lucide-react&quot; mock. Did you forget to return it from &quot;vi.mock&quot;?
If you need to partially mock a module, you can use &quot;importOriginal&quot; helper inside:
" type="Error">
Error: [vitest] No &quot;Calendar&quot; export is defined on the &quot;lucide-react&quot; mock. Did you forget to return it from &quot;vi.mock&quot;?
If you need to partially mock a module, you can use &quot;importOriginal&quot; helper inside:

vi.mock(import(&quot;lucide-react&quot;), async (importOriginal) =&gt; {
  const actual = await importOriginal()
  return {
    ...actual,
    // your mocked methods
  }
})

 ❯ DateInput src/components/DateInput.tsx:200:12
 ❯ Object.react-stack-bottom-frame node_modules/react-dom/cjs/react-dom-client.development.js:23863:20
 ❯ renderWithHooks node_modules/react-dom/cjs/react-dom-client.development.js:5529:22
 ❯ updateFunctionComponent node_modules/react-dom/cjs/react-dom-client.development.js:8897:19
 ❯ beginWork node_modules/react-dom/cjs/react-dom-client.development.js:10522:18
 ❯ runWithFiberInDEV node_modules/react-dom/cjs/react-dom-client.development.js:1522:13
 ❯ performUnitOfWork node_modules/react-dom/cjs/react-dom-client.development.js:15140:22
 ❯ workLoopSync node_modules/react-dom/cjs/react-dom-client.development.js:14956:41
            </failure>
        </testcase>
        <testcase classname="src/pages/__tests__/CompanyRegistration.test.tsx" name="CompanyRegistration &gt; has correct default values" time="0.023845356">
            <failure message="[vitest] No &quot;Calendar&quot; export is defined on the &quot;lucide-react&quot; mock. Did you forget to return it from &quot;vi.mock&quot;?
If you need to partially mock a module, you can use &quot;importOriginal&quot; helper inside:
" type="Error">
Error: [vitest] No &quot;Calendar&quot; export is defined on the &quot;lucide-react&quot; mock. Did you forget to return it from &quot;vi.mock&quot;?
If you need to partially mock a module, you can use &quot;importOriginal&quot; helper inside:

vi.mock(import(&quot;lucide-react&quot;), async (importOriginal) =&gt; {
  const actual = await importOriginal()
  return {
    ...actual,
    // your mocked methods
  }
})

 ❯ DateInput src/components/DateInput.tsx:200:12
 ❯ Object.react-stack-bottom-frame node_modules/react-dom/cjs/react-dom-client.development.js:23863:20
 ❯ renderWithHooks node_modules/react-dom/cjs/react-dom-client.development.js:5529:22
 ❯ updateFunctionComponent node_modules/react-dom/cjs/react-dom-client.development.js:8897:19
 ❯ beginWork node_modules/react-dom/cjs/react-dom-client.development.js:10522:18
 ❯ runWithFiberInDEV node_modules/react-dom/cjs/react-dom-client.development.js:1522:13
 ❯ performUnitOfWork node_modules/react-dom/cjs/react-dom-client.development.js:15140:22
 ❯ workLoopSync node_modules/react-dom/cjs/react-dom-client.development.js:14956:41
            </failure>
        </testcase>
        <testcase classname="src/pages/__tests__/CompanyRegistration.test.tsx" name="CompanyRegistration &gt; validates required fields" time="0.039748289">
            <failure message="[vitest] No &quot;Calendar&quot; export is defined on the &quot;lucide-react&quot; mock. Did you forget to return it from &quot;vi.mock&quot;?
If you need to partially mock a module, you can use &quot;importOriginal&quot; helper inside:
" type="Error">
Error: [vitest] No &quot;Calendar&quot; export is defined on the &quot;lucide-react&quot; mock. Did you forget to return it from &quot;vi.mock&quot;?
If you need to partially mock a module, you can use &quot;importOriginal&quot; helper inside:

vi.mock(import(&quot;lucide-react&quot;), async (importOriginal) =&gt; {
  const actual = await importOriginal()
  return {
    ...actual,
    // your mocked methods
  }
})

 ❯ DateInput src/components/DateInput.tsx:200:12
 ❯ Object.react-stack-bottom-frame node_modules/react-dom/cjs/react-dom-client.development.js:23863:20
 ❯ renderWithHooks node_modules/react-dom/cjs/react-dom-client.development.js:5529:22
 ❯ updateFunctionComponent node_modules/react-dom/cjs/react-dom-client.development.js:8897:19
 ❯ beginWork node_modules/react-dom/cjs/react-dom-client.development.js:10522:18
 ❯ runWithFiberInDEV node_modules/react-dom/cjs/react-dom-client.development.js:1522:13
 ❯ performUnitOfWork node_modules/react-dom/cjs/react-dom-client.development.js:15140:22
 ❯ workLoopSync node_modules/react-dom/cjs/react-dom-client.development.js:14956:41
            </failure>
        </testcase>
        <testcase classname="src/pages/__tests__/CompanyRegistration.test.tsx" name="CompanyRegistration &gt; validates share capital calculation" time="0.096416483">
            <failure message="[vitest] No &quot;Calendar&quot; export is defined on the &quot;lucide-react&quot; mock. Did you forget to return it from &quot;vi.mock&quot;?
If you need to partially mock a module, you can use &quot;importOriginal&quot; helper inside:
" type="Error">
Error: [vitest] No &quot;Calendar&quot; export is defined on the &quot;lucide-react&quot; mock. Did you forget to return it from &quot;vi.mock&quot;?
If you need to partially mock a module, you can use &quot;importOriginal&quot; helper inside:

vi.mock(import(&quot;lucide-react&quot;), async (importOriginal) =&gt; {
  const actual = await importOriginal()
  return {
    ...actual,
    // your mocked methods
  }
})

 ❯ DateInput src/components/DateInput.tsx:200:12
 ❯ Object.react-stack-bottom-frame node_modules/react-dom/cjs/react-dom-client.development.js:23863:20
 ❯ renderWithHooks node_modules/react-dom/cjs/react-dom-client.development.js:5529:22
 ❯ updateFunctionComponent node_modules/react-dom/cjs/react-dom-client.development.js:8897:19
 ❯ beginWork node_modules/react-dom/cjs/react-dom-client.development.js:10522:18
 ❯ runWithFiberInDEV node_modules/react-dom/cjs/react-dom-client.development.js:1522:13
 ❯ performUnitOfWork node_modules/react-dom/cjs/react-dom-client.development.js:15140:22
 ❯ workLoopSync node_modules/react-dom/cjs/react-dom-client.development.js:14956:41
            </failure>
        </testcase>
        <testcase classname="src/pages/__tests__/CompanyRegistration.test.tsx" name="CompanyRegistration &gt; validates positive values for share-related fields" time="0.041530477">
            <failure message="[vitest] No &quot;Calendar&quot; export is defined on the &quot;lucide-react&quot; mock. Did you forget to return it from &quot;vi.mock&quot;?
If you need to partially mock a module, you can use &quot;importOriginal&quot; helper inside:
" type="Error">
Error: [vitest] No &quot;Calendar&quot; export is defined on the &quot;lucide-react&quot; mock. Did you forget to return it from &quot;vi.mock&quot;?
If you need to partially mock a module, you can use &quot;importOriginal&quot; helper inside:

vi.mock(import(&quot;lucide-react&quot;), async (importOriginal) =&gt; {
  const actual = await importOriginal()
  return {
    ...actual,
    // your mocked methods
  }
})

 ❯ DateInput src/components/DateInput.tsx:200:12
 ❯ Object.react-stack-bottom-frame node_modules/react-dom/cjs/react-dom-client.development.js:23863:20
 ❯ renderWithHooks node_modules/react-dom/cjs/react-dom-client.development.js:5529:22
 ❯ updateFunctionComponent node_modules/react-dom/cjs/react-dom-client.development.js:8897:19
 ❯ beginWork node_modules/react-dom/cjs/react-dom-client.development.js:10522:18
 ❯ runWithFiberInDEV node_modules/react-dom/cjs/react-dom-client.development.js:1522:13
 ❯ performUnitOfWork node_modules/react-dom/cjs/react-dom-client.development.js:15140:22
 ❯ workLoopSync node_modules/react-dom/cjs/react-dom-client.development.js:14956:41
            </failure>
        </testcase>
        <testcase classname="src/pages/__tests__/CompanyRegistration.test.tsx" name="CompanyRegistration &gt; checks name availability when typing company name" time="0.02669263">
            <failure message="[vitest] No &quot;Calendar&quot; export is defined on the &quot;lucide-react&quot; mock. Did you forget to return it from &quot;vi.mock&quot;?
If you need to partially mock a module, you can use &quot;importOriginal&quot; helper inside:
" type="Error">
Error: [vitest] No &quot;Calendar&quot; export is defined on the &quot;lucide-react&quot; mock. Did you forget to return it from &quot;vi.mock&quot;?
If you need to partially mock a module, you can use &quot;importOriginal&quot; helper inside:

vi.mock(import(&quot;lucide-react&quot;), async (importOriginal) =&gt; {
  const actual = await importOriginal()
  return {
    ...actual,
    // your mocked methods
  }
})

 ❯ DateInput src/components/DateInput.tsx:200:12
 ❯ Object.react-stack-bottom-frame node_modules/react-dom/cjs/react-dom-client.development.js:23863:20
 ❯ renderWithHooks node_modules/react-dom/cjs/react-dom-client.development.js:5529:22
 ❯ updateFunctionComponent node_modules/react-dom/cjs/react-dom-client.development.js:8897:19
 ❯ beginWork node_modules/react-dom/cjs/react-dom-client.development.js:10522:18
 ❯ runWithFiberInDEV node_modules/react-dom/cjs/react-dom-client.development.js:1522:13
 ❯ performUnitOfWork node_modules/react-dom/cjs/react-dom-client.development.js:15140:22
 ❯ workLoopSync node_modules/react-dom/cjs/react-dom-client.development.js:14956:41
            </failure>
        </testcase>
        <testcase classname="src/pages/__tests__/CompanyRegistration.test.tsx" name="CompanyRegistration &gt; shows error when company name is not available" time="0.025612061">
            <failure message="[vitest] No &quot;Calendar&quot; export is defined on the &quot;lucide-react&quot; mock. Did you forget to return it from &quot;vi.mock&quot;?
If you need to partially mock a module, you can use &quot;importOriginal&quot; helper inside:
" type="Error">
Error: [vitest] No &quot;Calendar&quot; export is defined on the &quot;lucide-react&quot; mock. Did you forget to return it from &quot;vi.mock&quot;?
If you need to partially mock a module, you can use &quot;importOriginal&quot; helper inside:

vi.mock(import(&quot;lucide-react&quot;), async (importOriginal) =&gt; {
  const actual = await importOriginal()
  return {
    ...actual,
    // your mocked methods
  }
})

 ❯ DateInput src/components/DateInput.tsx:200:12
 ❯ Object.react-stack-bottom-frame node_modules/react-dom/cjs/react-dom-client.development.js:23863:20
 ❯ renderWithHooks node_modules/react-dom/cjs/react-dom-client.development.js:5529:22
 ❯ updateFunctionComponent node_modules/react-dom/cjs/react-dom-client.development.js:8897:19
 ❯ beginWork node_modules/react-dom/cjs/react-dom-client.development.js:10522:18
 ❯ runWithFiberInDEV node_modules/react-dom/cjs/react-dom-client.development.js:1522:13
 ❯ performUnitOfWork node_modules/react-dom/cjs/react-dom-client.development.js:15140:22
 ❯ workLoopSync node_modules/react-dom/cjs/react-dom-client.development.js:14956:41
            </failure>
        </testcase>
        <testcase classname="src/pages/__tests__/CompanyRegistration.test.tsx" name="CompanyRegistration &gt; shows loading state while checking name availability" time="0.030822702">
            <failure message="[vitest] No &quot;Calendar&quot; export is defined on the &quot;lucide-react&quot; mock. Did you forget to return it from &quot;vi.mock&quot;?
If you need to partially mock a module, you can use &quot;importOriginal&quot; helper inside:
" type="Error">
Error: [vitest] No &quot;Calendar&quot; export is defined on the &quot;lucide-react&quot; mock. Did you forget to return it from &quot;vi.mock&quot;?
If you need to partially mock a module, you can use &quot;importOriginal&quot; helper inside:

vi.mock(import(&quot;lucide-react&quot;), async (importOriginal) =&gt; {
  const actual = await importOriginal()
  return {
    ...actual,
    // your mocked methods
  }
})

 ❯ DateInput src/components/DateInput.tsx:200:12
 ❯ Object.react-stack-bottom-frame node_modules/react-dom/cjs/react-dom-client.development.js:23863:20
 ❯ renderWithHooks node_modules/react-dom/cjs/react-dom-client.development.js:5529:22
 ❯ updateFunctionComponent node_modules/react-dom/cjs/react-dom-client.development.js:8897:19
 ❯ beginWork node_modules/react-dom/cjs/react-dom-client.development.js:10522:18
 ❯ runWithFiberInDEV node_modules/react-dom/cjs/react-dom-client.development.js:1522:13
 ❯ performUnitOfWork node_modules/react-dom/cjs/react-dom-client.development.js:15140:22
 ❯ workLoopSync node_modules/react-dom/cjs/react-dom-client.development.js:14956:41
            </failure>
        </testcase>
        <testcase classname="src/pages/__tests__/CompanyRegistration.test.tsx" name="CompanyRegistration &gt; handles API errors gracefully" time="0.040433568">
            <failure message="[vitest] No &quot;Calendar&quot; export is defined on the &quot;lucide-react&quot; mock. Did you forget to return it from &quot;vi.mock&quot;?
If you need to partially mock a module, you can use &quot;importOriginal&quot; helper inside:
" type="Error">
Error: [vitest] No &quot;Calendar&quot; export is defined on the &quot;lucide-react&quot; mock. Did you forget to return it from &quot;vi.mock&quot;?
If you need to partially mock a module, you can use &quot;importOriginal&quot; helper inside:

vi.mock(import(&quot;lucide-react&quot;), async (importOriginal) =&gt; {
  const actual = await importOriginal()
  return {
    ...actual,
    // your mocked methods
  }
})

 ❯ DateInput src/components/DateInput.tsx:200:12
 ❯ Object.react-stack-bottom-frame node_modules/react-dom/cjs/react-dom-client.development.js:23863:20
 ❯ renderWithHooks node_modules/react-dom/cjs/react-dom-client.development.js:5529:22
 ❯ updateFunctionComponent node_modules/react-dom/cjs/react-dom-client.development.js:8897:19
 ❯ beginWork node_modules/react-dom/cjs/react-dom-client.development.js:10522:18
 ❯ runWithFiberInDEV node_modules/react-dom/cjs/react-dom-client.development.js:1522:13
 ❯ performUnitOfWork node_modules/react-dom/cjs/react-dom-client.development.js:15140:22
 ❯ workLoopSync node_modules/react-dom/cjs/react-dom-client.development.js:14956:41
            </failure>
        </testcase>
        <testcase classname="src/pages/__tests__/CompanyRegistration.test.tsx" name="CompanyRegistration &gt; updates form fields correctly" time="0.044134057">
            <failure message="[vitest] No &quot;Calendar&quot; export is defined on the &quot;lucide-react&quot; mock. Did you forget to return it from &quot;vi.mock&quot;?
If you need to partially mock a module, you can use &quot;importOriginal&quot; helper inside:
" type="Error">
Error: [vitest] No &quot;Calendar&quot; export is defined on the &quot;lucide-react&quot; mock. Did you forget to return it from &quot;vi.mock&quot;?
If you need to partially mock a module, you can use &quot;importOriginal&quot; helper inside:

vi.mock(import(&quot;lucide-react&quot;), async (importOriginal) =&gt; {
  const actual = await importOriginal()
  return {
    ...actual,
    // your mocked methods
  }
})

 ❯ DateInput src/components/DateInput.tsx:200:12
 ❯ Object.react-stack-bottom-frame node_modules/react-dom/cjs/react-dom-client.development.js:23863:20
 ❯ renderWithHooks node_modules/react-dom/cjs/react-dom-client.development.js:5529:22
 ❯ updateFunctionComponent node_modules/react-dom/cjs/react-dom-client.development.js:8897:19
 ❯ beginWork node_modules/react-dom/cjs/react-dom-client.development.js:10522:18
 ❯ runWithFiberInDEV node_modules/react-dom/cjs/react-dom-client.development.js:1522:13
 ❯ performUnitOfWork node_modules/react-dom/cjs/react-dom-client.development.js:15140:22
 ❯ workLoopSync node_modules/react-dom/cjs/react-dom-client.development.js:14956:41
            </failure>
        </testcase>
        <testcase classname="src/pages/__tests__/CompanyRegistration.test.tsx" name="CompanyRegistration &gt; clears field errors when user starts typing" time="0.034938864">
            <failure message="[vitest] No &quot;Calendar&quot; export is defined on the &quot;lucide-react&quot; mock. Did you forget to return it from &quot;vi.mock&quot;?
If you need to partially mock a module, you can use &quot;importOriginal&quot; helper inside:
" type="Error">
Error: [vitest] No &quot;Calendar&quot; export is defined on the &quot;lucide-react&quot; mock. Did you forget to return it from &quot;vi.mock&quot;?
If you need to partially mock a module, you can use &quot;importOriginal&quot; helper inside:

vi.mock(import(&quot;lucide-react&quot;), async (importOriginal) =&gt; {
  const actual = await importOriginal()
  return {
    ...actual,
    // your mocked methods
  }
})

 ❯ DateInput src/components/DateInput.tsx:200:12
 ❯ Object.react-stack-bottom-frame node_modules/react-dom/cjs/react-dom-client.development.js:23863:20
 ❯ renderWithHooks node_modules/react-dom/cjs/react-dom-client.development.js:5529:22
 ❯ updateFunctionComponent node_modules/react-dom/cjs/react-dom-client.development.js:8897:19
 ❯ beginWork node_modules/react-dom/cjs/react-dom-client.development.js:10522:18
 ❯ runWithFiberInDEV node_modules/react-dom/cjs/react-dom-client.development.js:1522:13
 ❯ performUnitOfWork node_modules/react-dom/cjs/react-dom-client.development.js:15140:22
 ❯ workLoopSync node_modules/react-dom/cjs/react-dom-client.development.js:14956:41
            </failure>
        </testcase>
        <testcase classname="src/pages/__tests__/CompanyRegistration.test.tsx" name="CompanyRegistration &gt; disables submit button when name is not available" time="0.017072941">
            <failure message="[vitest] No &quot;Calendar&quot; export is defined on the &quot;lucide-react&quot; mock. Did you forget to return it from &quot;vi.mock&quot;?
If you need to partially mock a module, you can use &quot;importOriginal&quot; helper inside:
" type="Error">
Error: [vitest] No &quot;Calendar&quot; export is defined on the &quot;lucide-react&quot; mock. Did you forget to return it from &quot;vi.mock&quot;?
If you need to partially mock a module, you can use &quot;importOriginal&quot; helper inside:

vi.mock(import(&quot;lucide-react&quot;), async (importOriginal) =&gt; {
  const actual = await importOriginal()
  return {
    ...actual,
    // your mocked methods
  }
})

 ❯ DateInput src/components/DateInput.tsx:200:12
 ❯ Object.react-stack-bottom-frame node_modules/react-dom/cjs/react-dom-client.development.js:23863:20
 ❯ renderWithHooks node_modules/react-dom/cjs/react-dom-client.development.js:5529:22
 ❯ updateFunctionComponent node_modules/react-dom/cjs/react-dom-client.development.js:8897:19
 ❯ beginWork node_modules/react-dom/cjs/react-dom-client.development.js:10522:18
 ❯ runWithFiberInDEV node_modules/react-dom/cjs/react-dom-client.development.js:1522:13
 ❯ performUnitOfWork node_modules/react-dom/cjs/react-dom-client.development.js:15140:22
 ❯ workLoopSync node_modules/react-dom/cjs/react-dom-client.development.js:14956:41
            </failure>
        </testcase>
        <testcase classname="src/pages/__tests__/CompanyRegistration.test.tsx" name="CompanyRegistration &gt; shows loading state during form submission" time="0.017101961">
            <failure message="[vitest] No &quot;Calendar&quot; export is defined on the &quot;lucide-react&quot; mock. Did you forget to return it from &quot;vi.mock&quot;?
If you need to partially mock a module, you can use &quot;importOriginal&quot; helper inside:
" type="Error">
Error: [vitest] No &quot;Calendar&quot; export is defined on the &quot;lucide-react&quot; mock. Did you forget to return it from &quot;vi.mock&quot;?
If you need to partially mock a module, you can use &quot;importOriginal&quot; helper inside:

vi.mock(import(&quot;lucide-react&quot;), async (importOriginal) =&gt; {
  const actual = await importOriginal()
  return {
    ...actual,
    // your mocked methods
  }
})

 ❯ DateInput src/components/DateInput.tsx:200:12
 ❯ Object.react-stack-bottom-frame node_modules/react-dom/cjs/react-dom-client.development.js:23863:20
 ❯ renderWithHooks node_modules/react-dom/cjs/react-dom-client.development.js:5529:22
 ❯ updateFunctionComponent node_modules/react-dom/cjs/react-dom-client.development.js:8897:19
 ❯ beginWork node_modules/react-dom/cjs/react-dom-client.development.js:10522:18
 ❯ runWithFiberInDEV node_modules/react-dom/cjs/react-dom-client.development.js:1522:13
 ❯ performUnitOfWork node_modules/react-dom/cjs/react-dom-client.development.js:15140:22
 ❯ workLoopSync node_modules/react-dom/cjs/react-dom-client.development.js:14956:41
            </failure>
        </testcase>
        <testcase classname="src/pages/__tests__/CompanyRegistration.test.tsx" name="CompanyRegistration &gt; has proper accessibility attributes" time="0.022149838">
            <failure message="[vitest] No &quot;Calendar&quot; export is defined on the &quot;lucide-react&quot; mock. Did you forget to return it from &quot;vi.mock&quot;?
If you need to partially mock a module, you can use &quot;importOriginal&quot; helper inside:
" type="Error">
Error: [vitest] No &quot;Calendar&quot; export is defined on the &quot;lucide-react&quot; mock. Did you forget to return it from &quot;vi.mock&quot;?
If you need to partially mock a module, you can use &quot;importOriginal&quot; helper inside:

vi.mock(import(&quot;lucide-react&quot;), async (importOriginal) =&gt; {
  const actual = await importOriginal()
  return {
    ...actual,
    // your mocked methods
  }
})

 ❯ DateInput src/components/DateInput.tsx:200:12
 ❯ Object.react-stack-bottom-frame node_modules/react-dom/cjs/react-dom-client.development.js:23863:20
 ❯ renderWithHooks node_modules/react-dom/cjs/react-dom-client.development.js:5529:22
 ❯ updateFunctionComponent node_modules/react-dom/cjs/react-dom-client.development.js:8897:19
 ❯ beginWork node_modules/react-dom/cjs/react-dom-client.development.js:10522:18
 ❯ runWithFiberInDEV node_modules/react-dom/cjs/react-dom-client.development.js:1522:13
 ❯ performUnitOfWork node_modules/react-dom/cjs/react-dom-client.development.js:15140:22
 ❯ workLoopSync node_modules/react-dom/cjs/react-dom-client.development.js:14956:41
            </failure>
        </testcase>
        <testcase classname="src/pages/__tests__/CompanyRegistration.test.tsx" name="CompanyRegistration &gt; File Upload Functionality &gt; renders file upload area with correct styling" time="0.017624047">
            <failure message="[vitest] No &quot;Calendar&quot; export is defined on the &quot;lucide-react&quot; mock. Did you forget to return it from &quot;vi.mock&quot;?
If you need to partially mock a module, you can use &quot;importOriginal&quot; helper inside:
" type="Error">
Error: [vitest] No &quot;Calendar&quot; export is defined on the &quot;lucide-react&quot; mock. Did you forget to return it from &quot;vi.mock&quot;?
If you need to partially mock a module, you can use &quot;importOriginal&quot; helper inside:

vi.mock(import(&quot;lucide-react&quot;), async (importOriginal) =&gt; {
  const actual = await importOriginal()
  return {
    ...actual,
    // your mocked methods
  }
})

 ❯ DateInput src/components/DateInput.tsx:200:12
 ❯ Object.react-stack-bottom-frame node_modules/react-dom/cjs/react-dom-client.development.js:23863:20
 ❯ renderWithHooks node_modules/react-dom/cjs/react-dom-client.development.js:5529:22
 ❯ updateFunctionComponent node_modules/react-dom/cjs/react-dom-client.development.js:8897:19
 ❯ beginWork node_modules/react-dom/cjs/react-dom-client.development.js:10522:18
 ❯ runWithFiberInDEV node_modules/react-dom/cjs/react-dom-client.development.js:1522:13
 ❯ performUnitOfWork node_modules/react-dom/cjs/react-dom-client.development.js:15140:22
 ❯ workLoopSync node_modules/react-dom/cjs/react-dom-client.development.js:14956:41
            </failure>
        </testcase>
        <testcase classname="src/pages/__tests__/CompanyRegistration.test.tsx" name="CompanyRegistration &gt; File Upload Functionality &gt; accepts valid PDF file" time="0.019553255">
            <failure message="[vitest] No &quot;Calendar&quot; export is defined on the &quot;lucide-react&quot; mock. Did you forget to return it from &quot;vi.mock&quot;?
If you need to partially mock a module, you can use &quot;importOriginal&quot; helper inside:
" type="Error">
Error: [vitest] No &quot;Calendar&quot; export is defined on the &quot;lucide-react&quot; mock. Did you forget to return it from &quot;vi.mock&quot;?
If you need to partially mock a module, you can use &quot;importOriginal&quot; helper inside:

vi.mock(import(&quot;lucide-react&quot;), async (importOriginal) =&gt; {
  const actual = await importOriginal()
  return {
    ...actual,
    // your mocked methods
  }
})

 ❯ DateInput src/components/DateInput.tsx:200:12
 ❯ Object.react-stack-bottom-frame node_modules/react-dom/cjs/react-dom-client.development.js:23863:20
 ❯ renderWithHooks node_modules/react-dom/cjs/react-dom-client.development.js:5529:22
 ❯ updateFunctionComponent node_modules/react-dom/cjs/react-dom-client.development.js:8897:19
 ❯ beginWork node_modules/react-dom/cjs/react-dom-client.development.js:10522:18
 ❯ runWithFiberInDEV node_modules/react-dom/cjs/react-dom-client.development.js:1522:13
 ❯ performUnitOfWork node_modules/react-dom/cjs/react-dom-client.development.js:15140:22
 ❯ workLoopSync node_modules/react-dom/cjs/react-dom-client.development.js:14956:41
            </failure>
        </testcase>
        <testcase classname="src/pages/__tests__/CompanyRegistration.test.tsx" name="CompanyRegistration &gt; File Upload Functionality &gt; accepts valid DOC file" time="0.0185969">
            <failure message="[vitest] No &quot;Calendar&quot; export is defined on the &quot;lucide-react&quot; mock. Did you forget to return it from &quot;vi.mock&quot;?
If you need to partially mock a module, you can use &quot;importOriginal&quot; helper inside:
" type="Error">
Error: [vitest] No &quot;Calendar&quot; export is defined on the &quot;lucide-react&quot; mock. Did you forget to return it from &quot;vi.mock&quot;?
If you need to partially mock a module, you can use &quot;importOriginal&quot; helper inside:

vi.mock(import(&quot;lucide-react&quot;), async (importOriginal) =&gt; {
  const actual = await importOriginal()
  return {
    ...actual,
    // your mocked methods
  }
})

 ❯ DateInput src/components/DateInput.tsx:200:12
 ❯ Object.react-stack-bottom-frame node_modules/react-dom/cjs/react-dom-client.development.js:23863:20
 ❯ renderWithHooks node_modules/react-dom/cjs/react-dom-client.development.js:5529:22
 ❯ updateFunctionComponent node_modules/react-dom/cjs/react-dom-client.development.js:8897:19
 ❯ beginWork node_modules/react-dom/cjs/react-dom-client.development.js:10522:18
 ❯ runWithFiberInDEV node_modules/react-dom/cjs/react-dom-client.development.js:1522:13
 ❯ performUnitOfWork node_modules/react-dom/cjs/react-dom-client.development.js:15140:22
 ❯ workLoopSync node_modules/react-dom/cjs/react-dom-client.development.js:14956:41
            </failure>
        </testcase>
        <testcase classname="src/pages/__tests__/CompanyRegistration.test.tsx" name="CompanyRegistration &gt; File Upload Functionality &gt; accepts valid DOCX file" time="0.014757063">
            <failure message="[vitest] No &quot;Calendar&quot; export is defined on the &quot;lucide-react&quot; mock. Did you forget to return it from &quot;vi.mock&quot;?
If you need to partially mock a module, you can use &quot;importOriginal&quot; helper inside:
" type="Error">
Error: [vitest] No &quot;Calendar&quot; export is defined on the &quot;lucide-react&quot; mock. Did you forget to return it from &quot;vi.mock&quot;?
If you need to partially mock a module, you can use &quot;importOriginal&quot; helper inside:

vi.mock(import(&quot;lucide-react&quot;), async (importOriginal) =&gt; {
  const actual = await importOriginal()
  return {
    ...actual,
    // your mocked methods
  }
})

 ❯ DateInput src/components/DateInput.tsx:200:12
 ❯ Object.react-stack-bottom-frame node_modules/react-dom/cjs/react-dom-client.development.js:23863:20
 ❯ renderWithHooks node_modules/react-dom/cjs/react-dom-client.development.js:5529:22
 ❯ updateFunctionComponent node_modules/react-dom/cjs/react-dom-client.development.js:8897:19
 ❯ beginWork node_modules/react-dom/cjs/react-dom-client.development.js:10522:18
 ❯ runWithFiberInDEV node_modules/react-dom/cjs/react-dom-client.development.js:1522:13
 ❯ performUnitOfWork node_modules/react-dom/cjs/react-dom-client.development.js:15140:22
 ❯ workLoopSync node_modules/react-dom/cjs/react-dom-client.development.js:14956:41
            </failure>
        </testcase>
        <testcase classname="src/pages/__tests__/CompanyRegistration.test.tsx" name="CompanyRegistration &gt; File Upload Functionality &gt; rejects invalid file type" time="0.020371866">
            <failure message="[vitest] No &quot;Calendar&quot; export is defined on the &quot;lucide-react&quot; mock. Did you forget to return it from &quot;vi.mock&quot;?
If you need to partially mock a module, you can use &quot;importOriginal&quot; helper inside:
" type="Error">
Error: [vitest] No &quot;Calendar&quot; export is defined on the &quot;lucide-react&quot; mock. Did you forget to return it from &quot;vi.mock&quot;?
If you need to partially mock a module, you can use &quot;importOriginal&quot; helper inside:

vi.mock(import(&quot;lucide-react&quot;), async (importOriginal) =&gt; {
  const actual = await importOriginal()
  return {
    ...actual,
    // your mocked methods
  }
})

 ❯ DateInput src/components/DateInput.tsx:200:12
 ❯ Object.react-stack-bottom-frame node_modules/react-dom/cjs/react-dom-client.development.js:23863:20
 ❯ renderWithHooks node_modules/react-dom/cjs/react-dom-client.development.js:5529:22
 ❯ updateFunctionComponent node_modules/react-dom/cjs/react-dom-client.development.js:8897:19
 ❯ beginWork node_modules/react-dom/cjs/react-dom-client.development.js:10522:18
 ❯ runWithFiberInDEV node_modules/react-dom/cjs/react-dom-client.development.js:1522:13
 ❯ performUnitOfWork node_modules/react-dom/cjs/react-dom-client.development.js:15140:22
 ❯ workLoopSync node_modules/react-dom/cjs/react-dom-client.development.js:14956:41
            </failure>
        </testcase>
        <testcase classname="src/pages/__tests__/CompanyRegistration.test.tsx" name="CompanyRegistration &gt; File Upload Functionality &gt; rejects file larger than 5MB" time="0.016759597">
            <failure message="[vitest] No &quot;Calendar&quot; export is defined on the &quot;lucide-react&quot; mock. Did you forget to return it from &quot;vi.mock&quot;?
If you need to partially mock a module, you can use &quot;importOriginal&quot; helper inside:
" type="Error">
Error: [vitest] No &quot;Calendar&quot; export is defined on the &quot;lucide-react&quot; mock. Did you forget to return it from &quot;vi.mock&quot;?
If you need to partially mock a module, you can use &quot;importOriginal&quot; helper inside:

vi.mock(import(&quot;lucide-react&quot;), async (importOriginal) =&gt; {
  const actual = await importOriginal()
  return {
    ...actual,
    // your mocked methods
  }
})

 ❯ DateInput src/components/DateInput.tsx:200:12
 ❯ Object.react-stack-bottom-frame node_modules/react-dom/cjs/react-dom-client.development.js:23863:20
 ❯ renderWithHooks node_modules/react-dom/cjs/react-dom-client.development.js:5529:22
 ❯ updateFunctionComponent node_modules/react-dom/cjs/react-dom-client.development.js:8897:19
 ❯ beginWork node_modules/react-dom/cjs/react-dom-client.development.js:10522:18
 ❯ runWithFiberInDEV node_modules/react-dom/cjs/react-dom-client.development.js:1522:13
 ❯ performUnitOfWork node_modules/react-dom/cjs/react-dom-client.development.js:15140:22
 ❯ workLoopSync node_modules/react-dom/cjs/react-dom-client.development.js:14956:41
            </failure>
        </testcase>
        <testcase classname="src/pages/__tests__/CompanyRegistration.test.tsx" name="CompanyRegistration &gt; File Upload Functionality &gt; allows removing uploaded file" time="0.021699543">
            <failure message="[vitest] No &quot;Calendar&quot; export is defined on the &quot;lucide-react&quot; mock. Did you forget to return it from &quot;vi.mock&quot;?
If you need to partially mock a module, you can use &quot;importOriginal&quot; helper inside:
" type="Error">
Error: [vitest] No &quot;Calendar&quot; export is defined on the &quot;lucide-react&quot; mock. Did you forget to return it from &quot;vi.mock&quot;?
If you need to partially mock a module, you can use &quot;importOriginal&quot; helper inside:

vi.mock(import(&quot;lucide-react&quot;), async (importOriginal) =&gt; {
  const actual = await importOriginal()
  return {
    ...actual,
    // your mocked methods
  }
})

 ❯ DateInput src/components/DateInput.tsx:200:12
 ❯ Object.react-stack-bottom-frame node_modules/react-dom/cjs/react-dom-client.development.js:23863:20
 ❯ renderWithHooks node_modules/react-dom/cjs/react-dom-client.development.js:5529:22
 ❯ updateFunctionComponent node_modules/react-dom/cjs/react-dom-client.development.js:8897:19
 ❯ beginWork node_modules/react-dom/cjs/react-dom-client.development.js:10522:18
 ❯ runWithFiberInDEV node_modules/react-dom/cjs/react-dom-client.development.js:1522:13
 ❯ performUnitOfWork node_modules/react-dom/cjs/react-dom-client.development.js:15140:22
 ❯ workLoopSync node_modules/react-dom/cjs/react-dom-client.development.js:14956:41
            </failure>
        </testcase>
        <testcase classname="src/pages/__tests__/CompanyRegistration.test.tsx" name="CompanyRegistration &gt; File Upload Functionality &gt; clears file error when valid file is uploaded" time="0.012552862">
            <failure message="[vitest] No &quot;Calendar&quot; export is defined on the &quot;lucide-react&quot; mock. Did you forget to return it from &quot;vi.mock&quot;?
If you need to partially mock a module, you can use &quot;importOriginal&quot; helper inside:
" type="Error">
Error: [vitest] No &quot;Calendar&quot; export is defined on the &quot;lucide-react&quot; mock. Did you forget to return it from &quot;vi.mock&quot;?
If you need to partially mock a module, you can use &quot;importOriginal&quot; helper inside:

vi.mock(import(&quot;lucide-react&quot;), async (importOriginal) =&gt; {
  const actual = await importOriginal()
  return {
    ...actual,
    // your mocked methods
  }
})

 ❯ DateInput src/components/DateInput.tsx:200:12
 ❯ Object.react-stack-bottom-frame node_modules/react-dom/cjs/react-dom-client.development.js:23863:20
 ❯ renderWithHooks node_modules/react-dom/cjs/react-dom-client.development.js:5529:22
 ❯ updateFunctionComponent node_modules/react-dom/cjs/react-dom-client.development.js:8897:19
 ❯ beginWork node_modules/react-dom/cjs/react-dom-client.development.js:10522:18
 ❯ runWithFiberInDEV node_modules/react-dom/cjs/react-dom-client.development.js:1522:13
 ❯ performUnitOfWork node_modules/react-dom/cjs/react-dom-client.development.js:15140:22
 ❯ workLoopSync node_modules/react-dom/cjs/react-dom-client.development.js:14956:41
            </failure>
        </testcase>
        <testcase classname="src/pages/__tests__/CompanyRegistration.test.tsx" name="CompanyRegistration &gt; File Upload Functionality &gt; displays file size in MB correctly" time="0.015542599">
            <failure message="[vitest] No &quot;Calendar&quot; export is defined on the &quot;lucide-react&quot; mock. Did you forget to return it from &quot;vi.mock&quot;?
If you need to partially mock a module, you can use &quot;importOriginal&quot; helper inside:
" type="Error">
Error: [vitest] No &quot;Calendar&quot; export is defined on the &quot;lucide-react&quot; mock. Did you forget to return it from &quot;vi.mock&quot;?
If you need to partially mock a module, you can use &quot;importOriginal&quot; helper inside:

vi.mock(import(&quot;lucide-react&quot;), async (importOriginal) =&gt; {
  const actual = await importOriginal()
  return {
    ...actual,
    // your mocked methods
  }
})

 ❯ DateInput src/components/DateInput.tsx:200:12
 ❯ Object.react-stack-bottom-frame node_modules/react-dom/cjs/react-dom-client.development.js:23863:20
 ❯ renderWithHooks node_modules/react-dom/cjs/react-dom-client.development.js:5529:22
 ❯ updateFunctionComponent node_modules/react-dom/cjs/react-dom-client.development.js:8897:19
 ❯ beginWork node_modules/react-dom/cjs/react-dom-client.development.js:10522:18
 ❯ runWithFiberInDEV node_modules/react-dom/cjs/react-dom-client.development.js:1522:13
 ❯ performUnitOfWork node_modules/react-dom/cjs/react-dom-client.development.js:15140:22
 ❯ workLoopSync node_modules/react-dom/cjs/react-dom-client.development.js:14956:41
            </failure>
        </testcase>
        <testcase classname="src/pages/__tests__/CompanyRegistration.test.tsx" name="CompanyRegistration &gt; File Upload Functionality &gt; handles file upload without selecting file" time="0.015855026">
            <failure message="[vitest] No &quot;Calendar&quot; export is defined on the &quot;lucide-react&quot; mock. Did you forget to return it from &quot;vi.mock&quot;?
If you need to partially mock a module, you can use &quot;importOriginal&quot; helper inside:
" type="Error">
Error: [vitest] No &quot;Calendar&quot; export is defined on the &quot;lucide-react&quot; mock. Did you forget to return it from &quot;vi.mock&quot;?
If you need to partially mock a module, you can use &quot;importOriginal&quot; helper inside:

vi.mock(import(&quot;lucide-react&quot;), async (importOriginal) =&gt; {
  const actual = await importOriginal()
  return {
    ...actual,
    // your mocked methods
  }
})

 ❯ DateInput src/components/DateInput.tsx:200:12
 ❯ Object.react-stack-bottom-frame node_modules/react-dom/cjs/react-dom-client.development.js:23863:20
 ❯ renderWithHooks node_modules/react-dom/cjs/react-dom-client.development.js:5529:22
 ❯ updateFunctionComponent node_modules/react-dom/cjs/react-dom-client.development.js:8897:19
 ❯ beginWork node_modules/react-dom/cjs/react-dom-client.development.js:10522:18
 ❯ runWithFiberInDEV node_modules/react-dom/cjs/react-dom-client.development.js:1522:13
 ❯ performUnitOfWork node_modules/react-dom/cjs/react-dom-client.development.js:15140:22
 ❯ workLoopSync node_modules/react-dom/cjs/react-dom-client.development.js:14956:41
            </failure>
        </testcase>
        <testcase classname="src/pages/__tests__/CompanyRegistration.test.tsx" name="CompanyRegistration &gt; File Upload Functionality &gt; shows upload area when no file is selected" time="0.017538911">
            <failure message="[vitest] No &quot;Calendar&quot; export is defined on the &quot;lucide-react&quot; mock. Did you forget to return it from &quot;vi.mock&quot;?
If you need to partially mock a module, you can use &quot;importOriginal&quot; helper inside:
" type="Error">
Error: [vitest] No &quot;Calendar&quot; export is defined on the &quot;lucide-react&quot; mock. Did you forget to return it from &quot;vi.mock&quot;?
If you need to partially mock a module, you can use &quot;importOriginal&quot; helper inside:

vi.mock(import(&quot;lucide-react&quot;), async (importOriginal) =&gt; {
  const actual = await importOriginal()
  return {
    ...actual,
    // your mocked methods
  }
})

 ❯ DateInput src/components/DateInput.tsx:200:12
 ❯ Object.react-stack-bottom-frame node_modules/react-dom/cjs/react-dom-client.development.js:23863:20
 ❯ renderWithHooks node_modules/react-dom/cjs/react-dom-client.development.js:5529:22
 ❯ updateFunctionComponent node_modules/react-dom/cjs/react-dom-client.development.js:8897:19
 ❯ beginWork node_modules/react-dom/cjs/react-dom-client.development.js:10522:18
 ❯ runWithFiberInDEV node_modules/react-dom/cjs/react-dom-client.development.js:1522:13
 ❯ performUnitOfWork node_modules/react-dom/cjs/react-dom-client.development.js:15140:22
 ❯ workLoopSync node_modules/react-dom/cjs/react-dom-client.development.js:14956:41
            </failure>
        </testcase>
        <testcase classname="src/pages/__tests__/CompanyRegistration.test.tsx" name="CompanyRegistration &gt; File Upload Functionality &gt; shows file details when file is selected" time="0.024100726">
            <failure message="[vitest] No &quot;Calendar&quot; export is defined on the &quot;lucide-react&quot; mock. Did you forget to return it from &quot;vi.mock&quot;?
If you need to partially mock a module, you can use &quot;importOriginal&quot; helper inside:
" type="Error">
Error: [vitest] No &quot;Calendar&quot; export is defined on the &quot;lucide-react&quot; mock. Did you forget to return it from &quot;vi.mock&quot;?
If you need to partially mock a module, you can use &quot;importOriginal&quot; helper inside:

vi.mock(import(&quot;lucide-react&quot;), async (importOriginal) =&gt; {
  const actual = await importOriginal()
  return {
    ...actual,
    // your mocked methods
  }
})

 ❯ DateInput src/components/DateInput.tsx:200:12
 ❯ Object.react-stack-bottom-frame node_modules/react-dom/cjs/react-dom-client.development.js:23863:20
 ❯ renderWithHooks node_modules/react-dom/cjs/react-dom-client.development.js:5529:22
 ❯ updateFunctionComponent node_modules/react-dom/cjs/react-dom-client.development.js:8897:19
 ❯ beginWork node_modules/react-dom/cjs/react-dom-client.development.js:10522:18
 ❯ runWithFiberInDEV node_modules/react-dom/cjs/react-dom-client.development.js:1522:13
 ❯ performUnitOfWork node_modules/react-dom/cjs/react-dom-client.development.js:15140:22
 ❯ workLoopSync node_modules/react-dom/cjs/react-dom-client.development.js:14956:41
            </failure>
        </testcase>
        <testcase classname="src/pages/__tests__/CompanyRegistration.test.tsx" name="CompanyRegistration &gt; Form Integration with File Upload &gt; submits form successfully with constitution file" time="0.014301404">
            <failure message="[vitest] No &quot;Calendar&quot; export is defined on the &quot;lucide-react&quot; mock. Did you forget to return it from &quot;vi.mock&quot;?
If you need to partially mock a module, you can use &quot;importOriginal&quot; helper inside:
" type="Error">
Error: [vitest] No &quot;Calendar&quot; export is defined on the &quot;lucide-react&quot; mock. Did you forget to return it from &quot;vi.mock&quot;?
If you need to partially mock a module, you can use &quot;importOriginal&quot; helper inside:

vi.mock(import(&quot;lucide-react&quot;), async (importOriginal) =&gt; {
  const actual = await importOriginal()
  return {
    ...actual,
    // your mocked methods
  }
})

 ❯ DateInput src/components/DateInput.tsx:200:12
 ❯ Object.react-stack-bottom-frame node_modules/react-dom/cjs/react-dom-client.development.js:23863:20
 ❯ renderWithHooks node_modules/react-dom/cjs/react-dom-client.development.js:5529:22
 ❯ updateFunctionComponent node_modules/react-dom/cjs/react-dom-client.development.js:8897:19
 ❯ beginWork node_modules/react-dom/cjs/react-dom-client.development.js:10522:18
 ❯ runWithFiberInDEV node_modules/react-dom/cjs/react-dom-client.development.js:1522:13
 ❯ performUnitOfWork node_modules/react-dom/cjs/react-dom-client.development.js:15140:22
 ❯ workLoopSync node_modules/react-dom/cjs/react-dom-client.development.js:14956:41
            </failure>
        </testcase>
        <testcase classname="src/pages/__tests__/CompanyRegistration.test.tsx" name="CompanyRegistration &gt; Form Integration with File Upload &gt; maintains file selection during form validation" time="0.032034972">
            <failure message="[vitest] No &quot;Calendar&quot; export is defined on the &quot;lucide-react&quot; mock. Did you forget to return it from &quot;vi.mock&quot;?
If you need to partially mock a module, you can use &quot;importOriginal&quot; helper inside:
" type="Error">
Error: [vitest] No &quot;Calendar&quot; export is defined on the &quot;lucide-react&quot; mock. Did you forget to return it from &quot;vi.mock&quot;?
If you need to partially mock a module, you can use &quot;importOriginal&quot; helper inside:

vi.mock(import(&quot;lucide-react&quot;), async (importOriginal) =&gt; {
  const actual = await importOriginal()
  return {
    ...actual,
    // your mocked methods
  }
})

 ❯ DateInput src/components/DateInput.tsx:200:12
 ❯ Object.react-stack-bottom-frame node_modules/react-dom/cjs/react-dom-client.development.js:23863:20
 ❯ renderWithHooks node_modules/react-dom/cjs/react-dom-client.development.js:5529:22
 ❯ updateFunctionComponent node_modules/react-dom/cjs/react-dom-client.development.js:8897:19
 ❯ beginWork node_modules/react-dom/cjs/react-dom-client.development.js:10522:18
 ❯ runWithFiberInDEV node_modules/react-dom/cjs/react-dom-client.development.js:1522:13
 ❯ performUnitOfWork node_modules/react-dom/cjs/react-dom-client.development.js:15140:22
 ❯ workLoopSync node_modules/react-dom/cjs/react-dom-client.development.js:14956:41
            </failure>
        </testcase>
    </testsuite>
    <testsuite name="src/pages/__tests__/DirectorAppointment.test.tsx" timestamp="2025-07-18T00:07:19.110Z" hostname="FMNZ-C02D5HB1ML7H.local" tests="21" failures="5" errors="0" skipped="1" time="8.3551999">
        <testcase classname="src/pages/__tests__/DirectorAppointment.test.tsx" name="DirectorAppointment &gt; renders the director appointment form with all required fields" time="0.83207289">
        </testcase>
        <testcase classname="src/pages/__tests__/DirectorAppointment.test.tsx" name="DirectorAppointment &gt; has correct default values" time="0.344816476">
            <failure message="[2mexpect([22m[31melement[39m[2m).toHaveValue([22m[32m2025-07-18[39m[2m)[22m

Expected the element to have value:
[32m  2025-07-18[39m
Received:
[31m  18/07/2025[39m" type="Error">
Error: expect(element).toHaveValue(2025-07-18)

Expected the element to have value:
  2025-07-18
Received:
  18/07/2025
 ❯ src/pages/__tests__/DirectorAppointment.test.tsx:143:34
            </failure>
        </testcase>
        <testcase classname="src/pages/__tests__/DirectorAppointment.test.tsx" name="DirectorAppointment &gt; validates required fields on form submission" time="0.19954022">
        </testcase>
        <testcase classname="src/pages/__tests__/DirectorAppointment.test.tsx" name="DirectorAppointment &gt; validates age requirement (must be 18+)" time="1.377593939">
            <failure message="Unable to find an element with the text: Director must be at least 18 years old. This could be because the text is broken up by multiple elements. In this case, you can provide a function for your text matcher to make your matcher more flexible.

Ignored nodes: comments, script, style
[36m&lt;body&gt;[39m
  [36m&lt;div&gt;[39m
    [36m&lt;div[39m
      [33mclass[39m=[32m&quot;min-h-screen bg-gradient-to-br from-blue-50 via-white to-green-50 py-12 px-4 sm:px-6 lg:px-8&quot;[39m
    [36m&gt;[39m
      [36m&lt;div[39m
        [33mclass[39m=[32m&quot;max-w-4xl mx-auto&quot;[39m
      [36m&gt;[39m
        [36m&lt;div[39m
          [33mclass[39m=[32m&quot;text-center mb-8&quot;[39m
        [36m&gt;[39m
          [36m&lt;div[39m
            [33mclass[39m=[32m&quot;flex items-center justify-center mb-4&quot;[39m
          [36m&gt;[39m
            [36m&lt;div[39m
              [33mclass[39m=[32m&quot;flex items-center justify-center w-16 h-16 bg-gradient-to-br from-blue-600 to-green-600 rounded-xl shadow-lg&quot;[39m
            [36m&gt;[39m
              [36m&lt;div[39m
                [33mdata-testid[39m=[32m&quot;user-plus-icon&quot;[39m
              [36m/&gt;[39m
            [36m&lt;/div&gt;[39m
          [36m&lt;/div&gt;[39m
          [36m&lt;h1[39m
            [33mclass[39m=[32m&quot;text-3xl font-bold text-gray-900 mb-2&quot;[39m
          [36m&gt;[39m
            [0mAppoint New Director[0m
          [36m&lt;/h1&gt;[39m
          [36m&lt;p[39m
            [33mclass[39m=[32m&quot;text-lg text-gray-600&quot;[39m
          [36m&gt;[39m
            [0mAdd a new director to the company register[0m
          [36m&lt;/p&gt;[39m
        [36m&lt;/div&gt;[39m
        [36m&lt;div[39m
          [33mclass[39m=[32m&quot;bg-white rounded-2xl shadow-xl p-8 border border-gray-100&quot;[39m
        [36m&gt;[39m
          [36m&lt;form[39m
            [33mclass[39m=[32m&quot;space-y-8&quot;[39m
            [33mnovalidate[39m=[32m&quot;&quot;[39m
          [36m&gt;[39m
            [36m&lt;div[39m
              [33mclass[39m=[32m&quot;border-b border-gray-200 pb-8&quot;[39m
            [36m&gt;[39m
              [36m&lt;h2[39m
                [33mclass[39m=[32m&quot;text-xl font-semibold text-gray-900 mb-6 flex items-center&quot;[39m
              [36m&gt;[39m
                [36m&lt;div[39m
                  [33mdata-testid[39m=[32m&quot;user-plus-icon&quot;[39m
                [36m/&gt;[39m
                [0mPersonal Information[0m
              [36m&lt;/h2&gt;[39m
              [36m&lt;div[39m
                [33mclass[39m=[32m&quot;grid grid-cols-1 md:grid-cols-3 gap-6&quot;[39m
              [36m&gt;[39m
                [36m&lt;div&gt;[39m
                  [36m&lt;label[39m
                    [33mclass[39m=[32m&quot;block text-sm font-medium text-gray-700 mb-2&quot;[39m
                    [33mfor[39m=[32m&quot;firstName&quot;[39m
                  [36m&gt;[39m
                    [0mFirst Name *[0m
                  [36m&lt;/label&gt;[39m
                  [36m&lt;input[39m
                    [33mclass[39m=[32m&quot;w-full px-4 py-3 border rounded-lg focus:ring-2 focus:ring-blue-500 focus:border-transparent transition-colors border-red-500&quot;[39m
                    [33mid[39m=[32m&quot;firstName&quot;[39m
                    [33mname[39m=[32m&quot;firstName&quot;[39m
                    [33mplaceholder[39m=[32m&quot;Enter first name&quot;[39m
                    [33mrequired[39m=[32m&quot;&quot;[39m
                    [33mtype[39m=[32m&quot;text&quot;[39m
                    [33mvalue[39m=[32m&quot;&quot;[39m
                  [36m/&gt;[39m
                  [36m&lt;p[39m
                    [33mclass[39m=[32m&quot;mt-2 text-sm text-red-600&quot;[39m
                  [36m&gt;[39m
                    [0mFirst name is required[0m
                  [36m&lt;/p&gt;[39m
                [36m&lt;/div&gt;[39m
                [36m&lt;div&gt;[39m
                  [36m&lt;label[39m
                    [33mclass[39m=[32m&quot;block text-sm font-medium text-gray-700 mb-2&quot;[39m
                    [33mfor[39m=[32m&quot;middleName&quot;[39m
                  [36m&gt;[39m
                    [0mMiddle Name(s)[0m
                  [36m&lt;/label&gt;[39m
                  [36m&lt;input[39m
                    [33mclass[39m=[32m&quot;w-full px-4 py-3 border border-gray-300 rounded-lg focus:ring-2 focus:ring-blue-500 focus:border-transparent transition-colors&quot;[39m
                    [33mid[39m=[32m&quot;middleName&quot;[39m
                    [33mname[39m=[32m&quot;middleName&quot;[39m
                    [33mplaceholder[39m=[32m&quot;Enter middle name(s)&quot;[39m
                    [33mtype[39m=[32m&quot;text&quot;[39m
                    [33mvalue[39m=[32m&quot;&quot;[39m
                  [36m/&gt;[39m
                [36m&lt;/div&gt;[39m
                [36m&lt;div&gt;[39m
                  [36m&lt;label[39m
                    [33mclass[39m=[32m&quot;block text-sm font-medium text-gray-700 mb-2&quot;[39m
                    [33mfor[39m=[32m&quot;lastName&quot;[39m
                  [36m&gt;[39m
                    [0mLast Name *[0m
                  [36m&lt;/label&gt;[39m
                  [36m&lt;input[39m
                    [33mclass[39m=[32m&quot;w-full px-4 py-3 border rounded-lg focus:ring-2 focus:ring-blue-500 focus:border-transparent transition-colors border-red-500&quot;[39m
                    [33mid[39m=[32m&quot;lastName&quot;[39m
                    [33mname[39m=[32m&quot;lastName&quot;[39m
                    [33mplaceholder[39m=[32m&quot;Enter last name&quot;[39m
                    [33mrequired[39m=[32m&quot;&quot;[39m
                    [33mtype[39m=[32m&quot;text&quot;[39m
                    [33mvalue[39m=[32m&quot;&quot;[39m
                  [36m/&gt;[39m
                  [36m&lt;p[39m
                    [33mclass[39m=[32m&quot;mt-2 text-sm text-red-600&quot;[39m
                  [36m&gt;[39m
                    [0mLast name is required[0m
                  [36m&lt;/p&gt;[39m
                [36m&lt;/div&gt;[39m
              [36m&lt;/div&gt;[39m
              [36m&lt;div[39m
                [33mclass[39m=[32m&quot;grid grid-cols-1 md:grid-cols-3 gap-6 mt-6&quot;[39m
              [36m&gt;[39m
                [36m&lt;div&gt;[39m
                  [36m&lt;div[39m
                    [33mclass[39m=[32m&quot;relative&quot;[39m
                  [36m&gt;[39m
                    [36m&lt;label[39m
                      [33mclass[39m=[32m&quot;block text-sm font-medium text-gray-700 mb-2&quot;[39m
                      [33mfor[39m=[32m&quot;dateOfBirth&quot;[39m
                    [36m&gt;[39m
                      [0mDate of Birth[0m
                      [0m [0m
                      [0m*[0m
                    [36m&lt;/label&gt;[39m
                    [36m&lt;div[39m
                      [33mclass[39m=[32m&quot;relative&quot;[39m
                    [36m&gt;[39m
                      [36m&lt;input[39m
                        [33mautocomplete[39m=[32m&quot;off&quot;[39m
                        [33mclass[39m=[32m&quot;w-full px-4 py-3 border rounded-lg focus:ring-2 focus:ring-blue-500 focus:border-transparent transition-colors border-red-500  pr-12&quot;[39m
                        [33mid[39m=[32m&quot;dateOfBirth&quot;[39m
                        [33mmaxlength[39m=[32m&quot;10&quot;[39m
                        [33mname[39m=[32m&quot;dateOfBirth&quot;[39m
                        [33mplaceholder[39m=[32m&quot;DD/MM/YYYY&quot;[39m
                        [33mrequired[39m=[32m&quot;&quot;[39m
                        [33mtype[39m=[32m&quot;text&quot;[39m
                        [33mvalue[39m=[32m&quot;20/08/0718&quot;[39m
                      [36m/&gt;[39m
                      [36m&lt;input[...

Ignored nodes: comments, script, style
[36m&lt;html&gt;[39m
  [36m&lt;head /&gt;[39m
  [36m&lt;body&gt;[39m
    [36m&lt;div&gt;[39m
      [36m&lt;div[39m
        [33mclass[39m=[32m&quot;min-h-screen bg-gradient-to-br from-blue-50 via-white to-green-50 py-12 px-4 sm:px-6 lg:px-8&quot;[39m
      [36m&gt;[39m
        [36m&lt;div[39m
          [33mclass[39m=[32m&quot;max-w-4xl mx-auto&quot;[39m
        [36m&gt;[39m
          [36m&lt;div[39m
            [33mclass[39m=[32m&quot;text-center mb-8&quot;[39m
          [36m&gt;[39m
            [36m&lt;div[39m
              [33mclass[39m=[32m&quot;flex items-center justify-center mb-4&quot;[39m
            [36m&gt;[39m
              [36m&lt;div[39m
                [33mclass[39m=[32m&quot;flex items-center justify-center w-16 h-16 bg-gradient-to-br from-blue-600 to-green-600 rounded-xl shadow-lg&quot;[39m
              [36m&gt;[39m
                [36m&lt;div[39m
                  [33mdata-testid[39m=[32m&quot;user-plus-icon&quot;[39m
                [36m/&gt;[39m
              [36m&lt;/div&gt;[39m
            [36m&lt;/div&gt;[39m
            [36m&lt;h1[39m
              [33mclass[39m=[32m&quot;text-3xl font-bold text-gray-900 mb-2&quot;[39m
            [36m&gt;[39m
              [0mAppoint New Director[0m
            [36m&lt;/h1&gt;[39m
            [36m&lt;p[39m
              [33mclass[39m=[32m&quot;text-lg text-gray-600&quot;[39m
            [36m&gt;[39m
              [0mAdd a new director to the company register[0m
            [36m&lt;/p&gt;[39m
          [36m&lt;/div&gt;[39m
          [36m&lt;div[39m
            [33mclass[39m=[32m&quot;bg-white rounded-2xl shadow-xl p-8 border border-gray-100&quot;[39m
          [36m&gt;[39m
            [36m&lt;form[39m
              [33mclass[39m=[32m&quot;space-y-8&quot;[39m
              [33mnovalidate[39m=[32m&quot;&quot;[39m
            [36m&gt;[39m
              [36m&lt;div[39m
                [33mclass[39m=[32m&quot;border-b border-gray-200 pb-8&quot;[39m
              [36m&gt;[39m
                [36m&lt;h2[39m
                  [33mclass[39m=[32m&quot;text-xl font-semibold text-gray-900 mb-6 flex items-center&quot;[39m
                [36m&gt;[39m
                  [36m&lt;div[39m
                    [33mdata-testid[39m=[32m&quot;user-plus-icon&quot;[39m
                  [36m/&gt;[39m
                  [0mPersonal Information[0m
                [36m&lt;/h2&gt;[39m
                [36m&lt;div[39m
                  [33mclass[39m=[32m&quot;grid grid-cols-1 md:grid-cols-3 gap-6&quot;[39m
                [36m&gt;[39m
                  [36m&lt;div&gt;[39m
                    [36m&lt;label[39m
                      [33mclass[39m=[32m&quot;block text-sm font-medium text-gray-700 mb-2&quot;[39m
                      [33mfor[39m=[32m&quot;firstName&quot;[39m
                    [36m&gt;[39m
                      [0mFirst Name *[0m
                    [36m&lt;/label&gt;[39m
                    [36m&lt;input[39m
                      [33mclass[39m=[32m&quot;w-full px-4 py-3 border rounded-lg focus:ring-2 focus:ring-blue-500 focus:border-transparent transition-colors border-red-500&quot;[39m
                      [33mid[39m=[32m&quot;firstName&quot;[39m
                      [33mname[39m=[32m&quot;firstName&quot;[39m
                      [33mplaceholder[39m=[32m&quot;Enter first name&quot;[39m
                      [33mrequired[39m=[32m&quot;&quot;[39m
                      [33mtype[39m=[32m&quot;text&quot;[39m
                      [33mvalue[39m=[32m&quot;&quot;[39m
                    [36m/&gt;[39m
                    [36m&lt;p[39m
                      [33mclass[39m=[32m&quot;mt-2 text-sm text-red-600&quot;[39m
                    [36m&gt;[39m
                      [0mFirst name is required[0m
                    [36m&lt;/p&gt;[39m
                  [36m&lt;/div&gt;[39m
                  [36m&lt;div&gt;[39m
                    [36m&lt;label[39m
                      [33mclass[39m=[32m&quot;block text-sm font-medium text-gray-700 mb-2&quot;[39m
                      [33mfor[39m=[32m&quot;middleName&quot;[39m
                    [36m&gt;[39m
                      [0mMiddle Name(s)[0m
                    [36m&lt;/label&gt;[39m
                    [36m&lt;input[39m
                      [33mclass[39m=[32m&quot;w-full px-4 py-3 border border-gray-300 rounded-lg focus:ring-2 focus:ring-blue-500 focus:border-transparent transition-colors&quot;[39m
                      [33mid[39m=[32m&quot;middleName&quot;[39m
                      [33mname[39m=[32m&quot;middleName&quot;[39m
                      [33mplaceholder[39m=[32m&quot;Enter middle name(s)&quot;[39m
                      [33mtype[39m=[32m&quot;text&quot;[39m
                      [33mvalue[39m=[32m&quot;&quot;[39m
                    [36m/&gt;[39m
                  [36m&lt;/div&gt;[39m
                  [36m&lt;div&gt;[39m
                    [36m&lt;label[39m
                      [33mclass[39m=[32m&quot;block text-sm font-medium text-gray-700 mb-2&quot;[39m
                      [33mfor[39m=[32m&quot;lastName&quot;[39m
                    [36m&gt;[39m
                      [0mLast Name *[0m
                    [36m&lt;/label&gt;[39m
                    [36m&lt;input[39m
                      [33mclass[39m=[32m&quot;w-full px-4 py-3 border rounded-lg focus:ring-2 focus:ring-blue-500 focus:border-transparent transition-colors border-red-500&quot;[39m
                      [33mid[39m=[32m&quot;lastName&quot;[39m
                      [33mname[39m=[32m&quot;lastName&quot;[39m
                      [33mplaceholder[39m=[32m&quot;Enter last name&quot;[39m
                      [33mrequired[39m=[32m&quot;&quot;[39m
                      [33mtype[39m=[32m&quot;text&quot;[39m
                      [33mvalue[39m=[32m&quot;&quot;[39m
                    [36m/&gt;[39m
                    [36m&lt;p[39m
                      [33mclass[39m=[32m&quot;mt-2 text-sm text-red-600&quot;[39m
                    [36m&gt;[39m
                      [0mLast name is required[0m
                    [36m&lt;/p&gt;[39m
                  [36m&lt;/div&gt;[39m
                [36m&lt;/div&gt;[39m
                [36m&lt;div[39m
                  [33mclass[39m=[32m&quot;grid grid-cols-1 md:grid-cols-3 gap-6 mt-6&quot;[39m
                [36m&gt;[39m
                  [36m&lt;div&gt;[39m
                    [36m&lt;div[39m
                      [33mclass[39m=[32m&quot;relative&quot;[39m
                    [36m&gt;[39m
                      [36m&lt;label[39m
                        [33mclass[39m=[32m&quot;block text-sm font-medium text-gray-700 mb-2&quot;[39m
                        [33mfor[39m=[32m&quot;dateOfBirth&quot;[39m
                      [36m&gt;[39m
                        [0mDate of Birth[0m
                        [0m [0m
                        [0m*[0m
                      [36m&lt;/label&gt;[39m
                      [36m&lt;div[39m
                        [33mclass[39m=[32m&quot;relative&quot;[39m
                      [36m&gt;[39m
                        [36m&lt;input[39m
                          [33mautocomplete[39m=[32m&quot;off&quot;[39m
                          [33mclass[39m=[32m&quot;w-full px-4 py-3 border rounded-lg focus:ring-2 focus:ring-blue-500 focus:border-transparent transition-colors border-red-500  pr-12&quot;[39m
                          [33mid[39m=[32m&quot;dateOfBirth&quot;[39m
                          [33mmaxlength[39m=[32m&quot;10&quot;[39m
                          [33mname[39m=[32m&quot;dateOfBirth&quot;[39..." type="TestingLibraryElementError">
TestingLibraryElementError: Unable to find an element with the text: Director must be at least 18 years old. This could be because the text is broken up by multiple elements. In this case, you can provide a function for your text matcher to make your matcher more flexible.

Ignored nodes: comments, script, style
&lt;body&gt;
  &lt;div&gt;
    &lt;div
      class=&quot;min-h-screen bg-gradient-to-br from-blue-50 via-white to-green-50 py-12 px-4 sm:px-6 lg:px-8&quot;
    &gt;
      &lt;div
        class=&quot;max-w-4xl mx-auto&quot;
      &gt;
        &lt;div
          class=&quot;text-center mb-8&quot;
        &gt;
          &lt;div
            class=&quot;flex items-center justify-center mb-4&quot;
          &gt;
            &lt;div
              class=&quot;flex items-center justify-center w-16 h-16 bg-gradient-to-br from-blue-600 to-green-600 rounded-xl shadow-lg&quot;
            &gt;
              &lt;div
                data-testid=&quot;user-plus-icon&quot;
              /&gt;
            &lt;/div&gt;
          &lt;/div&gt;
          &lt;h1
            class=&quot;text-3xl font-bold text-gray-900 mb-2&quot;
          &gt;
            Appoint New Director
          &lt;/h1&gt;
          &lt;p
            class=&quot;text-lg text-gray-600&quot;
          &gt;
            Add a new director to the company register
          &lt;/p&gt;
        &lt;/div&gt;
        &lt;div
          class=&quot;bg-white rounded-2xl shadow-xl p-8 border border-gray-100&quot;
        &gt;
          &lt;form
            class=&quot;space-y-8&quot;
            novalidate=&quot;&quot;
          &gt;
            &lt;div
              class=&quot;border-b border-gray-200 pb-8&quot;
            &gt;
              &lt;h2
                class=&quot;text-xl font-semibold text-gray-900 mb-6 flex items-center&quot;
              &gt;
                &lt;div
                  data-testid=&quot;user-plus-icon&quot;
                /&gt;
                Personal Information
              &lt;/h2&gt;
              &lt;div
                class=&quot;grid grid-cols-1 md:grid-cols-3 gap-6&quot;
              &gt;
                &lt;div&gt;
                  &lt;label
                    class=&quot;block text-sm font-medium text-gray-700 mb-2&quot;
                    for=&quot;firstName&quot;
                  &gt;
                    First Name *
                  &lt;/label&gt;
                  &lt;input
                    class=&quot;w-full px-4 py-3 border rounded-lg focus:ring-2 focus:ring-blue-500 focus:border-transparent transition-colors border-red-500&quot;
                    id=&quot;firstName&quot;
                    name=&quot;firstName&quot;
                    placeholder=&quot;Enter first name&quot;
                    required=&quot;&quot;
                    type=&quot;text&quot;
                    value=&quot;&quot;
                  /&gt;
                  &lt;p
                    class=&quot;mt-2 text-sm text-red-600&quot;
                  &gt;
                    First name is required
                  &lt;/p&gt;
                &lt;/div&gt;
                &lt;div&gt;
                  &lt;label
[...]
                  [33mclass[39m=[32m&quot;absolute inset-y-0 right-0 pr-3 flex items-center hover:bg-gray-50 rounded-r-lg&quot;[39m
                  [33mtabindex[39m=[32m&quot;-1&quot;[39m
                  [33mtype[39m=[32m&quot;button&quot;[39m
                [36m&gt;[39m
                  [36m&lt;svg[39m
                    [33maria-hidden[39m=[32m&quot;true&quot;[39m
                    [33mclass[39m=[32m&quot;lucide lucide-calendar h-5 w-5 text-gray-400 hover:text-gray-600&quot;[39m
                    [33mfill[39m=[32m&quot;none&quot;[39m
                    [33mheight[39m=[32m&quot;24&quot;[39m
                    [33mstroke[39m=[32m&quot;currentColor&quot;[39m
                    [33mstroke-linecap[39m=[32m&quot;round&quot;[39m
                    [33mstroke-linejoin[39m=[32m&quot;round&quot;[39m
                    [33mstroke-width[39m=[32m&quot;2&quot;[39m
                    [33mviewBox[39m=[32m&quot;0 0 24 24&quot;[39m
                    [33mwidth[39m=[32m&quot;24&quot;[39m
                    [33mxmlns[39m=[32m&quot;http://www.w3.org/2000/svg&quot;[39m
                  [36m&gt;[39m
                    [36m&lt;path[39m
                      [33md[39m=[32m&quot;M8 2v4&quot;[39m
                    [36m/&gt;[39m
                    [36m&lt;path[39m
                      [33md[39m=[32m&quot;M16 2v4&quot;[39m
                    [36m/&gt;[39m
                    [36m&lt;rect[39m
                      [33mheight[39m=[32m&quot;18&quot;[39m
                      [33mrx[39m=[32m&quot;2&quot;[39m
                      [33mwidth[39m=[32m&quot;18&quot;[39m
                      [33mx[39m=[32m&quot;3&quot;[39m
                      [33my[39m=[32m&quot;4&quot;[39m
                    [36m/&gt;[39m
                    [36m&lt;path[39m
                      [33md[39m=[32m&quot;M3 10h18&quot;[39m
                    [36m/&gt;[39m
                  [36m&lt;/svg&gt;[39m
                [36m&lt;/button&gt;[39m
              [36m&lt;/div&gt;[39m
              [36m&lt;p[39m
                [33mclass[39m=[32m&quot;mt-1 text-xs text-gray-500&quot;[39m
              [36m&gt;[39m
                [0mType date as DD/MM/YYYY or click calendar icon[0m
              [36m&lt;/p&gt;[39m
            [36m&lt;/div&gt;[39m
          [36m&lt;/div&gt;[39m
          [36m&lt;div[39m
            [33mclass[39m=[32m&quot;flex items-start&quot;[39m
          [36m&gt;[39m
            [36m&lt;div[39m
              [33mclass[39m=[32m&quot;flex items-center h-5&quot;[39m
            [36m&gt;[39m
              [36m&lt;input[39m
                [33mclass[39m=[32m&quot;focus:ring-blue-500 h-4 w-4 text-blue-600 border-gray-300 rounded&quot;[39m
                [33mid[39m=[32m&quot;confirmResignation&quot;[39m
                [33mname[39m=[32m&quot;confirmResignation&quot;[39m
                [33mtype[39m=[32m&quot;checkbox&quot;[39m
              [36m/&gt;[39m
            [36m&lt;/div&gt;[39m
            [36m&lt;div[39m
              [33mclass[39m=[32m&quot;ml-3 text-sm&quot;[39m
            [36m&gt;[39m
              [36m&lt;label[39m
                [33mclass[39m=[32m&quot;font-medium text-gray-700&quot;[39m
                [33mfor[39m=[32m&quot;confirmResignation&quot;[39m
              [36m&gt;[39m
                [0mConfirm resignation[0m
              [36m&lt;/label&gt;[39m
              [36m&lt;p[39m
                [33mclass[39m=[32m&quot;text-gray-500&quot;[39m
              [36m&gt;[39m
                [0mI confirm that this director is resigning from their position and that all compliance requirements have been reviewed.[0m
              [36m&lt;/p&gt;[39m
            [36m&lt;/div&gt;[39m
          [36m&lt;/div&gt;[39m
          [36m&lt;div[39m
            [33mclass[39m=[32m&quot;bg-yellow-50 border border-yellow-200 rounded-md p-4&quot;[39m
          [36m&gt;[39m
            [36m&lt;div[39m
              [33mclass[39m=[32m&quot;flex&quot;[39m
            [36m&gt;[39m
              [36m&lt;div[39m
                [33mclass[39m=[32m&quot;flex-shrink-0&quot;[39m
              [36m&gt;[39m
                [36m&lt;svg[39m
                  [33mclass[39m=[32m&quot;h-5 w-5 text-yellow-400&quot;[39m
                  [33mfill[39m=[32m&quot;currentColor&quot;[39m
                  [33mviewBox[39m=[32m&quot;0 0 20 20&quot;[39m
                [36m&gt;[39m
                  [36m&lt;path[39m
                    [33mclip-rule[39m=[32m&quot;evenodd&quot;[39m
                    [33md[39m=[32m&quot;M8.257 3.099c.765-1.36 2.722-1.36 3.486 0l5.58 9.92c.75 1.334-.213 2.98-1.742 2.98H4.42c-1.53 0-2.493-1.646-1.743-2.98l5.58-9.92zM11 13a1 1 0 11-2 0 1 1 0 012 0zm-1-8a1 1 0 00-1 1v3a1 1 0 002 0V6a1 1 0 00-1-1z&quot;[39m
                    [33mfill-rule[39m=[32m&quot;evenodd&quot;[39m
                  [36m/&gt;[39m
                [36m&lt;/svg&gt;[39m
              [36m&lt;/div&gt;[39m
              [36m&lt;div[39m
                [33mclass[39m=[32m&quot;ml-3&quot;[39m
              [36m&gt;[39m
                [36m&lt;h3[39m
                  [33mclass[39m=[32m&quot;text-sm font-medium text-yellow-800&quot;[39m
                [36m&gt;[39m
                  [0mImportant Notice[0m
                [36m&lt;/h3&gt;[39m
                [36m&lt;div[39m
                  [33mclass[39m=[32m&quot;mt-2 text-sm text-yellow-700&quot;[39m
                [36m&gt;[39m
                  [36m&lt;ul[39m
                    [33mclass[39m=[32m&quot;list-disc pl-5 space-y-1&quot;[39m
                  [36m&gt;[39m
                    [36m&lt;li&gt;[39m
                      [0mEnsure the company will still meet the minimum director requirements[0m
                    [36m&lt;/li&gt;[39m
                    [36m&lt;li&gt;[39m
                      [0mVerify that at least one NZ/Australian resident director will remain[0m
                    [36m&lt;/li&gt;[39m
                    [36m&lt;li&gt;[39m
                      [0mThis action cannot be undone - the director will need to be re-appointed if required[0m
                    [36m&lt;/li&gt;[39m
                  [36m&lt;/ul&gt;[39m
                [36m&lt;/div&gt;[39m
              [36m&lt;/div&gt;[39m
            [36m&lt;/div&gt;[39m
          [36m&lt;/div&gt;[39m
          [36m&lt;div[39m
            [33mclass[39m=[32m&quot;flex justify-end space-x-3&quot;[39m
          [36m&gt;[39m
            [36m&lt;button[39m
              [33mclass[39m=[32m&quot;px-4 py-2 border border-gray-300 rounded-md shadow-sm text-sm font-medium text-gray-700 bg-white hover:bg-gray-50 focus:outline-none focus:ring-2 focus:ring-offset-2 focus:ring-blue-500&quot;[39m
              [33mtype[39m=[32m&quot;button&quot;[39m
            [36m&gt;[39m
              [0mReset[0m
            [36m&lt;/button&gt;[39m
            [36m&lt;button[39m
              [33mclass[39m=[32m&quot;px-4 py-2 border border-transparent rounded-md shadow-sm text-sm font-medium text-white bg-red-600 hover:bg-red-700 focus:outline-none focus:ring-2 focus:ring-offset-2 focus:ring-red-500 disabled:opacity-50 disabled:cursor-not-allowed&quot;[39m
              [33mtype[39m=[32m&quot;submit&quot;[39m
            [36m&gt;[39m
              [0mResign Director[0m
            [36m&lt;/button&gt;[39m
          [36m&lt;/div&gt;[39m
        [36m&lt;/form&gt;[39m
      [36m&lt;/div&gt;[39m
    [36m&lt;/div&gt;[39m
  [36m&lt;/body&gt;[39m
[36m&lt;/html&gt;[39m" type="AssertionError">
AssertionError: expected &quot;spy&quot; to be called with arguments: [ 1, &apos;2024-01-01&apos;, &apos;mock-token&apos; ]

Received: 

  1st spy call:

  [
    1,
-   &quot;2024-01-01&quot;,
+   &quot;2025-07-18&quot;,
    &quot;mock-token&quot;,
  ]


Number of calls: 1


Ignored nodes: comments, script, style
&lt;html&gt;
  &lt;head /&gt;
  &lt;body&gt;
    &lt;div&gt;
      &lt;div
        class=&quot;max-w-2xl mx-auto p-6 bg-white rounded-lg shadow-md&quot;
      &gt;
        &lt;div
          class=&quot;mb-6&quot;
        &gt;
          &lt;h2
            class=&quot;text-2xl font-bold text-gray-900 mb-2&quot;
          &gt;
            Director Resignation
          &lt;/h2&gt;
          &lt;p
            class=&quot;text-gray-600&quot;
          &gt;
            Complete this form to resign a director from the company.
          &lt;/p&gt;
        &lt;/div&gt;
        &lt;div
          class=&quot;mb-6 p-4 bg-green-50 border border-green-200 rounded-md&quot;
        &gt;
          &lt;div
            class=&quot;flex&quot;
          &gt;
            &lt;div
              class=&quot;flex-shrink-0&quot;
            &gt;
              &lt;svg
                class=&quot;h-5 w-5 text-green-400&quot;
                fill=&quot;currentColor&quot;
                viewBox=&quot;0 0 20 20&quot;
              &gt;
                &lt;path
                  clip-rule=&quot;evenodd&quot;
                  d=&quot;M10 18a8 8 0 100-16 8 8 0 000 16zm3.707-9.293a1 1 0 00-1.414-1.414L9 10.586 7.707 9.293a1 1 0 00-1.414 1.414l2 2a1 1 0 001.414 0l4-4z&quot;
                  fill-rule=&quot;evenodd&quot;
                /&gt;
              &lt;/svg&gt;
            &lt;/div&gt;
            &lt;div
              class=&quot;ml-3&quot;
            &gt;
              &lt;h3
                class=&quot;text-sm font-medium text-green-800&quot;
              &gt;
                Director resigned successfully
              &lt;/h3&gt;
              &lt;p
                class=&quot;text-sm text-green-700 mt-1&quot;
              &gt;
                The director resignation has been processed and recorded.
              &lt;/p&gt;
            &lt;/div&gt;
          &lt;/div&gt;
        &lt;/div&gt;
        &lt;form
          class=&quot;space-y-6&quot;
        &gt;
          &lt;div&gt;
            &lt;label
              class=&quot;block text-sm font-medium text-gray-700 mb-1&quot;
              for=&quot;directorId&quot;
            &gt;
              Director ID
            &lt;/label&gt;
            &lt;input
              class=&quot;mt-1 block w-full px-3 py-2 border border-gray-300 rounded-md shadow-sm focus:outline-none focus:ring-blue-500 focus:border-blue-500 disabled:bg-gray-100&quot;
              id=&quot;directorId&quot;
              name=&quot;directorId&quot;
              type=&quot;number&quot;
            /&gt;
          &lt;/div&gt;
          &lt;div&gt;
            &lt;div
              class=&quot;relative&quot;
            &gt;
              &lt;label
                class=&quot;block text-sm font-medium text-gray-700 mb-2&quot;
                for=&quot;resignationDate&quot;
              &gt;
                Resignation Date
                 
              &lt;/label&gt;
              &lt;div
                class=&quot;relative&quot;
              &gt;
                &lt;input
                  autocomplete=&quot;off&quot;
                  class=&quot;w-full px-4 py-3 border rounded-lg focus:ring-2 focus:ring-blue-500 focus:border-transparent transition-colors border-gray-300  pr-12&quot;
                  id=&quot;resignationDate&quot;
                  maxlength=&quot;10&quot;
                  name=&quot;resignationDate&quot;
                  placeholder=&quot;DD/MM/YYYY&quot;
                  type=&quot;text&quot;
                  value=&quot;20/24/0101&quot;
                /&gt;
                &lt;input
                  aria-hidden=&quot;true&quot;
                  class=&quot;absolute top-full left-0 w-0 h-0 opacity-0 pointer-events-none&quot;
                  tabindex=&quot;-1&quot;
                  type=&quot;date&quot;
                  value=&quot;2025-07-18&quot;
                /&gt;
                &lt;button
                  aria-label=&quot;Open calendar&quot;
                  class=&quot;absolute inset-y-0 right-0 pr-3 flex items-center hover:bg-gray-50 rounded-r-lg&quot;
                  tabindex=&quot;-1&quot;
                  type=&quot;button&quot;
                &gt;
                  &lt;svg
                    aria-hidden=&quot;true&quot;
                    class=&quot;lucide lucide-calendar h-5 w-5 text-gray-400 hover:text-gray-600&quot;
                    fill=&quot;none&quot;
                    height=&quot;24&quot;
                    stroke=&quot;currentColor&quot;
                    stroke-linecap=&quot;round&quot;
                    stroke-linejoin=&quot;round&quot;
                    stroke-width=&quot;2&quot;
                    viewBox=&quot;0 0 24 24&quot;
                    width=&quot;24&quot;
                    xmlns=&quot;http://www.w3.org/2000/svg&quot;
                  &gt;
                    &lt;path
                      d=&quot;M8 2v4&quot;
                    /&gt;
                    &lt;path
                      d=&quot;M16 2v4&quot;
                    /&gt;
                    &lt;rect
                      height=&quot;18&quot;
                      rx=&quot;2&quot;
                      width=&quot;18&quot;
                      x=&quot;3&quot;
                      y=&quot;4&quot;
                    /&gt;
                    &lt;path
                      d=&quot;M3 10h18&quot;
                    /&gt;
                  &lt;/svg&gt;
                &lt;/button&gt;
              &lt;/div&gt;
              &lt;p
                class=&quot;mt-1 text-xs text-gray-500&quot;
              &gt;
                Type date as DD/MM/YYYY or click calendar icon
              &lt;/p&gt;
            &lt;/div&gt;
          &lt;/div&gt;
          &lt;div
            class=&quot;flex items-start&quot;
          &gt;
            &lt;div
              class=&quot;flex items-center h-5&quot;
            &gt;
              &lt;input
                class=&quot;focus:ring-blue-500 h-4 w-4 text-blue-600 border-gray-300 rounded&quot;
                id=&quot;confirmResignation&quot;
                name=&quot;confirmResignation&quot;
                type=&quot;checkbox&quot;
              /&gt;
            &lt;/div&gt;
            &lt;div
              class=&quot;ml-3 text-sm&quot;
            &gt;
              &lt;label
                class=&quot;font-medium text-gray-700&quot;
                for=&quot;confirmResignation&quot;
              &gt;
                Confirm resignation
              &lt;/label&gt;
              &lt;p
                class=&quot;text-gray-500&quot;
              &gt;
                I confirm that this director is resigning from their position and that all compliance requirements have been reviewed.
              &lt;/p&gt;
            &lt;/div&gt;
          &lt;/div&gt;
          &lt;div
            class=&quot;bg-yellow-50 border border-yellow-200 rounded-md p-4&quot;
          &gt;
            &lt;div
              class=&quot;flex&quot;
            &gt;
              &lt;div
                class=&quot;flex-shrink-0&quot;
              &gt;
                &lt;svg
                  class=&quot;h-5 w-5 text-yellow-400&quot;
                  fill=&quot;currentColor&quot;
                  viewBox=&quot;0 0 20 20&quot;
                &gt;
                  &lt;path
                    clip-rule=&quot;evenodd&quot;
                    d=&quot;M8.257 3.099c.765-1.36 2.722-1.36 3.486 0l5.58 9.92c.75 1.334-.213 2.98-1.742 2.98H4.42c-1.53 0-2.493-1.646-1.743-2.98l5.58-9.92zM11 13a1 1 0 11-2 0 1 1 0 012 0zm-1-8a1 1 0 00-1 1v3a1 1 0 002 0V6a1 1 0 00-1-1z&quot;
                    fill-rule=&quot;evenodd&quot;
                  /&gt;
                &lt;/svg&gt;
              &lt;/div&gt;
              &lt;div
                class=&quot;ml-3&quot;
              &gt;
                &lt;h3
                  class=&quot;text-sm font-medium text-yellow-800&quot;
                &gt;
                  Important Notice
                &lt;/h3&gt;
                &lt;div
                  class=&quot;mt-2 text-sm text-yellow-700&quot;
                &gt;
                  &lt;ul
                    class=&quot;list-disc pl-5 space-y-1&quot;
                  &gt;
                    &lt;li&gt;
                      Ensure the company will still meet the minimum director requirements
                    &lt;/li&gt;
                    &lt;li&gt;
                      Verify that at least one NZ/Australian resident director will remain
                    &lt;/li&gt;
                    &lt;li&gt;
                      This action cannot be undone - the director will need to be re-appointed if required
                    &lt;/li&gt;
                  &lt;/ul&gt;
                &lt;/div&gt;
              &lt;/div&gt;
            &lt;/div&gt;
          &lt;/div&gt;
          &lt;div
            class=&quot;flex justify-end space-x-3&quot;
          &gt;
            &lt;button
              class=&quot;px-4 py-2 border border-gray-300 rounded-md shadow-sm text-sm font-medium text-gray-700 bg-white hover:bg-gray-50 focus:outline-none focus:ring-2 focus:ring-offset-2 focus:ring-blue-500&quot;
              type=&quot;button&quot;
            &gt;
              Reset
            &lt;/button&gt;
            &lt;button
              class=&quot;px-4 py-2 border border-transparent rounded-md shadow-sm text-sm font-medium text-white bg-red-600 hover:bg-red-700 focus:outline-none focus:ring-2 focus:ring-offset-2 focus:ring-red-500 disabled:opacity-50 disabled:cursor-not-allowed&quot;
              type=&quot;submit&quot;
            &gt;
              Resign Director
            &lt;/button&gt;
          &lt;/div&gt;
        &lt;/form&gt;
      &lt;/div&gt;
    &lt;/div&gt;
  &lt;/body&gt;
&lt;/html&gt;
 ❯ src/pages/__tests__/DirectorResignation.test.tsx:107:34
 ❯ runWithExpensiveErrorDiagnosticsDisabled node_modules/@testing-library/dom/dist/config.js:47:12
 ❯ checkCallback node_modules/@testing-library/dom/dist/wait-for.js:124:77
 ❯ Timeout.checkRealTimersCallback node_modules/@testing-library/dom/dist/wait-for.js:118:16
            </failure>
        </testcase>
        <testcase classname="src/pages/__tests__/DirectorResignation.test.tsx" name="DirectorResignation &gt; handles submission errors" time="0.076876528">
        </testcase>
        <testcase classname="src/pages/__tests__/DirectorResignation.test.tsx" name="DirectorResignation &gt; shows loading state during submission" time="0.056555376">
        </testcase>
        <testcase classname="src/pages/__tests__/DirectorResignation.test.tsx" name="DirectorResignation &gt; resets form when reset button is clicked" time="0.045496729">
        </testcase>
        <testcase classname="src/pages/__tests__/DirectorResignation.test.tsx" name="DirectorResignation &gt; displays important notice about resignation requirements" time="0.025955993">
        </testcase>
    </testsuite>
    <testsuite name="src/pages/__tests__/HomePage.test.tsx" timestamp="2025-07-18T00:07:19.119Z" hostname="FMNZ-C02D5HB1ML7H.local" tests="7" failures="0" errors="0" skipped="0" time="0.525823628">
        <testcase classname="src/pages/__tests__/HomePage.test.tsx" name="HomePage &gt; renders the main page content" time="0.115776135">
        </testcase>
        <testcase classname="src/pages/__tests__/HomePage.test.tsx" name="HomePage &gt; displays success message when provided in location state" time="0.033480526">
        </testcase>
        <testcase classname="src/pages/__tests__/HomePage.test.tsx" name="HomePage &gt; does not display success message when not provided" time="0.040158742">
        </testcase>
        <testcase classname="src/pages/__tests__/HomePage.test.tsx" name="HomePage &gt; displays success message with proper styling" time="0.076052702">
        </testcase>
        <testcase classname="src/pages/__tests__/HomePage.test.tsx" name="HomePage &gt; renders all feature sections" time="0.08549436">
        </testcase>
        <testcase classname="src/pages/__tests__/HomePage.test.tsx" name="HomePage &gt; handles empty success message" time="0.100254874">
        </testcase>
        <testcase classname="src/pages/__tests__/HomePage.test.tsx" name="HomePage &gt; handles undefined success message" time="0.066162163">
        </testcase>
    </testsuite>
</testsuites>
