<?xml version="1.0" encoding="UTF-8" ?>
<testsuites name="vitest tests" tests="75" failures="26" errors="0" time="12.152991903">
    <testsuite name="src/components/__tests__/CompanySearch.integration.test.tsx" timestamp="2025-07-16T18:38:28.837Z" hostname="FMNZ-C02D5HB1ML7H.local" tests="2" failures="0" errors="0" skipped="0" time="0.713758969">
        <testcase classname="src/components/__tests__/CompanySearch.integration.test.tsx" name="CompanySearch Integration Tests &gt; should integrate with store and service for end-to-end search flow" time="0.333198953">
        </testcase>
        <testcase classname="src/components/__tests__/CompanySearch.integration.test.tsx" name="CompanySearch Integration Tests &gt; should handle full search workflow with error recovery" time="0.373949574">
        </testcase>
    </testsuite>
    <testsuite name="src/components/__tests__/CompanySearch.test.tsx" timestamp="2025-07-16T18:38:28.838Z" hostname="FMNZ-C02D5HB1ML7H.local" tests="20" failures="0" errors="0" skipped="0" time="3.057864126">
        <testcase classname="src/components/__tests__/CompanySearch.test.tsx" name="CompanySearch &gt; Rendering &gt; should render search input with placeholder" time="0.04694983">
        </testcase>
        <testcase classname="src/components/__tests__/CompanySearch.test.tsx" name="CompanySearch &gt; Rendering &gt; should render search icon initially" time="0.082963138">
        </testcase>
        <testcase classname="src/components/__tests__/CompanySearch.test.tsx" name="CompanySearch &gt; Rendering &gt; should render with proper accessibility attributes" time="0.01784533">
        </testcase>
        <testcase classname="src/components/__tests__/CompanySearch.test.tsx" name="CompanySearch &gt; User Interaction &gt; should update input value when user types" time="0.113131613">
        </testcase>
        <testcase classname="src/components/__tests__/CompanySearch.test.tsx" name="CompanySearch &gt; User Interaction &gt; should show clear button when input has value" time="0.05940742">
        </testcase>
        <testcase classname="src/components/__tests__/CompanySearch.test.tsx" name="CompanySearch &gt; User Interaction &gt; should clear input when clear button is clicked" time="0.084711599">
        </testcase>
        <testcase classname="src/components/__tests__/CompanySearch.test.tsx" name="CompanySearch &gt; User Interaction &gt; should not show clear button when input is empty" time="0.007190982">
        </testcase>
        <testcase classname="src/components/__tests__/CompanySearch.test.tsx" name="CompanySearch &gt; Search Functionality &gt; should trigger search after debounce delay" time="0.362860646">
        </testcase>
        <testcase classname="src/components/__tests__/CompanySearch.test.tsx" name="CompanySearch &gt; Search Functionality &gt; should not trigger search for queries less than 2 characters" time="0.326059286">
        </testcase>
        <testcase classname="src/components/__tests__/CompanySearch.test.tsx" name="CompanySearch &gt; Search Functionality &gt; should clear search when input is empty" time="0.35838851">
        </testcase>
        <testcase classname="src/components/__tests__/CompanySearch.test.tsx" name="CompanySearch &gt; Search Functionality &gt; should show loading state during search" time="0.056448934">
        </testcase>
        <testcase classname="src/components/__tests__/CompanySearch.test.tsx" name="CompanySearch &gt; Search Results Display &gt; should display search results when available" time="0.040661094">
        </testcase>
        <testcase classname="src/components/__tests__/CompanySearch.test.tsx" name="CompanySearch &gt; Search Results Display &gt; should display singular result text for single result" time="0.010152861">
        </testcase>
        <testcase classname="src/components/__tests__/CompanySearch.test.tsx" name="CompanySearch &gt; Search Results Display &gt; should display company details correctly" time="0.019107304">
        </testcase>
        <testcase classname="src/components/__tests__/CompanySearch.test.tsx" name="CompanySearch &gt; Search Results Display &gt; should handle company selection click" time="0.022209717">
        </testcase>
        <testcase classname="src/components/__tests__/CompanySearch.test.tsx" name="CompanySearch &gt; Search Results Display &gt; should display different status styles" time="0.019084818">
        </testcase>
        <testcase classname="src/components/__tests__/CompanySearch.test.tsx" name="CompanySearch &gt; Error Handling &gt; should handle search errors gracefully" time="0.347371285">
        </testcase>
        <testcase classname="src/components/__tests__/CompanySearch.test.tsx" name="CompanySearch &gt; Error Handling &gt; should handle network errors" time="0.370809767">
        </testcase>
        <testcase classname="src/components/__tests__/CompanySearch.test.tsx" name="CompanySearch &gt; Performance &gt; should debounce search requests" time="0.36387292">
        </testcase>
        <testcase classname="src/components/__tests__/CompanySearch.test.tsx" name="CompanySearch &gt; Performance &gt; should cancel previous search when new search is triggered" time="0.341487358">
        </testcase>
    </testsuite>
    <testsuite name="src/pages/__tests__/CompanyRegistration.test.tsx" timestamp="2025-07-16T18:38:28.845Z" hostname="FMNZ-C02D5HB1ML7H.local" tests="28" failures="10" errors="0" skipped="0" time="7.852695607">
        <testcase classname="src/pages/__tests__/CompanyRegistration.test.tsx" name="CompanyRegistration &gt; renders the registration form with all required fields" time="0.235627614">
        </testcase>
        <testcase classname="src/pages/__tests__/CompanyRegistration.test.tsx" name="CompanyRegistration &gt; has correct default values" time="0.026508483">
        </testcase>
        <testcase classname="src/pages/__tests__/CompanyRegistration.test.tsx" name="CompanyRegistration &gt; validates required fields" time="0.076349276">
            <failure message="Unable to find an element with the text: Company name is required. This could be because the text is broken up by multiple elements. In this case, you can provide a function for your text matcher to make your matcher more flexible.

Ignored nodes: comments, script, style
[36m&lt;body&gt;[39m
  [36m&lt;div&gt;[39m
    [36m&lt;div[39m
      [33mclass[39m=[32m&quot;min-h-screen bg-gradient-to-br from-blue-50 via-white to-green-50 py-12 px-4 sm:px-6 lg:px-8&quot;[39m
    [36m&gt;[39m
      [36m&lt;div[39m
        [33mclass[39m=[32m&quot;max-w-3xl mx-auto&quot;[39m
      [36m&gt;[39m
        [36m&lt;div[39m
          [33mclass[39m=[32m&quot;text-center mb-8&quot;[39m
        [36m&gt;[39m
          [36m&lt;div[39m
            [33mclass[39m=[32m&quot;flex items-center justify-center mb-4&quot;[39m
          [36m&gt;[39m
            [36m&lt;div[39m
              [33mclass[39m=[32m&quot;flex items-center justify-center w-16 h-16 bg-gradient-to-br from-blue-600 to-green-600 rounded-xl shadow-lg&quot;[39m
            [36m&gt;[39m
              [36m&lt;div[39m
                [33mdata-testid[39m=[32m&quot;building2-icon&quot;[39m
              [36m/&gt;[39m
            [36m&lt;/div&gt;[39m
          [36m&lt;/div&gt;[39m
          [36m&lt;h1[39m
            [33mclass[39m=[32m&quot;text-3xl font-bold text-gray-900 mb-2&quot;[39m
          [36m&gt;[39m
            [0mRegister a New Company[0m
          [36m&lt;/h1&gt;[39m
          [36m&lt;p[39m
            [33mclass[39m=[32m&quot;text-lg text-gray-600&quot;[39m
          [36m&gt;[39m
            [0mRegister your new company with the New Zealand Companies Office[0m
          [36m&lt;/p&gt;[39m
        [36m&lt;/div&gt;[39m
        [36m&lt;div[39m
          [33mclass[39m=[32m&quot;bg-white rounded-2xl shadow-xl p-8 border border-gray-100&quot;[39m
        [36m&gt;[39m
          [36m&lt;form[39m
            [33mclass[39m=[32m&quot;space-y-6&quot;[39m
          [36m&gt;[39m
            [36m&lt;div&gt;[39m
              [36m&lt;label[39m
                [33mclass[39m=[32m&quot;block text-sm font-medium text-gray-700 mb-2&quot;[39m
                [33mfor[39m=[32m&quot;companyName&quot;[39m
              [36m&gt;[39m
                [0mCompany Name *[0m
              [36m&lt;/label&gt;[39m
              [36m&lt;div[39m
                [33mclass[39m=[32m&quot;relative&quot;[39m
              [36m&gt;[39m
                [36m&lt;input[39m
                  [33mclass[39m=[32m&quot;w-full px-4 py-3 border rounded-lg focus:ring-2 focus:ring-blue-500 focus:border-transparent transition-colors border-gray-300&quot;[39m
                  [33mid[39m=[32m&quot;companyName&quot;[39m
                  [33mname[39m=[32m&quot;companyName&quot;[39m
                  [33mplaceholder[39m=[32m&quot;Enter company name&quot;[39m
                  [33mrequired[39m=[32m&quot;&quot;[39m
                  [33mtype[39m=[32m&quot;text&quot;[39m
                  [33mvalue[39m=[32m&quot;&quot;[39m
                [36m/&gt;[39m
                [36m&lt;div[39m
                  [33mclass[39m=[32m&quot;absolute right-3 top-1/2 transform -translate-y-1/2&quot;[39m
                [36m/&gt;[39m
              [36m&lt;/div&gt;[39m
            [36m&lt;/div&gt;[39m
            [36m&lt;div&gt;[39m
              [36m&lt;label[39m
                [33mclass[39m=[32m&quot;block text-sm font-medium text-gray-700 mb-2&quot;[39m
                [33mfor[39m=[32m&quot;companyType&quot;[39m
              [36m&gt;[39m
                [0mCompany Type *[0m
              [36m&lt;/label&gt;[39m
              [36m&lt;select[39m
                [33mclass[39m=[32m&quot;w-full px-4 py-3 border border-gray-300 rounded-lg focus:ring-2 focus:ring-blue-500 focus:border-transparent transition-colors&quot;[39m
                [33mid[39m=[32m&quot;companyType&quot;[39m
                [33mname[39m=[32m&quot;companyType&quot;[39m
                [33mrequired[39m=[32m&quot;&quot;[39m
              [36m&gt;[39m
                [36m&lt;option[39m
                  [33mvalue[39m=[32m&quot;LTD&quot;[39m
                [36m&gt;[39m
                  [0mLimited Company (Ltd)[0m
                [36m&lt;/option&gt;[39m
                [36m&lt;option[39m
                  [33mvalue[39m=[32m&quot;OVERSEAS&quot;[39m
                [36m&gt;[39m
                  [0mOverseas Company[0m
                [36m&lt;/option&gt;[39m
                [36m&lt;option[39m
                  [33mvalue[39m=[32m&quot;UNLIMITED&quot;[39m
                [36m&gt;[39m
                  [0mUnlimited Company[0m
                [36m&lt;/option&gt;[39m
              [36m&lt;/select&gt;[39m
            [36m&lt;/div&gt;[39m
            [36m&lt;div&gt;[39m
              [36m&lt;label[39m
                [33mclass[39m=[32m&quot;block text-sm font-medium text-gray-700 mb-2&quot;[39m
                [33mfor[39m=[32m&quot;incorporationDate&quot;[39m
              [36m&gt;[39m
                [0mIncorporation Date *[0m
              [36m&lt;/label&gt;[39m
              [36m&lt;input[39m
                [33mclass[39m=[32m&quot;w-full px-4 py-3 border rounded-lg focus:ring-2 focus:ring-blue-500 focus:border-transparent transition-colors border-gray-300&quot;[39m
                [33mid[39m=[32m&quot;incorporationDate&quot;[39m
                [33mname[39m=[32m&quot;incorporationDate&quot;[39m
                [33mrequired[39m=[32m&quot;&quot;[39m
                [33mtype[39m=[32m&quot;date&quot;[39m
                [33mvalue[39m=[32m&quot;&quot;[39m
              [36m/&gt;[39m
            [36m&lt;/div&gt;[39m
            [36m&lt;div&gt;[39m
              [36m&lt;label[39m
                [33mclass[39m=[32m&quot;block text-sm font-medium text-gray-700 mb-2&quot;[39m
                [33mfor[39m=[32m&quot;nzbn&quot;[39m
              [36m&gt;[39m
                [0mNZBN (Optional)[0m
              [36m&lt;/label&gt;[39m
              [36m&lt;input[39m
                [33mclass[39m=[32m&quot;w-full px-4 py-3 border border-gray-300 rounded-lg focus:ring-2 focus:ring-blue-500 focus:border-transparent transition-colors&quot;[39m
                [33mid[39m=[32m&quot;nzbn&quot;[39m
                [33mname[39m=[32m&quot;nzbn&quot;[39m
                [33mplaceholder[39m=[32m&quot;New Zealand Business Number&quot;[39m
                [33mtype[39m=[32m&quot;text&quot;[39m
                [33mvalue[39m=[32m&quot;&quot;[39m
              [36m/&gt;[39m
            [36m&lt;/div&gt;[39m
            [36m&lt;div&gt;[39m
              [36m&lt;label[39m
                [33mclass[39m=[32m&quot;block text-sm font-medium text-gray-700 mb-2&quot;[39m
                [33mfor[39m=[32m&quot;constitutionFile&quot;[39m
              [36m&gt;[39m
                [0mConstitution Document (Optional)[0m
              [36m&lt;/label&gt;[39m
              [36m&lt;p[39m
                [33mclass[39m=[32m&quot;text-sm text-gray-600 mb-3&quot;[39m
              [36m&gt;[39m
                [0mUpload the company constitution document (PDF, DOC, or DOCX format, max 5MB)[0m
              [36m&lt;/p&gt;[39m
              [36m&lt;div[39m
                [33mclass[39m=[32m&quot;relative border-2 border-dashed border-gray-300 rounded-lg p-6 text-center hover:border-blue-400 transition-colors&quot;[39m
              [36m&gt;[39m
                [36m&lt;div[39m
                  [33mclass[39m=[32m&quot;flex flex-col items-center&quot;[39m
                [36m&gt;[39m
                  [36m&lt;div[39m
                    [33mdata-testid[39m=[32m&quot;upload-icon&quot;[39m
                  [36m/&gt;[39m
                  [36m&lt;p[39m
                    [33mclass[39m=[32m&quot;text-sm text-gray-600 mb-2&quot;[39m
                  [36m&gt;[39m
                    [0mClick to upload or drag and drop[0m
                  [36m&lt;/p&gt;[39m
                  [36m&lt;p[39m
                    [33mclass[39m=[32m&quot;text-xs text-gray-500&quot;[39m
                  [36m&gt;[39m
                    [0mPDF, DOC, DOCX (max 5MB)[0m
                  [36m&lt;/p&gt;[39m
                [36m&lt;/div&gt;[39m
                [36m&lt;input[39m
                  [33maccept[39m=[32m&quot;.pdf,.doc,.docx&quot;[39m
                  [33mclass[39m=[32m&quot;absolute inset-0 w-full h-full opacity-0 cursor-pointer&quot;[39m
                  [33mid[39m=[32m&quot;constitutionFile&quot;[39m
                  [33mname[39m=[32m&quot;constitutionFile&quot;[39m
                  [33mtype[39m=[32m&quot;file&quot;[39m
                [36m/&gt;[39m
              [36m&lt;/div&gt;[39m
            [36m&lt;/div&gt;[39m
            [36m&lt;div[39m
              [33mclass[39m=[32m&quot;border-t pt-6&quot;[39m
            [36m&gt;[39m
              [36m&lt;h3[39m
                [33mclass[39m=[32m&quot;text-lg font-medium text-gray-900 mb-4&quot;[39m
              [36m&gt;[39m
                [0mShare Capital[0m
              [36m&lt;/h3&gt;[39m
              [36m&lt;div[39m
                [33mclass[39m=[32m&quot;grid grid-cols-1 md:grid-cols-3 gap-4&quot;[39m
              [36m&gt;[39m
                [36m&lt;div&gt;[39m
                  [36m&lt;label[39m
                    [33mclass[39m=[32m&quot;block text-sm font-medium text-gray-700 mb-2&quot;[39m
                    [33mfor[39m=[32m&quot;shareCapital&quot;[39m
                  [36m&gt;[39m
                    [0mShare Capital (NZD) *[0m
                  [36m&lt;/label&gt;[39m
                  [36m&lt;input[39m
                    [33mclass[39m=[32m&quot;w-full px-4 py-3 border rounded-lg focus:ring-2 focus:ring-blue-500 focus:border-transparent transition-colors border-gray-300&quot;[39m
                    [33mid[39m=[32m&quot;shareCapital&quot;[39m
                    [33mmin[39m=[32m&quot;1&quot;[39m
                    [33mname[39m=[32m&quot;shareCapital&quot;[39m
                    [33mrequired[39m=[32m&quot;&quot;[39m
                    [33mstep[39m=[32m&quot;0.01&quot;[39m
                    [33mtype[39m=[32m&quot;number&quot;[39m
                    [33mvalue[39m=[32m&quot;100&quot;[39m
                  [36m/&gt;[39m
                [36m&lt;/div&gt;[39m
                [36m&lt;div&gt;[39m
                  [36m&lt;label[39m
                    [33mclass[39m=[32m&quot;block text-sm font-medium text-gray-700 mb-2&quot;[39m
                    [33mfor[39m=[32m&quot;numberOfShares&quot;[39m
                  [36m&gt;[39m
                    [0mNumber of Shares *[0m
                  [36m&lt;/label&gt;[39m
                  [36m&lt;input[39m
                    [33mclass[39m=[32m&quot;w-full px-4 py-3 border rounded-lg focus:ring-2 focus:ring-blue-500 focus:border-transparent transition-colors border-gray-300&quot;[39m
                    [33mid[39m=[32m&quot;numberOfShares&quot;[39m
                    [33mmin[39m=[32m&quot;1&quot;[39m
                    [33mname[39m=[32m&quot;numberOfShares&quot;[39m
                    [33mrequired[39m=[32m&quot;&quot;[39m
                    [33mtype[39m=[32m&quot;number&quot;[39m
                    [33mvalue[39m=[32m&quot;100&quot;[39m
                  [36m/&gt;[39m
                [36m&lt;/div&gt;[39m
                [36m&lt;div&gt;[39m
                  [36m&lt;label[39m
                    [33mclass[39m=[32m&quot;block text-sm font-medium text-gray-700 mb-2&quot;[39m
                    [33mfor[39m=[32m&quot;shareValue&quot;[39m
                  [36m&gt;[39m
                    [0mValue per Share (NZD) *[0m
                  [36m&lt;/label&gt;[39m
                  [36m&lt;input[39m
                    [33mclass[39m=[32m&quot;w-full px-4 py-3 border rounded-lg focus:ring-2 focus:ring-blue-500 focus:border-transparent transition-colors border-gray-300&quot;[39m
                    [33mid[39m=[32m&quot;shareValue&quot;[39m
                    [33mmin[39m=[32m&quot;0.01&quot;[39m
                    [33mname[39m=[32m&quot;shareValue&quot;[39m
                    [33mrequired[39m=[32m&quot;&quot;[39m
                    [33mstep[39m=[32m&quot;0.01&quot;[39m
                    [33mtype[39m=[32m&quot;number&quot;[39m
                    [33mvalue[39m=[32m&quot;1&quot;[39m
                  [36m/&gt;[39m
                [36m&lt;/div&gt;[39m
              [36m&lt;/div&gt;[39m
            [36m&lt;/div&gt;[39m
            [36m&lt;div[39m
              [33mclass[39m=[32m&quot;pt-6&quot;[39m
            [36m&gt;[39m
              [36m&lt;button[39m
                [33mclass[39m=[32m&quot;w-full py-3 px-6 rounded-lg font-medium text-white transition-all duration-200 bg-gray-400 cursor-not-allowed&quot;[39m
                [33mdisabled[39m=[32m&quot;&quot;[39m
                [33mtype[39m=[32m&quot;submit&quot;[39m
              [36m&gt;[39m
                [0mRegister Company[0m
              [36m&lt;/button&gt;[39m
            [36m&lt;/div&gt;[39m
          [36m&lt;/form&gt;[39m
        [36m&lt;/div&gt;[39m
      [36m&lt;/div&gt;[39m
    [36m&lt;/div&gt;[39m
  [36m&lt;/div&gt;[39m
[36m&lt;/body&gt;[39m" type="TestingLibraryElementError">
TestingLibraryElementError: Unable to find an element with the text: Company name is required. This could be because the text is broken up by multiple elements. In this case, you can provide a function for your text matcher to make your matcher more flexible.

Ignored nodes: comments, script, style
&lt;body&gt;
  &lt;div&gt;
    &lt;div
      class=&quot;min-h-screen bg-gradient-to-br from-blue-50 via-white to-green-50 py-12 px-4 sm:px-6 lg:px-8&quot;
    &gt;
      &lt;div
        class=&quot;max-w-3xl mx-auto&quot;
      &gt;
        &lt;div
          class=&quot;text-center mb-8&quot;
        &gt;
          &lt;div
            class=&quot;flex items-center justify-center mb-4&quot;
          &gt;
            &lt;div
              class=&quot;flex items-center justify-center w-16 h-16 bg-gradient-to-br from-blue-600 to-green-600 rounded-xl shadow-lg&quot;
            &gt;
              &lt;div
                data-testid=&quot;building2-icon&quot;
              /&gt;
            &lt;/div&gt;
          &lt;/div&gt;
          &lt;h1
            class=&quot;text-3xl font-bold text-gray-900 mb-2&quot;
          &gt;
            Register a New Company
          &lt;/h1&gt;
          &lt;p
            class=&quot;text-lg text-gray-600&quot;
          &gt;
            Register your new company with the New Zealand Companies Office
          &lt;/p&gt;
        &lt;/div&gt;
        &lt;div
          class=&quot;bg-white rounded-2xl shadow-xl p-8 border border-gray-100&quot;
        &gt;
          &lt;form
            class=&quot;space-y-6&quot;
          &gt;
            &lt;div&gt;
              &lt;label
                class=&quot;block text-sm font-medium text-gray-700 mb-2&quot;
                for=&quot;companyName&quot;
              &gt;
                Company Name *
              &lt;/label&gt;
              &lt;div
                class=&quot;relative&quot;
              &gt;
                &lt;input
                  class=&quot;w-full px-4 py-3 border rounded-lg focus:ring-2 focus:ring-blue-500 focus:border-transparent transition-colors border-gray-300&quot;
                  id=&quot;companyName&quot;
                  name=&quot;companyName&quot;
                  placeholder=&quot;Enter company name&quot;
                  required=&quot;&quot;
                  type=&quot;text&quot;
                  value=&quot;&quot;
                /&gt;
                &lt;div
                  class=&quot;absolute right-3 top-1/2 transform -translate-y-1/2&quot;
                /&gt;
              &lt;/div&gt;
            &lt;/div&gt;
            &lt;div&gt;
              &lt;label
                class=&quot;block text-sm font-medium text-gray-700 mb-2&quot;
                for=&quot;companyType&quot;
              &gt;
                Company Type *
              &lt;/label&gt;
              &lt;select
                class=&quot;w-full px-4 py-3 border border-gray-300 rounded-lg focus:ring-2 focus:ring-blue-500 focus:border-transparent transition-colors&quot;
                id=&quot;companyType&quot;
                name=&quot;companyType&quot;
                required=&quot;&quot;
              &gt;
                &lt;option
                  value=&quot;LTD&quot;
                &gt;
                  Limited Company (Ltd)
                &lt;/option&gt;
                &lt;option
                  value=&quot;OVERSEAS&quot;
                &gt;
                  Overseas Company
                &lt;/option&gt;
                &lt;option
                  value=&quot;UNLIMITED&quot;
                &gt;
                  Unlimited Company
                &lt;/option&gt;
              &lt;/select&gt;
            &lt;/div&gt;
            &lt;div&gt;
              &lt;label
                class=&quot;block text-sm font-medium text-gray-700 mb-2&quot;
                for=&quot;incorporationDate&quot;
              &gt;
                Incorporation Date *
              &lt;/label&gt;
              &lt;input
                class=&quot;w-full px-4 py-3 border rounded-lg focus:ring-2 focus:ring-blue-500 focus:border-transparent transition-colors border-gray-300&quot;
                id=&quot;incorporationDate&quot;
                name=&quot;incorporationDate&quot;
                required=&quot;&quot;
                type=&quot;date&quot;
                value=&quot;&quot;
              /&gt;
            &lt;/div&gt;
            &lt;div&gt;
              &lt;label
                class=&quot;block text-sm font-medium text-gray-700 mb-2&quot;
                for=&quot;nzbn&quot;
              &gt;
                NZBN (Optional)
              &lt;/label&gt;
              &lt;input
                class=&quot;w-full px-4 py-3 border border-gray-300 rounded-lg focus:ring-2 focus:ring-blue-500 focus:border-transparent transition-colors&quot;
                id=&quot;nzbn&quot;
                name=&quot;nzbn&quot;
                placeholder=&quot;New Zealand Business Number&quot;
                type=&quot;text&quot;
                value=&quot;&quot;
              /&gt;
            &lt;/div&gt;
            &lt;div&gt;
              &lt;label
                class=&quot;block text-sm font-medium text-gray-700 mb-2&quot;
                for=&quot;constitutionFile&quot;
              &gt;
                Constitution Document (Optional)
              &lt;/label&gt;
              &lt;p
                class=&quot;text-sm text-gray-600 mb-3&quot;
              &gt;
                Upload the company constitution document (PDF, DOC, or DOCX format, max 5MB)
              &lt;/p&gt;
              &lt;div
                class=&quot;relative border-2 border-dashed border-gray-300 rounded-lg p-6 text-center hover:border-blue-400 transition-colors&quot;
              &gt;
                &lt;div
                  class=&quot;flex flex-col items-center&quot;
                &gt;
                  &lt;div
                    data-testid=&quot;upload-icon&quot;
                  /&gt;
                  &lt;p
                    class=&quot;text-sm text-gray-600 mb-2&quot;
                  &gt;
                    Click to upload or drag and drop
                  &lt;/p&gt;
                  &lt;p
                    class=&quot;text-xs text-gray-500&quot;
                  &gt;
                    PDF, DOC, DOCX (max 5MB)
                  &lt;/p&gt;
                &lt;/div&gt;
                &lt;input
                  accept=&quot;.pdf,.doc,.docx&quot;
                  class=&quot;absolute inset-0 w-full h-full opacity-0 cursor-pointer&quot;
                  id=&quot;constitutionFile&quot;
                  name=&quot;constitutionFile&quot;
                  type=&quot;file&quot;
                /&gt;
              &lt;/div&gt;
            &lt;/div&gt;
            &lt;div
              class=&quot;border-t pt-6&quot;
            &gt;
              &lt;h3
                class=&quot;text-lg font-medium text-gray-900 mb-4&quot;
              &gt;
                Share Capital
              &lt;/h3&gt;
              &lt;div
                class=&quot;grid grid-cols-1 md:grid-cols-3 gap-4&quot;
              &gt;
                &lt;div&gt;
                  &lt;label
                    class=&quot;block text-sm font-medium text-gray-700 mb-2&quot;
                    for=&quot;shareCapital&quot;
                  &gt;
                    Share Capital (NZD) *
                  &lt;/label&gt;
                  &lt;input
                    class=&quot;w-full px-4 py-3 border rounded-lg focus:ring-2 focus:ring-blue-500 focus:border-transparent transition-colors border-gray-300&quot;
                    id=&quot;shareCapital&quot;
                    min=&quot;1&quot;
                    name=&quot;shareCapital&quot;
                    required=&quot;&quot;
                    step=&quot;0.01&quot;
                    type=&quot;number&quot;
                    value=&quot;100&quot;
                  /&gt;
                &lt;/div&gt;
                &lt;div&gt;
                  &lt;label
                    class=&quot;block text-sm font-medium text-gray-700 mb-2&quot;
                    for=&quot;numberOfShares&quot;
                  &gt;
                    Number of Shares *
                  &lt;/label&gt;
                  &lt;input
                    class=&quot;w-full px-4 py-3 border rounded-lg focus:ring-2 focus:ring-blue-500 focus:border-transparent transition-colors border-gray-300&quot;
                    id=&quot;numberOfShares&quot;
                    min=&quot;1&quot;
                    name=&quot;numberOfShares&quot;
                    required=&quot;&quot;
                    type=&quot;number&quot;
                    value=&quot;100&quot;
                  /&gt;
                &lt;/div&gt;
                &lt;div&gt;
                  &lt;label
                    class=&quot;block text-sm font-medium text-gray-700 mb-2&quot;
                    for=&quot;shareValue&quot;
                  &gt;
                    Value per Share (NZD) *
                  &lt;/label&gt;
                  &lt;input
                    class=&quot;w-full px-4 py-3 border rounded-lg focus:ring-2 focus:ring-blue-500 focus:border-transparent transition-colors border-gray-300&quot;
                    id=&quot;shareValue&quot;
                    min=&quot;0.01&quot;
                    name=&quot;shareValue&quot;
                    required=&quot;&quot;
                    step=&quot;0.01&quot;
                    type=&quot;number&quot;
                    value=&quot;1&quot;
                  /&gt;
                &lt;/div&gt;
              &lt;/div&gt;
            &lt;/div&gt;
            &lt;div
              class=&quot;pt-6&quot;
            &gt;
              &lt;button
                class=&quot;w-full py-3 px-6 rounded-lg font-medium text-white transition-all duration-200 bg-gray-400 cursor-not-allowed&quot;
                disabled=&quot;&quot;
                type=&quot;submit&quot;
              &gt;
                Register Company
              &lt;/button&gt;
            &lt;/div&gt;
          &lt;/form&gt;
        &lt;/div&gt;
      &lt;/div&gt;
    &lt;/div&gt;
  &lt;/div&gt;
&lt;/body&gt;
 ❯ Object.getElementError node_modules/@testing-library/dom/dist/config.js:37:19
 ❯ node_modules/@testing-library/dom/dist/query-helpers.js:76:38
 ❯ node_modules/@testing-library/dom/dist/query-helpers.js:52:17
 ❯ node_modules/@testing-library/dom/dist/query-helpers.js:95:19
 ❯ src/pages/__tests__/CompanyRegistration.test.tsx:104:19
            </failure>
        </testcase>
        <testcase classname="src/pages/__tests__/CompanyRegistration.test.tsx" name="CompanyRegistration &gt; validates share capital calculation" time="0.266241335">
            <failure message="Unable to find an element with the text: Share capital must equal number of shares × share value. This could be because the text is broken up by multiple elements. In this case, you can provide a function for your text matcher to make your matcher more flexible.

Ignored nodes: comments, script, style
[36m&lt;body&gt;[39m
  [36m&lt;div&gt;[39m
    [36m&lt;div[39m
      [33mclass[39m=[32m&quot;min-h-screen bg-gradient-to-br from-blue-50 via-white to-green-50 py-12 px-4 sm:px-6 lg:px-8&quot;[39m
    [36m&gt;[39m
      [36m&lt;div[39m
        [33mclass[39m=[32m&quot;max-w-3xl mx-auto&quot;[39m
      [36m&gt;[39m
        [36m&lt;div[39m
          [33mclass[39m=[32m&quot;text-center mb-8&quot;[39m
        [36m&gt;[39m
          [36m&lt;div[39m
            [33mclass[39m=[32m&quot;flex items-center justify-center mb-4&quot;[39m
          [36m&gt;[39m
            [36m&lt;div[39m
              [33mclass[39m=[32m&quot;flex items-center justify-center w-16 h-16 bg-gradient-to-br from-blue-600 to-green-600 rounded-xl shadow-lg&quot;[39m
            [36m&gt;[39m
              [36m&lt;div[39m
                [33mdata-testid[39m=[32m&quot;building2-icon&quot;[39m
              [36m/&gt;[39m
            [36m&lt;/div&gt;[39m
          [36m&lt;/div&gt;[39m
          [36m&lt;h1[39m
            [33mclass[39m=[32m&quot;text-3xl font-bold text-gray-900 mb-2&quot;[39m
          [36m&gt;[39m
            [0mRegister a New Company[0m
          [36m&lt;/h1&gt;[39m
          [36m&lt;p[39m
            [33mclass[39m=[32m&quot;text-lg text-gray-600&quot;[39m
          [36m&gt;[39m
            [0mRegister your new company with the New Zealand Companies Office[0m
          [36m&lt;/p&gt;[39m
        [36m&lt;/div&gt;[39m
        [36m&lt;div[39m
          [33mclass[39m=[32m&quot;bg-white rounded-2xl shadow-xl p-8 border border-gray-100&quot;[39m
        [36m&gt;[39m
          [36m&lt;form[39m
            [33mclass[39m=[32m&quot;space-y-6&quot;[39m
          [36m&gt;[39m
            [36m&lt;div&gt;[39m
              [36m&lt;label[39m
                [33mclass[39m=[32m&quot;block text-sm font-medium text-gray-700 mb-2&quot;[39m
                [33mfor[39m=[32m&quot;companyName&quot;[39m
              [36m&gt;[39m
                [0mCompany Name *[0m
              [36m&lt;/label&gt;[39m
              [36m&lt;div[39m
                [33mclass[39m=[32m&quot;relative&quot;[39m
              [36m&gt;[39m
                [36m&lt;input[39m
                  [33mclass[39m=[32m&quot;w-full px-4 py-3 border rounded-lg focus:ring-2 focus:ring-blue-500 focus:border-transparent transition-colors border-gray-300&quot;[39m
                  [33mid[39m=[32m&quot;companyName&quot;[39m
                  [33mname[39m=[32m&quot;companyName&quot;[39m
                  [33mplaceholder[39m=[32m&quot;Enter company name&quot;[39m
                  [33mrequired[39m=[32m&quot;&quot;[39m
                  [33mtype[39m=[32m&quot;text&quot;[39m
                  [33mvalue[39m=[32m&quot;Test Company&quot;[39m
                [36m/&gt;[39m
                [36m&lt;div[39m
                  [33mclass[39m=[32m&quot;absolute right-3 top-1/2 transform -translate-y-1/2&quot;[39m
                [36m/&gt;[39m
              [36m&lt;/div&gt;[39m
            [36m&lt;/div&gt;[39m
            [36m&lt;div&gt;[39m
              [36m&lt;label[39m
                [33mclass[39m=[32m&quot;block text-sm font-medium text-gray-700 mb-2&quot;[39m
                [33mfor[39m=[32m&quot;companyType&quot;[39m
              [36m&gt;[39m
                [0mCompany Type *[0m
              [36m&lt;/label&gt;[39m
              [36m&lt;select[39m
                [33mclass[39m=[32m&quot;w-full px-4 py-3 border border-gray-300 rounded-lg focus:ring-2 focus:ring-blue-500 focus:border-transparent transition-colors&quot;[39m
                [33mid[39m=[32m&quot;companyType&quot;[39m
                [33mname[39m=[32m&quot;companyType&quot;[39m
                [33mrequired[39m=[32m&quot;&quot;[39m
              [36m&gt;[39m
                [36m&lt;option[39m
                  [33mvalue[39m=[32m&quot;LTD&quot;[39m
                [36m&gt;[39m
                  [0mLimited Company (Ltd)[0m
                [36m&lt;/option&gt;[39m
                [36m&lt;option[39m
                  [33mvalue[39m=[32m&quot;OVERSEAS&quot;[39m
                [36m&gt;[39m
                  [0mOverseas Company[0m
                [36m&lt;/option&gt;[39m
                [36m&lt;option[39m
                  [33mvalue[39m=[32m&quot;UNLIMITED&quot;[39m
                [36m&gt;[39m
                  [0mUnlimited Company[0m
                [36m&lt;/option&gt;[39m
              [36m&lt;/select&gt;[39m
            [36m&lt;/div&gt;[39m
            [36m&lt;div&gt;[39m
              [36m&lt;label[39m
                [33mclass[39m=[32m&quot;block text-sm font-medium text-gray-700 mb-2&quot;[39m
                [33mfor[39m=[32m&quot;incorporationDate&quot;[39m
              [36m&gt;[39m
                [0mIncorporation Date *[0m
              [36m&lt;/label&gt;[39m
              [36m&lt;input[39m
                [33mclass[39m=[32m&quot;w-full px-4 py-3 border rounded-lg focus:ring-2 focus:ring-blue-500 focus:border-transparent transition-colors border-gray-300&quot;[39m
                [33mid[39m=[32m&quot;incorporationDate&quot;[39m
                [33mname[39m=[32m&quot;incorporationDate&quot;[39m
                [33mrequired[39m=[32m&quot;&quot;[39m
                [33mtype[39m=[32m&quot;date&quot;[39m
                [33mvalue[39m=[32m&quot;2024-01-01&quot;[39m
              [36m/&gt;[39m
            [36m&lt;/div&gt;[39m
            [36m&lt;div&gt;[39m
              [36m&lt;label[39m
                [33mclass[39m=[32m&quot;block text-sm font-medium text-gray-700 mb-2&quot;[39m
                [33mfor[39m=[32m&quot;nzbn&quot;[39m
              [36m&gt;[39m
                [0mNZBN (Optional)[0m
              [36m&lt;/label&gt;[39m
              [36m&lt;input[39m
                [33mclass[39m=[32m&quot;w-full px-4 py-3 border border-gray-300 rounded-lg focus:ring-2 focus:ring-blue-500 focus:border-transparent transition-colors&quot;[39m
                [33mid[39m=[32m&quot;nzbn&quot;[39m
                [33mname[39m=[32m&quot;nzbn&quot;[39m
                [33mplaceholder[39m=[32m&quot;New Zealand Business Number&quot;[39m
                [33mtype[39m=[32m&quot;text&quot;[39m
                [33mvalue[39m=[32m&quot;&quot;[39m
              [36m/&gt;[39m
            [36m&lt;/div&gt;[39m
            [36m&lt;div&gt;[39m
              [36m&lt;label[39m
                [33mclass[39m=[32m&quot;block text-sm font-medium text-gray-700 mb-2&quot;[39m
                [33mfor[39m=[32m&quot;constitutionFile&quot;[39m
              [36m&gt;[39m
                [0mConstitution Document (Optional)[0m
              [36m&lt;/label&gt;[39m
              [36m&lt;p[39m
                [33mclass[39m=[32m&quot;text-sm text-gray-600 mb-3&quot;[39m
              [36m&gt;[39m
                [0mUpload the company constitution document (PDF, DOC, or DOCX format, max 5MB)[0m
              [36m&lt;/p&gt;[39m
              [36m&lt;div[39m
                [33mclass[39m=[32m&quot;relative border-2 border-dashed border-gray-300 rounded-lg p-6 text-center hover:border-blue-400 transition-colors&quot;[39m
              [36m&gt;[39m
                [36m&lt;div[39m
                  [33mclass[39m=[32m&quot;flex flex-col items-center&quot;[39m
                [36m&gt;[39m
                  [36m&lt;div[39m
                    [33mdata-testid[39m=[32m&quot;upload-icon&quot;[39m
                  [36m/&gt;[39m
                  [36m&lt;p[39m
                    [33mclass[39m=[32m&quot;text-sm text-gray-600 mb-2&quot;[39m
                  [36m&gt;[39m
                    [0mClick to upload or drag and drop[0m
                  [36m&lt;/p&gt;[39m
                  [36m&lt;p[39m
                    [33mclass[39m=[32m&quot;text-xs text-gray-500&quot;[39m
                  [36m&gt;[39m
                    [0mPDF, DOC, DOCX (max 5MB)[0m
                  [36m&lt;/p&gt;[39m
                [36m&lt;/div&gt;[39m
                [36m&lt;input[39m
                  [33maccept[39m=[32m&quot;.pdf,.doc,.docx&quot;[39m
                  [33mclass[39m=[32m&quot;absolute inset-0 w-full h-full opacity-0 cursor-pointer&quot;[39m
                  [33mid[39m=[32m&quot;constitutionFile&quot;[39m
                  [33mname[39m=[32m&quot;constitutionFile&quot;[39m
                  [33mtype[39m=[32m&quot;file&quot;[39m
                [36m/&gt;[39m
              [36m&lt;/div&gt;[39m
            [36m&lt;/div&gt;[39m
            [36m&lt;div[39m
              [33mclass[39m=[32m&quot;border-t pt-6&quot;[39m
            [36m&gt;[39m
              [36m&lt;h3[39m
                [33mclass[39m=[32m&quot;text-lg font-medium text-gray-900 mb-4&quot;[39m
              [36m&gt;[39m
                [0mShare Capital[0m
              [36m&lt;/h3&gt;[39m
              [36m&lt;div[39m
                [33mclass[39m=[32m&quot;grid grid-cols-1 md:grid-cols-3 gap-4&quot;[39m
              [36m&gt;[39m
                [36m&lt;div&gt;[39m
                  [36m&lt;label[39m
                    [33mclass[39m=[32m&quot;block text-sm font-medium text-gray-700 mb-2&quot;[39m
                    [33mfor[39m=[32m&quot;shareCapital&quot;[39m
                  [36m&gt;[39m
                    [0mShare Capital (NZD) *[0m
                  [36m&lt;/label&gt;[39m
                  [36m&lt;input[39m
                    [33mclass[39m=[32m&quot;w-full px-4 py-3 border rounded-lg focus:ring-2 focus:ring-blue-500 focus:border-transparent transition-colors border-gray-300&quot;[39m
                    [33mid[39m=[32m&quot;shareCapital&quot;[39m
                    [33mmin[39m=[32m&quot;1&quot;[39m
                    [33mname[39m=[32m&quot;shareCapital&quot;[39m
                    [33mrequired[39m=[32m&quot;&quot;[39m
                    [33mstep[39m=[32m&quot;0.01&quot;[39m
                    [33mtype[39m=[32m&quot;number&quot;[39m
                    [33mvalue[39m=[32m&quot;200&quot;[39m
                  [36m/&gt;[39m
                [36m&lt;/div&gt;[39m
                [36m&lt;div&gt;[39m
                  [36m&lt;label[39m
                    [33mclass[39m=[32m&quot;block text-sm font-medium text-gray-700 mb-2&quot;[39m
                    [33mfor[39m=[32m&quot;numberOfShares&quot;[39m
                  [36m&gt;[39m
                    [0mNumber of Shares *[0m
                  [36m&lt;/label&gt;[39m
                  [36m&lt;input[39m
                    [33mclass[39m=[32m&quot;w-full px-4 py-3 border rounded-lg focus:ring-2 focus:ring-blue-500 focus:border-transparent transition-colors border-gray-300&quot;[39m
                    [33mid[39m=[32m&quot;numberOfShares&quot;[39m
                    [33mmin[39m=[32m&quot;1&quot;[39m
                    [33mname[39m=[32m&quot;numberOfShares&quot;[39m
                    [33mrequired[39m=[32m&quot;&quot;[39m
                    [33mtype[39m=[32m&quot;number&quot;[39m
                    [33mvalue[39m=[32m&quot;100&quot;[39m
                  [36m/&gt;[39m
                [36m&lt;/div&gt;[39m
                [36m&lt;div&gt;[39m
                  [36m&lt;label[39m
                    [33mclass[39m=[32m&quot;block text-sm font-medium text-gray-700 mb-2&quot;[39m
                    [33mfor[39m=[32m&quot;shareValue&quot;[39m
                  [36m&gt;[39m
                    [0mValue per Share (NZD) *[0m
                  [36m&lt;/label&gt;[39m
                  [36m&lt;input[39m
                    [33mclass[39m=[32m&quot;w-full px-4 py-3 border rounded-lg focus:ring-2 focus:ring-blue-500 focus:border-transparent transition-colors border-gray-300&quot;[39m
                    [33mid[39m=[32m&quot;shareValue&quot;[39m
                    [33mmin[39m=[32m&quot;0.01&quot;[39m
                    [33mname[39m=[32m&quot;shareValue&quot;[39m
                    [33mrequired[39m=[32m&quot;&quot;[39m
                    [33mstep[39m=[32m&quot;0.01&quot;[39m
                    [33mtype[39m=[32m&quot;number&quot;[39m
                    [33mvalue[39m=[32m&quot;1&quot;[39m
                  [36m/&gt;[39m
                [36m&lt;/div&gt;[39m
              [36m&lt;/div&gt;[39m
            [36m&lt;/div&gt;[39m
            [36m&lt;div[39m
              [33mclass[39m=[32m&quot;pt-6&quot;[39m
            [36m&gt;[39m
              [36m&lt;button[39m
                [33mclass[39m=[32m&quot;w-full py-3 px-6 rounded-lg font-medium text-white transition-all duration-200 bg-gray-400 cursor-not-allowed&quot;[39m
                [33mdisabled[39m=[32m&quot;&quot;[39m
                [33mtype[39m=[32m&quot;submit&quot;[39m
              [36m&gt;[39m
                [0mRegister Company[0m
              [36m&lt;/button&gt;[39m
            [36m&lt;/div&gt;[39m
          [36m&lt;/form&gt;[39m
        [36m&lt;/div&gt;[39m
      [36m&lt;/div&gt;[39m
    [36m&lt;/div&gt;[39m
  [36m&lt;/div&gt;[39m
[36m&lt;/body&gt;[39m" type="TestingLibraryElementError">
TestingLibraryElementError: Unable to find an element with the text: Share capital must equal number of shares × share value. This could be because the text is broken up by multiple elements. In this case, you can provide a function for your text matcher to make your matcher more flexible.

Ignored nodes: comments, script, style
&lt;body&gt;
  &lt;div&gt;
    &lt;div
      class=&quot;min-h-screen bg-gradient-to-br from-blue-50 via-white to-green-50 py-12 px-4 sm:px-6 lg:px-8&quot;
    &gt;
      &lt;div
        class=&quot;max-w-3xl mx-auto&quot;
      &gt;
        &lt;div
          class=&quot;text-center mb-8&quot;
        &gt;
          &lt;div
            class=&quot;flex items-center justify-center mb-4&quot;
          &gt;
            &lt;div
              class=&quot;flex items-center justify-center w-16 h-16 bg-gradient-to-br from-blue-600 to-green-600 rounded-xl shadow-lg&quot;
            &gt;
              &lt;div
                data-testid=&quot;building2-icon&quot;
              /&gt;
            &lt;/div&gt;
          &lt;/div&gt;
          &lt;h1
            class=&quot;text-3xl font-bold text-gray-900 mb-2&quot;
          &gt;
            Register a New Company
          &lt;/h1&gt;
          &lt;p
            class=&quot;text-lg text-gray-600&quot;
          &gt;
            Register your new company with the New Zealand Companies Office
          &lt;/p&gt;
        &lt;/div&gt;
        &lt;div
          class=&quot;bg-white rounded-2xl shadow-xl p-8 border border-gray-100&quot;
        &gt;
          &lt;form
            class=&quot;space-y-6&quot;
          &gt;
            &lt;div&gt;
              &lt;label
                class=&quot;block text-sm font-medium text-gray-700 mb-2&quot;
                for=&quot;companyName&quot;
              &gt;
                Company Name *
              &lt;/label&gt;
              &lt;div
                class=&quot;relative&quot;
              &gt;
                &lt;input
                  class=&quot;w-full px-4 py-3 border rounded-lg focus:ring-2 focus:ring-blue-500 focus:border-transparent transition-colors border-gray-300&quot;
                  id=&quot;companyName&quot;
                  name=&quot;companyName&quot;
                  placeholder=&quot;Enter company name&quot;
                  required=&quot;&quot;
                  type=&quot;text&quot;
                  value=&quot;Test Company&quot;
                /&gt;
                &lt;div
                  class=&quot;absolute right-3 top-1/2 transform -translate-y-1/2&quot;
                /&gt;
              &lt;/div&gt;
            &lt;/div&gt;
            &lt;div&gt;
              &lt;label
                class=&quot;block text-sm font-medium text-gray-700 mb-2&quot;
                for=&quot;companyType&quot;
              &gt;
                Company Type *
              &lt;/label&gt;
              &lt;select
                class=&quot;w-full px-4 py-3 border border-gray-300 rounded-lg focus:ring-2 focus:ring-blue-500 focus:border-transparent transition-colors&quot;
                id=&quot;companyType&quot;
                name=&quot;companyType&quot;
                required=&quot;&quot;
              &gt;
                &lt;option
                  value=&quot;LTD&quot;
                &gt;
                  Limited Company (Ltd)
                &lt;/option&gt;
                &lt;option
                  value=&quot;OVERSEAS&quot;
                &gt;
                  Overseas Company
                &lt;/option&gt;
                &lt;option
                  value=&quot;UNLIMITED&quot;
                &gt;
                  Unlimited Company
                &lt;/option&gt;
              &lt;/select&gt;
            &lt;/div&gt;
            &lt;div&gt;
              &lt;label
                class=&quot;block text-sm font-medium text-gray-700 mb-2&quot;
                for=&quot;incorporationDate&quot;
              &gt;
                Incorporation Date *
              &lt;/label&gt;
              &lt;input
                class=&quot;w-full px-4 py-3 border rounded-lg focus:ring-2 focus:ring-blue-500 focus:border-transparent transition-colors border-gray-300&quot;
                id=&quot;incorporationDate&quot;
                name=&quot;incorporationDate&quot;
                required=&quot;&quot;
                type=&quot;date&quot;
                value=&quot;2024-01-01&quot;
              /&gt;
            &lt;/div&gt;
            &lt;div&gt;
              &lt;label
                class=&quot;block text-sm font-medium text-gray-700 mb-2&quot;
                for=&quot;nzbn&quot;
              &gt;
                NZBN (Optional)
              &lt;/label&gt;
              &lt;input
                class=&quot;w-full px-4 py-3 border border-gray-300 rounded-lg focus:ring-2 focus:ring-blue-500 focus:border-transparent transition-colors&quot;
                id=&quot;nzbn&quot;
                name=&quot;nzbn&quot;
                placeholder=&quot;New Zealand Business Number&quot;
                type=&quot;text&quot;
                value=&quot;&quot;
              /&gt;
            &lt;/div&gt;
            &lt;div&gt;
              &lt;label
                class=&quot;block text-sm font-medium text-gray-700 mb-2&quot;
                for=&quot;constitutionFile&quot;
              &gt;
                Constitution Document (Optional)
              &lt;/label&gt;
              &lt;p
                class=&quot;text-sm text-gray-600 mb-3&quot;
              &gt;
                Upload the company constitution document (PDF, DOC, or DOCX format, max 5MB)
              &lt;/p&gt;
              &lt;div
                class=&quot;relative border-2 border-dashed border-gray-300 rounded-lg p-6 text-center hover:border-blue-400 transition-colors&quot;
              &gt;
                &lt;div
                  class=&quot;flex flex-col items-center&quot;
                &gt;
                  &lt;div
                    data-testid=&quot;upload-icon&quot;
                  /&gt;
                  &lt;p
                    class=&quot;text-sm text-gray-600 mb-2&quot;
                  &gt;
                    Click to upload or drag and drop
                  &lt;/p&gt;
                  &lt;p
                    class=&quot;text-xs text-gray-500&quot;
                  &gt;
                    PDF, DOC, DOCX (max 5MB)
                  &lt;/p&gt;
                &lt;/div&gt;
                &lt;input
                  accept=&quot;.pdf,.doc,.docx&quot;
                  class=&quot;absolute inset-0 w-full h-full opacity-0 cursor-pointer&quot;
                  id=&quot;constitutionFile&quot;
                  name=&quot;constitutionFile&quot;
                  type=&quot;file&quot;
                /&gt;
              &lt;/div&gt;
            &lt;/div&gt;
            &lt;div
              class=&quot;border-t pt-6&quot;
            &gt;
              &lt;h3
                class=&quot;text-lg font-medium text-gray-900 mb-4&quot;
              &gt;
                Share Capital
              &lt;/h3&gt;
              &lt;div
                class=&quot;grid grid-cols-1 md:grid-cols-3 gap-4&quot;
              &gt;
                &lt;div&gt;
                  &lt;label
                    class=&quot;block text-sm font-medium text-gray-700 mb-2&quot;
                    for=&quot;shareCapital&quot;
                  &gt;
                    Share Capital (NZD) *
                  &lt;/label&gt;
                  &lt;input
                    class=&quot;w-full px-4 py-3 border rounded-lg focus:ring-2 focus:ring-blue-500 focus:border-transparent transition-colors border-gray-300&quot;
                    id=&quot;shareCapital&quot;
                    min=&quot;1&quot;
                    name=&quot;shareCapital&quot;
                    required=&quot;&quot;
                    step=&quot;0.01&quot;
                    type=&quot;number&quot;
                    value=&quot;200&quot;
                  /&gt;
                &lt;/div&gt;
                &lt;div&gt;
                  &lt;label
                    class=&quot;block text-sm font-medium text-gray-700 mb-2&quot;
                    for=&quot;numberOfShares&quot;
                  &gt;
                    Number of Shares *
                  &lt;/label&gt;
                  &lt;input
                    class=&quot;w-full px-4 py-3 border rounded-lg focus:ring-2 focus:ring-blue-500 focus:border-transparent transition-colors border-gray-300&quot;
                    id=&quot;numberOfShares&quot;
                    min=&quot;1&quot;
                    name=&quot;numberOfShares&quot;
                    required=&quot;&quot;
                    type=&quot;number&quot;
                    value=&quot;100&quot;
                  /&gt;
                &lt;/div&gt;
                &lt;div&gt;
                  &lt;label
                    class=&quot;block text-sm font-medium text-gray-700 mb-2&quot;
                    for=&quot;shareValue&quot;
                  &gt;
                    Value per Share (NZD) *
                  &lt;/label&gt;
                  &lt;input
                    class=&quot;w-full px-4 py-3 border rounded-lg focus:ring-2 focus:ring-blue-500 focus:border-transparent transition-colors border-gray-300&quot;
                    id=&quot;shareValue&quot;
                    min=&quot;0.01&quot;
                    name=&quot;shareValue&quot;
                    required=&quot;&quot;
                    step=&quot;0.01&quot;
                    type=&quot;number&quot;
                    value=&quot;1&quot;
                  /&gt;
                &lt;/div&gt;
              &lt;/div&gt;
            &lt;/div&gt;
            &lt;div
              class=&quot;pt-6&quot;
            &gt;
              &lt;button
                class=&quot;w-full py-3 px-6 rounded-lg font-medium text-white transition-all duration-200 bg-gray-400 cursor-not-allowed&quot;
                disabled=&quot;&quot;
                type=&quot;submit&quot;
              &gt;
                Register Company
              &lt;/button&gt;
            &lt;/div&gt;
          &lt;/form&gt;
        &lt;/div&gt;
      &lt;/div&gt;
    &lt;/div&gt;
  &lt;/div&gt;
&lt;/body&gt;
 ❯ Object.getElementError node_modules/@testing-library/dom/dist/config.js:37:19
 ❯ node_modules/@testing-library/dom/dist/query-helpers.js:76:38
 ❯ node_modules/@testing-library/dom/dist/query-helpers.js:52:17
 ❯ node_modules/@testing-library/dom/dist/query-helpers.js:95:19
 ❯ src/pages/__tests__/CompanyRegistration.test.tsx:126:19
            </failure>
        </testcase>
        <testcase classname="src/pages/__tests__/CompanyRegistration.test.tsx" name="CompanyRegistration &gt; validates positive values for share-related fields" time="0.094433691">
            <failure message="Unable to find an element with the text: Share capital must be greater than 0. This could be because the text is broken up by multiple elements. In this case, you can provide a function for your text matcher to make your matcher more flexible.

Ignored nodes: comments, script, style
[36m&lt;body&gt;[39m
  [36m&lt;div&gt;[39m
    [36m&lt;div[39m
      [33mclass[39m=[32m&quot;min-h-screen bg-gradient-to-br from-blue-50 via-white to-green-50 py-12 px-4 sm:px-6 lg:px-8&quot;[39m
    [36m&gt;[39m
      [36m&lt;div[39m
        [33mclass[39m=[32m&quot;max-w-3xl mx-auto&quot;[39m
      [36m&gt;[39m
        [36m&lt;div[39m
          [33mclass[39m=[32m&quot;text-center mb-8&quot;[39m
        [36m&gt;[39m
          [36m&lt;div[39m
            [33mclass[39m=[32m&quot;flex items-center justify-center mb-4&quot;[39m
          [36m&gt;[39m
            [36m&lt;div[39m
              [33mclass[39m=[32m&quot;flex items-center justify-center w-16 h-16 bg-gradient-to-br from-blue-600 to-green-600 rounded-xl shadow-lg&quot;[39m
            [36m&gt;[39m
              [36m&lt;div[39m
                [33mdata-testid[39m=[32m&quot;building2-icon&quot;[39m
              [36m/&gt;[39m
            [36m&lt;/div&gt;[39m
          [36m&lt;/div&gt;[39m
          [36m&lt;h1[39m
            [33mclass[39m=[32m&quot;text-3xl font-bold text-gray-900 mb-2&quot;[39m
          [36m&gt;[39m
            [0mRegister a New Company[0m
          [36m&lt;/h1&gt;[39m
          [36m&lt;p[39m
            [33mclass[39m=[32m&quot;text-lg text-gray-600&quot;[39m
          [36m&gt;[39m
            [0mRegister your new company with the New Zealand Companies Office[0m
          [36m&lt;/p&gt;[39m
        [36m&lt;/div&gt;[39m
        [36m&lt;div[39m
          [33mclass[39m=[32m&quot;bg-white rounded-2xl shadow-xl p-8 border border-gray-100&quot;[39m
        [36m&gt;[39m
          [36m&lt;form[39m
            [33mclass[39m=[32m&quot;space-y-6&quot;[39m
          [36m&gt;[39m
            [36m&lt;div&gt;[39m
              [36m&lt;label[39m
                [33mclass[39m=[32m&quot;block text-sm font-medium text-gray-700 mb-2&quot;[39m
                [33mfor[39m=[32m&quot;companyName&quot;[39m
              [36m&gt;[39m
                [0mCompany Name *[0m
              [36m&lt;/label&gt;[39m
              [36m&lt;div[39m
                [33mclass[39m=[32m&quot;relative&quot;[39m
              [36m&gt;[39m
                [36m&lt;input[39m
                  [33mclass[39m=[32m&quot;w-full px-4 py-3 border rounded-lg focus:ring-2 focus:ring-blue-500 focus:border-transparent transition-colors border-gray-300&quot;[39m
                  [33mid[39m=[32m&quot;companyName&quot;[39m
                  [33mname[39m=[32m&quot;companyName&quot;[39m
                  [33mplaceholder[39m=[32m&quot;Enter company name&quot;[39m
                  [33mrequired[39m=[32m&quot;&quot;[39m
                  [33mtype[39m=[32m&quot;text&quot;[39m
                  [33mvalue[39m=[32m&quot;&quot;[39m
                [36m/&gt;[39m
                [36m&lt;div[39m
                  [33mclass[39m=[32m&quot;absolute right-3 top-1/2 transform -translate-y-1/2&quot;[39m
                [36m/&gt;[39m
              [36m&lt;/div&gt;[39m
            [36m&lt;/div&gt;[39m
            [36m&lt;div&gt;[39m
              [36m&lt;label[39m
                [33mclass[39m=[32m&quot;block text-sm font-medium text-gray-700 mb-2&quot;[39m
                [33mfor[39m=[32m&quot;companyType&quot;[39m
              [36m&gt;[39m
                [0mCompany Type *[0m
              [36m&lt;/label&gt;[39m
              [36m&lt;select[39m
                [33mclass[39m=[32m&quot;w-full px-4 py-3 border border-gray-300 rounded-lg focus:ring-2 focus:ring-blue-500 focus:border-transparent transition-colors&quot;[39m
                [33mid[39m=[32m&quot;companyType&quot;[39m
                [33mname[39m=[32m&quot;companyType&quot;[39m
                [33mrequired[39m=[32m&quot;&quot;[39m
              [36m&gt;[39m
                [36m&lt;option[39m
                  [33mvalue[39m=[32m&quot;LTD&quot;[39m
                [36m&gt;[39m
                  [0mLimited Company (Ltd)[0m
                [36m&lt;/option&gt;[39m
                [36m&lt;option[39m
                  [33mvalue[39m=[32m&quot;OVERSEAS&quot;[39m
                [36m&gt;[39m
                  [0mOverseas Company[0m
                [36m&lt;/option&gt;[39m
                [36m&lt;option[39m
                  [33mvalue[39m=[32m&quot;UNLIMITED&quot;[39m
                [36m&gt;[39m
                  [0mUnlimited Company[0m
                [36m&lt;/option&gt;[39m
              [36m&lt;/select&gt;[39m
            [36m&lt;/div&gt;[39m
            [36m&lt;div&gt;[39m
              [36m&lt;label[39m
                [33mclass[39m=[32m&quot;block text-sm font-medium text-gray-700 mb-2&quot;[39m
                [33mfor[39m=[32m&quot;incorporationDate&quot;[39m
              [36m&gt;[39m
                [0mIncorporation Date *[0m
              [36m&lt;/label&gt;[39m
              [36m&lt;input[39m
                [33mclass[39m=[32m&quot;w-full px-4 py-3 border rounded-lg focus:ring-2 focus:ring-blue-500 focus:border-transparent transition-colors border-gray-300&quot;[39m
                [33mid[39m=[32m&quot;incorporationDate&quot;[39m
                [33mname[39m=[32m&quot;incorporationDate&quot;[39m
                [33mrequired[39m=[32m&quot;&quot;[39m
                [33mtype[39m=[32m&quot;date&quot;[39m
                [33mvalue[39m=[32m&quot;&quot;[39m
              [36m/&gt;[39m
            [36m&lt;/div&gt;[39m
            [36m&lt;div&gt;[39m
              [36m&lt;label[39m
                [33mclass[39m=[32m&quot;block text-sm font-medium text-gray-700 mb-2&quot;[39m
                [33mfor[39m=[32m&quot;nzbn&quot;[39m
              [36m&gt;[39m
                [0mNZBN (Optional)[0m
              [36m&lt;/label&gt;[39m
              [36m&lt;input[39m
                [33mclass[39m=[32m&quot;w-full px-4 py-3 border border-gray-300 rounded-lg focus:ring-2 focus:ring-blue-500 focus:border-transparent transition-colors&quot;[39m
                [33mid[39m=[32m&quot;nzbn&quot;[39m
                [33mname[39m=[32m&quot;nzbn&quot;[39m
                [33mplaceholder[39m=[32m&quot;New Zealand Business Number&quot;[39m
                [33mtype[39m=[32m&quot;text&quot;[39m
                [33mvalue[39m=[32m&quot;&quot;[39m
              [36m/&gt;[39m
            [36m&lt;/div&gt;[39m
            [36m&lt;div&gt;[39m
              [36m&lt;label[39m
                [33mclass[39m=[32m&quot;block text-sm font-medium text-gray-700 mb-2&quot;[39m
                [33mfor[39m=[32m&quot;constitutionFile&quot;[39m
              [36m&gt;[39m
                [0mConstitution Document (Optional)[0m
              [36m&lt;/label&gt;[39m
              [36m&lt;p[39m
                [33mclass[39m=[32m&quot;text-sm text-gray-600 mb-3&quot;[39m
              [36m&gt;[39m
                [0mUpload the company constitution document (PDF, DOC, or DOCX format, max 5MB)[0m
              [36m&lt;/p&gt;[39m
              [36m&lt;div[39m
                [33mclass[39m=[32m&quot;relative border-2 border-dashed border-gray-300 rounded-lg p-6 text-center hover:border-blue-400 transition-colors&quot;[39m
              [36m&gt;[39m
                [36m&lt;div[39m
                  [33mclass[39m=[32m&quot;flex flex-col items-center&quot;[39m
                [36m&gt;[39m
                  [36m&lt;div[39m
                    [33mdata-testid[39m=[32m&quot;upload-icon&quot;[39m
                  [36m/&gt;[39m
                  [36m&lt;p[39m
                    [33mclass[39m=[32m&quot;text-sm text-gray-600 mb-2&quot;[39m
                  [36m&gt;[39m
                    [0mClick to upload or drag and drop[0m
                  [36m&lt;/p&gt;[39m
                  [36m&lt;p[39m
                    [33mclass[39m=[32m&quot;text-xs text-gray-500&quot;[39m
                  [36m&gt;[39m
                    [0mPDF, DOC, DOCX (max 5MB)[0m
                  [36m&lt;/p&gt;[39m
                [36m&lt;/div&gt;[39m
                [36m&lt;input[39m
                  [33maccept[39m=[32m&quot;.pdf,.doc,.docx&quot;[39m
                  [33mclass[39m=[32m&quot;absolute inset-0 w-full h-full opacity-0 cursor-pointer&quot;[39m
                  [33mid[39m=[32m&quot;constitutionFile&quot;[39m
                  [33mname[39m=[32m&quot;constitutionFile&quot;[39m
                  [33mtype[39m=[32m&quot;file&quot;[39m
                [36m/&gt;[39m
              [36m&lt;/div&gt;[39m
            [36m&lt;/div&gt;[39m
            [36m&lt;div[39m
              [33mclass[39m=[32m&quot;border-t pt-6&quot;[39m
            [36m&gt;[39m
              [36m&lt;h3[39m
                [33mclass[39m=[32m&quot;text-lg font-medium text-gray-900 mb-4&quot;[39m
              [36m&gt;[39m
                [0mShare Capital[0m
              [36m&lt;/h3&gt;[39m
              [36m&lt;div[39m
                [33mclass[39m=[32m&quot;grid grid-cols-1 md:grid-cols-3 gap-4&quot;[39m
              [36m&gt;[39m
                [36m&lt;div&gt;[39m
                  [36m&lt;label[39m
                    [33mclass[39m=[32m&quot;block text-sm font-medium text-gray-700 mb-2&quot;[39m
                    [33mfor[39m=[32m&quot;shareCapital&quot;[39m
                  [36m&gt;[39m
                    [0mShare Capital (NZD) *[0m
                  [36m&lt;/label&gt;[39m
                  [36m&lt;input[39m
                    [33mclass[39m=[32m&quot;w-full px-4 py-3 border rounded-lg focus:ring-2 focus:ring-blue-500 focus:border-transparent transition-colors border-gray-300&quot;[39m
                    [33mid[39m=[32m&quot;shareCapital&quot;[39m
                    [33mmin[39m=[32m&quot;1&quot;[39m
                    [33mname[39m=[32m&quot;shareCapital&quot;[39m
                    [33mrequired[39m=[32m&quot;&quot;[39m
                    [33mstep[39m=[32m&quot;0.01&quot;[39m
                    [33mtype[39m=[32m&quot;number&quot;[39m
                    [33mvalue[39m=[32m&quot;0&quot;[39m
                  [36m/&gt;[39m
                [36m&lt;/div&gt;[39m
                [36m&lt;div&gt;[39m
                  [36m&lt;label[39m
                    [33mclass[39m=[32m&quot;block text-sm font-medium text-gray-700 mb-2&quot;[39m
                    [33mfor[39m=[32m&quot;numberOfShares&quot;[39m
                  [36m&gt;[39m
                    [0mNumber of Shares *[0m
                  [36m&lt;/label&gt;[39m
                  [36m&lt;input[39m
                    [33mclass[39m=[32m&quot;w-full px-4 py-3 border rounded-lg focus:ring-2 focus:ring-blue-500 focus:border-transparent transition-colors border-gray-300&quot;[39m
                    [33mid[39m=[32m&quot;numberOfShares&quot;[39m
                    [33mmin[39m=[32m&quot;1&quot;[39m
                    [33mname[39m=[32m&quot;numberOfShares&quot;[39m
                    [33mrequired[39m=[32m&quot;&quot;[39m
                    [33mtype[39m=[32m&quot;number&quot;[39m
                    [33mvalue[39m=[32m&quot;0&quot;[39m
                  [36m/&gt;[39m
                [36m&lt;/div&gt;[39m
                [36m&lt;div&gt;[39m
                  [36m&lt;label[39m
                    [33mclass[39m=[32m&quot;block text-sm font-medium text-gray-700 mb-2&quot;[39m
                    [33mfor[39m=[32m&quot;shareValue&quot;[39m
                  [36m&gt;[39m
                    [0mValue per Share (NZD) *[0m
                  [36m&lt;/label&gt;[39m
                  [36m&lt;input[39m
                    [33mclass[39m=[32m&quot;w-full px-4 py-3 border rounded-lg focus:ring-2 focus:ring-blue-500 focus:border-transparent transition-colors border-gray-300&quot;[39m
                    [33mid[39m=[32m&quot;shareValue&quot;[39m
                    [33mmin[39m=[32m&quot;0.01&quot;[39m
                    [33mname[39m=[32m&quot;shareValue&quot;[39m
                    [33mrequired[39m=[32m&quot;&quot;[39m
                    [33mstep[39m=[32m&quot;0.01&quot;[39m
                    [33mtype[39m=[32m&quot;number&quot;[39m
                    [33mvalue[39m=[32m&quot;0&quot;[39m
                  [36m/&gt;[39m
                [36m&lt;/div&gt;[39m
              [36m&lt;/div&gt;[39m
            [36m&lt;/div&gt;[39m
            [36m&lt;div[39m
              [33mclass[39m=[32m&quot;pt-6&quot;[39m
            [36m&gt;[39m
              [36m&lt;button[39m
                [33mclass[39m=[32m&quot;w-full py-3 px-6 rounded-lg font-medium text-white transition-all duration-200 bg-gray-400 cursor-not-allowed&quot;[39m
                [33mdisabled[39m=[32m&quot;&quot;[39m
                [33mtype[39m=[32m&quot;submit&quot;[39m
              [36m&gt;[39m
                [0mRegister Company[0m
              [36m&lt;/button&gt;[39m
            [36m&lt;/div&gt;[39m
          [36m&lt;/form&gt;[39m
        [36m&lt;/div&gt;[39m
      [36m&lt;/div&gt;[39m
    [36m&lt;/div&gt;[39m
  [36m&lt;/div&gt;[39m
[36m&lt;/body&gt;[39m" type="TestingLibraryElementError">
TestingLibraryElementError: Unable to find an element with the text: Share capital must be greater than 0. This could be because the text is broken up by multiple elements. In this case, you can provide a function for your text matcher to make your matcher more flexible.

Ignored nodes: comments, script, style
&lt;body&gt;
  &lt;div&gt;
    &lt;div
      class=&quot;min-h-screen bg-gradient-to-br from-blue-50 via-white to-green-50 py-12 px-4 sm:px-6 lg:px-8&quot;
    &gt;
      &lt;div
        class=&quot;max-w-3xl mx-auto&quot;
      &gt;
        &lt;div
          class=&quot;text-center mb-8&quot;
        &gt;
          &lt;div
            class=&quot;flex items-center justify-center mb-4&quot;
          &gt;
            &lt;div
              class=&quot;flex items-center justify-center w-16 h-16 bg-gradient-to-br from-blue-600 to-green-600 rounded-xl shadow-lg&quot;
            &gt;
              &lt;div
                data-testid=&quot;building2-icon&quot;
              /&gt;
            &lt;/div&gt;
          &lt;/div&gt;
          &lt;h1
            class=&quot;text-3xl font-bold text-gray-900 mb-2&quot;
          &gt;
            Register a New Company
          &lt;/h1&gt;
          &lt;p
            class=&quot;text-lg text-gray-600&quot;
          &gt;
            Register your new company with the New Zealand Companies Office
          &lt;/p&gt;
        &lt;/div&gt;
        &lt;div
          class=&quot;bg-white rounded-2xl shadow-xl p-8 border border-gray-100&quot;
        &gt;
          &lt;form
            class=&quot;space-y-6&quot;
          &gt;
            &lt;div&gt;
              &lt;label
                class=&quot;block text-sm font-medium text-gray-700 mb-2&quot;
                for=&quot;companyName&quot;
              &gt;
                Company Name *
              &lt;/label&gt;
              &lt;div
                class=&quot;relative&quot;
              &gt;
                &lt;input
                  class=&quot;w-full px-4 py-3 border rounded-lg focus:ring-2 focus:ring-blue-500 focus:border-transparent transition-colors border-gray-300&quot;
                  id=&quot;companyName&quot;
                  name=&quot;companyName&quot;
                  placeholder=&quot;Enter company name&quot;
                  required=&quot;&quot;
                  type=&quot;text&quot;
                  value=&quot;&quot;
                /&gt;
                &lt;div
                  class=&quot;absolute right-3 top-1/2 transform -translate-y-1/2&quot;
                /&gt;
              &lt;/div&gt;
            &lt;/div&gt;
            &lt;div&gt;
              &lt;label
                class=&quot;block text-sm font-medium text-gray-700 mb-2&quot;
                for=&quot;companyType&quot;
              &gt;
                Company Type *
              &lt;/label&gt;
              &lt;select
                class=&quot;w-full px-4 py-3 border border-gray-300 rounded-lg focus:ring-2 focus:ring-blue-500 focus:border-transparent transition-colors&quot;
                id=&quot;companyType&quot;
                name=&quot;companyType&quot;
                required=&quot;&quot;
              &gt;
                &lt;option
                  value=&quot;LTD&quot;
                &gt;
                  Limited Company (Ltd)
                &lt;/option&gt;
                &lt;option
                  value=&quot;OVERSEAS&quot;
                &gt;
                  Overseas Company
                &lt;/option&gt;
                &lt;option
                  value=&quot;UNLIMITED&quot;
                &gt;
                  Unlimited Company
                &lt;/option&gt;
              &lt;/select&gt;
            &lt;/div&gt;
            &lt;div&gt;
              &lt;label
                class=&quot;block text-sm font-medium text-gray-700 mb-2&quot;
                for=&quot;incorporationDate&quot;
              &gt;
                Incorporation Date *
              &lt;/label&gt;
              &lt;input
                class=&quot;w-full px-4 py-3 border rounded-lg focus:ring-2 focus:ring-blue-500 focus:border-transparent transition-colors border-gray-300&quot;
                id=&quot;incorporationDate&quot;
                name=&quot;incorporationDate&quot;
                required=&quot;&quot;
                type=&quot;date&quot;
                value=&quot;&quot;
              /&gt;
            &lt;/div&gt;
            &lt;div&gt;
              &lt;label
                class=&quot;block text-sm font-medium text-gray-700 mb-2&quot;
                for=&quot;nzbn&quot;
              &gt;
                NZBN (Optional)
              &lt;/label&gt;
              &lt;input
                class=&quot;w-full px-4 py-3 border border-gray-300 rounded-lg focus:ring-2 focus:ring-blue-500 focus:border-transparent transition-colors&quot;
                id=&quot;nzbn&quot;
                name=&quot;nzbn&quot;
                placeholder=&quot;New Zealand Business Number&quot;
                type=&quot;text&quot;
                value=&quot;&quot;
              /&gt;
            &lt;/div&gt;
            &lt;div&gt;
              &lt;label
                class=&quot;block text-sm font-medium text-gray-700 mb-2&quot;
                for=&quot;constitutionFile&quot;
              &gt;
                Constitution Document (Optional)
              &lt;/label&gt;
              &lt;p
                class=&quot;text-sm text-gray-600 mb-3&quot;
              &gt;
                Upload the company constitution document (PDF, DOC, or DOCX format, max 5MB)
              &lt;/p&gt;
              &lt;div
                class=&quot;relative border-2 border-dashed border-gray-300 rounded-lg p-6 text-center hover:border-blue-400 transition-colors&quot;
              &gt;
                &lt;div
                  class=&quot;flex flex-col items-center&quot;
                &gt;
                  &lt;div
                    data-testid=&quot;upload-icon&quot;
                  /&gt;
                  &lt;p
                    class=&quot;text-sm text-gray-600 mb-2&quot;
                  &gt;
                    Click to upload or drag and drop
                  &lt;/p&gt;
                  &lt;p
                    class=&quot;text-xs text-gray-500&quot;
                  &gt;
                    PDF, DOC, DOCX (max 5MB)
                  &lt;/p&gt;
                &lt;/div&gt;
                &lt;input
                  accept=&quot;.pdf,.doc,.docx&quot;
                  class=&quot;absolute inset-0 w-full h-full opacity-0 cursor-pointer&quot;
                  id=&quot;constitutionFile&quot;
                  name=&quot;constitutionFile&quot;
                  type=&quot;file&quot;
                /&gt;
              &lt;/div&gt;
            &lt;/div&gt;
            &lt;div
              class=&quot;border-t pt-6&quot;
            &gt;
              &lt;h3
                class=&quot;text-lg font-medium text-gray-900 mb-4&quot;
              &gt;
                Share Capital
              &lt;/h3&gt;
              &lt;div
                class=&quot;grid grid-cols-1 md:grid-cols-3 gap-4&quot;
              &gt;
                &lt;div&gt;
                  &lt;label
                    class=&quot;block text-sm font-medium text-gray-700 mb-2&quot;
                    for=&quot;shareCapital&quot;
                  &gt;
                    Share Capital (NZD) *
                  &lt;/label&gt;
                  &lt;input
                    class=&quot;w-full px-4 py-3 border rounded-lg focus:ring-2 focus:ring-blue-500 focus:border-transparent transition-colors border-gray-300&quot;
                    id=&quot;shareCapital&quot;
                    min=&quot;1&quot;
                    name=&quot;shareCapital&quot;
                    required=&quot;&quot;
                    step=&quot;0.01&quot;
                    type=&quot;number&quot;
                    value=&quot;0&quot;
                  /&gt;
                &lt;/div&gt;
                &lt;div&gt;
                  &lt;label
                    class=&quot;block text-sm font-medium text-gray-700 mb-2&quot;
                    for=&quot;numberOfShares&quot;
                  &gt;
                    Number of Shares *
                  &lt;/label&gt;
                  &lt;input
                    class=&quot;w-full px-4 py-3 border rounded-lg focus:ring-2 focus:ring-blue-500 focus:border-transparent transition-colors border-gray-300&quot;
                    id=&quot;numberOfShares&quot;
                    min=&quot;1&quot;
                    name=&quot;numberOfShares&quot;
                    required=&quot;&quot;
                    type=&quot;number&quot;
                    value=&quot;0&quot;
                  /&gt;
                &lt;/div&gt;
                &lt;div&gt;
                  &lt;label
                    class=&quot;block text-sm font-medium text-gray-700 mb-2&quot;
                    for=&quot;shareValue&quot;
                  &gt;
                    Value per Share (NZD) *
                  &lt;/label&gt;
                  &lt;input
                    class=&quot;w-full px-4 py-3 border rounded-lg focus:ring-2 focus:ring-blue-500 focus:border-transparent transition-colors border-gray-300&quot;
                    id=&quot;shareValue&quot;
                    min=&quot;0.01&quot;
                    name=&quot;shareValue&quot;
                    required=&quot;&quot;
                    step=&quot;0.01&quot;
                    type=&quot;number&quot;
                    value=&quot;0&quot;
                  /&gt;
                &lt;/div&gt;
              &lt;/div&gt;
            &lt;/div&gt;
            &lt;div
              class=&quot;pt-6&quot;
            &gt;
              &lt;button
                class=&quot;w-full py-3 px-6 rounded-lg font-medium text-white transition-all duration-200 bg-gray-400 cursor-not-allowed&quot;
                disabled=&quot;&quot;
                type=&quot;submit&quot;
              &gt;
                Register Company
              &lt;/button&gt;
            &lt;/div&gt;
          &lt;/form&gt;
        &lt;/div&gt;
      &lt;/div&gt;
    &lt;/div&gt;
  &lt;/div&gt;
&lt;/body&gt;
 ❯ Object.getElementError node_modules/@testing-library/dom/dist/config.js:37:19
 ❯ node_modules/@testing-library/dom/dist/query-helpers.js:76:38
 ❯ node_modules/@testing-library/dom/dist/query-helpers.js:52:17
 ❯ node_modules/@testing-library/dom/dist/query-helpers.js:95:19
 ❯ src/pages/__tests__/CompanyRegistration.test.tsx:148:19
            </failure>
        </testcase>
        <testcase classname="src/pages/__tests__/CompanyRegistration.test.tsx" name="CompanyRegistration &gt; checks name availability when typing company name" time="1.100205422">
            <failure message="expected &quot;spy&quot; to be called with arguments: [ Array(1) ][90m

Number of calls: [1m0[22m
[39m

Ignored nodes: comments, script, style
[36m&lt;html&gt;[39m
  [36m&lt;head /&gt;[39m
  [36m&lt;body&gt;[39m
    [36m&lt;div&gt;[39m
      [36m&lt;div[39m
        [33mclass[39m=[32m&quot;min-h-screen bg-gradient-to-br from-blue-50 via-white to-green-50 py-12 px-4 sm:px-6 lg:px-8&quot;[39m
      [36m&gt;[39m
        [36m&lt;div[39m
          [33mclass[39m=[32m&quot;max-w-3xl mx-auto&quot;[39m
        [36m&gt;[39m
          [36m&lt;div[39m
            [33mclass[39m=[32m&quot;text-center mb-8&quot;[39m
          [36m&gt;[39m
            [36m&lt;div[39m
              [33mclass[39m=[32m&quot;flex items-center justify-center mb-4&quot;[39m
            [36m&gt;[39m
              [36m&lt;div[39m
                [33mclass[39m=[32m&quot;flex items-center justify-center w-16 h-16 bg-gradient-to-br from-blue-600 to-green-600 rounded-xl shadow-lg&quot;[39m
              [36m&gt;[39m
                [36m&lt;div[39m
                  [33mdata-testid[39m=[32m&quot;building2-icon&quot;[39m
                [36m/&gt;[39m
              [36m&lt;/div&gt;[39m
            [36m&lt;/div&gt;[39m
            [36m&lt;h1[39m
              [33mclass[39m=[32m&quot;text-3xl font-bold text-gray-900 mb-2&quot;[39m
            [36m&gt;[39m
              [0mRegister a New Company[0m
            [36m&lt;/h1&gt;[39m
            [36m&lt;p[39m
              [33mclass[39m=[32m&quot;text-lg text-gray-600&quot;[39m
            [36m&gt;[39m
              [0mRegister your new company with the New Zealand Companies Office[0m
            [36m&lt;/p&gt;[39m
          [36m&lt;/div&gt;[39m
          [36m&lt;div[39m
            [33mclass[39m=[32m&quot;bg-white rounded-2xl shadow-xl p-8 border border-gray-100&quot;[39m
          [36m&gt;[39m
            [36m&lt;form[39m
              [33mclass[39m=[32m&quot;space-y-6&quot;[39m
            [36m&gt;[39m
              [36m&lt;div&gt;[39m
                [36m&lt;label[39m
                  [33mclass[39m=[32m&quot;block text-sm font-medium text-gray-700 mb-2&quot;[39m
                  [33mfor[39m=[32m&quot;companyName&quot;[39m
                [36m&gt;[39m
                  [0mCompany Name *[0m
                [36m&lt;/label&gt;[39m
                [36m&lt;div[39m
                  [33mclass[39m=[32m&quot;relative&quot;[39m
                [36m&gt;[39m
                  [36m&lt;input[39m
                    [33mclass[39m=[32m&quot;w-full px-4 py-3 border rounded-lg focus:ring-2 focus:ring-blue-500 focus:border-transparent transition-colors border-gray-300&quot;[39m
                    [33mid[39m=[32m&quot;companyName&quot;[39m
[...]
                    &lt;p
                      class=&quot;text-sm text-gray-600 mb-2&quot;
                    &gt;
                      Click to upload or drag and drop
                    &lt;/p&gt;
                    &lt;p
                      class=&quot;text-xs text-gray-500&quot;
                    &gt;
                      PDF, DOC, DOCX (max 5MB)
                    &lt;/p&gt;
                  &lt;/div&gt;
                  &lt;input
                    accept=&quot;.pdf,.doc,.docx&quot;
                    class=&quot;absolute inset-0 w-full h-full opacity-0 cursor-pointer&quot;
                    id=&quot;constitutionFile&quot;
                    name=&quot;constitutionFile&quot;
                    type=&quot;file&quot;
                  /&gt;
                &lt;/div&gt;
              &lt;/div&gt;
              &lt;div
                class=&quot;border-t pt-6&quot;
              &gt;
                &lt;h3
                  class=&quot;text-lg font-medium text-gray-900 mb-4&quot;
                &gt;
                  Share Capital
                &lt;/h3&gt;
                &lt;div
                  class=&quot;grid grid-cols-1 md:grid-cols-3 gap-4&quot;
                &gt;
                  &lt;div&gt;
                    &lt;label
                      class=&quot;block text-sm font-medium text-gray-700 mb-2&quot;
                      for=&quot;shareCapital&quot;
                    &gt;
                      Share Capital (NZD) *
                    &lt;/label&gt;
                    &lt;input
                      class=&quot;w-full px-4 py-3 border rounded-lg focus:ring-2 focus:ring-blue-500 focus:border-transparent transition-colors border-gray-300&quot;
                      id=&quot;shareCapital&quot;
                      min=&quot;1&quot;
                      name=&quot;shareCapital&quot;
                      required=&quot;&quot;
                      step=&quot;0.01&quot;
                      type=&quot;number&quot;
                      value=&quot;100&quot;
                    /&gt;
                  &lt;/div&gt;
                  &lt;div&gt;
                    &lt;label
                      class=&quot;block text-sm font-medium text-gray-700 mb-2&quot;
                      for=&quot;numberOfShares&quot;
                    &gt;
                      Number of Shares *
                    &lt;/label&gt;
                    &lt;input
                      class=&quot;w-full px-4 py-3 border rounded-lg focus:ring-2 focus:ring-blue-500 focus:border-transparent transition-colors border-gray-300&quot;
                      id=&quot;numberOfShares&quot;
                      min=&quot;1&quot;
                      name=&quot;numberOfShares&quot;
                      required=&quot;&quot;
                      type=&quot;number&quot;
                      value=&quot;100&quot;
                    /&gt;
                  &lt;/div&gt;
                  &lt;div&gt;
                    &lt;label
                      class=&quot;block text-sm font-medium text-gray-700 mb-2&quot;
                      for=&quot;shareValue&quot;
                    &gt;
                      Value per Share (NZD) *
                    &lt;/label&gt;
                    &lt;input
                      class=&quot;w-full px-4 py-3 border rounded-lg focus:ring-2 focus:ring-blue-500 focus:border-transparent transition-colors border-gray-300&quot;
                      id=&quot;shareValue&quot;
                      min=&quot;0.01&quot;
                      name=&quot;shareValue&quot;
                      required=&quot;&quot;
                      step=&quot;0.01&quot;
                      type=&quot;number&quot;
                      value=&quot;1&quot;
                    /&gt;
                  &lt;/div&gt;
                &lt;/div&gt;
              &lt;/div&gt;
              &lt;div
                class=&quot;pt-6&quot;
              &gt;
                &lt;button
                  class=&quot;w-full py-3 px-6 rounded-lg font-medium text-white transition-all duration-200 bg-gray-400 cursor-not-allowed&quot;
                  disabled=&quot;&quot;
                  type=&quot;submit&quot;
                &gt;
                  Register Company
                &lt;/button&gt;
              &lt;/div&gt;
            &lt;/form&gt;
          &lt;/div&gt;
        &lt;/div&gt;
      &lt;/div&gt;
    &lt;/div&gt;
  &lt;/body&gt;
&lt;/html&gt;
 ❯ Proxy.waitForWrapper node_modules/@testing-library/dom/dist/wait-for.js:163:27
 ❯ src/pages/__tests__/CompanyRegistration.test.tsx:350:11
            </failure>
        </testcase>
        <testcase classname="src/pages/__tests__/CompanyRegistration.test.tsx" name="CompanyRegistration &gt; has proper accessibility attributes" time="0.022695295">
        </testcase>
        <testcase classname="src/pages/__tests__/CompanyRegistration.test.tsx" name="CompanyRegistration &gt; File Upload Functionality &gt; renders file upload area with correct styling" time="0.009702549">
        </testcase>
        <testcase classname="src/pages/__tests__/CompanyRegistration.test.tsx" name="CompanyRegistration &gt; File Upload Functionality &gt; accepts valid PDF file" time="0.014017585">
        </testcase>
        <testcase classname="src/pages/__tests__/CompanyRegistration.test.tsx" name="CompanyRegistration &gt; File Upload Functionality &gt; accepts valid DOC file" time="0.019108417">
        </testcase>
        <testcase classname="src/pages/__tests__/CompanyRegistration.test.tsx" name="CompanyRegistration &gt; File Upload Functionality &gt; accepts valid DOCX file" time="0.013408479">
        </testcase>
        <testcase classname="src/pages/__tests__/CompanyRegistration.test.tsx" name="CompanyRegistration &gt; File Upload Functionality &gt; rejects invalid file type" time="0.010410924">
        </testcase>
        <testcase classname="src/pages/__tests__/CompanyRegistration.test.tsx" name="CompanyRegistration &gt; File Upload Functionality &gt; rejects file larger than 5MB" time="0.291456863">
        </testcase>
        <testcase classname="src/pages/__tests__/CompanyRegistration.test.tsx" name="CompanyRegistration &gt; File Upload Functionality &gt; allows removing uploaded file" time="0.024121753">
        </testcase>
        <testcase classname="src/pages/__tests__/CompanyRegistration.test.tsx" name="CompanyRegistration &gt; File Upload Functionality &gt; clears file error when valid file is uploaded" time="0.017157269">
        </testcase>
        <testcase classname="src/pages/__tests__/CompanyRegistration.test.tsx" name="CompanyRegistration &gt; File Upload Functionality &gt; displays file size in MB correctly" time="0.095865177">
        </testcase>
        <testcase classname="src/pages/__tests__/CompanyRegistration.test.tsx" name="CompanyRegistration &gt; File Upload Functionality &gt; handles file upload without selecting file" time="0.007389634">
        </testcase>
        <testcase classname="src/pages/__tests__/CompanyRegistration.test.tsx" name="CompanyRegistration &gt; File Upload Functionality &gt; shows upload area when no file is selected" time="0.005852945">
        </testcase>
        <testcase classname="src/pages/__tests__/CompanyRegistration.test.tsx" name="CompanyRegistration &gt; File Upload Functionality &gt; shows file details when file is selected" time="0.011637889">
        </testcase>
        <testcase classname="src/pages/__tests__/CompanyRegistration.test.tsx" name="CompanyRegistration &gt; Form Integration with File Upload &gt; submits form successfully with constitution file" time="0.610053514">
        </testcase>
        <testcase classname="src/pages/__tests__/CompanyRegistration.test.tsx" name="CompanyRegistration &gt; Form Integration with File Upload &gt; maintains file selection during form validation" time="0.017053347">
        </testcase>
    </testsuite>
    <testsuite name="src/pages/__tests__/HomePage.test.tsx" timestamp="2025-07-16T18:38:28.867Z" hostname="FMNZ-C02D5HB1ML7H.local" tests="7" failures="0" errors="0" skipped="0" time="0.314406698">
        <testcase classname="src/pages/__tests__/HomePage.test.tsx" name="HomePage &gt; renders the main page content" time="0.12107007">
        </testcase>
        <testcase classname="src/pages/__tests__/HomePage.test.tsx" name="HomePage &gt; displays success message when provided in location state" time="0.028881608">
        </testcase>
        <testcase classname="src/pages/__tests__/HomePage.test.tsx" name="HomePage &gt; does not display success message when not provided" time="0.038929556">
        </testcase>
        <testcase classname="src/pages/__tests__/HomePage.test.tsx" name="HomePage &gt; displays success message with proper styling" time="0.051985935">
        </testcase>
        <testcase classname="src/pages/__tests__/HomePage.test.tsx" name="HomePage &gt; renders all feature sections" time="0.036899581">
        </testcase>
        <testcase classname="src/pages/__tests__/HomePage.test.tsx" name="HomePage &gt; handles empty success message" time="0.01683218">
        </testcase>
        <testcase classname="src/pages/__tests__/HomePage.test.tsx" name="HomePage &gt; handles undefined success message" time="0.01215233">
        </testcase>
    </testsuite>
    <testsuite name="src/services/__tests__/registrationService.test.ts" timestamp="2025-07-16T18:38:28.868Z" hostname="FMNZ-C02D5HB1ML7H.local" tests="18" failures="16" errors="0" skipped="0" time="0.214266503">
        <testcase classname="src/services/__tests__/registrationService.test.ts" name="RegistrationService &gt; checkNameAvailability &gt; returns availability status for valid name" time="0.059645781">
            <failure message="HTTP error! status: 404" type="Error">
Error: HTTP error! status: 404
 ❯ RegistrationService.checkNameAvailability src/services/registrationService.ts:28:13
 ❯ src/services/__tests__/registrationService.test.ts:27:22
            </failure>
        </testcase>
        <testcase classname="src/services/__tests__/registrationService.test.ts" name="RegistrationService &gt; checkNameAvailability &gt; handles special characters in company name" time="0.008074327">
            <failure message="HTTP error! status: 404" type="Error">
Error: HTTP error! status: 404
 ❯ RegistrationService.checkNameAvailability src/services/registrationService.ts:28:13
 ❯ src/services/__tests__/registrationService.test.ts:41:22
            </failure>
        </testcase>
        <testcase classname="src/services/__tests__/registrationService.test.ts" name="RegistrationService &gt; checkNameAvailability &gt; throws error on HTTP error response" time="0.018073581">
            <failure message="expected [Function] to throw error including &apos;HTTP error! status: 500&apos; but got &apos;HTTP error! status: 404&apos;" type="AssertionError">
AssertionError: expected [Function] to throw error including &apos;HTTP error! status: 500&apos; but got &apos;HTTP error! status: 404&apos;

Expected: &quot;HTTP error! status: 500&quot;
Received: &quot;HTTP error! status: 404&quot;

 ❯ src/services/__tests__/registrationService.test.ts:55:7
            </failure>
        </testcase>
        <testcase classname="src/services/__tests__/registrationService.test.ts" name="RegistrationService &gt; checkNameAvailability &gt; throws error on network failure" time="0.006870139">
            <failure message="expected [Function] to throw error including &apos;Network error&apos; but got &apos;HTTP error! status: 404&apos;" type="AssertionError">
AssertionError: expected [Function] to throw error including &apos;Network error&apos; but got &apos;HTTP error! status: 404&apos;

Expected: &quot;Network error&quot;
Received: &quot;HTTP error! status: 404&quot;

 ❯ src/services/__tests__/registrationService.test.ts:63:7
            </failure>
        </testcase>
        <testcase classname="src/services/__tests__/registrationService.test.ts" name="RegistrationService &gt; checkNumberAvailability &gt; returns availability status for valid number" time="0.007995637">
            <failure message="HTTP error! status: 404" type="Error">
Error: HTTP error! status: 404
 ❯ RegistrationService.checkNumberAvailability src/services/registrationService.ts:40:13
 ❯ src/services/__tests__/registrationService.test.ts:76:22
            </failure>
        </testcase>
        <testcase classname="src/services/__tests__/registrationService.test.ts" name="RegistrationService &gt; checkNumberAvailability &gt; handles special characters in company number" time="0.006167648">
            <failure message="HTTP error! status: 404" type="Error">
Error: HTTP error! status: 404
 ❯ RegistrationService.checkNumberAvailability src/services/registrationService.ts:40:13
 ❯ src/services/__tests__/registrationService.test.ts:90:22
            </failure>
        </testcase>
        <testcase classname="src/services/__tests__/registrationService.test.ts" name="RegistrationService &gt; checkNumberAvailability &gt; throws error on HTTP error response" time="0.005524993">
            <failure message="expected [Function] to throw error including &apos;HTTP error! status: 400&apos; but got &apos;HTTP error! status: 404&apos;" type="AssertionError">
AssertionError: expected [Function] to throw error including &apos;HTTP error! status: 400&apos; but got &apos;HTTP error! status: 404&apos;

Expected: &quot;HTTP error! status: 400&quot;
Received: &quot;HTTP error! status: 404&quot;

 ❯ src/services/__tests__/registrationService.test.ts:104:7
            </failure>
        </testcase>
        <testcase classname="src/services/__tests__/registrationService.test.ts" name="RegistrationService &gt; registerCompany &gt; registers company successfully with authentication" time="0.025676486">
            <failure message="expected &quot;spy&quot; to be called with arguments: [ …(2) ][90m

Number of calls: [1m0[22m
[39m" type="AssertionError">
AssertionError: expected &quot;spy&quot; to be called with arguments: [ …(2) ]

Number of calls: 0

 ❯ src/services/__tests__/registrationService.test.ts:136:25
            </failure>
        </testcase>
        <testcase classname="src/services/__tests__/registrationService.test.ts" name="RegistrationService &gt; registerCompany &gt; registers company successfully without authentication" time="0.009783549">
            <failure message="expected &quot;spy&quot; to be called with arguments: [ …(2) ][90m

Number of calls: [1m0[22m
[39m" type="AssertionError">
AssertionError: expected &quot;spy&quot; to be called with arguments: [ …(2) ]

Number of calls: 0

 ❯ src/services/__tests__/registrationService.test.ts:158:25
            </failure>
        </testcase>
        <testcase classname="src/services/__tests__/registrationService.test.ts" name="RegistrationService &gt; registerCompany &gt; registers company without optional NZBN" time="0.006585919">
            <failure message="expected &quot;spy&quot; to be called with arguments: [ …(2) ][90m

Number of calls: [1m0[22m
[39m" type="AssertionError">
AssertionError: expected &quot;spy&quot; to be called with arguments: [ …(2) ]

Number of calls: 0

 ❯ src/services/__tests__/registrationService.test.ts:184:25
            </failure>
        </testcase>
        <testcase classname="src/services/__tests__/registrationService.test.ts" name="RegistrationService &gt; registerCompany &gt; throws error on HTTP error response" time="0.016960211">
            <failure message="promise resolved &quot;{ id: 3, …(5) }&quot; instead of rejecting" type="AssertionError">
AssertionError: promise resolved &quot;{ id: 3, …(5) }&quot; instead of rejecting

- Expected
+ Received

- Error {
-   &quot;message&quot;: &quot;rejected promise&quot;,
+ {
+   &quot;companyName&quot;: &quot;Test Company Ltd&quot;,
+   &quot;companyNumber&quot;: &quot;1234567&quot;,
+   &quot;companyType&quot;: &quot;LTD&quot;,
+   &quot;id&quot;: 3,
+   &quot;incorporationDate&quot;: &quot;2024-01-01&quot;,
+   &quot;nzbn&quot;: &quot;1234567890123&quot;,
  }

 ❯ src/services/__tests__/registrationService.test.ts:205:74
            </failure>
        </testcase>
        <testcase classname="src/services/__tests__/registrationService.test.ts" name="RegistrationService &gt; registerCompany &gt; throws error on network failure" time="0.006708716">
            <failure message="promise resolved &quot;{ id: 3, …(5) }&quot; instead of rejecting" type="AssertionError">
AssertionError: promise resolved &quot;{ id: 3, …(5) }&quot; instead of rejecting

- Expected
+ Received

- Error {
-   &quot;message&quot;: &quot;rejected promise&quot;,
+ {
+   &quot;companyName&quot;: &quot;Test Company Ltd&quot;,
+   &quot;companyNumber&quot;: &quot;1234567&quot;,
+   &quot;companyType&quot;: &quot;LTD&quot;,
+   &quot;id&quot;: 3,
+   &quot;incorporationDate&quot;: &quot;2024-01-01&quot;,
+   &quot;nzbn&quot;: &quot;1234567890123&quot;,
  }

 ❯ src/services/__tests__/registrationService.test.ts:213:74
            </failure>
        </testcase>
        <testcase classname="src/services/__tests__/registrationService.test.ts" name="RegistrationService &gt; registerCompany &gt; handles unauthorized access" time="0.014796554">
            <failure message="promise resolved &quot;{ id: 3, …(5) }&quot; instead of rejecting" type="AssertionError">
AssertionError: promise resolved &quot;{ id: 3, …(5) }&quot; instead of rejecting

- Expected
+ Received

- Error {
-   &quot;message&quot;: &quot;rejected promise&quot;,
+ {
+   &quot;companyName&quot;: &quot;Test Company Ltd&quot;,
+   &quot;companyNumber&quot;: &quot;1234567&quot;,
+   &quot;companyType&quot;: &quot;LTD&quot;,
+   &quot;id&quot;: 3,
+   &quot;incorporationDate&quot;: &quot;2024-01-01&quot;,
+   &quot;nzbn&quot;: &quot;1234567890123&quot;,
  }

 ❯ src/services/__tests__/registrationService.test.ts:225:77
            </failure>
        </testcase>
        <testcase classname="src/services/__tests__/registrationService.test.ts" name="RegistrationService &gt; generateCompanyNumber &gt; generates a 9-digit company number" time="0.000524999">
        </testcase>
        <testcase classname="src/services/__tests__/registrationService.test.ts" name="RegistrationService &gt; generateCompanyNumber &gt; generates unique company numbers" time="0.001888951">
            <failure message="expected 94 to be 100 // Object.is equality" type="AssertionError">
AssertionError: expected 94 to be 100 // Object.is equality

- Expected
+ Received

- 100
+ 94

 ❯ src/services/__tests__/registrationService.test.ts:246:28
            </failure>
        </testcase>
        <testcase classname="src/services/__tests__/registrationService.test.ts" name="RegistrationService &gt; generateCompanyNumber &gt; generates numbers with timestamp component" time="0.000678299">
        </testcase>
        <testcase classname="src/services/__tests__/registrationService.test.ts" name="RegistrationService &gt; error handling &gt; handles malformed JSON response" time="0.007421628">
            <failure message="expected [Function] to throw error including &apos;Invalid JSON&apos; but got &apos;HTTP error! status: 404&apos;" type="AssertionError">
AssertionError: expected [Function] to throw error including &apos;Invalid JSON&apos; but got &apos;HTTP error! status: 404&apos;

Expected: &quot;Invalid JSON&quot;
Received: &quot;HTTP error! status: 404&quot;

 ❯ src/services/__tests__/registrationService.test.ts:273:7
            </failure>
        </testcase>
        <testcase classname="src/services/__tests__/registrationService.test.ts" name="RegistrationService &gt; error handling &gt; handles empty response" time="0.002393973">
            <failure message="HTTP error! status: 404" type="Error">
Error: HTTP error! status: 404
 ❯ RegistrationService.checkNameAvailability src/services/registrationService.ts:28:13
 ❯ src/services/__tests__/registrationService.test.ts:284:22
            </failure>
        </testcase>
    </testsuite>
</testsuites>
