<?xml version="1.0" encoding="UTF-8" ?>
<testsuites name="vitest tests" tests="75" failures="5" errors="0" time="11.788179263">
    <testsuite name="src/components/__tests__/CompanySearch.integration.test.tsx" timestamp="2025-07-16T19:57:26.513Z" hostname="FMNZ-C02D5HB1ML7H.local" tests="2" failures="0" errors="0" skipped="0" time="0.745148331">
        <testcase classname="src/components/__tests__/CompanySearch.integration.test.tsx" name="CompanySearch Integration Tests &gt; should integrate with store and service for end-to-end search flow" time="0.357005698">
        </testcase>
        <testcase classname="src/components/__tests__/CompanySearch.integration.test.tsx" name="CompanySearch Integration Tests &gt; should handle full search workflow with error recovery" time="0.382649577">
        </testcase>
    </testsuite>
    <testsuite name="src/components/__tests__/CompanySearch.test.tsx" timestamp="2025-07-16T19:57:26.514Z" hostname="FMNZ-C02D5HB1ML7H.local" tests="20" failures="0" errors="0" skipped="0" time="3.129627485">
        <testcase classname="src/components/__tests__/CompanySearch.test.tsx" name="CompanySearch &gt; Rendering &gt; should render search input with placeholder" time="0.05119196">
        </testcase>
        <testcase classname="src/components/__tests__/CompanySearch.test.tsx" name="CompanySearch &gt; Rendering &gt; should render search icon initially" time="0.080508417">
        </testcase>
        <testcase classname="src/components/__tests__/CompanySearch.test.tsx" name="CompanySearch &gt; Rendering &gt; should render with proper accessibility attributes" time="0.027696897">
        </testcase>
        <testcase classname="src/components/__tests__/CompanySearch.test.tsx" name="CompanySearch &gt; User Interaction &gt; should update input value when user types" time="0.128297212">
        </testcase>
        <testcase classname="src/components/__tests__/CompanySearch.test.tsx" name="CompanySearch &gt; User Interaction &gt; should show clear button when input has value" time="0.071809259">
        </testcase>
        <testcase classname="src/components/__tests__/CompanySearch.test.tsx" name="CompanySearch &gt; User Interaction &gt; should clear input when clear button is clicked" time="0.087700854">
        </testcase>
        <testcase classname="src/components/__tests__/CompanySearch.test.tsx" name="CompanySearch &gt; User Interaction &gt; should not show clear button when input is empty" time="0.002764302">
        </testcase>
        <testcase classname="src/components/__tests__/CompanySearch.test.tsx" name="CompanySearch &gt; Search Functionality &gt; should trigger search after debounce delay" time="0.358011418">
        </testcase>
        <testcase classname="src/components/__tests__/CompanySearch.test.tsx" name="CompanySearch &gt; Search Functionality &gt; should not trigger search for queries less than 2 characters" time="0.324828828">
        </testcase>
        <testcase classname="src/components/__tests__/CompanySearch.test.tsx" name="CompanySearch &gt; Search Functionality &gt; should clear search when input is empty" time="0.347400226">
        </testcase>
        <testcase classname="src/components/__tests__/CompanySearch.test.tsx" name="CompanySearch &gt; Search Functionality &gt; should show loading state during search" time="0.06942">
        </testcase>
        <testcase classname="src/components/__tests__/CompanySearch.test.tsx" name="CompanySearch &gt; Search Results Display &gt; should display search results when available" time="0.048583398">
        </testcase>
        <testcase classname="src/components/__tests__/CompanySearch.test.tsx" name="CompanySearch &gt; Search Results Display &gt; should display singular result text for single result" time="0.010730662">
        </testcase>
        <testcase classname="src/components/__tests__/CompanySearch.test.tsx" name="CompanySearch &gt; Search Results Display &gt; should display company details correctly" time="0.013242833">
        </testcase>
        <testcase classname="src/components/__tests__/CompanySearch.test.tsx" name="CompanySearch &gt; Search Results Display &gt; should handle company selection click" time="0.023883369">
        </testcase>
        <testcase classname="src/components/__tests__/CompanySearch.test.tsx" name="CompanySearch &gt; Search Results Display &gt; should display different status styles" time="0.015031564">
        </testcase>
        <testcase classname="src/components/__tests__/CompanySearch.test.tsx" name="CompanySearch &gt; Error Handling &gt; should handle search errors gracefully" time="0.342650573">
        </testcase>
        <testcase classname="src/components/__tests__/CompanySearch.test.tsx" name="CompanySearch &gt; Error Handling &gt; should handle network errors" time="0.372811169">
        </testcase>
        <testcase classname="src/components/__tests__/CompanySearch.test.tsx" name="CompanySearch &gt; Performance &gt; should debounce search requests" time="0.401300916">
        </testcase>
        <testcase classname="src/components/__tests__/CompanySearch.test.tsx" name="CompanySearch &gt; Performance &gt; should cancel previous search when new search is triggered" time="0.343388201">
        </testcase>
    </testsuite>
    <testsuite name="src/pages/__tests__/CompanyRegistration.test.tsx" timestamp="2025-07-16T19:57:26.521Z" hostname="FMNZ-C02D5HB1ML7H.local" tests="28" failures="5" errors="0" skipped="0" time="7.662293275">
        <testcase classname="src/pages/__tests__/CompanyRegistration.test.tsx" name="CompanyRegistration &gt; renders the registration form with all required fields" time="0.190752583">
        </testcase>
        <testcase classname="src/pages/__tests__/CompanyRegistration.test.tsx" name="CompanyRegistration &gt; has correct default values" time="0.020093114">
        </testcase>
        <testcase classname="src/pages/__tests__/CompanyRegistration.test.tsx" name="CompanyRegistration &gt; validates required fields" time="0.046089412">
        </testcase>
        <testcase classname="src/pages/__tests__/CompanyRegistration.test.tsx" name="CompanyRegistration &gt; validates share capital calculation" time="0.22619268">
        </testcase>
        <testcase classname="src/pages/__tests__/CompanyRegistration.test.tsx" name="CompanyRegistration &gt; validates positive values for share-related fields" time="0.098824488">
        </testcase>
        <testcase classname="src/pages/__tests__/CompanyRegistration.test.tsx" name="CompanyRegistration &gt; checks name availability when typing company name" time="1.600851609">
            <failure message="Unable to find an element with the text: ✓ Name is available. This could be because the text is broken up by multiple elements. In this case, you can provide a function for your text matcher to make your matcher more flexible.

Ignored nodes: comments, script, style
[36m&lt;body&gt;[39m
  [36m&lt;div&gt;[39m
    [36m&lt;div[39m
      [33mclass[39m=[32m&quot;min-h-screen bg-gradient-to-br from-blue-50 via-white to-green-50 py-12 px-4 sm:px-6 lg:px-8&quot;[39m
    [36m&gt;[39m
      [36m&lt;div[39m
        [33mclass[39m=[32m&quot;max-w-3xl mx-auto&quot;[39m
      [36m&gt;[39m
        [36m&lt;div[39m
          [33mclass[39m=[32m&quot;text-center mb-8&quot;[39m
        [36m&gt;[39m
          [36m&lt;div[39m
            [33mclass[39m=[32m&quot;flex items-center justify-center mb-4&quot;[39m
          [36m&gt;[39m
            [36m&lt;div[39m
              [33mclass[39m=[32m&quot;flex items-center justify-center w-16 h-16 bg-gradient-to-br from-blue-600 to-green-600 rounded-xl shadow-lg&quot;[39m
            [36m&gt;[39m
              [36m&lt;div[39m
                [33mdata-testid[39m=[32m&quot;building2-icon&quot;[39m
              [36m/&gt;[39m
            [36m&lt;/div&gt;[39m
          [36m&lt;/div&gt;[39m
          [36m&lt;h1[39m
            [33mclass[39m=[32m&quot;text-3xl font-bold text-gray-900 mb-2&quot;[39m
          [36m&gt;[39m
            [0mRegister a New Company[0m
          [36m&lt;/h1&gt;[39m
          [36m&lt;p[39m
            [33mclass[39m=[32m&quot;text-lg text-gray-600&quot;[39m
          [36m&gt;[39m
            [0mRegister your new company with the New Zealand Companies Office[0m
          [36m&lt;/p&gt;[39m
        [36m&lt;/div&gt;[39m
        [36m&lt;div[39m
          [33mclass[39m=[32m&quot;bg-white rounded-2xl shadow-xl p-8 border border-gray-100&quot;[39m
        [36m&gt;[39m
          [36m&lt;form[39m
            [33mclass[39m=[32m&quot;space-y-6&quot;[39m
          [36m&gt;[39m
            [36m&lt;div&gt;[39m
              [36m&lt;label[39m
                [33mclass[39m=[32m&quot;block text-sm font-medium text-gray-700 mb-2&quot;[39m
                [33mfor[39m=[32m&quot;companyName&quot;[39m
              [36m&gt;[39m
                [0mCompany Name *[0m
              [36m&lt;/label&gt;[39m
              [36m&lt;div[39m
                [33mclass[39m=[32m&quot;relative&quot;[39m
              [36m&gt;[39m
                [36m&lt;input[39m
                  [33mclass[39m=[32m&quot;w-full px-4 py-3 border rounded-lg focus:ring-2 focus:ring-blue-500 focus:border-transparent transition-colors border-gray-300&quot;[39m
                  [33mid[39m=[32m&quot;companyName&quot;[39m
                  [33mname[39m=[32m&quot;companyName&quot;[39m
                  [33mplaceholder[39m=[32m&quot;Enter company name&quot;[39m
                  [33mrequired[39m=[32m&quot;&quot;[39m
                  [33mtype[39m=[32m&quot;text&quot;[39m
                  [33mvalue[39m=[32m&quot;Test Company Ltd&quot;[39m
                [36m/&gt;[39m
                [36m&lt;div[39m
                  [33mclass[39m=[32m&quot;absolute right-3 top-1/2 transform -translate-y-1/2&quot;[39m
                [36m/&gt;[39m
              [36m&lt;/div&gt;[39m
            [36m&lt;/div&gt;[39m
            [36m&lt;div&gt;[39m
              [36m&lt;label[39m
                [33mclass[39m=[32m&quot;block text-sm font-medium text-gray-700 mb-2&quot;[39m
                [33mfor[39m=[32m&quot;companyType&quot;[39m
              [36m&gt;[39m
                [0mCompany Type *[0m
              [36m&lt;/label&gt;[39m
              [36m&lt;select[39m
                [33mclass[39m=[32m&quot;w-full px-4 py-3 border border-gray-300 rounded-lg focus:ring-2 focus:ring-blue-500 focus:border-transparent transition-colors&quot;[39m
                [33mid[39m=[32m&quot;companyType&quot;[39m
                [33mname[39m=[32m&quot;companyType&quot;[39m
                [33mrequired[39m=[32m&quot;&quot;[39m
              [36m&gt;[39m
                [36m&lt;option[39m
                  [33mvalue[39m=[32m&quot;LTD&quot;[39m
                [36m&gt;[39m
                  [0mLimited Company (Ltd)[0m
                [36m&lt;/option&gt;[39m
                [36m&lt;option[39m
                  [33mvalue[39m=[32m&quot;OVERSEAS&quot;[39m
                [36m&gt;[39m
                  [0mOverseas Company[0m
                [36m&lt;/option&gt;[39m
                [36m&lt;option[39m
                  [33mvalue[39m=[32m&quot;UNLIMITED&quot;[39m
                [36m&gt;[39m
                  [0mUnlimited Company[0m
                [36m&lt;/option&gt;[39m
              [36m&lt;/select&gt;[39m
            [36m&lt;/div&gt;[39m
            [36m&lt;div&gt;[39m
              [36m&lt;label[39m
                [33mclass[39m=[32m&quot;block text-sm font-medium text-gray-700 mb-2&quot;[39m
                [33mfor[39m=[32m&quot;incorporationDate&quot;[39m
              [36m&gt;[39m
                [0mIncorporation Date *[0m
              [36m&lt;/label&gt;[39m
              [36m&lt;input[39m
                [33mclass[39m=[32m&quot;w-full px-4 py-3 border rounded-lg focus:ring-2 focus:ring-blue-500 focus:border-transparent transition-colors border-gray-300&quot;[39m
                [33mid[39m=[32m&quot;incorporationDate&quot;[39m
                [33mname[39m=[32m&quot;incorporationDate&quot;[39m
                [33mrequired[39m=[32m&quot;&quot;[39m
                [33mtype[39m=[32m&quot;date&quot;[39m
                [33mvalue[39m=[32m&quot;&quot;[39m
              [36m/&gt;[39m
            [36m&lt;/div&gt;[39m
            [36m&lt;div&gt;[39m
              [36m&lt;label[39m
                [33mclass[39m=[32m&quot;block text-sm font-medium text-gray-700 mb-2&quot;[39m
                [33mfor[39m=[32m&quot;nzbn&quot;[39m
              [36m&gt;[39m
                [0mNZBN (Optional)[0m
              [36m&lt;/label&gt;[39m
              [36m&lt;input[39m
                [33mclass[39m=[32m&quot;w-full px-4 py-3 border border-gray-300 rounded-lg focus:ring-2 focus:ring-blue-500 focus:border-transparent transition-colors&quot;[39m
                [33mid[39m=[32m&quot;nzbn&quot;[39m
                [33mname[39m=[32m&quot;nzbn&quot;[39m
                [33mplaceholder[39m=[32m&quot;New Zealand Business Number&quot;[39m
                [33mtype[39m=[32m&quot;text&quot;[39m
                [33mvalue[39m=[32m&quot;&quot;[39m
              [36m/&gt;[39m
            [36m&lt;/div&gt;[39m
            [36m&lt;div&gt;[39m
              [36m&lt;label[39m
                [33mclass[39m=[32m&quot;block text-sm font-medium text-gray-700 mb-2&quot;[39m
                [33mfor[39m=[32m&quot;constitutionFile&quot;[39m
              [36m&gt;[39m
                [0mConstitution Document (Optional)[0m
              [36m&lt;/label&gt;[39m
              [36m&lt;p[39m
                [33mclass[39m=[32m&quot;text-sm text-gray-600 mb-3&quot;[39m
              [36m&gt;[39m
                [0mUpload the company constitution document (PDF, DOC, or DOCX format, max 5MB)[0m
              [36m&lt;/p&gt;[39m
              [36m&lt;div[39m
                [33mclass[39m=[32m&quot;relative border-2 border-dashed border-gray-300 rounded-lg p-6 text-center hover:border-blue-400 transition-colors&quot;[39m
              [36m&gt;[39m
                [36m&lt;div[39m
                  [33mclass[39m=[32m&quot;flex flex-col items-center&quot;[39m
                [36m&gt;[39m
                  [36m&lt;div[39m
                    [33mdata-testid[39m=[32m&quot;upload-icon&quot;[39m
                  [36m/&gt;[39m
                  [36m&lt;p[39m
                    [33mclass[39m=[32m&quot;text-sm text-gray-600 mb-2&quot;[39m
                  [36m&gt;[39m
                    [0mClick to upload or drag and drop[0m
                  [36m&lt;/p&gt;[39m
                  [36m&lt;p[39m
                    [33mclass[39m=[32m&quot;text-xs text-gray-500&quot;[39m
                  [36m&gt;[39m
                    [0mPDF, DOC, DOCX (max 5MB)[0m
                  [36m&lt;/p&gt;[39m
                [36m&lt;/div&gt;[39m
                [36m&lt;input[39m
                  [33maccept[39m=[32m&quot;.pdf,.doc,.docx&quot;[39m
                  [33mclass[39m=[32m&quot;absolute inset-0 w-full h-full opacity-0 cursor-pointer&quot;[39m
                  [33mid[39m=[32m&quot;constitutionFile&quot;[39m
                  [33mname[39m=[32m&quot;constitutionFile&quot;[39m
                  [33mtype[39m=[32m&quot;file&quot;[39m
                [36m/&gt;[39m
              [36m&lt;/div&gt;[39m
            [36m&lt;/div&gt;[39m
            [36m&lt;div[39m
              [33mclass[39m=[32m&quot;border-t pt-6&quot;[39m
            [36m&gt;[39m
              [36m&lt;h3[39m
                [33mclass[39m=[32m&quot;text-lg font-medium text-gray-900 mb-4&quot;[39m
              [36m&gt;[39m
                [0mShare Capital[0m
              [36m&lt;/h3&gt;[39m
              [36m&lt;div[39m
                [33mclass[39m=[32m&quot;grid grid-cols-1 md:grid-cols-3 gap-4&quot;[39m
              [36m&gt;[39m
                [36m&lt;div&gt;[39m
                  [36m&lt;label[39m
                    [33mclass[39m=[32m&quot;block text-sm font-medium text-gray-700 mb-2&quot;[39m
                    [33mfor[39m=[32m&quot;shareCapital&quot;[39m
                  [36m&gt;[39m
                    [0mShare Capital (NZD) *[0m
                  [36m&lt;/label&gt;[39m
                  [36m&lt;input[39m
                    [33mclass[39m=[32m&quot;w-full px-4 py-3 border rounded-lg focus:ring-2 focus:ring-blue-500 focus:border-transparent transition-colors border-gray-300&quot;[39m
                    [33mid[39m=[32m&quot;shareCapital&quot;[39m
                    [33mmin[39m=[32m&quot;0&quot;[39m
                    [33mname[39m=[32m&quot;shareCapital&quot;[39m
                    [33mrequired[39m=[32m&quot;&quot;[39m
                    [33mstep[39m=[32m&quot;0.01&quot;[39m
                    [33mtype[39m=[32m&quot;number&quot;[39m
                    [33mvalue[39m=[32m&quot;100&quot;[39m
                  [36m/&gt;[39m
                [36m&lt;/div&gt;[39m
                [36m&lt;div&gt;[39m
                  [36m&lt;label[39m
                    [33mclass[39m=[32m&quot;block text-sm font-medium text-gray-700 mb-2&quot;[39m
                    [33mfor[39m=[32m&quot;numberOfShares&quot;[39m
                  [36m&gt;[39m
                    [0mNumber of Shares *[0m
                  [36m&lt;/label&gt;[39m
                  [36m&lt;input[39m
                    [33mclass[39m=[32m&quot;w-full px-4 py-3 border rounded-lg focus:ring-2 focus:ring-blue-500 focus:border-transparent transition-colors border-gray-300&quot;[39m
                    [33mid[39m=[32m&quot;numberOfShares&quot;[39m
                    [33mmin[39m=[32m&quot;0&quot;[39m
                    [33mname[39m=[32m&quot;numberOfShares&quot;[39m
                    [33mrequired[39m=[32m&quot;&quot;[39m
                    [33mtype[39m=[32m&quot;number&quot;[39m
                    [33mvalue[39m=[32m&quot;100&quot;[39m
                  [36m/&gt;[39m
                [36m&lt;/div&gt;[39m
                [36m&lt;div&gt;[39m
                  [36m&lt;label[39m
                    [33mclass[39m=[32m&quot;block text-sm font-medium text-gray-700 mb-2&quot;[39m
                    [33mfor[39m=[32m&quot;shareValue&quot;[39m
                  [36m&gt;[39m
                    [0mValue per Share (NZD) *[0m
                  [36m&lt;/label&gt;[39m
                  [36m&lt;input[39m
                    [33mclass[39m=[32m&quot;w-full px-4 py-3 border rounded-lg focus:ring-2 focus:ring-blue-500 focus:border-transparent transition-colors border-gray-300&quot;[39m
                    [33mid[39m=[32m&quot;shareValue&quot;[39m
                    [33mmin[39m=[32m&quot;0&quot;[39m
                    [33mname[39m=[32m&quot;shareValue&quot;[39m
                    [33mrequired[39m=[32m&quot;&quot;[39m
                    [33mstep[39m=[32m&quot;0.01&quot;[39m
                    [33mtype[39m=[32m&quot;number&quot;[39m
                    [33mvalue[39m=[32m&quot;1&quot;[39m
                  [36m/&gt;[39m
                [36m&lt;/div&gt;[39m
              [36m&lt;/div&gt;[39m
            [36m&lt;/div&gt;[39m
            [36m&lt;div[39m
              [33mclass[39m=[32m&quot;pt-6&quot;[39m
            [36m&gt;[39m
              [36m&lt;button[39m
                [33mclass[39m=[32m&quot;w-full py-3 px-6 rounded-lg font-medium text-white transition-all duration-200 bg-gradient-to-r from-blue-600 to-green-600 hover:from-blue-700 hover:to-green-700 shadow-lg hover:shadow-xl&quot;[39m
                [33mtype[39m=[32m&quot;submit&quot;[39m
              [36m&gt;[39m
                [0mRegister Company[0m
              [36m&lt;/button&gt;[39m
            [36m&lt;/div&gt;[39m
          [36m&lt;/form&gt;[39m
        [36m&lt;/div&gt;[39m
      [36m&lt;/div&gt;[39m
    [36m&lt;/div&gt;[39m
  [36m&lt;/div&gt;[39m
[36m&lt;/body&gt;[39m

Ignored nodes: comments, script, style
[36m&lt;html&gt;[39m
  [36m&lt;head /&gt;[39m
  [36m&lt;body&gt;[39m
    [36m&lt;div&gt;[39m
      [36m&lt;div[39m
        [33mclass[39m=[32m&quot;min-h-screen bg-gradient-to-br from-blue-50 via-white to-green-50 py-12 px-4 sm:px-6 lg:px-8&quot;[39m
      [36m&gt;[39m
        [36m&lt;div[39m
          [33mclass[39m=[32m&quot;max-w-3xl mx-auto&quot;[39m
        [36m&gt;[39m
          [36m&lt;div[39m
            [33mclass[39m=[32m&quot;text-center mb-8&quot;[39m
          [36m&gt;[39m
            [36m&lt;div[39m
              [33mclass[39m=[32m&quot;flex items-center justify-center mb-4&quot;[39m
            [36m&gt;[39m
              [36m&lt;div[39m
                [33mclass[39m=[32m&quot;flex items-center justify-center w-16 h-16 bg-gradient-to-br from-blue-600 to-green-600 rounded-xl shadow-lg&quot;[39m
              [36m&gt;[39m
                [36m&lt;div[39m
                  [33mdata-testid[39m=[32m&quot;building2-icon&quot;[39m
                [36m/&gt;[39m
              [36m&lt;/div&gt;[39m
            [36m&lt;/div&gt;[39m
            [36m&lt;h1[39m
              [33mclass[39m=[32m&quot;text-3xl font-bold text-gray-900 mb-2&quot;[39m
            [36m&gt;[39m
              [0mRegister a New Company[0m
            [36m&lt;/h1&gt;[39m
            [36m&lt;p[39m
              [33mclass[39m=[32m&quot;text-lg text-gray-600&quot;[39m
            [36m&gt;[39m
              [0mRegister your new company with the New Zealand Companies Office[0m
            [36m&lt;/p&gt;[39m
          [36m&lt;/div&gt;[39m
          [36m&lt;div[39m
            [33mclass[39m=[32m&quot;bg-white rounded-2xl shadow-xl p-8 border border-gray-100&quot;[39m
          [36m&gt;[39m
            [36m&lt;form[39m
              [33mclass[39m=[32m&quot;space-y-6&quot;[39m
            [36m&gt;[39m
              [36m&lt;div&gt;[39m
                [36m&lt;label[39m
                  [33mclass[39m=[32m&quot;block text-sm font-medium text-gray-700 mb-2&quot;[39m
                  [33mfor[39m=[32m&quot;companyName&quot;[39m
                [36m&gt;[39m
                  [0mCompany Name *[0m
                [36m&lt;/label&gt;[39m
                [36m&lt;div[39m
                  [33mclass[39m=[32m&quot;relative&quot;[39m
                [36m&gt;[39m
                  [36m&lt;input[39m
                    [33mclass[39m=[32m&quot;w-full px-4 py-3 border rounded-lg focus:ring-2 focus:ring-blue-500 focus:border-transparent transition-colors border-gray-300&quot;[39m
                    [33mid[39m=[32m&quot;companyName&quot;[39m
                    [33mname[39m=[32m&quot;companyName&quot;[39m
                    [33mplaceholder[39m=[32m&quot;Enter company name&quot;[39m
                    [33mrequired[39m=[32m&quot;&quot;[39m
                    [33mtype[39m=[32m&quot;text&quot;[39m
                    [33mvalue[39m=[32m&quot;Test Company Ltd&quot;[39m
                  [36m/&gt;[39m
                  [36m&lt;div[39m
                    [33mclass[39m=[32m&quot;absolute right-3 top-1/2 transform -translate-y-1/2&quot;[39m
                  [36m/&gt;[39m
                [36m&lt;/div&gt;[39m
              [36m&lt;/div&gt;[39m
              [36m&lt;div&gt;[39m
                [36m&lt;label[39m
                  [33mclass[39m=[32m&quot;block text-sm font-medium text-gray-700 mb-2&quot;[39m
                  [33mfor[39m=[32m&quot;companyType&quot;[39m
                [36m&gt;[39m
                  [0mCompany Type *[0m
                [36m&lt;/label&gt;[39m
                [36m&lt;select[39m
                  [33mclass[39m=[32m&quot;w-full px-4 py-3 border border-gray-300 rounded-lg focus:ring-2 focus:ring-blue-500 focus:border-transparent transition-colors&quot;[39m
                  [33mid[39m=[32m&quot;companyType&quot;[39m
                  [33mname[39m=[32m&quot;companyType&quot;[39m
                  [33mrequired[39m=[32m&quot;&quot;[39m
                [36m&gt;[39m
                  [36m&lt;option[39m
                    [33mvalue[39m=[32m&quot;LTD&quot;[39m
                  [36m&gt;[39m
                    [0mLimited Company (Ltd)[0m
                  [36m&lt;/option&gt;[39m
                  [36m&lt;option[39m
                    [33mvalue[39m=[32m&quot;OVERSEAS&quot;[39m
                  [36m&gt;[39m
                    [0mOverseas Company[0m
                  [36m&lt;/option&gt;[39m
                  [36m&lt;option[39m
                    [33mvalue[39m=[32m&quot;UNLIMITED&quot;[39m
                  [36m&gt;[39m
                    [0mUnlimited Company[0m
                  [36m&lt;/option&gt;[39m
                [36m&lt;/select&gt;[39m
              [36m&lt;/div&gt;[39m
              [36m&lt;div&gt;[39m
                [36m&lt;label[39m
                  [33mclass[39m=[32m&quot;block text-sm font-medium text-gray-700 mb-2&quot;[39m
                  [33mfor[39m=[32m&quot;incorporationDate&quot;[39m
                [36m&gt;[39m
                  [0mIncorporation Date *[0m
                [36m&lt;/label&gt;[39m
                [36m&lt;input[39m
                  [33mclass[39m=[32m&quot;w-full px-4 py-3 border rounded-lg focus:ring-2 focus:ring-blue-500 focus:border-transparent transition-colors border-gray-300&quot;[39m
                  [33mid[39m=[32m&quot;incorporationDate&quot;[39m
                  [33mname[39m=[32m&quot;incorporationDate&quot;[39m
                  [33mrequired[39m=[32m&quot;&quot;[39m
                  [33mtype[39m=[32m&quot;date&quot;[39m
                  [33mvalue[39m=[32m&quot;&quot;[39m
                [36m/&gt;[39m
              [36m&lt;/div&gt;[39m
              [36m&lt;div&gt;[39m
                [36m&lt;label[39m
                  [33mclass[39m=[32m&quot;block text-sm font-medium text-gray-700 mb-2&quot;[39m
                  [33mfor[39m=[32m&quot;nzbn&quot;[39m
                [36m&gt;[39m
                  [0mNZBN (Optional)[0m
                [36m&lt;/label&gt;[39m
                [36m&lt;input[39m
                  [33mclass[39m=[32m&quot;w-full px-4 py-3 border border-gray-300 rounded-lg focus:ring-2 focus:ring-blue-500 focus:border-transparent transition-colors&quot;[39m
                  [33mid[39m=[32m&quot;nzbn&quot;[39m
                  [33mname[39m=[32m&quot;nzbn&quot;[39m
                  [33mplaceholder[39m=[32m&quot;New Zealand Business Number&quot;[39m
                  [33mtype[39m=[32m&quot;text&quot;[39m
                  [33mvalue[39m=[32m&quot;&quot;[39m
                [36m/&gt;[39m
              [36m&lt;/div&gt;[39m
              [36m&lt;div&gt;[39m
                [36m&lt;label[39m
                  [33mclass[39m=[32m&quot;block text-sm font-medium text-gray-700 mb-2&quot;[39m
                  [33mfor[39m=[32m&quot;constitutionFile&quot;[39m
                [36m&gt;[39m
                  [0mConstitution Document (Optional)[0m
                [36m&lt;/label&gt;[39m
                [36m&lt;p[39m
                  [33mclass[39m=[32m&quot;text-sm text-gray-600 mb-3&quot;[39m
                [36m&gt;[39m
                  [0mUpload the company constitution document (PDF, DOC, or DOCX format, max 5MB)[0m
                [36m&lt;/p&gt;[39m
                [36m&lt;div[39m
                  [33mclass[39m=[32m&quot;relative border-2 border-dashed border-gray-300 rounded-lg p-6 text-center hover:border-blue-400 transition-colors&quot;[39m
                [36m&gt;[39m
                  [36m&lt;div[39m
                    [33mclass[39m=[32m&quot;flex flex-col items-center&quot;[39m
                  [36m&gt;[39m
                    [36m&lt;div[39m
                      [33mdata-testid[39m=[32m&quot;upload-icon&quot;[39m
                    [36m/&gt;[39m
                    [36m&lt;p[39m
                      [33mclass[39m=[32m&quot;text-sm text-gray-600 mb-2&quot;[39m
                    [36m&gt;[39m
                      [0mClick to upload or drag and drop[0m
                    [36m&lt;/p&gt;[39m
                    [36m&lt;p[39m
                      [33mclass[39m=[32m&quot;text-xs text-gray-500&quot;[39m
                    [36m&gt;[39m
                      [0mPDF, DOC, DOCX (max 5MB)[0m
                    [36m&lt;/p&gt;[39m
                  [36m&lt;/div&gt;[39m
                  [36m&lt;input[39m
                    [33maccept[39m=[32m&quot;.pdf,.doc,.docx&quot;[39m
                    [33mclass[39m=[32m&quot;absolute inset-0 w-full h-full opacity-0 cursor-pointer&quot;[39m
                    [33mid[39m=[32m&quot;constitutionFile&quot;[39m
                    [33mname[39m=[32m&quot;constitutionFile&quot;[39m
                    [33mtype[39m=[32m&quot;file&quot;[39m
                  [36m/&gt;[39m
                [36m&lt;/div&gt;[39m
              [36m&lt;/div&gt;[39m
              [36m&lt;div[39m
                [33mclass[39m=[32m&quot;border-t pt-6&quot;[39m
              [36m&gt;[39m
                [36m&lt;h3[39m
                  [33mclass[39m=[32m&quot;text-lg font-medium text-gray-900 mb-4&quot;[39m
                [36m&gt;[39m
                  [0mShare Capital[0m
                [36m&lt;/h3&gt;[39m
                [36m&lt;div[39m
                  [33mclass[39m=[32m&quot;grid grid-cols-1 md:grid-cols-3 gap-4&quot;[39m
                [36m&gt;[39m
                  [36m&lt;div&gt;[39m
                    [36m&lt;label[39m
                      [33mclass[39m=[32m&quot;block text-sm font-medium text-gray-700 mb-2&quot;[39m
                      [33mfor[39m=[32m&quot;shareCapital&quot;[39m
                    [36m&gt;[39m
                      [0mShare Capital (NZD) *[0m
                    [36m&lt;/label&gt;[39m
                    [36m&lt;input[39m
                      [33mclass[39m=[32m&quot;w-full px-4 py-3 border rounded-lg focus:ring-2 focus:ring-blue-500 focus:border-transparent transition-colors border-gray-300&quot;[39m
                      [33mid[39m=[32m&quot;shareCapital&quot;[39m
                      [33mmin[39m=[32m&quot;0&quot;[39m
                      [33mname[39m=[32m&quot;shareCapital&quot;[39m
                      [33mrequired[39m=[32m&quot;&quot;[39m
                      [33mstep[39m=[32m&quot;0.01&quot;[39m
                      [33mtype[39m=[32m&quot;number&quot;[39m
                      [33mvalue[39m=[32m&quot;100&quot;[39m
                    [36m/&gt;[39m
                  [36m&lt;/div&gt;[39m
                  [36m&lt;div&gt;[39m
                    [36m&lt;label[39m
                      [33mclass[39m=[32m&quot;block text-sm font-medium text-gray-700 mb-2&quot;[39m
                      [33mfor[39m=[32m&quot;numberOfShares&quot;[39m
                    [36m&gt;[39m
                      [0mNumber of Shares *[0m
                    [36m&lt;/label&gt;[39m
                    [36m&lt;input[39m
                      [33mclass[39m=[32m&quot;w-full px-4 py-3 border rounded-lg focus:ring-2 focus:ring-blue-500 focus:border-transparent transition-colors border-gray-300&quot;[39m
                      [33mid[39m=[32m&quot;numberOfShares&quot;[39m
                      [33mmin[39m=[32m&quot;0&quot;[39m
                      [33mname[39m=[32m&quot;numberOfShares&quot;[39m
                      [33mrequired[39m=[32m&quot;&quot;[39m
                      [33mtype[39m=[32m&quot;number&quot;[39m
                      [33mvalue[39m=[32m&quot;100&quot;[39m
                    [36m/&gt;[39m
                  [36m&lt;/div&gt;[39m
                  [36m&lt;div&gt;[39m
                    [36m&lt;label[39m
                      [33mclass[39m=[32m&quot;block text-sm font-medium text-gray-700 mb-2&quot;[39m
                      [33mfor[39m=[32m&quot;shareValue&quot;[39m
                    [36m&gt;[39m
                      [0mValue per Share (NZD) *[0m
                    [36m&lt;/label&gt;[39m
                    [36m&lt;input[39m
                      [33mclass[39m=[32m&quot;w-full px-4 py-3 border rounded-lg focus:ring-2 focus:ring-blue-500 focus:border-transparent transition-colors border-gray-300&quot;[39m
                      [33mid[39m=[32m&quot;shareValue&quot;[39m
                      [33mmin[39m=[32m&quot;0&quot;[39m
                      [33mname[39m=[32m&quot;shareValue&quot;[39m
                      [33mrequired[39m=[32m&quot;&quot;[39m
                      [33mstep[39m=[32m&quot;0.01&quot;[39m
                      [33mtype[39m=[32m&quot;number&quot;[39m
                      [33mvalue[39m=[32m&quot;1&quot;[39m
                    [36m/&gt;[39m
                  [36m&lt;/div&gt;[39m
                [36m&lt;/div&gt;[39m
              [36m&lt;/div&gt;[39m
              [36m&lt;div[39m
                [33mclass[39m=[32m&quot;pt-6&quot;[39m
              [36m&gt;[39m
                [36m&lt;button[39m
                  [33mclass[39m=[32m&quot;w-full py-3 px-6 rounded-lg font-medium text-white transition-all duration-200 bg-gradient-to-r from-blue-600 to-green-600 hover:from-blue-700 hover:to-green-700 shadow-lg hover:shadow-xl&quot;[39m
                  [33mtype[39m=[32m&quot;submit&quot;[39m
                [36m&gt;[39m
                  [0mRegister Company[0m
                [36m&lt;/button&gt;[39m
              [36m&lt;/div&gt;[39m
            [36m&lt;/form&gt;[39m
          [36m&lt;/div&gt;[39m
        [36m&lt;/div&gt;[39m
      [36m&lt;/div&gt;[39m
    [36m&lt;/div&gt;[39m
  [36m&lt;/body&gt;[39m
[36m&lt;/html&gt;[39m" type="TestingLibraryElementError">
TestingLibraryElementError: Unable to find an element with the text: ✓ Name is available. This could be because the text is broken up by multiple elements. In this case, you can provide a function for your text matcher to make your matcher more flexible.

Ignored nodes: comments, script, style
&lt;body&gt;
  &lt;div&gt;
    &lt;div
      class=&quot;min-h-screen bg-gradient-to-br from-blue-50 via-white to-green-50 py-12 px-4 sm:px-6 lg:px-8&quot;
    &gt;
      &lt;div
        class=&quot;max-w-3xl mx-auto&quot;
      &gt;
        &lt;div
          class=&quot;text-center mb-8&quot;
        &gt;
          &lt;div
            class=&quot;flex items-center justify-center mb-4&quot;
          &gt;
            &lt;div
              class=&quot;flex items-center justify-center w-16 h-16 bg-gradient-to-br from-blue-600 to-green-600 rounded-xl shadow-lg&quot;
            &gt;
              &lt;div
                data-testid=&quot;building2-icon&quot;
              /&gt;
            &lt;/div&gt;
          &lt;/div&gt;
          &lt;h1
            class=&quot;text-3xl font-bold text-gray-900 mb-2&quot;
          &gt;
            Register a New Company
          &lt;/h1&gt;
          &lt;p
            class=&quot;text-lg text-gray-600&quot;
          &gt;
            Register your new company with the New Zealand Companies Office
          &lt;/p&gt;
        &lt;/div&gt;
        &lt;div
          class=&quot;bg-white rounded-2xl shadow-xl p-8 border border-gray-100&quot;
        &gt;
          &lt;form
            class=&quot;space-y-6&quot;
          &gt;
            &lt;div&gt;
              &lt;label
                class=&quot;block text-sm font-medium text-gray-700 mb-2&quot;
                for=&quot;companyName&quot;
              &gt;
                Company Name *
              &lt;/label&gt;
              &lt;div
                class=&quot;relative&quot;
              &gt;
                &lt;input
                  class=&quot;w-full px-4 py-3 border rounded-lg focus:ring-2 focus:ring-blue-500 focus:border-transparent transition-colors border-gray-300&quot;
                  id=&quot;companyName&quot;
                  name=&quot;companyName&quot;
                  placeholder=&quot;Enter company name&quot;
                  required=&quot;&quot;
                  type=&quot;text&quot;
                  value=&quot;Test Company Ltd&quot;
                /&gt;
                &lt;div
                  class=&quot;absolute right-3 top-1/2 transform -translate-y-1/2&quot;
                /&gt;
              &lt;/div&gt;
            &lt;/div&gt;
            &lt;div&gt;
              &lt;label
                class=&quot;block text-sm font-medium text-gray-700 mb-2&quot;
                for=&quot;companyType&quot;
              &gt;
                Company Type *
              &lt;/label&gt;
              &lt;select
                class=&quot;w-full px-4 py-3 border border-gray-300 rounded-lg focus:ring-2 focus:ring-blue-500 focus:border-transparent transition-colors&quot;
                id=&quot;companyType&quot;
                name=&quot;companyType&quot;
                required=&quot;&quot;
              &gt;
                &lt;option
                  value=&quot;LTD&quot;
                &gt;
                  Limited Company (Ltd)
                &lt;/option&gt;
                &lt;option
                  value=&quot;OVERSEAS&quot;
                &gt;
                  Overseas Company
                &lt;/option&gt;
                &lt;option
                  value=&quot;UNLIMITED&quot;
                &gt;
                  Unlimited Company
                &lt;/option&gt;
              &lt;/select&gt;
            &lt;/div&gt;
            &lt;div&gt;
              &lt;label
                class=&quot;block text-sm font-medium text-gray-700 mb-2&quot;
                for=&quot;incorporationDate&quot;
              &gt;
                Incorporation Date *
              &lt;/label&gt;
              &lt;input
                class=&quot;w-full px-4 py-3 border rounded-lg focus:ring-2 focus:ring-blue-500 focus:border-transparent transition-colors border-gray-300&quot;
                id=&quot;incorporationDate&quot;
                name=&quot;incorporationDate&quot;
                required=&quot;&quot;
                type=&quot;date&quot;
                value=&quot;&quot;
              /&gt;
            &lt;/div&gt;
            &lt;div&gt;
              &lt;label
                class=&quot;block text-sm font-medium text-gray-700 mb-2&quot;
                for=&quot;nzbn&quot;
              &gt;
                NZBN (Optional)
              &lt;/label&gt;
              &lt;input
                class=&quot;w-full px-4 py-3 border border-gray-300 rounded-lg focus:ring-2 focus:ring-blue-500 focus:border-transparent transition-colors&quot;
                id=&quot;nzbn&quot;
                name=&quot;nzbn&quot;
                placeholder=&quot;New Zealand Business Number&quot;
                type=&quot;text&quot;
                value=&quot;&quot;
              /&gt;
            &lt;/div&gt;
            &lt;div&gt;
              &lt;label
                class=&quot;block text-sm font-medium text-gray-700 mb-2&quot;
                for=&quot;constitutionFile&quot;
              &gt;
                Constitution Document (Optional)
              &lt;/label&gt;
              &lt;p
                class=&quot;text-sm text-gray-600 mb-3&quot;
              &gt;
                Upload the company constitution document (PDF, DOC, or DOCX format, max 5MB)
              &lt;/p&gt;
              &lt;div
                class=&quot;relative border-2 border-dashed border-gray-300 rounded-lg p-6 text-center hover:border-blue-400 transition-colors&quot;
              &gt;
                &lt;div
                  class=&quot;flex flex-col items-center&quot;
                &gt;
                  &lt;div
                    data-testid=&quot;upload-icon&quot;
                  /&gt;
                  &lt;p
                    class=&quot;text-sm text-gray-600 mb-2&quot;
                  &gt;
                    Click to upload or drag and drop
                  &lt;/p&gt;
                  &lt;p
                    class=&quot;text-xs text-gray-500&quot;
                  &gt;
                    PDF, DOC, DOCX (max 5MB)
                  &lt;/p&gt;
                &lt;/div&gt;
                &lt;input
                  accept=&quot;.pdf,.doc,.docx&quot;
                  class=&quot;absolute inset-0 w-full h-full opacity-0 cursor-pointer&quot;
                  id=&quot;constitutionFile&quot;
                  name=&quot;constitutionFile&quot;
                  type=&quot;file&quot;
                /&gt;
              &lt;/div&gt;
            &lt;/div&gt;
            &lt;div
              class=&quot;border-t pt-6&quot;
            &gt;
              &lt;h3
                class=&quot;text-lg font-medium text-gray-900 mb-4&quot;
              &gt;
                Share Capital
              &lt;/h3&gt;
              &lt;div
                class=&quot;grid grid-cols-1 md:grid-cols-3 gap-4&quot;
              &gt;
                &lt;div&gt;
                  &lt;label
                    class=&quot;block text-sm font-medium text-gray-700 mb-2&quot;
                    for=&quot;shareCapital&quot;
                  &gt;
                    Share Capital (NZD) *
                  &lt;/label&gt;
                  &lt;input
                    class=&quot;w-full px-4 py-3 border rounded-lg focus:ring-2 focus:ring-blue-500 focus:border-transparent transition-colors border-gray-300&quot;
                    id=&quot;shareCapital&quot;
                    min=&quot;0&quot;
                    name=&quot;shareCapital&quot;
                    required=&quot;&quot;
                    step=&quot;0.01&quot;
                    type=&quot;number&quot;
                    value=&quot;100&quot;
                  /&gt;
                &lt;/div&gt;
                &lt;div&gt;
                  &lt;label
                    class=&quot;block text-sm font-medium text-gray-700 mb-2&quot;
                    for=&quot;numberOfShares&quot;
                  &gt;
                    Number of Shares *
                  &lt;/label&gt;
                  &lt;input
                    class=&quot;w-full px-4 py-3 border rounded-lg focus:ring-2 focus:ring-blue-500 focus:border-transparent transition-colors border-gray-300&quot;
                    id=&quot;numberOfShares&quot;
                    min=&quot;0&quot;
                    name=&quot;numberOfShares&quot;
                    required=&quot;&quot;
                    type=&quot;number&quot;
                    value=&quot;100&quot;
                  /&gt;
                &lt;/div&gt;
                &lt;div&gt;
                  &lt;label
                    class=&quot;block text-sm font-medium text-gray-700 mb-2&quot;
                    for=&quot;shareValue&quot;
                  &gt;
                    Value per Share (NZD) *
                  &lt;/label&gt;
                  &lt;input
                    class=&quot;w-full px-4 py-3 border rounded-lg focus:ring-2 focus:ring-blue-500 focus:border-transparent transition-colors border-gray-300&quot;
                    id=&quot;shareValue&quot;
                    min=&quot;0&quot;
                    name=&quot;shareValue&quot;
                    required=&quot;&quot;
                    step=&quot;0.01&quot;
                    type=&quot;number&quot;
                    value=&quot;1&quot;
                  /&gt;
                &lt;/div&gt;
              &lt;/div&gt;
            &lt;/div&gt;
            &lt;div
              class=&quot;pt-6&quot;
            &gt;
              &lt;button
                class=&quot;w-full py-3 px-6 rounded-lg font-medium text-white transition-all duration-200 bg-gradient-to-r from-blue-600 to-green-600 hover:from-blue-700 hover:to-green-700 shadow-lg hover:shadow-xl&quot;
                type=&quot;submit&quot;
              &gt;
                Register Company
              &lt;/button&gt;
            &lt;/div&gt;
          &lt;/form&gt;
        &lt;/div&gt;
      &lt;/div&gt;
    &lt;/div&gt;
  &lt;/div&gt;
&lt;/body&gt;

Ignored nodes: comments, script, style
&lt;html&gt;
  &lt;head /&gt;
  &lt;body&gt;
    &lt;div&gt;
      &lt;div
        class=&quot;min-h-screen bg-gradient-to-br from-blue-50 via-white to-green-50 py-12 px-4 sm:px-6 lg:px-8&quot;
      &gt;
        &lt;div
          class=&quot;max-w-3xl mx-auto&quot;
        &gt;
          &lt;div
            class=&quot;text-center mb-8&quot;
          &gt;
            &lt;div
              class=&quot;flex items-center justify-center mb-4&quot;
            &gt;
              &lt;div
                class=&quot;flex items-center justify-center w-16 h-16 bg-gradient-to-br from-blue-600 to-green-600 rounded-xl shadow-lg&quot;
              &gt;
                &lt;div
                  data-testid=&quot;building2-icon&quot;
                /&gt;
              &lt;/div&gt;
            &lt;/div&gt;
            &lt;h1
              class=&quot;text-3xl font-bold text-gray-900 mb-2&quot;
            &gt;
              Register a New Company
            &lt;/h1&gt;
            &lt;p
              class=&quot;text-lg text-gray-600&quot;
            &gt;
              Register your new company with the New Zealand Companies Office
            &lt;/p&gt;
          &lt;/div&gt;
          &lt;div
            class=&quot;bg-white rounded-2xl shadow-xl p-8 border border-gray-100&quot;
          &gt;
            &lt;form
              class=&quot;space-y-6&quot;
            &gt;
              &lt;div&gt;
                &lt;label
                  class=&quot;block text-sm font-medium text-gray-700 mb-2&quot;
                  for=&quot;companyName&quot;
                &gt;
                  Company Name *
                &lt;/label&gt;
                &lt;div
                  class=&quot;relative&quot;
                &gt;
                  &lt;input
                    class=&quot;w-full px-4 py-3 border rounded-lg focus:ring-2 focus:ring-blue-500 focus:border-transparent transition-colors border-gray-300&quot;
                    id=&quot;companyName&quot;
                    name=&quot;companyName&quot;
                    placeholder=&quot;Enter company name&quot;
                    required=&quot;&quot;
                    type=&quot;text&quot;
                    value=&quot;Test Company Ltd&quot;
                  /&gt;
                  &lt;div
                    class=&quot;absolute right-3 top-1/2 transform -translate-y-1/2&quot;
                  /&gt;
                &lt;/div&gt;
              &lt;/div&gt;
              &lt;div&gt;
                &lt;label
                  class=&quot;block text-sm font-medium text-gray-700 mb-2&quot;
                  for=&quot;companyType&quot;
                &gt;
                  Company Type *
                &lt;/label&gt;
                &lt;select
                  class=&quot;w-full px-4 py-3 border border-gray-300 rounded-lg focus:ring-2 focus:ring-blue-500 focus:border-transparent transition-colors&quot;
                  id=&quot;companyType&quot;
                  name=&quot;companyType&quot;
                  required=&quot;&quot;
                &gt;
                  &lt;option
                    value=&quot;LTD&quot;
                  &gt;
                    Limited Company (Ltd)
                  &lt;/option&gt;
                  &lt;option
                    value=&quot;OVERSEAS&quot;
                  &gt;
                    Overseas Company
                  &lt;/option&gt;
                  &lt;option
                    value=&quot;UNLIMITED&quot;
                  &gt;
                    Unlimited Company
                  &lt;/option&gt;
                &lt;/select&gt;
              &lt;/div&gt;
              &lt;div&gt;
                &lt;label
                  class=&quot;block text-sm font-medium text-gray-700 mb-2&quot;
                  for=&quot;incorporationDate&quot;
                &gt;
                  Incorporation Date *
                &lt;/label&gt;
                &lt;input
                  class=&quot;w-full px-4 py-3 border rounded-lg focus:ring-2 focus:ring-blue-500 focus:border-transparent transition-colors border-gray-300&quot;
                  id=&quot;incorporationDate&quot;
                  name=&quot;incorporationDate&quot;
                  required=&quot;&quot;
                  type=&quot;date&quot;
                  value=&quot;&quot;
                /&gt;
              &lt;/div&gt;
              &lt;div&gt;
                &lt;label
                  class=&quot;block text-sm font-medium text-gray-700 mb-2&quot;
                  for=&quot;nzbn&quot;
                &gt;
                  NZBN (Optional)
                &lt;/label&gt;
                &lt;input
                  class=&quot;w-full px-4 py-3 border border-gray-300 rounded-lg focus:ring-2 focus:ring-blue-500 focus:border-transparent transition-colors&quot;
                  id=&quot;nzbn&quot;
                  name=&quot;nzbn&quot;
                  placeholder=&quot;New Zealand Business Number&quot;
                  type=&quot;text&quot;
                  value=&quot;&quot;
                /&gt;
              &lt;/div&gt;
              &lt;div&gt;
                &lt;label
                  class=&quot;block text-sm font-medium text-gray-700 mb-2&quot;
                  for=&quot;constitutionFile&quot;
                &gt;
                  Constitution Document (Optional)
                &lt;/label&gt;
                &lt;p
                  class=&quot;text-sm text-gray-600 mb-3&quot;
                &gt;
                  Upload the company constitution document (PDF, DOC, or DOCX format, max 5MB)
                &lt;/p&gt;
                &lt;div
                  class=&quot;relative border-2 border-dashed border-gray-300 rounded-lg p-6 text-center hover:border-blue-400 transition-colors&quot;
                &gt;
                  &lt;div
                    class=&quot;flex flex-col items-center&quot;
                  &gt;
                    &lt;div
                      data-testid=&quot;upload-icon&quot;
                    /&gt;
                    &lt;p
                      class=&quot;text-sm text-gray-600 mb-2&quot;
                    &gt;
                      Click to upload or drag and drop
                    &lt;/p&gt;
                    &lt;p
                      class=&quot;text-xs text-gray-500&quot;
                    &gt;
                      PDF, DOC, DOCX (max 5MB)
                    &lt;/p&gt;
                  &lt;/div&gt;
                  &lt;input
                    accept=&quot;.pdf,.doc,.docx&quot;
                    class=&quot;absolute inset-0 w-full h-full opacity-0 cursor-pointer&quot;
                    id=&quot;constitutionFile&quot;
                    name=&quot;constitutionFile&quot;
                    type=&quot;file&quot;
                  /&gt;
                &lt;/div&gt;
              &lt;/div&gt;
              &lt;div
                class=&quot;border-t pt-6&quot;
              &gt;
                &lt;h3
                  class=&quot;text-lg font-medium text-gray-900 mb-4&quot;
                &gt;
                  Share Capital
                &lt;/h3&gt;
                &lt;div
                  class=&quot;grid grid-cols-1 md:grid-cols-3 gap-4&quot;
                &gt;
                  &lt;div&gt;
                    &lt;label
                      class=&quot;block text-sm font-medium text-gray-700 mb-2&quot;
                      for=&quot;shareCapital&quot;
                    &gt;
                      Share Capital (NZD) *
                    &lt;/label&gt;
                    &lt;input
                      class=&quot;w-full px-4 py-3 border rounded-lg focus:ring-2 focus:ring-blue-500 focus:border-transparent transition-colors border-gray-300&quot;
                      id=&quot;shareCapital&quot;
                      min=&quot;0&quot;
                      name=&quot;shareCapital&quot;
                      required=&quot;&quot;
                      step=&quot;0.01&quot;
                      type=&quot;number&quot;
                      value=&quot;100&quot;
                    /&gt;
                  &lt;/div&gt;
                  &lt;div&gt;
                    &lt;label
                      class=&quot;block text-sm font-medium text-gray-700 mb-2&quot;
                      for=&quot;numberOfShares&quot;
                    &gt;
                      Number of Shares *
                    &lt;/label&gt;
                    &lt;input
                      class=&quot;w-full px-4 py-3 border rounded-lg focus:ring-2 focus:ring-blue-500 focus:border-transparent transition-colors border-gray-300&quot;
                      id=&quot;numberOfShares&quot;
                      min=&quot;0&quot;
                      name=&quot;numberOfShares&quot;
                      required=&quot;&quot;
                      type=&quot;number&quot;
                      value=&quot;100&quot;
                    /&gt;
                  &lt;/div&gt;
                  &lt;div&gt;
                    &lt;label
                      class=&quot;block text-sm font-medium text-gray-700 mb-2&quot;
                      for=&quot;shareValue&quot;
                    &gt;
                      Value per Share (NZD) *
                    &lt;/label&gt;
                    &lt;input
                      class=&quot;w-full px-4 py-3 border rounded-lg focus:ring-2 focus:ring-blue-500 focus:border-transparent transition-colors border-gray-300&quot;
                      id=&quot;shareValue&quot;
                      min=&quot;0&quot;
                      name=&quot;shareValue&quot;
                      required=&quot;&quot;
                      step=&quot;0.01&quot;
                      type=&quot;number&quot;
                      value=&quot;1&quot;
                    /&gt;
                  &lt;/div&gt;
                &lt;/div&gt;
              &lt;/div&gt;
              &lt;div
                class=&quot;pt-6&quot;
              &gt;
                &lt;button
                  class=&quot;w-full py-3 px-6 rounded-lg font-medium text-white transition-all duration-200 bg-gradient-to-r from-blue-600 to-green-600 hover:from-blue-700 hover:to-green-700 shadow-lg hover:shadow-xl&quot;
                  type=&quot;submit&quot;
                &gt;
                  Register Company
                &lt;/button&gt;
              &lt;/div&gt;
            &lt;/form&gt;
          &lt;/div&gt;
        &lt;/div&gt;
      &lt;/div&gt;
    &lt;/div&gt;
  &lt;/body&gt;
&lt;/html&gt;
 ❯ Proxy.waitForWrapper node_modules/@testing-library/dom/dist/wait-for.js:163:27
 ❯ src/pages/__tests__/CompanyRegistration.test.tsx:194:11
            </failure>
        </testcase>
        <testcase classname="src/pages/__tests__/CompanyRegistration.test.tsx" name="CompanyRegistration &gt; shows error when company name is not available" time="1.630395944">
            <system-err>
Error: Not implemented: window.alert
    at module.exports (/Users/ianrandall/code/nz_reg_test/frontend/node_modules/jsdom/lib/jsdom/browser/not-implemented.js:9:17)
    at /Users/ianrandall/code/nz_reg_test/frontend/node_modules/jsdom/lib/jsdom/browser/Window.js:960:7
    at handleSubmit (/Users/ianrandall/code/nz_reg_test/frontend/src/pages/CompanyRegistration.tsx:204:7) [90mundefined[39m

            </system-err>
            <failure message="Unable to find an element with the text: Company name is not available. This could be because the text is broken up by multiple elements. In this case, you can provide a function for your text matcher to make your matcher more flexible.

Ignored nodes: comments, script, style
[36m&lt;body&gt;[39m
  [36m&lt;div&gt;[39m
    [36m&lt;div[39m
      [33mclass[39m=[32m&quot;min-h-screen bg-gradient-to-br from-blue-50 via-white to-green-50 py-12 px-4 sm:px-6 lg:px-8&quot;[39m
    [36m&gt;[39m
      [36m&lt;div[39m
        [33mclass[39m=[32m&quot;max-w-3xl mx-auto&quot;[39m
      [36m&gt;[39m
        [36m&lt;div[39m
          [33mclass[39m=[32m&quot;text-center mb-8&quot;[39m
        [36m&gt;[39m
          [36m&lt;div[39m
            [33mclass[39m=[32m&quot;flex items-center justify-center mb-4&quot;[39m
          [36m&gt;[39m
            [36m&lt;div[39m
              [33mclass[39m=[32m&quot;flex items-center justify-center w-16 h-16 bg-gradient-to-br from-blue-600 to-green-600 rounded-xl shadow-lg&quot;[39m
            [36m&gt;[39m
              [36m&lt;div[39m
                [33mdata-testid[39m=[32m&quot;building2-icon&quot;[39m
              [36m/&gt;[39m
            [36m&lt;/div&gt;[39m
          [36m&lt;/div&gt;[39m
          [36m&lt;h1[39m
            [33mclass[39m=[32m&quot;text-3xl font-bold text-gray-900 mb-2&quot;[39m
          [36m&gt;[39m
            [0mRegister a New Company[0m
          [36m&lt;/h1&gt;[39m
          [36m&lt;p[39m
            [33mclass[39m=[32m&quot;text-lg text-gray-600&quot;[39m
          [36m&gt;[39m
            [0mRegister your new company with the New Zealand Companies Office[0m
          [36m&lt;/p&gt;[39m
        [36m&lt;/div&gt;[39m
        [36m&lt;div[39m
          [33mclass[39m=[32m&quot;bg-white rounded-2xl shadow-xl p-8 border border-gray-100&quot;[39m
        [36m&gt;[39m
          [36m&lt;form[39m
            [33mclass[39m=[32m&quot;space-y-6&quot;[39m
          [36m&gt;[39m
            [36m&lt;div&gt;[39m
              [36m&lt;label[39m
                [33mclass[39m=[32m&quot;block text-sm font-medium text-gray-700 mb-2&quot;[39m
                [33mfor[39m=[32m&quot;companyName&quot;[39m
              [36m&gt;[39m
                [0mCompany Name *[0m
              [36m&lt;/label&gt;[39m
              [36m&lt;div[39m
                [33mclass[39m=[32m&quot;relative&quot;[39m
              [36m&gt;[39m
                [36m&lt;input[39m
                  [33mclass[39m=[32m&quot;w-full px-4 py-3 border rounded-lg focus:ring-2 focus:ring-blue-500 focus:border-transparent transition-colors border-gray-300&quot;[39m
                  [33mid[39m=[32m&quot;companyName&quot;[39m
                  [33mname[39m=[32m&quot;companyName&quot;[39m
                  [33mplaceholder[39m=[32m&quot;Enter company name&quot;[39m
                  [33mrequired[39m=[32m&quot;&quot;[39m
                  [33mtype[39m=[32m&quot;text&quot;[39m
                  [33mvalue[39m=[32m&quot;Existing Company&quot;[39m
                [36m/&gt;[39m
                [36m&lt;div[39m
                  [33mclass[39m=[32m&quot;absolute right-3 top-1/2 transform -translate-y-1/2&quot;[39m
                [36m/&gt;[39m
              [36m&lt;/div&gt;[39m
            [36m&lt;/div&gt;[39m
            [36m&lt;div&gt;[39m
              [36m&lt;label[39m
                [33mclass[39m=[32m&quot;block text-sm font-medium text-gray-700 mb-2&quot;[39m
                [33mfor[39m=[32m&quot;companyType&quot;[39m
              [36m&gt;[39m
                [0mCompany Type *[0m
              [36m&lt;/label&gt;[39m
              [36m&lt;select[39m
                [33mclass[39m=[32m&quot;w-full px-4 py-3 border border-gray-300 rounded-lg focus:ring-2 focus:ring-blue-500 focus:border-transparent transition-colors&quot;[39m
                [33mid[39m=[32m&quot;companyType&quot;[39m
                [33mname[39m=[32m&quot;companyType&quot;[39m
                [33mrequired[39m=[32m&quot;&quot;[39m
              [36m&gt;[39m
                [36m&lt;option[39m
                  [33mvalue[39m=[32m&quot;LTD&quot;[39m
                [36m&gt;[39m
                  [0mLimited Company (Ltd)[0m
                [36m&lt;/option&gt;[39m
                [36m&lt;option[39m
                  [33mvalue[39m=[32m&quot;OVERSEAS&quot;[39m
                [36m&gt;[39m
                  [0mOverseas Company[0m
                [36m&lt;/option&gt;[39m
                [36m&lt;option[39m
                  [33mvalue[39m=[32m&quot;UNLIMITED&quot;[39m
                [36m&gt;[39m
                  [0mUnlimited Company[0m
                [36m&lt;/option&gt;[39m
              [36m&lt;/select&gt;[39m
            [36m&lt;/div&gt;[39m
            [36m&lt;div&gt;[39m
              [36m&lt;label[39m
                [33mclass[39m=[32m&quot;block text-sm font-medium text-gray-700 mb-2&quot;[39m
                [33mfor[39m=[32m&quot;incorporationDate&quot;[39m
              [36m&gt;[39m
                [0mIncorporation Date *[0m
              [36m&lt;/label&gt;[39m
              [36m&lt;input[39m
                [33mclass[39m=[32m&quot;w-full px-4 py-3 border rounded-lg focus:ring-2 focus:ring-blue-500 focus:border-transparent transition-colors border-gray-300&quot;[39m
                [33mid[39m=[32m&quot;incorporationDate&quot;[39m
                [33mname[39m=[32m&quot;incorporationDate&quot;[39m
                [33mrequired[39m=[32m&quot;&quot;[39m
                [33mtype[39m=[32m&quot;date&quot;[39m
                [33mvalue[39m=[32m&quot;2024-01-01&quot;[39m
              [36m/&gt;[39m
            [36m&lt;/div&gt;[39m
            [36m&lt;div&gt;[39m
              [36m&lt;label[39m
                [33mclass[39m=[32m&quot;block text-sm font-medium text-gray-700 mb-2&quot;[39m
                [33mfor[39m=[32m&quot;nzbn&quot;[39m
              [36m&gt;[39m
                [0mNZBN (Optional)[0m
              [36m&lt;/label&gt;[39m
              [36m&lt;input[39m
                [33mclass[39m=[32m&quot;w-full px-4 py-3 border border-gray-300 rounded-lg focus:ring-2 focus:ring-blue-500 focus:border-transparent transition-colors&quot;[39m
                [33mid[39m=[32m&quot;nzbn&quot;[39m
                [33mname[39m=[32m&quot;nzbn&quot;[39m
                [33mplaceholder[39m=[32m&quot;New Zealand Business Number&quot;[39m
                [33mtype[39m=[32m&quot;text&quot;[39m
                [33mvalue[39m=[32m&quot;&quot;[39m
              [36m/&gt;[39m
            [36m&lt;/div&gt;[39m
            [36m&lt;div&gt;[39m
              [36m&lt;label[39m
                [33mclass[39m=[32m&quot;block text-sm font-medium text-gray-700 mb-2&quot;[39m
                [33mfor[39m=[32m&quot;constitutionFile&quot;[39m
              [36m&gt;[39m
                [0mConstitution Document (Optional)[0m
              [36m&lt;/label&gt;[39m
              [36m&lt;p[39m
                [33mclass[39m=[32m&quot;text-sm text-gray-600 mb-3&quot;[39m
              [36m&gt;[39m
                [0mUpload the company constitution document (PDF, DOC, or DOCX format, max 5MB)[0m
              [36m&lt;/p&gt;[39m
              [36m&lt;div[39m
                [33mclass[39m=[32m&quot;relative border-2 border-dashed border-gray-300 rounded-lg p-6 text-center hover:border-blue-400 transition-colors&quot;[39m
              [36m&gt;[39m
                [36m&lt;div[39m
                  [33mclass[39m=[32m&quot;flex flex-col items-center&quot;[39m
                [36m&gt;[39m
                  [36m&lt;div[39m
                    [33mdata-testid[39m=[32m&quot;upload-icon&quot;[39m
                  [36m/&gt;[39m
                  [36m&lt;p[39m
                    [33mclass[39m=[32m&quot;text-sm text-gray-600 mb-2&quot;[39m
                  [36m&gt;[39m
                    [0mClick to upload or drag and drop[0m
                  [36m&lt;/p&gt;[39m
                  [36m&lt;p[39m
                    [33mclass[39m=[32m&quot;text-xs text-gray-500&quot;[39m
                  [36m&gt;[39m
                    [0mPDF, DOC, DOCX (max 5MB)[0m
                  [36m&lt;/p&gt;[39m
                [36m&lt;/div&gt;[39m
                [36m&lt;input[39m
                  [33maccept[39m=[32m&quot;.pdf,.doc,.docx&quot;[39m
                  [33mclass[39m=[32m&quot;absolute inset-0 w-full h-full opacity-0 cursor-pointer&quot;[39m
                  [33mid[39m=[32m&quot;constitutionFile&quot;[39m
                  [33mname[39m=[32m&quot;constitutionFile&quot;[39m
                  [33mtype[39m=[32m&quot;file&quot;[39m
                [36m/&gt;[39m
              [36m&lt;/div&gt;[39m
            [36m&lt;/div&gt;[39m
            [36m&lt;div[39m
              [33mclass[39m=[32m&quot;border-t pt-6&quot;[39m
            [36m&gt;[39m
              [36m&lt;h3[39m
                [33mclass[39m=[32m&quot;text-lg font-medium text-gray-900 mb-4&quot;[39m
              [36m&gt;[39m
                [0mShare Capital[0m
              [36m&lt;/h3&gt;[39m
              [36m&lt;div[39m
                [33mclass[39m=[32m&quot;grid grid-cols-1 md:grid-cols-3 gap-4&quot;[39m
              [36m&gt;[39m
                [36m&lt;div&gt;[39m
                  [36m&lt;label[39m
                    [33mclass[39m=[32m&quot;block text-sm font-medium text-gray-700 mb-2&quot;[39m
                    [33mfor[39m=[32m&quot;shareCapital&quot;[39m
                  [36m&gt;[39m
                    [0mShare Capital (NZD) *[0m
                  [36m&lt;/label&gt;[39m
                  [36m&lt;input[39m
                    [33mclass[39m=[32m&quot;w-full px-4 py-3 border rounded-lg focus:ring-2 focus:ring-blue-500 focus:border-transparent transition-colors border-gray-300&quot;[39m
                    [33mid[39m=[32m&quot;shareCapital&quot;[39m
                    [33mmin[39m=[32m&quot;0&quot;[39m
                    [33mname[39m=[32m&quot;shareCapital&quot;[39m
                    [33mrequired[39m=[32m&quot;&quot;[39m
                    [33mstep[39m=[32m&quot;0.01&quot;[39m
                    [33mtype[39m=[32m&quot;number&quot;[39m
                    [33mvalue[39m=[32m&quot;100&quot;[39m
                  [36m/&gt;[39m
                [36m&lt;/div&gt;[39m
                [36m&lt;div&gt;[39m
                  [36m&lt;label[39m
                    [33mclass[39m=[32m&quot;block text-sm font-medium text-gray-700 mb-2&quot;[39m
                    [33mfor[39m=[32m&quot;numberOfShares&quot;[39m
                  [36m&gt;[39m
                    [0mNumber of Shares *[0m
                  [36m&lt;/label&gt;[39m
                  [36m&lt;input[39m
                    [33mclass[39m=[32m&quot;w-full px-4 py-3 border rounded-lg focus:ring-2 focus:ring-blue-500 focus:border-transparent transition-colors border-gray-300&quot;[39m
                    [33mid[39m=[32m&quot;numberOfShares&quot;[39m
                    [33mmin[39m=[32m&quot;0&quot;[39m
                    [33mname[39m=[32m&quot;numberOfShares&quot;[39m
                    [33mrequired[39m=[32m&quot;&quot;[39m
                    [33mtype[39m=[32m&quot;number&quot;[39m
                    [33mvalue[39m=[32m&quot;100&quot;[39m
                  [36m/&gt;[39m
                [36m&lt;/div&gt;[39m
                [36m&lt;div&gt;[39m
                  [36m&lt;label[39m
                    [33mclass[39m=[32m&quot;block text-sm font-medium text-gray-700 mb-2&quot;[39m
                    [33mfor[39m=[32m&quot;shareValue&quot;[39m
                  [36m&gt;[39m
                    [0mValue per Share (NZD) *[0m
                  [36m&lt;/label&gt;[39m
                  [36m&lt;input[39m
                    [33mclass[39m=[32m&quot;w-full px-4 py-3 border rounded-lg focus:ring-2 focus:ring-blue-500 focus:border-transparent transition-colors border-gray-300&quot;[39m
                    [33mid[39m=[32m&quot;shareValue&quot;[39m
                    [33mmin[39m=[32m&quot;0&quot;[39m
                    [33mname[39m=[32m&quot;shareValue&quot;[39m
                    [33mrequired[39m=[32m&quot;&quot;[39m
                    [33mstep[39m=[32m&quot;0.01&quot;[39m
                    [33mtype[39m=[32m&quot;number&quot;[39m
                    [33mvalue[39m=[32m&quot;1&quot;[39m
                  [36m/&gt;[39m
                [36m&lt;/div&gt;[39m
              [36m&lt;/div&gt;[39m
            [36m&lt;/div&gt;[39m
            [36m&lt;div[39m
              [33mclass[39m=[32m&quot;pt-6&quot;[39m
            [36m&gt;[39m
              [36m&lt;button[39m
                [33mclass[39m=[32m&quot;w-full py-3 px-6 rounded-lg font-medium text-white transition-all duration-200 bg-gradient-to-r from-blue-600 to-green-600 hover:from-blue-700 hover:to-green-700 shadow-lg hover:shadow-xl&quot;[39m
                [33mtype[39m=[32m&quot;submit&quot;[39m
              [36m&gt;[39m
                [0mRegister Company[0m
              [36m&lt;/button&gt;[39m
            [36m&lt;/div&gt;[39m
          [36m&lt;/form&gt;[39m
        [36m&lt;/div&gt;[39m
      [36m&lt;/div&gt;[39m
    [36m&lt;/div&gt;[39m
  [36m&lt;/div&gt;[39m
[36m&lt;/body&gt;[39m

Ignored nodes: comments, script, style
[36m&lt;html&gt;[39m
  [36m&lt;head /&gt;[39m
  [36m&lt;body&gt;[39m
    [36m&lt;div&gt;[39m
      [36m&lt;div[39m
        [33mclass[39m=[32m&quot;min-h-screen bg-gradient-to-br from-blue-50 via-white to-green-50 py-12 px-4 sm:px-6 lg:px-8&quot;[39m
      [36m&gt;[39m
        [36m&lt;div[39m
          [33mclass[39m=[32m&quot;max-w-3xl mx-auto&quot;[39m
        [36m&gt;[39m
          [36m&lt;div[39m
            [33mclass[39m=[32m&quot;text-center mb-8&quot;[39m
          [36m&gt;[39m
            [36m&lt;div[39m
              [33mclass[39m=[32m&quot;flex items-center justify-center mb-4&quot;[39m
            [36m&gt;[39m
              [36m&lt;div[39m
                [33mclass[39m=[32m&quot;flex items-center justify-center w-16 h-16 bg-gradient-to-br from-blue-600 to-green-600 rounded-xl shadow-lg&quot;[39m
              [36m&gt;[39m
                [36m&lt;div[39m
                  [33mdata-testid[39m=[32m&quot;building2-icon&quot;[39m
                [36m/&gt;[39m
              [36m&lt;/div&gt;[39m
            [36m&lt;/div&gt;[39m
            [36m&lt;h1[39m
              [33mclass[39m=[32m&quot;text-3xl font-bold text-gray-900 mb-2&quot;[39m
            [36m&gt;[39m
              [0mRegister a New Company[0m
            [36m&lt;/h1&gt;[39m
            [36m&lt;p[39m
              [33mclass[39m=[32m&quot;text-lg text-gray-600&quot;[39m
            [36m&gt;[39m
              [0mRegister your new company with the New Zealand Companies Office[0m
            [36m&lt;/p&gt;[39m
          [36m&lt;/div&gt;[39m
          [36m&lt;div[39m
            [33mclass[39m=[32m&quot;bg-white rounded-2xl shadow-xl p-8 border border-gray-100&quot;[39m
          [36m&gt;[39m
            [36m&lt;form[39m
              [33mclass[39m=[32m&quot;space-y-6&quot;[39m
            [36m&gt;[39m
              [36m&lt;div&gt;[39m
                [36m&lt;label[39m
                  [33mclass[39m=[32m&quot;block text-sm font-medium text-gray-700 mb-2&quot;[39m
                  [33mfor[39m=[32m&quot;companyName&quot;[39m
                [36m&gt;[39m
                  [0mCompany Name *[0m
                [36m&lt;/label&gt;[39m
                [36m&lt;div[39m
                  [33mclass[39m=[32m&quot;relative&quot;[39m
                [36m&gt;[39m
                  [36m&lt;input[39m
                    [33mclass[39m=[32m&quot;w-full px-4 py-3 border rounded-lg focus:ring-2 focus:ring-blue-500 focus:border-transparent transition-colors border-gray-300&quot;[39m
                    [33mid[39m=[32m&quot;companyName&quot;[39m
                    [33mname[39m=[32m&quot;companyName&quot;[39m
                    [33mplaceholder[39m=[32m&quot;Enter company name&quot;[39m
                    [33mrequired[39m=[32m&quot;&quot;[39m
                    [33mtype[39m=[32m&quot;text&quot;[39m
                    [33mvalue[39m=[32m&quot;Existing Company&quot;[39m
                  [36m/&gt;[39m
                  [36m&lt;div[39m
                    [33mclass[39m=[32m&quot;absolute right-3 top-1/2 transform -translate-y-1/2&quot;[39m
                  [36m/&gt;[39m
                [36m&lt;/div&gt;[39m
              [36m&lt;/div&gt;[39m
              [36m&lt;div&gt;[39m
                [36m&lt;label[39m
                  [33mclass[39m=[32m&quot;block text-sm font-medium text-gray-700 mb-2&quot;[39m
                  [33mfor[39m=[32m&quot;companyType&quot;[39m
                [36m&gt;[39m
                  [0mCompany Type *[0m
                [36m&lt;/label&gt;[39m
                [36m&lt;select[39m
                  [33mclass[39m=[32m&quot;w-full px-4 py-3 border border-gray-300 rounded-lg focus:ring-2 focus:ring-blue-500 focus:border-transparent transition-colors&quot;[39m
                  [33mid[39m=[32m&quot;companyType&quot;[39m
                  [33mname[39m=[32m&quot;companyType&quot;[39m
                  [33mrequired[39m=[32m&quot;&quot;[39m
                [36m&gt;[39m
                  [36m&lt;option[39m
                    [33mvalue[39m=[32m&quot;LTD&quot;[39m
                  [36m&gt;[39m
                    [0mLimited Company (Ltd)[0m
                  [36m&lt;/option&gt;[39m
                  [36m&lt;option[39m
                    [33mvalue[39m=[32m&quot;OVERSEAS&quot;[39m
                  [36m&gt;[39m
                    [0mOverseas Company[0m
                  [36m&lt;/option&gt;[39m
                  [36m&lt;option[39m
                    [33mvalue[39m=[32m&quot;UNLIMITED&quot;[39m
                  [36m&gt;[39m
                    [0mUnlimited Company[0m
                  [36m&lt;/option&gt;[39m
                [36m&lt;/select&gt;[39m
              [36m&lt;/div&gt;[39m
              [36m&lt;div&gt;[39m
                [36m&lt;label[39m
                  [33mclass[39m=[32m&quot;block text-sm font-medium text-gray-700 mb-2&quot;[39m
                  [33mfor[39m=[32m&quot;incorporationDate&quot;[39m
                [36m&gt;[39m
                  [0mIncorporation Date *[0m
                [36m&lt;/label&gt;[39m
                [36m&lt;input[39m
                  [33mclass[39m=[32m&quot;w-full px-4 py-3 border rounded-lg focus:ring-2 focus:ring-blue-500 focus:border-transparent transition-colors border-gray-300&quot;[39m
                  [33mid[39m=[32m&quot;incorporationDate&quot;[39m
                  [33mname[39m=[32m&quot;incorporationDate&quot;[39m
                  [33mrequired[39m=[32m&quot;&quot;[39m
                  [33mtype[39m=[32m&quot;date&quot;[39m
                  [33mvalue[39m=[32m&quot;2024-01-01&quot;[39m
                [36m/&gt;[39m
              [36m&lt;/div&gt;[39m
              [36m&lt;div&gt;[39m
                [36m&lt;label[39m
                  [33mclass[39m=[32m&quot;block text-sm font-medium text-gray-700 mb-2&quot;[39m
                  [33mfor[39m=[32m&quot;nzbn&quot;[39m
                [36m&gt;[39m
                  [0mNZBN (Optional)[0m
                [36m&lt;/label&gt;[39m
                [36m&lt;input[39m
                  [33mclass[39m=[32m&quot;w-full px-4 py-3 border border-gray-300 rounded-lg focus:ring-2 focus:ring-blue-500 focus:border-transparent transition-colors&quot;[39m
                  [33mid[39m=[32m&quot;nzbn&quot;[39m
                  [33mname[39m=[32m&quot;nzbn&quot;[39m
                  [33mplaceholder[39m=[32m&quot;New Zealand Business Number&quot;[39m
                  [33mtype[39m=[32m&quot;text&quot;[39m
                  [33mvalue[39m=[32m&quot;&quot;[39m
                [36m/&gt;[39m
              [36m&lt;/div&gt;[39m
              [36m&lt;div&gt;[39m
                [36m&lt;label[39m
                  [33mclass[39m=[32m&quot;block text-sm font-medium text-gray-700 mb-2&quot;[39m
                  [33mfor[39m=[32m&quot;constitutionFile&quot;[39m
                [36m&gt;[39m
                  [0mConstitution Document (Optional)[0m
                [36m&lt;/label&gt;[39m
                [36m&lt;p[39m
                  [33mclass[39m=[32m&quot;text-sm text-gray-600 mb-3&quot;[39m
                [36m&gt;[39m
                  [0mUpload the company constitution document (PDF, DOC, or DOCX format, max 5MB)[0m
                [36m&lt;/p&gt;[39m
                [36m&lt;div[39m
                  [33mclass[39m=[32m&quot;relative border-2 border-dashed border-gray-300 rounded-lg p-6 text-center hover:border-blue-400 transition-colors&quot;[39m
                [36m&gt;[39m
                  [36m&lt;div[39m
                    [33mclass[39m=[32m&quot;flex flex-col items-center&quot;[39m
                  [36m&gt;[39m
                    [36m&lt;div[39m
                      [33mdata-testid[39m=[32m&quot;upload-icon&quot;[39m
                    [36m/&gt;[39m
                    [36m&lt;p[39m
                      [33mclass[39m=[32m&quot;text-sm text-gray-600 mb-2&quot;[39m
                    [36m&gt;[39m
                      [0mClick to upload or drag and drop[0m
                    [36m&lt;/p&gt;[39m
                    [36m&lt;p[39m
                      [33mclass[39m=[32m&quot;text-xs text-gray-500&quot;[39m
                    [36m&gt;[39m
                      [0mPDF, DOC, DOCX (max 5MB)[0m
                    [36m&lt;/p&gt;[39m
                  [36m&lt;/div&gt;[39m
                  [36m&lt;input[39m
                    [33maccept[39m=[32m&quot;.pdf,.doc,.docx&quot;[39m
                    [33mclass[39m=[32m&quot;absolute inset-0 w-full h-full opacity-0 cursor-pointer&quot;[39m
                    [33mid[39m=[32m&quot;constitutionFile&quot;[39m
                    [33mname[39m=[32m&quot;constitutionFile&quot;[39m
                    [33mtype[39m=[32m&quot;file&quot;[39m
                  [36m/&gt;[39m
                [36m&lt;/div&gt;[39m
              [36m&lt;/div&gt;[39m
              [36m&lt;div[39m
                [33mclass[39m=[32m&quot;border-t pt-6&quot;[39m
              [36m&gt;[39m
                [36m&lt;h3[39m
                  [33mclass[39m=[32m&quot;text-lg font-medium text-gray-900 mb-4&quot;[39m
                [36m&gt;[39m
                  [0mShare Capital[0m
                [36m&lt;/h3&gt;[39m
                [36m&lt;div[39m
                  [33mclass[39m=[32m&quot;grid grid-cols-1 md:grid-cols-3 gap-4&quot;[39m
                [36m&gt;[39m
                  [36m&lt;div&gt;[39m
                    [36m&lt;label[39m
                      [33mclass[39m=[32m&quot;block text-sm font-medium text-gray-700 mb-2&quot;[39m
                      [33mfor[39m=[32m&quot;shareCapital&quot;[39m
                    [36m&gt;[39m
                      [0mShare Capital (NZD) *[0m
                    [36m&lt;/label&gt;[39m
                    [36m&lt;input[39m
                      [33mclass[39m=[32m&quot;w-full px-4 py-3 border rounded-lg focus:ring-2 focus:ring-blue-500 focus:border-transparent transition-colors border-gray-300&quot;[39m
                      [33mid[39m=[32m&quot;shareCapital&quot;[39m
                      [33mmin[39m=[32m&quot;0&quot;[39m
                      [33mname[39m=[32m&quot;shareCapital&quot;[39m
                      [33mrequired[39m=[32m&quot;&quot;[39m
                      [33mstep[39m=[32m&quot;0.01&quot;[39m
                      [33mtype[39m=[32m&quot;number&quot;[39m
                      [33mvalue[39m=[32m&quot;100&quot;[39m
                    [36m/&gt;[39m
                  [36m&lt;/div&gt;[39m
                  [36m&lt;div&gt;[39m
                    [36m&lt;label[39m
                      [33mclass[39m=[32m&quot;block text-sm font-medium text-gray-700 mb-2&quot;[39m
                      [33mfor[39m=[32m&quot;numberOfShares&quot;[39m
                    [36m&gt;[39m
                      [0mNumber of Shares *[0m
                    [36m&lt;/label&gt;[39m
                    [36m&lt;input[39m
                      [33mclass[39m=[32m&quot;w-full px-4 py-3 border rounded-lg focus:ring-2 focus:ring-blue-500 focus:border-transparent transition-colors border-gray-300&quot;[39m
                      [33mid[39m=[32m&quot;numberOfShares&quot;[39m
                      [33mmin[39m=[32m&quot;0&quot;[39m
                      [33mname[39m=[32m&quot;numberOfShares&quot;[39m
                      [33mrequired[39m=[32m&quot;&quot;[39m
                      [33mtype[39m=[32m&quot;number&quot;[39m
                      [33mvalue[39m=[32m&quot;100&quot;[39m
                    [36m/&gt;[39m
                  [36m&lt;/div&gt;[39m
                  [36m&lt;div&gt;[39m
                    [36m&lt;label[39m
                      [33mclass[39m=[32m&quot;block text-sm font-medium text-gray-700 mb-2&quot;[39m
                      [33mfor[39m=[32m&quot;shareValue&quot;[39m
                    [36m&gt;[39m
                      [0mValue per Share (NZD) *[0m
                    [36m&lt;/label&gt;[39m
                    [36m&lt;input[39m
                      [33mclass[39m=[32m&quot;w-full px-4 py-3 border rounded-lg focus:ring-2 focus:ring-blue-500 focus:border-transparent transition-colors border-gray-300&quot;[39m
                      [33mid[39m=[32m&quot;shareValue&quot;[39m
                      [33mmin[39m=[32m&quot;0&quot;[39m
                      [33mname[39m=[32m&quot;shareValue&quot;[39m
                      [33mrequired[39m=[32m&quot;&quot;[39m
                      [33mstep[39m=[32m&quot;0.01&quot;[39m
                      [33mtype[39m=[32m&quot;number&quot;[39m
                      [33mvalue[39m=[32m&quot;1&quot;[39m
                    [36m/&gt;[39m
                  [36m&lt;/div&gt;[39m
                [36m&lt;/div&gt;[39m
              [36m&lt;/div&gt;[39m
              [36m&lt;div[39m
                [33mclass[39m=[32m&quot;pt-6&quot;[39m
[...]
                [33mtype[39m=[32m&quot;submit&quot;[39m
              [36m&gt;[39m
                [0mRegister Company[0m
              [36m&lt;/button&gt;[39m
            [36m&lt;/div&gt;[39m
          [36m&lt;/form&gt;[39m
        [36m&lt;/div&gt;[39m
      [36m&lt;/div&gt;[39m
    [36m&lt;/div&gt;[39m
  [36m&lt;/div&gt;[39m
[36m&lt;/body&gt;[39m" type="TestingLibraryElementError">
TestingLibraryElementError: Unable to find an element with the text: Registering Company.... This could be because the text is broken up by multiple elements. In this case, you can provide a function for your text matcher to make your matcher more flexible.

Ignored nodes: comments, script, style
&lt;body&gt;
  &lt;div&gt;
    &lt;div
      class=&quot;min-h-screen bg-gradient-to-br from-blue-50 via-white to-green-50 py-12 px-4 sm:px-6 lg:px-8&quot;
    &gt;
      &lt;div
        class=&quot;max-w-3xl mx-auto&quot;
      &gt;
        &lt;div
          class=&quot;text-center mb-8&quot;
        &gt;
          &lt;div
            class=&quot;flex items-center justify-center mb-4&quot;
          &gt;
            &lt;div
              class=&quot;flex items-center justify-center w-16 h-16 bg-gradient-to-br from-blue-600 to-green-600 rounded-xl shadow-lg&quot;
            &gt;
              &lt;div
                data-testid=&quot;building2-icon&quot;
              /&gt;
            &lt;/div&gt;
          &lt;/div&gt;
          &lt;h1
            class=&quot;text-3xl font-bold text-gray-900 mb-2&quot;
          &gt;
            Register a New Company
          &lt;/h1&gt;
          &lt;p
            class=&quot;text-lg text-gray-600&quot;
          &gt;
            Register your new company with the New Zealand Companies Office
          &lt;/p&gt;
        &lt;/div&gt;
        &lt;div
          class=&quot;bg-white rounded-2xl shadow-xl p-8 border border-gray-100&quot;
        &gt;
          &lt;form
            class=&quot;space-y-6&quot;
          &gt;
            &lt;div&gt;
              &lt;label
                class=&quot;block text-sm font-medium text-gray-700 mb-2&quot;
                for=&quot;companyName&quot;
              &gt;
                Company Name *
              &lt;/label&gt;
              &lt;div
                class=&quot;relative&quot;
              &gt;
                &lt;input
                  class=&quot;w-full px-4 py-3 border rounded-lg focus:ring-2 focus:ring-blue-500 focus:border-transparent transition-colors border-gray-300&quot;
                  id=&quot;companyName&quot;
                  name=&quot;companyName&quot;
                  placeholder=&quot;Enter company name&quot;
                  required=&quot;&quot;
                  type=&quot;text&quot;
                  value=&quot;Test Company&quot;
                /&gt;
                &lt;div
                  class=&quot;absolute right-3 top-1/2 transform -translate-y-1/2&quot;
                /&gt;
              &lt;/div&gt;
            &lt;/div&gt;
            &lt;div&gt;
              &lt;label
                class=&quot;block text-sm font-medium text-gray-700 mb-2&quot;
                for=&quot;companyType&quot;
              &gt;
                Company Type *
              &lt;/label&gt;
              &lt;select
                class=&quot;w-full px-4 py-3 border border-gray-300 rounded-lg focus:ring-2 focus:ring-blue-500 focus:border-transparent transition-colors&quot;
                id=&quot;companyType&quot;
                name=&quot;companyType&quot;
                required=&quot;&quot;
              &gt;
                &lt;option
                  value=&quot;LTD&quot;
                &gt;
                  Limited Company (Ltd)
                &lt;/option&gt;
                &lt;option
                  value=&quot;OVERSEAS&quot;
                &gt;
                  Overseas Company
                &lt;/option&gt;
                &lt;option
                  value=&quot;UNLIMITED&quot;
                &gt;
                  Unlimited Company
                &lt;/option&gt;
              &lt;/select&gt;
            &lt;/div&gt;
            &lt;div&gt;
              &lt;label
                class=&quot;block text-sm font-medium text-gray-700 mb-2&quot;
                for=&quot;incorporationDate&quot;
              &gt;
                Incorporation Date *
              &lt;/label&gt;
              &lt;input
                class=&quot;w-full px-4 py-3 border rounded-lg focus:ring-2 focus:ring-blue-500 focus:border-transparent transition-colors border-gray-300&quot;
                id=&quot;incorporationDate&quot;
                name=&quot;incorporationDate&quot;
                required=&quot;&quot;
                type=&quot;date&quot;
                value=&quot;2024-01-01&quot;
              /&gt;
            &lt;/div&gt;
            &lt;div&gt;
              &lt;label
                class=&quot;block text-sm font-medium text-gray-700 mb-2&quot;
                for=&quot;nzbn&quot;
              &gt;
                NZBN (Optional)
              &lt;/label&gt;
              &lt;input
                class=&quot;w-full px-4 py-3 border border-gray-300 rounded-lg focus:ring-2 focus:ring-blue-500 focus:border-transparent transition-colors&quot;
                id=&quot;nzbn&quot;
                name=&quot;nzbn&quot;
                placeholder=&quot;New Zealand Business Number&quot;
                type=&quot;text&quot;
                value=&quot;&quot;
              /&gt;
            &lt;/div&gt;
            &lt;div&gt;
              &lt;label
                class=&quot;block text-sm font-medium text-gray-700 mb-2&quot;
                for=&quot;constitutionFile&quot;
              &gt;
                Constitution Document (Optional)
              &lt;/label&gt;
              &lt;p
                class=&quot;text-sm text-gray-600 mb-3&quot;
              &gt;
                Upload the company constitution document (PDF, DOC, or DOCX format, max 5MB)
              &lt;/p&gt;
              &lt;div
                class=&quot;relative border-2 border-dashed border-gray-300 rounded-lg p-6 text-center hover:border-blue-400 transition-colors&quot;
              &gt;
                &lt;div
                  class=&quot;flex flex-col items-center&quot;
                &gt;
                  &lt;div
                    data-testid=&quot;upload-icon&quot;
                  /&gt;
                  &lt;p
                    class=&quot;text-sm text-gray-600 mb-2&quot;
                  &gt;
                    Click to upload or drag and drop
                  &lt;/p&gt;
                  &lt;p
                    class=&quot;text-xs text-gray-500&quot;
                  &gt;
                    PDF, DOC, DOCX (max 5MB)
                  &lt;/p&gt;
                &lt;/div&gt;
                &lt;input
                  accept=&quot;.pdf,.doc,.docx&quot;
                  class=&quot;absolute inset-0 w-full h-full opacity-0 cursor-pointer&quot;
                  id=&quot;constitutionFile&quot;
                  name=&quot;constitutionFile&quot;
                  type=&quot;file&quot;
                /&gt;
              &lt;/div&gt;
            &lt;/div&gt;
            &lt;div
              class=&quot;border-t pt-6&quot;
            &gt;
              &lt;h3
                class=&quot;text-lg font-medium text-gray-900 mb-4&quot;
              &gt;
                Share Capital
              &lt;/h3&gt;
              &lt;div
                class=&quot;grid grid-cols-1 md:grid-cols-3 gap-4&quot;
              &gt;
                &lt;div&gt;
                  &lt;label
                    class=&quot;block text-sm font-medium text-gray-700 mb-2&quot;
                    for=&quot;shareCapital&quot;
                  &gt;
                    Share Capital (NZD) *
                  &lt;/label&gt;
                  &lt;input
                    class=&quot;w-full px-4 py-3 border rounded-lg focus:ring-2 focus:ring-blue-500 focus:border-transparent transition-colors border-gray-300&quot;
                    id=&quot;shareCapital&quot;
                    min=&quot;0&quot;
                    name=&quot;shareCapital&quot;
                    required=&quot;&quot;
                    step=&quot;0.01&quot;
                    type=&quot;number&quot;
                    value=&quot;100&quot;
                  /&gt;
                &lt;/div&gt;
                &lt;div&gt;
                  &lt;label
                    class=&quot;block text-sm font-medium text-gray-700 mb-2&quot;
                    for=&quot;numberOfShares&quot;
                  &gt;
                    Number of Shares *
                  &lt;/label&gt;
                  &lt;input
                    class=&quot;w-full px-4 py-3 border rounded-lg focus:ring-2 focus:ring-blue-500 focus:border-transparent transition-colors border-gray-300&quot;
                    id=&quot;numberOfShares&quot;
                    min=&quot;0&quot;
                    name=&quot;numberOfShares&quot;
                    required=&quot;&quot;
                    type=&quot;number&quot;
                    value=&quot;100&quot;
                  /&gt;
                &lt;/div&gt;
                &lt;div&gt;
                  &lt;label
                    class=&quot;block text-sm font-medium text-gray-700 mb-2&quot;
                    for=&quot;shareValue&quot;
                  &gt;
                    Value per Share (NZD) *
                  &lt;/label&gt;
                  &lt;input
                    class=&quot;w-full px-4 py-3 border rounded-lg focus:ring-2 focus:ring-blue-500 focus:border-transparent transition-colors border-gray-300&quot;
                    id=&quot;shareValue&quot;
                    min=&quot;0&quot;
                    name=&quot;shareValue&quot;
                    required=&quot;&quot;
                    step=&quot;0.01&quot;
                    type=&quot;number&quot;
                    value=&quot;1&quot;
                  /&gt;
                &lt;/div&gt;
              &lt;/div&gt;
            &lt;/div&gt;
            &lt;div
              class=&quot;pt-6&quot;
            &gt;
              &lt;button
                class=&quot;w-full py-3 px-6 rounded-lg font-medium text-white transition-all duration-200 bg-gradient-to-r from-blue-600 to-green-600 hover:from-blue-700 hover:to-green-700 shadow-lg hover:shadow-xl&quot;
                type=&quot;submit&quot;
              &gt;
                Register Company
              &lt;/button&gt;
            &lt;/div&gt;
          &lt;/form&gt;
        &lt;/div&gt;
      &lt;/div&gt;
    &lt;/div&gt;
  &lt;/div&gt;
&lt;/body&gt;
 ❯ Object.getElementError node_modules/@testing-library/dom/dist/config.js:37:19
 ❯ node_modules/@testing-library/dom/dist/query-helpers.js:76:38
 ❯ node_modules/@testing-library/dom/dist/query-helpers.js:52:17
 ❯ node_modules/@testing-library/dom/dist/query-helpers.js:95:19
 ❯ src/pages/__tests__/CompanyRegistration.test.tsx:379:19
            </failure>
        </testcase>
        <testcase classname="src/pages/__tests__/CompanyRegistration.test.tsx" name="CompanyRegistration &gt; has proper accessibility attributes" time="0.016386639">
        </testcase>
        <testcase classname="src/pages/__tests__/CompanyRegistration.test.tsx" name="CompanyRegistration &gt; File Upload Functionality &gt; renders file upload area with correct styling" time="0.007414692">
        </testcase>
        <testcase classname="src/pages/__tests__/CompanyRegistration.test.tsx" name="CompanyRegistration &gt; File Upload Functionality &gt; accepts valid PDF file" time="0.012761261">
        </testcase>
        <testcase classname="src/pages/__tests__/CompanyRegistration.test.tsx" name="CompanyRegistration &gt; File Upload Functionality &gt; accepts valid DOC file" time="0.01278343">
        </testcase>
        <testcase classname="src/pages/__tests__/CompanyRegistration.test.tsx" name="CompanyRegistration &gt; File Upload Functionality &gt; accepts valid DOCX file" time="0.011279944">
        </testcase>
        <testcase classname="src/pages/__tests__/CompanyRegistration.test.tsx" name="CompanyRegistration &gt; File Upload Functionality &gt; rejects invalid file type" time="0.01013134">
        </testcase>
        <testcase classname="src/pages/__tests__/CompanyRegistration.test.tsx" name="CompanyRegistration &gt; File Upload Functionality &gt; rejects file larger than 5MB" time="0.281934859">
        </testcase>
        <testcase classname="src/pages/__tests__/CompanyRegistration.test.tsx" name="CompanyRegistration &gt; File Upload Functionality &gt; allows removing uploaded file" time="0.02682864">
        </testcase>
        <testcase classname="src/pages/__tests__/CompanyRegistration.test.tsx" name="CompanyRegistration &gt; File Upload Functionality &gt; clears file error when valid file is uploaded" time="0.016467846">
        </testcase>
        <testcase classname="src/pages/__tests__/CompanyRegistration.test.tsx" name="CompanyRegistration &gt; File Upload Functionality &gt; displays file size in MB correctly" time="0.089689812">
        </testcase>
        <testcase classname="src/pages/__tests__/CompanyRegistration.test.tsx" name="CompanyRegistration &gt; File Upload Functionality &gt; handles file upload without selecting file" time="0.00795767">
        </testcase>
        <testcase classname="src/pages/__tests__/CompanyRegistration.test.tsx" name="CompanyRegistration &gt; File Upload Functionality &gt; shows upload area when no file is selected" time="0.006174614">
        </testcase>
        <testcase classname="src/pages/__tests__/CompanyRegistration.test.tsx" name="CompanyRegistration &gt; File Upload Functionality &gt; shows file details when file is selected" time="0.012094829">
        </testcase>
        <testcase classname="src/pages/__tests__/CompanyRegistration.test.tsx" name="CompanyRegistration &gt; Form Integration with File Upload &gt; submits form successfully with constitution file" time="0.603220346">
        </testcase>
        <testcase classname="src/pages/__tests__/CompanyRegistration.test.tsx" name="CompanyRegistration &gt; Form Integration with File Upload &gt; maintains file selection during form validation" time="0.017256595">
        </testcase>
    </testsuite>
    <testsuite name="src/pages/__tests__/HomePage.test.tsx" timestamp="2025-07-16T19:57:26.536Z" hostname="FMNZ-C02D5HB1ML7H.local" tests="7" failures="0" errors="0" skipped="0" time="0.220753842">
        <testcase classname="src/pages/__tests__/HomePage.test.tsx" name="HomePage &gt; renders the main page content" time="0.101086385">
        </testcase>
        <testcase classname="src/pages/__tests__/HomePage.test.tsx" name="HomePage &gt; displays success message when provided in location state" time="0.019749587">
        </testcase>
        <testcase classname="src/pages/__tests__/HomePage.test.tsx" name="HomePage &gt; does not display success message when not provided" time="0.017667793">
        </testcase>
        <testcase classname="src/pages/__tests__/HomePage.test.tsx" name="HomePage &gt; displays success message with proper styling" time="0.021981438">
        </testcase>
        <testcase classname="src/pages/__tests__/HomePage.test.tsx" name="HomePage &gt; renders all feature sections" time="0.025521063">
        </testcase>
        <testcase classname="src/pages/__tests__/HomePage.test.tsx" name="HomePage &gt; handles empty success message" time="0.01487906">
        </testcase>
        <testcase classname="src/pages/__tests__/HomePage.test.tsx" name="HomePage &gt; handles undefined success message" time="0.012846081">
        </testcase>
    </testsuite>
    <testsuite name="src/services/__tests__/registrationService.test.ts" timestamp="2025-07-16T19:57:26.537Z" hostname="FMNZ-C02D5HB1ML7H.local" tests="18" failures="0" errors="0" skipped="0" time="0.03035633">
        <testcase classname="src/services/__tests__/registrationService.test.ts" name="RegistrationService &gt; checkNameAvailability &gt; returns availability status for valid name" time="0.005731356">
        </testcase>
        <testcase classname="src/services/__tests__/registrationService.test.ts" name="RegistrationService &gt; checkNameAvailability &gt; handles special characters in company name" time="0.0010327">
        </testcase>
        <testcase classname="src/services/__tests__/registrationService.test.ts" name="RegistrationService &gt; checkNameAvailability &gt; throws error on HTTP error response" time="0.002358098">
        </testcase>
        <testcase classname="src/services/__tests__/registrationService.test.ts" name="RegistrationService &gt; checkNameAvailability &gt; throws error on network failure" time="0.000935878">
        </testcase>
        <testcase classname="src/services/__tests__/registrationService.test.ts" name="RegistrationService &gt; checkNumberAvailability &gt; returns availability status for valid number" time="0.000951459">
        </testcase>
        <testcase classname="src/services/__tests__/registrationService.test.ts" name="RegistrationService &gt; checkNumberAvailability &gt; handles special characters in company number" time="0.001081301">
        </testcase>
        <testcase classname="src/services/__tests__/registrationService.test.ts" name="RegistrationService &gt; checkNumberAvailability &gt; throws error on HTTP error response" time="0.00105222">
        </testcase>
        <testcase classname="src/services/__tests__/registrationService.test.ts" name="RegistrationService &gt; registerCompany &gt; registers company successfully with authentication" time="0.001384445">
        </testcase>
        <testcase classname="src/services/__tests__/registrationService.test.ts" name="RegistrationService &gt; registerCompany &gt; registers company successfully without authentication" time="0.001420186">
        </testcase>
        <testcase classname="src/services/__tests__/registrationService.test.ts" name="RegistrationService &gt; registerCompany &gt; registers company without optional NZBN" time="0.001178113">
        </testcase>
        <testcase classname="src/services/__tests__/registrationService.test.ts" name="RegistrationService &gt; registerCompany &gt; throws error on HTTP error response" time="0.000744147">
        </testcase>
        <testcase classname="src/services/__tests__/registrationService.test.ts" name="RegistrationService &gt; registerCompany &gt; throws error on network failure" time="0.000476793">
        </testcase>
        <testcase classname="src/services/__tests__/registrationService.test.ts" name="RegistrationService &gt; registerCompany &gt; handles unauthorized access" time="0.000607071">
        </testcase>
        <testcase classname="src/services/__tests__/registrationService.test.ts" name="RegistrationService &gt; generateCompanyNumber &gt; generates a 9-digit company number" time="0.000394462">
        </testcase>
        <testcase classname="src/services/__tests__/registrationService.test.ts" name="RegistrationService &gt; generateCompanyNumber &gt; generates unique company numbers" time="0.000928156">
        </testcase>
        <testcase classname="src/services/__tests__/registrationService.test.ts" name="RegistrationService &gt; generateCompanyNumber &gt; generates numbers with timestamp component" time="0.000291184">
        </testcase>
        <testcase classname="src/services/__tests__/registrationService.test.ts" name="RegistrationService &gt; error handling &gt; handles malformed JSON response" time="0.000365286">
        </testcase>
        <testcase classname="src/services/__tests__/registrationService.test.ts" name="RegistrationService &gt; error handling &gt; handles empty response" time="0.000310279">
        </testcase>
    </testsuite>
</testsuites>
