<?xml version="1.0" encoding="UTF-8" ?>
<testsuites name="vitest tests" tests="14" failures="11" errors="0" time="6.570826408">
    <testsuite name="src/pages/__tests__/CompanyRegistration.test.tsx" timestamp="2025-07-16T18:21:44.760Z" hostname="FMNZ-C02D5HB1ML7H.local" tests="14" failures="11" errors="0" skipped="0" time="6.570826408">
        <testcase classname="src/pages/__tests__/CompanyRegistration.test.tsx" name="CompanyRegistration &gt; renders the registration form with all required fields" time="0.124873262">
        </testcase>
        <testcase classname="src/pages/__tests__/CompanyRegistration.test.tsx" name="CompanyRegistration &gt; has correct default values" time="0.018457923">
            <failure message="Unable to find an element with the display value: LTD.

Ignored nodes: comments, script, style
[36m&lt;body&gt;[39m
  [36m&lt;div&gt;[39m
    [36m&lt;div[39m
      [33mclass[39m=[32m&quot;min-h-screen bg-gradient-to-br from-blue-50 via-white to-green-50 py-12 px-4 sm:px-6 lg:px-8&quot;[39m
    [36m&gt;[39m
      [36m&lt;div[39m
        [33mclass[39m=[32m&quot;max-w-3xl mx-auto&quot;[39m
      [36m&gt;[39m
        [36m&lt;div[39m
          [33mclass[39m=[32m&quot;text-center mb-8&quot;[39m
        [36m&gt;[39m
          [36m&lt;div[39m
            [33mclass[39m=[32m&quot;flex items-center justify-center mb-4&quot;[39m
          [36m&gt;[39m
            [36m&lt;div[39m
              [33mclass[39m=[32m&quot;flex items-center justify-center w-16 h-16 bg-gradient-to-br from-blue-600 to-green-600 rounded-xl shadow-lg&quot;[39m
            [36m&gt;[39m
              [36m&lt;svg[39m
                [33maria-hidden[39m=[32m&quot;true&quot;[39m
                [33mclass[39m=[32m&quot;lucide lucide-building2 lucide-building-2 h-8 w-8 text-white&quot;[39m
                [33mfill[39m=[32m&quot;none&quot;[39m
                [33mheight[39m=[32m&quot;24&quot;[39m
                [33mstroke[39m=[32m&quot;currentColor&quot;[39m
                [33mstroke-linecap[39m=[32m&quot;round&quot;[39m
                [33mstroke-linejoin[39m=[32m&quot;round&quot;[39m
                [33mstroke-width[39m=[32m&quot;2&quot;[39m
                [33mviewBox[39m=[32m&quot;0 0 24 24&quot;[39m
                [33mwidth[39m=[32m&quot;24&quot;[39m
                [33mxmlns[39m=[32m&quot;http://www.w3.org/2000/svg&quot;[39m
              [36m&gt;[39m
                [36m&lt;path[39m
                  [33md[39m=[32m&quot;M6 22V4a2 2 0 0 1 2-2h8a2 2 0 0 1 2 2v18Z&quot;[39m
                [36m/&gt;[39m
                [36m&lt;path[39m
                  [33md[39m=[32m&quot;M6 12H4a2 2 0 0 0-2 2v6a2 2 0 0 0 2 2h2&quot;[39m
                [36m/&gt;[39m
                [36m&lt;path[39m
                  [33md[39m=[32m&quot;M18 9h2a2 2 0 0 1 2 2v9a2 2 0 0 1-2 2h-2&quot;[39m
                [36m/&gt;[39m
                [36m&lt;path[39m
                  [33md[39m=[32m&quot;M10 6h4&quot;[39m
                [36m/&gt;[39m
                [36m&lt;path[39m
                  [33md[39m=[32m&quot;M10 10h4&quot;[39m
                [36m/&gt;[39m
                [36m&lt;path[39m
                  [33md[39m=[32m&quot;M10 14h4&quot;[39m
                [36m/&gt;[39m
                [36m&lt;path[39m
                  [33md[39m=[32m&quot;M10 18h4&quot;[39m
                [36m/&gt;[39m
              [36m&lt;/svg&gt;[39m
            [36m&lt;/div&gt;[39m
          [36m&lt;/div&gt;[39m
          [36m&lt;h1[39m
            [33mclass[39m=[32m&quot;text-3xl font-bold text-gray-900 mb-2&quot;[39m
          [36m&gt;[39m
            [0mRegister a New Company[0m
          [36m&lt;/h1&gt;[39m
          [36m&lt;p[39m
            [33mclass[39m=[32m&quot;text-lg text-gray-600&quot;[39m
          [36m&gt;[39m
            [0mRegister your new company with the New Zealand Companies Office[0m
          [36m&lt;/p&gt;[39m
        [36m&lt;/div&gt;[39m
        [36m&lt;div[39m
          [33mclass[39m=[32m&quot;bg-white rounded-2xl shadow-xl p-8 border border-gray-100&quot;[39m
        [36m&gt;[39m
          [36m&lt;form[39m
            [33mclass[39m=[32m&quot;space-y-6&quot;[39m
          [36m&gt;[39m
            [36m&lt;div&gt;[39m
              [36m&lt;label[39m
                [33mclass[39m=[32m&quot;block text-sm font-medium text-gray-700 mb-2&quot;[39m
                [33mfor[39m=[32m&quot;companyName&quot;[39m
              [36m&gt;[39m
                [0mCompany Name *[0m
              [36m&lt;/label&gt;[39m
              [36m&lt;div[39m
                [33mclass[39m=[32m&quot;relative&quot;[39m
              [36m&gt;[39m
                [36m&lt;input[39m
                  [33mclass[39m=[32m&quot;w-full px-4 py-3 border rounded-lg focus:ring-2 focus:ring-blue-500 focus:border-transparent transition-colors border-gray-300&quot;[39m
                  [33mid[39m=[32m&quot;companyName&quot;[39m
                  [33mname[39m=[32m&quot;companyName&quot;[39m
                  [33mplaceholder[39m=[32m&quot;Enter company name&quot;[39m
                  [33mrequired[39m=[32m&quot;&quot;[39m
                  [33mtype[39m=[32m&quot;text&quot;[39m
                  [33mvalue[39m=[32m&quot;&quot;[39m
                [36m/&gt;[39m
                [36m&lt;div[39m
                  [33mclass[39m=[32m&quot;absolute right-3 top-1/2 transform -translate-y-1/2&quot;[39m
                [36m/&gt;[39m
              [36m&lt;/div&gt;[39m
            [36m&lt;/div&gt;[39m
            [36m&lt;div&gt;[39m
              [36m&lt;label[39m
                [33mclass[39m=[32m&quot;block text-sm font-medium text-gray-700 mb-2&quot;[39m
                [33mfor[39m=[32m&quot;companyType&quot;[39m
              [36m&gt;[39m
                [0mCompany Type *[0m
              [36m&lt;/label&gt;[39m
              [36m&lt;select[39m
                [33mclass[39m=[32m&quot;w-full px-4 py-3 border border-gray-300 rounded-lg focus:ring-2 focus:ring-blue-500 focus:border-transparent transition-colors&quot;[39m
                [33mid[39m=[32m&quot;companyType&quot;[39m
                [33mname[39m=[32m&quot;companyType&quot;[39m
                [33mrequired[39m=[32m&quot;&quot;[39m
              [36m&gt;[39m
                [36m&lt;option[39m
                  [33mvalue[39m=[32m&quot;LTD&quot;[39m
                [36m&gt;[39m
                  [0mLimited Company (Ltd)[0m
                [36m&lt;/option&gt;[39m
                [36m&lt;option[39m
                  [33mvalue[39m=[32m&quot;OVERSEAS&quot;[39m
                [36m&gt;[39m
                  [0mOverseas Company[0m
                [36m&lt;/option&gt;[39m
                [36m&lt;option[39m
                  [33mvalue[39m=[32m&quot;UNLIMITED&quot;[39m
                [36m&gt;[39m
                  [0mUnlimited Company[0m
                [36m&lt;/option&gt;[39m
              [36m&lt;/select&gt;[39m
            [36m&lt;/div&gt;[39m
            [36m&lt;div&gt;[39m
              [36m&lt;label[39m
                [33mclass[39m=[32m&quot;block text-sm font-medium text-gray-700 mb-2&quot;[39m
                [33mfor[39m=[32m&quot;incorporationDate&quot;[39m
              [36m&gt;[39m
                [0mIncorporation Date *[0m
              [36m&lt;/label&gt;[39m
              [36m&lt;input[39m
                [33mclass[39m=[32m&quot;w-full px-4 py-3 border rounded-lg focus:ring-2 focus:ring-blue-500 focus:border-transparent transition-colors border-gray-300&quot;[39m
                [33mid[39m=[32m&quot;incorporationDate&quot;[39m
                [33mname[39m=[32m&quot;incorporationDate&quot;[39m
                [33mrequired[39m=[32m&quot;&quot;[39m
                [33mtype[39m=[32m&quot;date&quot;[39m
                [33mvalue[39m=[32m&quot;&quot;[39m
              [36m/&gt;[39m
            [36m&lt;/div&gt;[39m
            [36m&lt;div&gt;[39m
              [36m&lt;label[39m
                [33mclass[39m=[32m&quot;block text-sm font-medium text-gray-700 mb-2&quot;[39m
                [33mfor[39m=[32m&quot;nzbn&quot;[39m
              [36m&gt;[39m
                [0mNZBN (Optional)[0m
              [36m&lt;/label&gt;[39m
              [36m&lt;input[39m
                [33mclass[39m=[32m&quot;w-full px-4 py-3 border border-gray-300 rounded-lg focus:ring-2 focus:ring-blue-500 focus:border-transparent transition-colors&quot;[39m
                [33mid[39m=[32m&quot;nzbn&quot;[39m
                [33mname[39m=[32m&quot;nzbn&quot;[39m
                [33mplaceholder[39m=[32m&quot;New Zealand Business Number&quot;[39m
                [33mtype[39m=[32m&quot;text&quot;[39m
                [33mvalue[39m=[32m&quot;&quot;[39m
              [36m/&gt;[39m
            [36m&lt;/div&gt;[39m
            [36m&lt;div[39m
              [33mclass[39m=[32m&quot;border-t pt-6&quot;[39m
            [36m&gt;[39m
              [36m&lt;h3[39m
                [33mclass[39m=[32m&quot;text-lg font-medium text-gray-900 mb-4&quot;[39m
              [36m&gt;[39m
                [0mShare Capital[0m
              [36m&lt;/h3&gt;[39m
              [36m&lt;div[39m
                [33mclass[39m=[32m&quot;grid grid-cols-1 md:grid-cols-3 gap-4&quot;[39m
              [36m&gt;[39m
                [36m&lt;div&gt;[39m
                  [36m&lt;label[39m
                    [33mclass[39m=[32m&quot;block text-sm font-medium text-gray-700 mb-2&quot;[39m
                    [33mfor[39m=[32m&quot;shareCapital&quot;[39m
                  [36m&gt;[39m
                    [0mShare Capital (NZD) *[0m
                  [36m&lt;/label&gt;[39m
                  [36m&lt;input[39m
                    [33mclass[39m=[32m&quot;w-full px-4 py-3 border rounded-lg focus:ring-2 focus:ring-blue-500 focus:border-transparent transition-colors border-gray-300&quot;[39m
                    [33mid[39m=[32m&quot;shareCapital&quot;[39m
                    [33mmin[39m=[32m&quot;1&quot;[39m
                    [33mname[39m=[32m&quot;shareCapital&quot;[39m
                    [33mrequired[39m=[32m&quot;&quot;[39m
                    [33mstep[39m=[32m&quot;0.01&quot;[39m
                    [33mtype[39m=[32m&quot;number&quot;[39m
                    [33mvalue[39m=[32m&quot;100&quot;[39m
                  [36m/&gt;[39m
                [36m&lt;/div&gt;[39m
                [36m&lt;div&gt;[39m
                  [36m&lt;label[39m
                    [33mclass[39m=[32m&quot;block text-sm font-medium text-gray-700 mb-2&quot;[39m
                    [33mfor[39m=[32m&quot;numberOfShares&quot;[39m
                  [36m&gt;[39m
                    [0mNumber of Shares *[0m
                  [36m&lt;/label&gt;[39m
                  [36m&lt;input[39m
                    [33mclass[39m=[32m&quot;w-full px-4 py-3 border rounded-lg focus:ring-2 focus:ring-blue-500 focus:border-transparent transition-colors border-gray-300&quot;[39m
                    [33mid[39m=[32m&quot;numberOfShares&quot;[39m
                    [33mmin[39m=[32m&quot;1&quot;[39m
                    [33mname[39m=[32m&quot;numberOfShares&quot;[39m
                    [33mrequired[39m=[32m&quot;&quot;[39m
                    [33mtype[39m=[32m&quot;number&quot;[39m
                    [33mvalue[39m=[32m&quot;100&quot;[39m
                  [36m/&gt;[39m
                [36m&lt;/div&gt;[39m
                [36m&lt;div&gt;[39m
                  [36m&lt;label[39m
                    [33mclass[39m=[32m&quot;block text-sm font-medium text-gray-700 mb-2&quot;[39m
                    [33mfor[39m=[32m&quot;shareValue&quot;[39m
                  [36m&gt;[39m
                    [0mValue per Share (NZD) *[0m
                  [36m&lt;/label&gt;[39m
                  [36m&lt;input[39m
                    [33mclass[39m=[32m&quot;w-full px-4 py-3 border rounded-lg focus:ring-2 focus:ring-blue-500 focus:border-transparent transition-colors border-gray-300&quot;[39m
                    [33mid[39m=[32m&quot;shareValue&quot;[39m
                    [33mmin[39m=[32m&quot;0.01&quot;[39m
                    [33mname[39m=[32m&quot;shareValue&quot;[39m
                    [33mrequired[39m=[32m&quot;&quot;[39m
                    [33mstep[39m=[32m&quot;0.01&quot;[39m
                    [33mtype[39m=[32m&quot;number&quot;[39m
                    [33mvalue[39m=[32m&quot;1&quot;[39m
                  [36m/&gt;[39m
                [36m&lt;/div&gt;[39m
              [36m&lt;/div&gt;[39m
            [36m&lt;/div&gt;[39m
            [36m&lt;div[39m
              [33mclass[39m=[32m&quot;pt-6&quot;[39m
            [36m&gt;[39m
              [36m&lt;button[39m
                [33mclass[39m=[32m&quot;w-full py-3 px-6 rounded-lg font-medium text-white transition-all duration-200 bg-gray-400 cursor-not-allowed&quot;[39m
                [33mdisabled[39m=[32m&quot;&quot;[39m
                [33mtype[39m=[32m&quot;submit&quot;[39m
              [36m&gt;[39m
                [0mRegister Company[0m
              [36m&lt;/button&gt;[39m
            [36m&lt;/div&gt;[39m
          [36m&lt;/form&gt;[39m
        [36m&lt;/div&gt;[39m
      [36m&lt;/div&gt;[39m
    [36m&lt;/div&gt;[39m
  [36m&lt;/div&gt;[39m
[36m&lt;/body&gt;[39m" type="TestingLibraryElementError">
TestingLibraryElementError: Unable to find an element with the display value: LTD.

Ignored nodes: comments, script, style
&lt;body&gt;
  &lt;div&gt;
    &lt;div
      class=&quot;min-h-screen bg-gradient-to-br from-blue-50 via-white to-green-50 py-12 px-4 sm:px-6 lg:px-8&quot;
    &gt;
      &lt;div
        class=&quot;max-w-3xl mx-auto&quot;
      &gt;
        &lt;div
          class=&quot;text-center mb-8&quot;
        &gt;
          &lt;div
            class=&quot;flex items-center justify-center mb-4&quot;
          &gt;
            &lt;div
              class=&quot;flex items-center justify-center w-16 h-16 bg-gradient-to-br from-blue-600 to-green-600 rounded-xl shadow-lg&quot;
            &gt;
              &lt;svg
                aria-hidden=&quot;true&quot;
                class=&quot;lucide lucide-building2 lucide-building-2 h-8 w-8 text-white&quot;
                fill=&quot;none&quot;
                height=&quot;24&quot;
                stroke=&quot;currentColor&quot;
                stroke-linecap=&quot;round&quot;
                stroke-linejoin=&quot;round&quot;
                stroke-width=&quot;2&quot;
                viewBox=&quot;0 0 24 24&quot;
                width=&quot;24&quot;
                xmlns=&quot;http://www.w3.org/2000/svg&quot;
              &gt;
                &lt;path
                  d=&quot;M6 22V4a2 2 0 0 1 2-2h8a2 2 0 0 1 2 2v18Z&quot;
                /&gt;
                &lt;path
                  d=&quot;M6 12H4a2 2 0 0 0-2 2v6a2 2 0 0 0 2 2h2&quot;
                /&gt;
                &lt;path
                  d=&quot;M18 9h2a2 2 0 0 1 2 2v9a2 2 0 0 1-2 2h-2&quot;
                /&gt;
                &lt;path
                  d=&quot;M10 6h4&quot;
                /&gt;
                &lt;path
                  d=&quot;M10 10h4&quot;
                /&gt;
                &lt;path
                  d=&quot;M10 14h4&quot;
                /&gt;
                &lt;path
                  d=&quot;M10 18h4&quot;
                /&gt;
              &lt;/svg&gt;
            &lt;/div&gt;
          &lt;/div&gt;
          &lt;h1
            class=&quot;text-3xl font-bold text-gray-900 mb-2&quot;
          &gt;
            Register a New Company
          &lt;/h1&gt;
          &lt;p
            class=&quot;text-lg text-gray-600&quot;
          &gt;
            Register your new company with the New Zealand Companies Office
          &lt;/p&gt;
        &lt;/div&gt;
        &lt;div
          class=&quot;bg-white rounded-2xl shadow-xl p-8 border border-gray-100&quot;
        &gt;
          &lt;form
            class=&quot;space-y-6&quot;
          &gt;
            &lt;div&gt;
              &lt;label
                class=&quot;block text-sm font-medium text-gray-700 mb-2&quot;
                for=&quot;companyName&quot;
              &gt;
                Company Name *
              &lt;/label&gt;
              &lt;div
                class=&quot;relative&quot;
              &gt;
                &lt;input
                  class=&quot;w-full px-4 py-3 border rounded-lg focus:ring-2 focus:ring-blue-500 focus:border-transparent transition-colors border-gray-300&quot;
                  id=&quot;companyName&quot;
                  name=&quot;companyName&quot;
                  placeholder=&quot;Enter company name&quot;
                  required=&quot;&quot;
                  type=&quot;text&quot;
                  value=&quot;&quot;
                /&gt;
                &lt;div
                  class=&quot;absolute right-3 top-1/2 transform -translate-y-1/2&quot;
                /&gt;
              &lt;/div&gt;
            &lt;/div&gt;
            &lt;div&gt;
              &lt;label
                class=&quot;block text-sm font-medium text-gray-700 mb-2&quot;
                for=&quot;companyType&quot;
              &gt;
                Company Type *
              &lt;/label&gt;
              &lt;select
                class=&quot;w-full px-4 py-3 border border-gray-300 rounded-lg focus:ring-2 focus:ring-blue-500 focus:border-transparent transition-colors&quot;
                id=&quot;companyType&quot;
                name=&quot;companyType&quot;
                required=&quot;&quot;
              &gt;
                &lt;option
                  value=&quot;LTD&quot;
                &gt;
                  Limited Company (Ltd)
                &lt;/option&gt;
                &lt;option
                  value=&quot;OVERSEAS&quot;
                &gt;
                  Overseas Company
                &lt;/option&gt;
                &lt;option
                  value=&quot;UNLIMITED&quot;
                &gt;
                  Unlimited Company
                &lt;/option&gt;
              &lt;/select&gt;
            &lt;/div&gt;
            &lt;div&gt;
              &lt;label
                class=&quot;block text-sm font-medium text-gray-700 mb-2&quot;
                for=&quot;incorporationDate&quot;
              &gt;
                Incorporation Date *
              &lt;/label&gt;
              &lt;input
                class=&quot;w-full px-4 py-3 border rounded-lg focus:ring-2 focus:ring-blue-500 focus:border-transparent transition-colors border-gray-300&quot;
                id=&quot;incorporationDate&quot;
                name=&quot;incorporationDate&quot;
                required=&quot;&quot;
                type=&quot;date&quot;
                value=&quot;&quot;
              /&gt;
            &lt;/div&gt;
            &lt;div&gt;
              &lt;label
                class=&quot;block text-sm font-medium text-gray-700 mb-2&quot;
                for=&quot;nzbn&quot;
              &gt;
                NZBN (Optional)
              &lt;/label&gt;
              &lt;input
                class=&quot;w-full px-4 py-3 border border-gray-300 rounded-lg focus:ring-2 focus:ring-blue-500 focus:border-transparent transition-colors&quot;
                id=&quot;nzbn&quot;
                name=&quot;nzbn&quot;
                placeholder=&quot;New Zealand Business Number&quot;
                type=&quot;text&quot;
                value=&quot;&quot;
              /&gt;
            &lt;/div&gt;
            &lt;div
              class=&quot;border-t pt-6&quot;
            &gt;
              &lt;h3
                class=&quot;text-lg font-medium text-gray-900 mb-4&quot;
              &gt;
                Share Capital
              &lt;/h3&gt;
              &lt;div
                class=&quot;grid grid-cols-1 md:grid-cols-3 gap-4&quot;
              &gt;
                &lt;div&gt;
                  &lt;label
                    class=&quot;block text-sm font-medium text-gray-700 mb-2&quot;
                    for=&quot;shareCapital&quot;
                  &gt;
                    Share Capital (NZD) *
                  &lt;/label&gt;
                  &lt;input
                    class=&quot;w-full px-4 py-3 border rounded-lg focus:ring-2 focus:ring-blue-500 focus:border-transparent transition-colors border-gray-300&quot;
                    id=&quot;shareCapital&quot;
                    min=&quot;1&quot;
                    name=&quot;shareCapital&quot;
                    required=&quot;&quot;
                    step=&quot;0.01&quot;
                    type=&quot;number&quot;
                    value=&quot;100&quot;
                  /&gt;
                &lt;/div&gt;
                &lt;div&gt;
                  &lt;label
                    class=&quot;block text-sm font-medium text-gray-700 mb-2&quot;
                    for=&quot;numberOfShares&quot;
                  &gt;
                    Number of Shares *
                  &lt;/label&gt;
                  &lt;input
                    class=&quot;w-full px-4 py-3 border rounded-lg focus:ring-2 focus:ring-blue-500 focus:border-transparent transition-colors border-gray-300&quot;
                    id=&quot;numberOfShares&quot;
                    min=&quot;1&quot;
                    name=&quot;numberOfShares&quot;
                    required=&quot;&quot;
                    type=&quot;number&quot;
                    value=&quot;100&quot;
                  /&gt;
                &lt;/div&gt;
                &lt;div&gt;
                  &lt;label
                    class=&quot;block text-sm font-medium text-gray-700 mb-2&quot;
                    for=&quot;shareValue&quot;
                  &gt;
                    Value per Share (NZD) *
                  &lt;/label&gt;
                  &lt;input
                    class=&quot;w-full px-4 py-3 border rounded-lg focus:ring-2 focus:ring-blue-500 focus:border-transparent transition-colors border-gray-300&quot;
                    id=&quot;shareValue&quot;
                    min=&quot;0.01&quot;
                    name=&quot;shareValue&quot;
                    required=&quot;&quot;
                    step=&quot;0.01&quot;
                    type=&quot;number&quot;
                    value=&quot;1&quot;
                  /&gt;
                &lt;/div&gt;
              &lt;/div&gt;
            &lt;/div&gt;
            &lt;div
              class=&quot;pt-6&quot;
            &gt;
              &lt;button
                class=&quot;w-full py-3 px-6 rounded-lg font-medium text-white transition-all duration-200 bg-gray-400 cursor-not-allowed&quot;
                disabled=&quot;&quot;
                type=&quot;submit&quot;
              &gt;
                Register Company
              &lt;/button&gt;
            &lt;/div&gt;
          &lt;/form&gt;
        &lt;/div&gt;
      &lt;/div&gt;
    &lt;/div&gt;
  &lt;/div&gt;
&lt;/body&gt;
 ❯ Object.getElementError node_modules/@testing-library/dom/dist/config.js:37:19
 ❯ node_modules/@testing-library/dom/dist/query-helpers.js:76:38
 ❯ node_modules/@testing-library/dom/dist/query-helpers.js:52:17
 ❯ node_modules/@testing-library/dom/dist/query-helpers.js:95:19
 ❯ src/pages/__tests__/CompanyRegistration.test.tsx:33:19
            </failure>
        </testcase>
        <testcase classname="src/pages/__tests__/CompanyRegistration.test.tsx" name="CompanyRegistration &gt; validates required fields" time="0.049376814">
            <failure message="Unable to find an element with the text: Company name is required. This could be because the text is broken up by multiple elements. In this case, you can provide a function for your text matcher to make your matcher more flexible.

Ignored nodes: comments, script, style
[36m&lt;body&gt;[39m
  [36m&lt;div&gt;[39m
    [36m&lt;div[39m
      [33mclass[39m=[32m&quot;min-h-screen bg-gradient-to-br from-blue-50 via-white to-green-50 py-12 px-4 sm:px-6 lg:px-8&quot;[39m
    [36m&gt;[39m
      [36m&lt;div[39m
        [33mclass[39m=[32m&quot;max-w-3xl mx-auto&quot;[39m
      [36m&gt;[39m
        [36m&lt;div[39m
          [33mclass[39m=[32m&quot;text-center mb-8&quot;[39m
        [36m&gt;[39m
          [36m&lt;div[39m
            [33mclass[39m=[32m&quot;flex items-center justify-center mb-4&quot;[39m
          [36m&gt;[39m
            [36m&lt;div[39m
              [33mclass[39m=[32m&quot;flex items-center justify-center w-16 h-16 bg-gradient-to-br from-blue-600 to-green-600 rounded-xl shadow-lg&quot;[39m
            [36m&gt;[39m
              [36m&lt;svg[39m
                [33maria-hidden[39m=[32m&quot;true&quot;[39m
                [33mclass[39m=[32m&quot;lucide lucide-building2 lucide-building-2 h-8 w-8 text-white&quot;[39m
                [33mfill[39m=[32m&quot;none&quot;[39m
                [33mheight[39m=[32m&quot;24&quot;[39m
                [33mstroke[39m=[32m&quot;currentColor&quot;[39m
                [33mstroke-linecap[39m=[32m&quot;round&quot;[39m
                [33mstroke-linejoin[39m=[32m&quot;round&quot;[39m
                [33mstroke-width[39m=[32m&quot;2&quot;[39m
                [33mviewBox[39m=[32m&quot;0 0 24 24&quot;[39m
                [33mwidth[39m=[32m&quot;24&quot;[39m
                [33mxmlns[39m=[32m&quot;http://www.w3.org/2000/svg&quot;[39m
              [36m&gt;[39m
                [36m&lt;path[39m
                  [33md[39m=[32m&quot;M6 22V4a2 2 0 0 1 2-2h8a2 2 0 0 1 2 2v18Z&quot;[39m
                [36m/&gt;[39m
                [36m&lt;path[39m
                  [33md[39m=[32m&quot;M6 12H4a2 2 0 0 0-2 2v6a2 2 0 0 0 2 2h2&quot;[39m
                [36m/&gt;[39m
                [36m&lt;path[39m
                  [33md[39m=[32m&quot;M18 9h2a2 2 0 0 1 2 2v9a2 2 0 0 1-2 2h-2&quot;[39m
                [36m/&gt;[39m
                [36m&lt;path[39m
                  [33md[39m=[32m&quot;M10 6h4&quot;[39m
                [36m/&gt;[39m
                [36m&lt;path[39m
                  [33md[39m=[32m&quot;M10 10h4&quot;[39m
                [36m/&gt;[39m
                [36m&lt;path[39m
                  [33md[39m=[32m&quot;M10 14h4&quot;[39m
                [36m/&gt;[39m
                [36m&lt;path[39m
                  [33md[39m=[32m&quot;M10 18h4&quot;[39m
                [36m/&gt;[39m
              [36m&lt;/svg&gt;[39m
            [36m&lt;/div&gt;[39m
          [36m&lt;/div&gt;[39m
          [36m&lt;h1[39m
            [33mclass[39m=[32m&quot;text-3xl font-bold text-gray-900 mb-2&quot;[39m
          [36m&gt;[39m
            [0mRegister a New Company[0m
          [36m&lt;/h1&gt;[39m
          [36m&lt;p[39m
            [33mclass[39m=[32m&quot;text-lg text-gray-600&quot;[39m
          [36m&gt;[39m
            [0mRegister your new company with the New Zealand Companies Office[0m
          [36m&lt;/p&gt;[39m
        [36m&lt;/div&gt;[39m
        [36m&lt;div[39m
          [33mclass[39m=[32m&quot;bg-white rounded-2xl shadow-xl p-8 border border-gray-100&quot;[39m
        [36m&gt;[39m
          [36m&lt;form[39m
            [33mclass[39m=[32m&quot;space-y-6&quot;[39m
          [36m&gt;[39m
            [36m&lt;div&gt;[39m
              [36m&lt;label[39m
                [33mclass[39m=[32m&quot;block text-sm font-medium text-gray-700 mb-2&quot;[39m
                [33mfor[39m=[32m&quot;companyName&quot;[39m
              [36m&gt;[39m
                [0mCompany Name *[0m
              [36m&lt;/label&gt;[39m
              [36m&lt;div[39m
                [33mclass[39m=[32m&quot;relative&quot;[39m
              [36m&gt;[39m
                [36m&lt;input[39m
                  [33mclass[39m=[32m&quot;w-full px-4 py-3 border rounded-lg focus:ring-2 focus:ring-blue-500 focus:border-transparent transition-colors border-gray-300&quot;[39m
                  [33mid[39m=[32m&quot;companyName&quot;[39m
                  [33mname[39m=[32m&quot;companyName&quot;[39m
                  [33mplaceholder[39m=[32m&quot;Enter company name&quot;[39m
                  [33mrequired[39m=[32m&quot;&quot;[39m
                  [33mtype[39m=[32m&quot;text&quot;[39m
                  [33mvalue[39m=[32m&quot;&quot;[39m
                [36m/&gt;[39m
                [36m&lt;div[39m
                  [33mclass[39m=[32m&quot;absolute right-3 top-1/2 transform -translate-y-1/2&quot;[39m
                [36m/&gt;[39m
              [36m&lt;/div&gt;[39m
            [36m&lt;/div&gt;[39m
            [36m&lt;div&gt;[39m
              [36m&lt;label[39m
                [33mclass[39m=[32m&quot;block text-sm font-medium text-gray-700 mb-2&quot;[39m
                [33mfor[39m=[32m&quot;companyType&quot;[39m
              [36m&gt;[39m
                [0mCompany Type *[0m
              [36m&lt;/label&gt;[39m
              [36m&lt;select[39m
                [33mclass[39m=[32m&quot;w-full px-4 py-3 border border-gray-300 rounded-lg focus:ring-2 focus:ring-blue-500 focus:border-transparent transition-colors&quot;[39m
                [33mid[39m=[32m&quot;companyType&quot;[39m
                [33mname[39m=[32m&quot;companyType&quot;[39m
                [33mrequired[39m=[32m&quot;&quot;[39m
              [36m&gt;[39m
                [36m&lt;option[39m
                  [33mvalue[39m=[32m&quot;LTD&quot;[39m
                [36m&gt;[39m
                  [0mLimited Company (Ltd)[0m
                [36m&lt;/option&gt;[39m
                [36m&lt;option[39m
                  [33mvalue[39m=[32m&quot;OVERSEAS&quot;[39m
                [36m&gt;[39m
                  [0mOverseas Company[0m
                [36m&lt;/option&gt;[39m
                [36m&lt;option[39m
                  [33mvalue[39m=[32m&quot;UNLIMITED&quot;[39m
                [36m&gt;[39m
                  [0mUnlimited Company[0m
                [36m&lt;/option&gt;[39m
              [36m&lt;/select&gt;[39m
            [36m&lt;/div&gt;[39m
            [36m&lt;div&gt;[39m
              [36m&lt;label[39m
                [33mclass[39m=[32m&quot;block text-sm font-medium text-gray-700 mb-2&quot;[39m
                [33mfor[39m=[32m&quot;incorporationDate&quot;[39m
              [36m&gt;[39m
                [0mIncorporation Date *[0m
              [36m&lt;/label&gt;[39m
              [36m&lt;input[39m
                [33mclass[39m=[32m&quot;w-full px-4 py-3 border rounded-lg focus:ring-2 focus:ring-blue-500 focus:border-transparent transition-colors border-gray-300&quot;[39m
                [33mid[39m=[32m&quot;incorporationDate&quot;[39m
                [33mname[39m=[32m&quot;incorporationDate&quot;[39m
                [33mrequired[39m=[32m&quot;&quot;[39m
                [33mtype[39m=[32m&quot;date&quot;[39m
                [33mvalue[39m=[32m&quot;&quot;[39m
              [36m/&gt;[39m
            [36m&lt;/div&gt;[39m
            [36m&lt;div&gt;[39m
              [36m&lt;label[39m
                [33mclass[39m=[32m&quot;block text-sm font-medium text-gray-700 mb-2&quot;[39m
                [33mfor[39m=[32m&quot;nzbn&quot;[39m
              [36m&gt;[39m
                [0mNZBN (Optional)[0m
              [36m&lt;/label&gt;[39m
              [36m&lt;input[39m
                [33mclass[39m=[32m&quot;w-full px-4 py-3 border border-gray-300 rounded-lg focus:ring-2 focus:ring-blue-500 focus:border-transparent transition-colors&quot;[39m
                [33mid[39m=[32m&quot;nzbn&quot;[39m
                [33mname[39m=[32m&quot;nzbn&quot;[39m
                [33mplaceholder[39m=[32m&quot;New Zealand Business Number&quot;[39m
                [33mtype[39m=[32m&quot;text&quot;[39m
                [33mvalue[39m=[32m&quot;&quot;[39m
              [36m/&gt;[39m
            [36m&lt;/div&gt;[39m
            [36m&lt;div[39m
              [33mclass[39m=[32m&quot;border-t pt-6&quot;[39m
            [36m&gt;[39m
              [36m&lt;h3[39m
                [33mclass[39m=[32m&quot;text-lg font-medium text-gray-900 mb-4&quot;[39m
              [36m&gt;[39m
                [0mShare Capital[0m
              [36m&lt;/h3&gt;[39m
              [36m&lt;div[39m
                [33mclass[39m=[32m&quot;grid grid-cols-1 md:grid-cols-3 gap-4&quot;[39m
              [36m&gt;[39m
                [36m&lt;div&gt;[39m
                  [36m&lt;label[39m
                    [33mclass[39m=[32m&quot;block text-sm font-medium text-gray-700 mb-2&quot;[39m
                    [33mfor[39m=[32m&quot;shareCapital&quot;[39m
                  [36m&gt;[39m
                    [0mShare Capital (NZD) *[0m
                  [36m&lt;/label&gt;[39m
                  [36m&lt;input[39m
                    [33mclass[39m=[32m&quot;w-full px-4 py-3 border rounded-lg focus:ring-2 focus:ring-blue-500 focus:border-transparent transition-colors border-gray-300&quot;[39m
                    [33mid[39m=[32m&quot;shareCapital&quot;[39m
                    [33mmin[39m=[32m&quot;1&quot;[39m
                    [33mname[39m=[32m&quot;shareCapital&quot;[39m
                    [33mrequired[39m=[32m&quot;&quot;[39m
                    [33mstep[39m=[32m&quot;0.01&quot;[39m
                    [33mtype[39m=[32m&quot;number&quot;[39m
                    [33mvalue[39m=[32m&quot;100&quot;[39m
                  [36m/&gt;[39m
                [36m&lt;/div&gt;[39m
                [36m&lt;div&gt;[39m
                  [36m&lt;label[39m
                    [33mclass[39m=[32m&quot;block text-sm font-medium text-gray-700 mb-2&quot;[39m
                    [33mfor[39m=[32m&quot;numberOfShares&quot;[39m
                  [36m&gt;[39m
                    [0mNumber of Shares *[0m
                  [36m&lt;/label&gt;[39m
                  [36m&lt;input[39m
                    [33mclass[39m=[32m&quot;w-full px-4 py-3 border rounded-lg focus:ring-2 focus:ring-blue-500 focus:border-transparent transition-colors border-gray-300&quot;[39m
                    [33mid[39m=[32m&quot;numberOfShares&quot;[39m
                    [33mmin[39m=[32m&quot;1&quot;[39m
                    [33mname[39m=[32m&quot;numberOfShares&quot;[39m
                    [33mrequired[39m=[32m&quot;&quot;[39m
                    [33mtype[39m=[32m&quot;number&quot;[39m
                    [33mvalue[39m=[32m&quot;100&quot;[39m
                  [36m/&gt;[39m
                [36m&lt;/div&gt;[39m
                [36m&lt;div&gt;[39m
                  [36m&lt;label[39m
                    [33mclass[39m=[32m&quot;block text-sm font-medium text-gray-700 mb-2&quot;[39m
                    [33mfor[39m=[32m&quot;shareValue&quot;[39m
                  [36m&gt;[39m
                    [0mValue per Share (NZD) *[0m
                  [36m&lt;/label&gt;[39m
                  [36m&lt;input[39m
                    [33mclass[39m=[32m&quot;w-full px-4 py-3 border rounded-lg focus:ring-2 focus:ring-blue-500 focus:border-transparent transition-colors border-gray-300&quot;[39m
                    [33mid[39m=[32m&quot;shareValue&quot;[39m
                    [33mmin[39m=[32m&quot;0.01&quot;[39m
                    [33mname[39m=[32m&quot;shareValue&quot;[39m
                    [33mrequired[39m=[32m&quot;&quot;[39m
                    [33mstep[39m=[32m&quot;0.01&quot;[39m
                    [33mtype[39m=[32m&quot;number&quot;[39m
                    [33mvalue[39m=[32m&quot;1&quot;[39m
                  [36m/&gt;[39m
                [36m&lt;/div&gt;[39m
              [36m&lt;/div&gt;[39m
            [36m&lt;/div&gt;[39m
            [36m&lt;div[39m
              [33mclass[39m=[32m&quot;pt-6&quot;[39m
            [36m&gt;[39m
              [36m&lt;button[39m
                [33mclass[39m=[32m&quot;w-full py-3 px-6 rounded-lg font-medium text-white transition-all duration-200 bg-gray-400 cursor-not-allowed&quot;[39m
                [33mdisabled[39m=[32m&quot;&quot;[39m
                [33mtype[39m=[32m&quot;submit&quot;[39m
              [36m&gt;[39m
                [0mRegister Company[0m
              [36m&lt;/button&gt;[39m
            [36m&lt;/div&gt;[39m
          [36m&lt;/form&gt;[39m
        [36m&lt;/div&gt;[39m
      [36m&lt;/div&gt;[39m
    [36m&lt;/div&gt;[39m
  [36m&lt;/div&gt;[39m
[36m&lt;/body&gt;[39m" type="TestingLibraryElementError">
TestingLibraryElementError: Unable to find an element with the text: Company name is required. This could be because the text is broken up by multiple elements. In this case, you can provide a function for your text matcher to make your matcher more flexible.

Ignored nodes: comments, script, style
&lt;body&gt;
  &lt;div&gt;
    &lt;div
      class=&quot;min-h-screen bg-gradient-to-br from-blue-50 via-white to-green-50 py-12 px-4 sm:px-6 lg:px-8&quot;
    &gt;
      &lt;div
        class=&quot;max-w-3xl mx-auto&quot;
      &gt;
        &lt;div
          class=&quot;text-center mb-8&quot;
        &gt;
          &lt;div
            class=&quot;flex items-center justify-center mb-4&quot;
          &gt;
            &lt;div
              class=&quot;flex items-center justify-center w-16 h-16 bg-gradient-to-br from-blue-600 to-green-600 rounded-xl shadow-lg&quot;
            &gt;
              &lt;svg
                aria-hidden=&quot;true&quot;
                class=&quot;lucide lucide-building2 lucide-building-2 h-8 w-8 text-white&quot;
                fill=&quot;none&quot;
                height=&quot;24&quot;
                stroke=&quot;currentColor&quot;
                stroke-linecap=&quot;round&quot;
                stroke-linejoin=&quot;round&quot;
                stroke-width=&quot;2&quot;
                viewBox=&quot;0 0 24 24&quot;
                width=&quot;24&quot;
                xmlns=&quot;http://www.w3.org/2000/svg&quot;
              &gt;
                &lt;path
                  d=&quot;M6 22V4a2 2 0 0 1 2-2h8a2 2 0 0 1 2 2v18Z&quot;
                /&gt;
                &lt;path
                  d=&quot;M6 12H4a2 2 0 0 0-2 2v6a2 2 0 0 0 2 2h2&quot;
                /&gt;
                &lt;path
                  d=&quot;M18 9h2a2 2 0 0 1 2 2v9a2 2 0 0 1-2 2h-2&quot;
                /&gt;
                &lt;path
                  d=&quot;M10 6h4&quot;
                /&gt;
                &lt;path
                  d=&quot;M10 10h4&quot;
                /&gt;
                &lt;path
                  d=&quot;M10 14h4&quot;
                /&gt;
                &lt;path
                  d=&quot;M10 18h4&quot;
                /&gt;
              &lt;/svg&gt;
            &lt;/div&gt;
          &lt;/div&gt;
          &lt;h1
            class=&quot;text-3xl font-bold text-gray-900 mb-2&quot;
          &gt;
            Register a New Company
          &lt;/h1&gt;
          &lt;p
            class=&quot;text-lg text-gray-600&quot;
          &gt;
            Register your new company with the New Zealand Companies Office
          &lt;/p&gt;
        &lt;/div&gt;
        &lt;div
          class=&quot;bg-white rounded-2xl shadow-xl p-8 border border-gray-100&quot;
        &gt;
          &lt;form
            class=&quot;space-y-6&quot;
          &gt;
            &lt;div&gt;
              &lt;label
                class=&quot;block text-sm font-medium text-gray-700 mb-2&quot;
                for=&quot;companyName&quot;
              &gt;
                Company Name *
              &lt;/label&gt;
              &lt;div
                class=&quot;relative&quot;
              &gt;
                &lt;input
                  class=&quot;w-full px-4 py-3 border rounded-lg focus:ring-2 focus:ring-blue-500 focus:border-transparent transition-colors border-gray-300&quot;
                  id=&quot;companyName&quot;
                  name=&quot;companyName&quot;
                  placeholder=&quot;Enter company name&quot;
                  required=&quot;&quot;
                  type=&quot;text&quot;
                  value=&quot;&quot;
                /&gt;
                &lt;div
                  class=&quot;absolute right-3 top-1/2 transform -translate-y-1/2&quot;
                /&gt;
              &lt;/div&gt;
            &lt;/div&gt;
            &lt;div&gt;
              &lt;label
                class=&quot;block text-sm font-medium text-gray-700 mb-2&quot;
                for=&quot;companyType&quot;
              &gt;
                Company Type *
              &lt;/label&gt;
              &lt;select
                class=&quot;w-full px-4 py-3 border border-gray-300 rounded-lg focus:ring-2 focus:ring-blue-500 focus:border-transparent transition-colors&quot;
                id=&quot;companyType&quot;
                name=&quot;companyType&quot;
                required=&quot;&quot;
              &gt;
                &lt;option
                  value=&quot;LTD&quot;
                &gt;
                  Limited Company (Ltd)
                &lt;/option&gt;
                &lt;option
                  value=&quot;OVERSEAS&quot;
                &gt;
                  Overseas Company
                &lt;/option&gt;
                &lt;option
                  value=&quot;UNLIMITED&quot;
                &gt;
                  Unlimited Company
                &lt;/option&gt;
              &lt;/select&gt;
            &lt;/div&gt;
            &lt;div&gt;
              &lt;label
                class=&quot;block text-sm font-medium text-gray-700 mb-2&quot;
                for=&quot;incorporationDate&quot;
              &gt;
                Incorporation Date *
              &lt;/label&gt;
              &lt;input
                class=&quot;w-full px-4 py-3 border rounded-lg focus:ring-2 focus:ring-blue-500 focus:border-transparent transition-colors border-gray-300&quot;
                id=&quot;incorporationDate&quot;
                name=&quot;incorporationDate&quot;
                required=&quot;&quot;
                type=&quot;date&quot;
                value=&quot;&quot;
              /&gt;
            &lt;/div&gt;
            &lt;div&gt;
              &lt;label
                class=&quot;block text-sm font-medium text-gray-700 mb-2&quot;
                for=&quot;nzbn&quot;
              &gt;
                NZBN (Optional)
              &lt;/label&gt;
              &lt;input
                class=&quot;w-full px-4 py-3 border border-gray-300 rounded-lg focus:ring-2 focus:ring-blue-500 focus:border-transparent transition-colors&quot;
                id=&quot;nzbn&quot;
                name=&quot;nzbn&quot;
                placeholder=&quot;New Zealand Business Number&quot;
                type=&quot;text&quot;
                value=&quot;&quot;
              /&gt;
            &lt;/div&gt;
            &lt;div
              class=&quot;border-t pt-6&quot;
            &gt;
              &lt;h3
                class=&quot;text-lg font-medium text-gray-900 mb-4&quot;
              &gt;
                Share Capital
              &lt;/h3&gt;
              &lt;div
                class=&quot;grid grid-cols-1 md:grid-cols-3 gap-4&quot;
              &gt;
                &lt;div&gt;
                  &lt;label
                    class=&quot;block text-sm font-medium text-gray-700 mb-2&quot;
                    for=&quot;shareCapital&quot;
                  &gt;
                    Share Capital (NZD) *
                  &lt;/label&gt;
                  &lt;input
                    class=&quot;w-full px-4 py-3 border rounded-lg focus:ring-2 focus:ring-blue-500 focus:border-transparent transition-colors border-gray-300&quot;
                    id=&quot;shareCapital&quot;
                    min=&quot;1&quot;
                    name=&quot;shareCapital&quot;
                    required=&quot;&quot;
                    step=&quot;0.01&quot;
                    type=&quot;number&quot;
                    value=&quot;100&quot;
                  /&gt;
                &lt;/div&gt;
                &lt;div&gt;
                  &lt;label
                    class=&quot;block text-sm font-medium text-gray-700 mb-2&quot;
                    for=&quot;numberOfShares&quot;
                  &gt;
                    Number of Shares *
                  &lt;/label&gt;
                  &lt;input
                    class=&quot;w-full px-4 py-3 border rounded-lg focus:ring-2 focus:ring-blue-500 focus:border-transparent transition-colors border-gray-300&quot;
                    id=&quot;numberOfShares&quot;
                    min=&quot;1&quot;
                    name=&quot;numberOfShares&quot;
                    required=&quot;&quot;
                    type=&quot;number&quot;
                    value=&quot;100&quot;
                  /&gt;
                &lt;/div&gt;
                &lt;div&gt;
                  &lt;label
                    class=&quot;block text-sm font-medium text-gray-700 mb-2&quot;
                    for=&quot;shareValue&quot;
                  &gt;
                    Value per Share (NZD) *
                  &lt;/label&gt;
                  &lt;input
                    class=&quot;w-full px-4 py-3 border rounded-lg focus:ring-2 focus:ring-blue-500 focus:border-transparent transition-colors border-gray-300&quot;
                    id=&quot;shareValue&quot;
                    min=&quot;0.01&quot;
                    name=&quot;shareValue&quot;
                    required=&quot;&quot;
                    step=&quot;0.01&quot;
                    type=&quot;number&quot;
                    value=&quot;1&quot;
                  /&gt;
                &lt;/div&gt;
              &lt;/div&gt;
            &lt;/div&gt;
            &lt;div
              class=&quot;pt-6&quot;
            &gt;
              &lt;button
                class=&quot;w-full py-3 px-6 rounded-lg font-medium text-white transition-all duration-200 bg-gray-400 cursor-not-allowed&quot;
                disabled=&quot;&quot;
                type=&quot;submit&quot;
              &gt;
                Register Company
              &lt;/button&gt;
            &lt;/div&gt;
          &lt;/form&gt;
        &lt;/div&gt;
      &lt;/div&gt;
    &lt;/div&gt;
  &lt;/div&gt;
&lt;/body&gt;
 ❯ Object.getElementError node_modules/@testing-library/dom/dist/config.js:37:19
 ❯ node_modules/@testing-library/dom/dist/query-helpers.js:76:38
 ❯ node_modules/@testing-library/dom/dist/query-helpers.js:52:17
 ❯ node_modules/@testing-library/dom/dist/query-helpers.js:95:19
 ❯ src/pages/__tests__/CompanyRegistration.test.tsx:45:19
            </failure>
        </testcase>
        <testcase classname="src/pages/__tests__/CompanyRegistration.test.tsx" name="CompanyRegistration &gt; validates share capital calculation" time="0.238633349">
            <failure message="Unable to find an element with the text: Share capital must equal number of shares × share value. This could be because the text is broken up by multiple elements. In this case, you can provide a function for your text matcher to make your matcher more flexible.

Ignored nodes: comments, script, style
[36m&lt;body&gt;[39m
  [36m&lt;div&gt;[39m
    [36m&lt;div[39m
      [33mclass[39m=[32m&quot;min-h-screen bg-gradient-to-br from-blue-50 via-white to-green-50 py-12 px-4 sm:px-6 lg:px-8&quot;[39m
    [36m&gt;[39m
      [36m&lt;div[39m
        [33mclass[39m=[32m&quot;max-w-3xl mx-auto&quot;[39m
      [36m&gt;[39m
        [36m&lt;div[39m
          [33mclass[39m=[32m&quot;text-center mb-8&quot;[39m
        [36m&gt;[39m
          [36m&lt;div[39m
            [33mclass[39m=[32m&quot;flex items-center justify-center mb-4&quot;[39m
          [36m&gt;[39m
            [36m&lt;div[39m
              [33mclass[39m=[32m&quot;flex items-center justify-center w-16 h-16 bg-gradient-to-br from-blue-600 to-green-600 rounded-xl shadow-lg&quot;[39m
            [36m&gt;[39m
              [36m&lt;svg[39m
                [33maria-hidden[39m=[32m&quot;true&quot;[39m
                [33mclass[39m=[32m&quot;lucide lucide-building2 lucide-building-2 h-8 w-8 text-white&quot;[39m
                [33mfill[39m=[32m&quot;none&quot;[39m
                [33mheight[39m=[32m&quot;24&quot;[39m
                [33mstroke[39m=[32m&quot;currentColor&quot;[39m
                [33mstroke-linecap[39m=[32m&quot;round&quot;[39m
                [33mstroke-linejoin[39m=[32m&quot;round&quot;[39m
                [33mstroke-width[39m=[32m&quot;2&quot;[39m
                [33mviewBox[39m=[32m&quot;0 0 24 24&quot;[39m
                [33mwidth[39m=[32m&quot;24&quot;[39m
                [33mxmlns[39m=[32m&quot;http://www.w3.org/2000/svg&quot;[39m
              [36m&gt;[39m
                [36m&lt;path[39m
                  [33md[39m=[32m&quot;M6 22V4a2 2 0 0 1 2-2h8a2 2 0 0 1 2 2v18Z&quot;[39m
                [36m/&gt;[39m
                [36m&lt;path[39m
                  [33md[39m=[32m&quot;M6 12H4a2 2 0 0 0-2 2v6a2 2 0 0 0 2 2h2&quot;[39m
                [36m/&gt;[39m
                [36m&lt;path[39m
                  [33md[39m=[32m&quot;M18 9h2a2 2 0 0 1 2 2v9a2 2 0 0 1-2 2h-2&quot;[39m
                [36m/&gt;[39m
                [36m&lt;path[39m
                  [33md[39m=[32m&quot;M10 6h4&quot;[39m
                [36m/&gt;[39m
                [36m&lt;path[39m
                  [33md[39m=[32m&quot;M10 10h4&quot;[39m
                [36m/&gt;[39m
                [36m&lt;path[39m
                  [33md[39m=[32m&quot;M10 14h4&quot;[39m
                [36m/&gt;[39m
                [36m&lt;path[39m
                  [33md[39m=[32m&quot;M10 18h4&quot;[39m
                [36m/&gt;[39m
              [36m&lt;/svg&gt;[39m
            [36m&lt;/div&gt;[39m
          [36m&lt;/div&gt;[39m
          [36m&lt;h1[39m
            [33mclass[39m=[32m&quot;text-3xl font-bold text-gray-900 mb-2&quot;[39m
          [36m&gt;[39m
            [0mRegister a New Company[0m
          [36m&lt;/h1&gt;[39m
          [36m&lt;p[39m
            [33mclass[39m=[32m&quot;text-lg text-gray-600&quot;[39m
          [36m&gt;[39m
            [0mRegister your new company with the New Zealand Companies Office[0m
          [36m&lt;/p&gt;[39m
        [36m&lt;/div&gt;[39m
        [36m&lt;div[39m
          [33mclass[39m=[32m&quot;bg-white rounded-2xl shadow-xl p-8 border border-gray-100&quot;[39m
        [36m&gt;[39m
          [36m&lt;form[39m
            [33mclass[39m=[32m&quot;space-y-6&quot;[39m
          [36m&gt;[39m
            [36m&lt;div&gt;[39m
              [36m&lt;label[39m
                [33mclass[39m=[32m&quot;block text-sm font-medium text-gray-700 mb-2&quot;[39m
                [33mfor[39m=[32m&quot;companyName&quot;[39m
              [36m&gt;[39m
                [0mCompany Name *[0m
              [36m&lt;/label&gt;[39m
              [36m&lt;div[39m
                [33mclass[39m=[32m&quot;relative&quot;[39m
              [36m&gt;[39m
                [36m&lt;input[39m
                  [33mclass[39m=[32m&quot;w-full px-4 py-3 border rounded-lg focus:ring-2 focus:ring-blue-500 focus:border-transparent transition-colors border-gray-300&quot;[39m
                  [33mid[39m=[32m&quot;companyName&quot;[39m
                  [33mname[39m=[32m&quot;companyName&quot;[39m
                  [33mplaceholder[39m=[32m&quot;Enter company name&quot;[39m
                  [33mrequired[39m=[32m&quot;&quot;[39m
                  [33mtype[39m=[32m&quot;text&quot;[39m
                  [33mvalue[39m=[32m&quot;Test Company&quot;[39m
                [36m/&gt;[39m
                [36m&lt;div[39m
                  [33mclass[39m=[32m&quot;absolute right-3 top-1/2 transform -translate-y-1/2&quot;[39m
                [36m/&gt;[39m
              [36m&lt;/div&gt;[39m
            [36m&lt;/div&gt;[39m
            [36m&lt;div&gt;[39m
              [36m&lt;label[39m
                [33mclass[39m=[32m&quot;block text-sm font-medium text-gray-700 mb-2&quot;[39m
                [33mfor[39m=[32m&quot;companyType&quot;[39m
              [36m&gt;[39m
                [0mCompany Type *[0m
              [36m&lt;/label&gt;[39m
              [36m&lt;select[39m
                [33mclass[39m=[32m&quot;w-full px-4 py-3 border border-gray-300 rounded-lg focus:ring-2 focus:ring-blue-500 focus:border-transparent transition-colors&quot;[39m
                [33mid[39m=[32m&quot;companyType&quot;[39m
                [33mname[39m=[32m&quot;companyType&quot;[39m
                [33mrequired[39m=[32m&quot;&quot;[39m
              [36m&gt;[39m
                [36m&lt;option[39m
                  [33mvalue[39m=[32m&quot;LTD&quot;[39m
                [36m&gt;[39m
                  [0mLimited Company (Ltd)[0m
                [36m&lt;/option&gt;[39m
                [36m&lt;option[39m
                  [33mvalue[39m=[32m&quot;OVERSEAS&quot;[39m
                [36m&gt;[39m
                  [0mOverseas Company[0m
                [36m&lt;/option&gt;[39m
                [36m&lt;option[39m
                  [33mvalue[39m=[32m&quot;UNLIMITED&quot;[39m
                [36m&gt;[39m
                  [0mUnlimited Company[0m
                [36m&lt;/option&gt;[39m
              [36m&lt;/select&gt;[39m
            [36m&lt;/div&gt;[39m
            [36m&lt;div&gt;[39m
              [36m&lt;label[39m
                [33mclass[39m=[32m&quot;block text-sm font-medium text-gray-700 mb-2&quot;[39m
                [33mfor[39m=[32m&quot;incorporationDate&quot;[39m
              [36m&gt;[39m
                [0mIncorporation Date *[0m
              [36m&lt;/label&gt;[39m
              [36m&lt;input[39m
                [33mclass[39m=[32m&quot;w-full px-4 py-3 border rounded-lg focus:ring-2 focus:ring-blue-500 focus:border-transparent transition-colors border-gray-300&quot;[39m
                [33mid[39m=[32m&quot;incorporationDate&quot;[39m
                [33mname[39m=[32m&quot;incorporationDate&quot;[39m
                [33mrequired[39m=[32m&quot;&quot;[39m
                [33mtype[39m=[32m&quot;date&quot;[39m
                [33mvalue[39m=[32m&quot;2024-01-01&quot;[39m
              [36m/&gt;[39m
            [36m&lt;/div&gt;[39m
            [36m&lt;div&gt;[39m
              [36m&lt;label[39m
                [33mclass[39m=[32m&quot;block text-sm font-medium text-gray-700 mb-2&quot;[39m
                [33mfor[39m=[32m&quot;nzbn&quot;[39m
              [36m&gt;[39m
                [0mNZBN (Optional)[0m
              [36m&lt;/label&gt;[39m
              [36m&lt;input[39m
                [33mclass[39m=[32m&quot;w-full px-4 py-3 border border-gray-300 rounded-lg focus:ring-2 focus:ring-blue-500 focus:border-transparent transition-colors&quot;[39m
                [33mid[39m=[32m&quot;nzbn&quot;[39m
                [33mname[39m=[32m&quot;nzbn&quot;[39m
                [33mplaceholder[39m=[32m&quot;New Zealand Business Number&quot;[39m
                [33mtype[39m=[32m&quot;text&quot;[39m
                [33mvalue[39m=[32m&quot;&quot;[39m
              [36m/&gt;[39m
            [36m&lt;/div&gt;[39m
            [36m&lt;div[39m
              [33mclass[39m=[32m&quot;border-t pt-6&quot;[39m
            [36m&gt;[39m
              [36m&lt;h3[39m
                [33mclass[39m=[32m&quot;text-lg font-medium text-gray-900 mb-4&quot;[39m
              [36m&gt;[39m
                [0mShare Capital[0m
              [36m&lt;/h3&gt;[39m
              [36m&lt;div[39m
                [33mclass[39m=[32m&quot;grid grid-cols-1 md:grid-cols-3 gap-4&quot;[39m
              [36m&gt;[39m
                [36m&lt;div&gt;[39m
                  [36m&lt;label[39m
                    [33mclass[39m=[32m&quot;block text-sm font-medium text-gray-700 mb-2&quot;[39m
                    [33mfor[39m=[32m&quot;shareCapital&quot;[39m
                  [36m&gt;[39m
                    [0mShare Capital (NZD) *[0m
                  [36m&lt;/label&gt;[39m
                  [36m&lt;input[39m
                    [33mclass[39m=[32m&quot;w-full px-4 py-3 border rounded-lg focus:ring-2 focus:ring-blue-500 focus:border-transparent transition-colors border-gray-300&quot;[39m
                    [33mid[39m=[32m&quot;shareCapital&quot;[39m
                    [33mmin[39m=[32m&quot;1&quot;[39m
                    [33mname[39m=[32m&quot;shareCapital&quot;[39m
                    [33mrequired[39m=[32m&quot;&quot;[39m
                    [33mstep[39m=[32m&quot;0.01&quot;[39m
                    [33mtype[39m=[32m&quot;number&quot;[39m
                    [33mvalue[39m=[32m&quot;200&quot;[39m
                  [36m/&gt;[39m
                [36m&lt;/div&gt;[39m
                [36m&lt;div&gt;[39m
                  [36m&lt;label[39m
                    [33mclass[39m=[32m&quot;block text-sm font-medium text-gray-700 mb-2&quot;[39m
                    [33mfor[39m=[32m&quot;numberOfShares&quot;[39m
                  [36m&gt;[39m
                    [0mNumber of Shares *[0m
                  [36m&lt;/label&gt;[39m
                  [36m&lt;input[39m
                    [33mclass[39m=[32m&quot;w-full px-4 py-3 border rounded-lg focus:ring-2 focus:ring-blue-500 focus:border-transparent transition-colors border-gray-300&quot;[39m
                    [33mid[39m=[32m&quot;numberOfShares&quot;[39m
                    [33mmin[39m=[32m&quot;1&quot;[39m
                    [33mname[39m=[32m&quot;numberOfShares&quot;[39m
                    [33mrequired[39m=[32m&quot;&quot;[39m
                    [33mtype[39m=[32m&quot;number&quot;[39m
                    [33mvalue[39m=[32m&quot;100&quot;[39m
                  [36m/&gt;[39m
                [36m&lt;/div&gt;[39m
                [36m&lt;div&gt;[39m
                  [36m&lt;label[39m
                    [33mclass[39m=[32m&quot;block text-sm font-medium text-gray-700 mb-2&quot;[39m
                    [33mfor[39m=[32m&quot;shareValue&quot;[39m
                  [36m&gt;[39m
                    [0mValue per Share (NZD) *[0m
                  [36m&lt;/label&gt;[39m
                  [36m&lt;input[39m
                    [33mclass[39m=[32m&quot;w-full px-4 py-3 border rounded-lg focus:ring-2 focus:ring-blue-500 focus:border-transparent transition-colors border-gray-300&quot;[39m
                    [33mid[39m=[32m&quot;shareValue&quot;[39m
                    [33mmin[39m=[32m&quot;0.01&quot;[39m
                    [33mname[39m=[32m&quot;shareValue&quot;[39m
                    [33mrequired[39m=[32m&quot;&quot;[39m
                    [33mstep[39m=[32m&quot;0.01&quot;[39m
                    [33mtype[39m=[32m&quot;number&quot;[39m
                    [33mvalue[39m=[32m&quot;1&quot;[39m
                  [36m/&gt;[39m
                [36m&lt;/div&gt;[39m
              [36m&lt;/div&gt;[39m
            [36m&lt;/div&gt;[39m
            [36m&lt;div[39m
              [33mclass[39m=[32m&quot;pt-6&quot;[39m
            [36m&gt;[39m
              [36m&lt;button[39m
                [33mclass[39m=[32m&quot;w-full py-3 px-6 rounded-lg font-medium text-white transition-all duration-200 bg-gray-400 cursor-not-allowed&quot;[39m
                [33mdisabled[39m=[32m&quot;&quot;[39m
                [33mtype[39m=[32m&quot;submit&quot;[39m
              [36m&gt;[39m
                [0mRegister Company[0m
              [36m&lt;/button&gt;[39m
            [36m&lt;/div&gt;[39m
          [36m&lt;/form&gt;[39m
        [36m&lt;/div&gt;[39m
      [36m&lt;/div&gt;[39m
    [36m&lt;/div&gt;[39m
  [36m&lt;/div&gt;[39m
[36m&lt;/body&gt;[39m" type="TestingLibraryElementError">
TestingLibraryElementError: Unable to find an element with the text: Share capital must equal number of shares × share value. This could be because the text is broken up by multiple elements. In this case, you can provide a function for your text matcher to make your matcher more flexible.

Ignored nodes: comments, script, style
&lt;body&gt;
  &lt;div&gt;
    &lt;div
      class=&quot;min-h-screen bg-gradient-to-br from-blue-50 via-white to-green-50 py-12 px-4 sm:px-6 lg:px-8&quot;
    &gt;
      &lt;div
        class=&quot;max-w-3xl mx-auto&quot;
      &gt;
        &lt;div
          class=&quot;text-center mb-8&quot;
        &gt;
          &lt;div
            class=&quot;flex items-center justify-center mb-4&quot;
          &gt;
            &lt;div
              class=&quot;flex items-center justify-center w-16 h-16 bg-gradient-to-br from-blue-600 to-green-600 rounded-xl shadow-lg&quot;
            &gt;
              &lt;svg
                aria-hidden=&quot;true&quot;
                class=&quot;lucide lucide-building2 lucide-building-2 h-8 w-8 text-white&quot;
                fill=&quot;none&quot;
                height=&quot;24&quot;
                stroke=&quot;currentColor&quot;
                stroke-linecap=&quot;round&quot;
                stroke-linejoin=&quot;round&quot;
                stroke-width=&quot;2&quot;
                viewBox=&quot;0 0 24 24&quot;
                width=&quot;24&quot;
                xmlns=&quot;http://www.w3.org/2000/svg&quot;
              &gt;
                &lt;path
                  d=&quot;M6 22V4a2 2 0 0 1 2-2h8a2 2 0 0 1 2 2v18Z&quot;
                /&gt;
                &lt;path
                  d=&quot;M6 12H4a2 2 0 0 0-2 2v6a2 2 0 0 0 2 2h2&quot;
                /&gt;
                &lt;path
                  d=&quot;M18 9h2a2 2 0 0 1 2 2v9a2 2 0 0 1-2 2h-2&quot;
                /&gt;
                &lt;path
                  d=&quot;M10 6h4&quot;
                /&gt;
                &lt;path
                  d=&quot;M10 10h4&quot;
                /&gt;
                &lt;path
                  d=&quot;M10 14h4&quot;
                /&gt;
                &lt;path
                  d=&quot;M10 18h4&quot;
                /&gt;
              &lt;/svg&gt;
            &lt;/div&gt;
          &lt;/div&gt;
          &lt;h1
            class=&quot;text-3xl font-bold text-gray-900 mb-2&quot;
          &gt;
            Register a New Company
          &lt;/h1&gt;
          &lt;p
            class=&quot;text-lg text-gray-600&quot;
          &gt;
            Register your new company with the New Zealand Companies Office
          &lt;/p&gt;
        &lt;/div&gt;
        &lt;div
          class=&quot;bg-white rounded-2xl shadow-xl p-8 border border-gray-100&quot;
        &gt;
          &lt;form
            class=&quot;space-y-6&quot;
          &gt;
            &lt;div&gt;
              &lt;label
                class=&quot;block text-sm font-medium text-gray-700 mb-2&quot;
                for=&quot;companyName&quot;
              &gt;
                Company Name *
              &lt;/label&gt;
              &lt;div
                class=&quot;relative&quot;
              &gt;
                &lt;input
                  class=&quot;w-full px-4 py-3 border rounded-lg focus:ring-2 focus:ring-blue-500 focus:border-transparent transition-colors border-gray-300&quot;
                  id=&quot;companyName&quot;
                  name=&quot;companyName&quot;
                  placeholder=&quot;Enter company name&quot;
                  required=&quot;&quot;
                  type=&quot;text&quot;
                  value=&quot;Test Company&quot;
                /&gt;
                &lt;div
                  class=&quot;absolute right-3 top-1/2 transform -translate-y-1/2&quot;
                /&gt;
              &lt;/div&gt;
            &lt;/div&gt;
            &lt;div&gt;
              &lt;label
                class=&quot;block text-sm font-medium text-gray-700 mb-2&quot;
                for=&quot;companyType&quot;
              &gt;
                Company Type *
              &lt;/label&gt;
              &lt;select
                class=&quot;w-full px-4 py-3 border border-gray-300 rounded-lg focus:ring-2 focus:ring-blue-500 focus:border-transparent transition-colors&quot;
                id=&quot;companyType&quot;
                name=&quot;companyType&quot;
                required=&quot;&quot;
              &gt;
                &lt;option
                  value=&quot;LTD&quot;
                &gt;
                  Limited Company (Ltd)
                &lt;/option&gt;
                &lt;option
                  value=&quot;OVERSEAS&quot;
                &gt;
                  Overseas Company
                &lt;/option&gt;
                &lt;option
                  value=&quot;UNLIMITED&quot;
                &gt;
                  Unlimited Company
                &lt;/option&gt;
              &lt;/select&gt;
            &lt;/div&gt;
            &lt;div&gt;
              &lt;label
                class=&quot;block text-sm font-medium text-gray-700 mb-2&quot;
                for=&quot;incorporationDate&quot;
              &gt;
                Incorporation Date *
              &lt;/label&gt;
              &lt;input
                class=&quot;w-full px-4 py-3 border rounded-lg focus:ring-2 focus:ring-blue-500 focus:border-transparent transition-colors border-gray-300&quot;
                id=&quot;incorporationDate&quot;
                name=&quot;incorporationDate&quot;
                required=&quot;&quot;
                type=&quot;date&quot;
                value=&quot;2024-01-01&quot;
              /&gt;
            &lt;/div&gt;
            &lt;div&gt;
              &lt;label
                class=&quot;block text-sm font-medium text-gray-700 mb-2&quot;
                for=&quot;nzbn&quot;
              &gt;
                NZBN (Optional)
              &lt;/label&gt;
              &lt;input
                class=&quot;w-full px-4 py-3 border border-gray-300 rounded-lg focus:ring-2 focus:ring-blue-500 focus:border-transparent transition-colors&quot;
                id=&quot;nzbn&quot;
                name=&quot;nzbn&quot;
                placeholder=&quot;New Zealand Business Number&quot;
                type=&quot;text&quot;
                value=&quot;&quot;
              /&gt;
            &lt;/div&gt;
            &lt;div
              class=&quot;border-t pt-6&quot;
            &gt;
              &lt;h3
                class=&quot;text-lg font-medium text-gray-900 mb-4&quot;
              &gt;
                Share Capital
              &lt;/h3&gt;
              &lt;div
                class=&quot;grid grid-cols-1 md:grid-cols-3 gap-4&quot;
              &gt;
                &lt;div&gt;
                  &lt;label
                    class=&quot;block text-sm font-medium text-gray-700 mb-2&quot;
                    for=&quot;shareCapital&quot;
                  &gt;
                    Share Capital (NZD) *
                  &lt;/label&gt;
                  &lt;input
                    class=&quot;w-full px-4 py-3 border rounded-lg focus:ring-2 focus:ring-blue-500 focus:border-transparent transition-colors border-gray-300&quot;
                    id=&quot;shareCapital&quot;
                    min=&quot;1&quot;
                    name=&quot;shareCapital&quot;
                    required=&quot;&quot;
                    step=&quot;0.01&quot;
                    type=&quot;number&quot;
                    value=&quot;200&quot;
                  /&gt;
                &lt;/div&gt;
                &lt;div&gt;
                  &lt;label
                    class=&quot;block text-sm font-medium text-gray-700 mb-2&quot;
                    for=&quot;numberOfShares&quot;
                  &gt;
                    Number of Shares *
                  &lt;/label&gt;
                  &lt;input
                    class=&quot;w-full px-4 py-3 border rounded-lg focus:ring-2 focus:ring-blue-500 focus:border-transparent transition-colors border-gray-300&quot;
                    id=&quot;numberOfShares&quot;
                    min=&quot;1&quot;
                    name=&quot;numberOfShares&quot;
                    required=&quot;&quot;
                    type=&quot;number&quot;
                    value=&quot;100&quot;
                  /&gt;
                &lt;/div&gt;
                &lt;div&gt;
                  &lt;label
                    class=&quot;block text-sm font-medium text-gray-700 mb-2&quot;
                    for=&quot;shareValue&quot;
                  &gt;
                    Value per Share (NZD) *
                  &lt;/label&gt;
                  &lt;input
                    class=&quot;w-full px-4 py-3 border rounded-lg focus:ring-2 focus:ring-blue-500 focus:border-transparent transition-colors border-gray-300&quot;
                    id=&quot;shareValue&quot;
                    min=&quot;0.01&quot;
                    name=&quot;shareValue&quot;
                    required=&quot;&quot;
                    step=&quot;0.01&quot;
                    type=&quot;number&quot;
                    value=&quot;1&quot;
                  /&gt;
                &lt;/div&gt;
              &lt;/div&gt;
            &lt;/div&gt;
            &lt;div
              class=&quot;pt-6&quot;
            &gt;
              &lt;button
                class=&quot;w-full py-3 px-6 rounded-lg font-medium text-white transition-all duration-200 bg-gray-400 cursor-not-allowed&quot;
                disabled=&quot;&quot;
                type=&quot;submit&quot;
              &gt;
                Register Company
              &lt;/button&gt;
            &lt;/div&gt;
          &lt;/form&gt;
        &lt;/div&gt;
      &lt;/div&gt;
    &lt;/div&gt;
  &lt;/div&gt;
&lt;/body&gt;
 ❯ Object.getElementError node_modules/@testing-library/dom/dist/config.js:37:19
 ❯ node_modules/@testing-library/dom/dist/query-helpers.js:76:38
 ❯ node_modules/@testing-library/dom/dist/query-helpers.js:52:17
 ❯ node_modules/@testing-library/dom/dist/query-helpers.js:95:19
 ❯ src/pages/__tests__/CompanyRegistration.test.tsx:67:19
            </failure>
        </testcase>
        <testcase classname="src/pages/__tests__/CompanyRegistration.test.tsx" name="CompanyRegistration &gt; validates positive values for share-related fields" time="0.098167011">
            <failure message="Unable to find an element with the text: Share capital must be greater than 0. This could be because the text is broken up by multiple elements. In this case, you can provide a function for your text matcher to make your matcher more flexible.

Ignored nodes: comments, script, style
[36m&lt;body&gt;[39m
  [36m&lt;div&gt;[39m
    [36m&lt;div[39m
      [33mclass[39m=[32m&quot;min-h-screen bg-gradient-to-br from-blue-50 via-white to-green-50 py-12 px-4 sm:px-6 lg:px-8&quot;[39m
    [36m&gt;[39m
      [36m&lt;div[39m
        [33mclass[39m=[32m&quot;max-w-3xl mx-auto&quot;[39m
      [36m&gt;[39m
        [36m&lt;div[39m
          [33mclass[39m=[32m&quot;text-center mb-8&quot;[39m
        [36m&gt;[39m
          [36m&lt;div[39m
            [33mclass[39m=[32m&quot;flex items-center justify-center mb-4&quot;[39m
          [36m&gt;[39m
            [36m&lt;div[39m
              [33mclass[39m=[32m&quot;flex items-center justify-center w-16 h-16 bg-gradient-to-br from-blue-600 to-green-600 rounded-xl shadow-lg&quot;[39m
            [36m&gt;[39m
              [36m&lt;svg[39m
                [33maria-hidden[39m=[32m&quot;true&quot;[39m
                [33mclass[39m=[32m&quot;lucide lucide-building2 lucide-building-2 h-8 w-8 text-white&quot;[39m
                [33mfill[39m=[32m&quot;none&quot;[39m
                [33mheight[39m=[32m&quot;24&quot;[39m
                [33mstroke[39m=[32m&quot;currentColor&quot;[39m
                [33mstroke-linecap[39m=[32m&quot;round&quot;[39m
                [33mstroke-linejoin[39m=[32m&quot;round&quot;[39m
                [33mstroke-width[39m=[32m&quot;2&quot;[39m
                [33mviewBox[39m=[32m&quot;0 0 24 24&quot;[39m
                [33mwidth[39m=[32m&quot;24&quot;[39m
                [33mxmlns[39m=[32m&quot;http://www.w3.org/2000/svg&quot;[39m
              [36m&gt;[39m
                [36m&lt;path[39m
                  [33md[39m=[32m&quot;M6 22V4a2 2 0 0 1 2-2h8a2 2 0 0 1 2 2v18Z&quot;[39m
                [36m/&gt;[39m
                [36m&lt;path[39m
                  [33md[39m=[32m&quot;M6 12H4a2 2 0 0 0-2 2v6a2 2 0 0 0 2 2h2&quot;[39m
                [36m/&gt;[39m
                [36m&lt;path[39m
                  [33md[39m=[32m&quot;M18 9h2a2 2 0 0 1 2 2v9a2 2 0 0 1-2 2h-2&quot;[39m
                [36m/&gt;[39m
                [36m&lt;path[39m
                  [33md[39m=[32m&quot;M10 6h4&quot;[39m
                [36m/&gt;[39m
                [36m&lt;path[39m
                  [33md[39m=[32m&quot;M10 10h4&quot;[39m
                [36m/&gt;[39m
                [36m&lt;path[39m
                  [33md[39m=[32m&quot;M10 14h4&quot;[39m
                [36m/&gt;[39m
                [36m&lt;path[39m
                  [33md[39m=[32m&quot;M10 18h4&quot;[39m
                [36m/&gt;[39m
              [36m&lt;/svg&gt;[39m
            [36m&lt;/div&gt;[39m
          [36m&lt;/div&gt;[39m
          [36m&lt;h1[39m
            [33mclass[39m=[32m&quot;text-3xl font-bold text-gray-900 mb-2&quot;[39m
          [36m&gt;[39m
            [0mRegister a New Company[0m
          [36m&lt;/h1&gt;[39m
          [36m&lt;p[39m
            [33mclass[39m=[32m&quot;text-lg text-gray-600&quot;[39m
          [36m&gt;[39m
            [0mRegister your new company with the New Zealand Companies Office[0m
          [36m&lt;/p&gt;[39m
        [36m&lt;/div&gt;[39m
        [36m&lt;div[39m
          [33mclass[39m=[32m&quot;bg-white rounded-2xl shadow-xl p-8 border border-gray-100&quot;[39m
        [36m&gt;[39m
          [36m&lt;form[39m
            [33mclass[39m=[32m&quot;space-y-6&quot;[39m
          [36m&gt;[39m
            [36m&lt;div&gt;[39m
              [36m&lt;label[39m
                [33mclass[39m=[32m&quot;block text-sm font-medium text-gray-700 mb-2&quot;[39m
                [33mfor[39m=[32m&quot;companyName&quot;[39m
              [36m&gt;[39m
                [0mCompany Name *[0m
              [36m&lt;/label&gt;[39m
              [36m&lt;div[39m
                [33mclass[39m=[32m&quot;relative&quot;[39m
              [36m&gt;[39m
                [36m&lt;input[39m
                  [33mclass[39m=[32m&quot;w-full px-4 py-3 border rounded-lg focus:ring-2 focus:ring-blue-500 focus:border-transparent transition-colors border-gray-300&quot;[39m
                  [33mid[39m=[32m&quot;companyName&quot;[39m
                  [33mname[39m=[32m&quot;companyName&quot;[39m
                  [33mplaceholder[39m=[32m&quot;Enter company name&quot;[39m
                  [33mrequired[39m=[32m&quot;&quot;[39m
                  [33mtype[39m=[32m&quot;text&quot;[39m
                  [33mvalue[39m=[32m&quot;&quot;[39m
                [36m/&gt;[39m
                [36m&lt;div[39m
                  [33mclass[39m=[32m&quot;absolute right-3 top-1/2 transform -translate-y-1/2&quot;[39m
                [36m/&gt;[39m
              [36m&lt;/div&gt;[39m
            [36m&lt;/div&gt;[39m
            [36m&lt;div&gt;[39m
              [36m&lt;label[39m
                [33mclass[39m=[32m&quot;block text-sm font-medium text-gray-700 mb-2&quot;[39m
                [33mfor[39m=[32m&quot;companyType&quot;[39m
              [36m&gt;[39m
                [0mCompany Type *[0m
              [36m&lt;/label&gt;[39m
              [36m&lt;select[39m
                [33mclass[39m=[32m&quot;w-full px-4 py-3 border border-gray-300 rounded-lg focus:ring-2 focus:ring-blue-500 focus:border-transparent transition-colors&quot;[39m
                [33mid[39m=[32m&quot;companyType&quot;[39m
                [33mname[39m=[32m&quot;companyType&quot;[39m
                [33mrequired[39m=[32m&quot;&quot;[39m
              [36m&gt;[39m
                [36m&lt;option[39m
                  [33mvalue[39m=[32m&quot;LTD&quot;[39m
                [36m&gt;[39m
                  [0mLimited Company (Ltd)[0m
                [36m&lt;/option&gt;[39m
                [36m&lt;option[39m
                  [33mvalue[39m=[32m&quot;OVERSEAS&quot;[39m
                [36m&gt;[39m
                  [0mOverseas Company[0m
                [36m&lt;/option&gt;[39m
                [36m&lt;option[39m
                  [33mvalue[39m=[32m&quot;UNLIMITED&quot;[39m
                [36m&gt;[39m
                  [0mUnlimited Company[0m
                [36m&lt;/option&gt;[39m
              [36m&lt;/select&gt;[39m
            [36m&lt;/div&gt;[39m
            [36m&lt;div&gt;[39m
              [36m&lt;label[39m
                [33mclass[39m=[32m&quot;block text-sm font-medium text-gray-700 mb-2&quot;[39m
                [33mfor[39m=[32m&quot;incorporationDate&quot;[39m
              [36m&gt;[39m
                [0mIncorporation Date *[0m
              [36m&lt;/label&gt;[39m
              [36m&lt;input[39m
                [33mclass[39m=[32m&quot;w-full px-4 py-3 border rounded-lg focus:ring-2 focus:ring-blue-500 focus:border-transparent transition-colors border-gray-300&quot;[39m
                [33mid[39m=[32m&quot;incorporationDate&quot;[39m
                [33mname[39m=[32m&quot;incorporationDate&quot;[39m
                [33mrequired[39m=[32m&quot;&quot;[39m
                [33mtype[39m=[32m&quot;date&quot;[39m
                [33mvalue[39m=[32m&quot;&quot;[39m
              [36m/&gt;[39m
            [36m&lt;/div&gt;[39m
            [36m&lt;div&gt;[39m
              [36m&lt;label[39m
                [33mclass[39m=[32m&quot;block text-sm font-medium text-gray-700 mb-2&quot;[39m
                [33mfor[39m=[32m&quot;nzbn&quot;[39m
              [36m&gt;[39m
                [0mNZBN (Optional)[0m
              [36m&lt;/label&gt;[39m
              [36m&lt;input[39m
                [33mclass[39m=[32m&quot;w-full px-4 py-3 border border-gray-300 rounded-lg focus:ring-2 focus:ring-blue-500 focus:border-transparent transition-colors&quot;[39m
                [33mid[39m=[32m&quot;nzbn&quot;[39m
                [33mname[39m=[32m&quot;nzbn&quot;[39m
                [33mplaceholder[39m=[32m&quot;New Zealand Business Number&quot;[39m
                [33mtype[39m=[32m&quot;text&quot;[39m
                [33mvalue[39m=[32m&quot;&quot;[39m
              [36m/&gt;[39m
            [36m&lt;/div&gt;[39m
            [36m&lt;div[39m
              [33mclass[39m=[32m&quot;border-t pt-6&quot;[39m
            [36m&gt;[39m
              [36m&lt;h3[39m
                [33mclass[39m=[32m&quot;text-lg font-medium text-gray-900 mb-4&quot;[39m
              [36m&gt;[39m
                [0mShare Capital[0m
              [36m&lt;/h3&gt;[39m
              [36m&lt;div[39m
                [33mclass[39m=[32m&quot;grid grid-cols-1 md:grid-cols-3 gap-4&quot;[39m
              [36m&gt;[39m
                [36m&lt;div&gt;[39m
                  [36m&lt;label[39m
                    [33mclass[39m=[32m&quot;block text-sm font-medium text-gray-700 mb-2&quot;[39m
                    [33mfor[39m=[32m&quot;shareCapital&quot;[39m
                  [36m&gt;[39m
                    [0mShare Capital (NZD) *[0m
                  [36m&lt;/label&gt;[39m
                  [36m&lt;input[39m
                    [33mclass[39m=[32m&quot;w-full px-4 py-3 border rounded-lg focus:ring-2 focus:ring-blue-500 focus:border-transparent transition-colors border-gray-300&quot;[39m
                    [33mid[39m=[32m&quot;shareCapital&quot;[39m
                    [33mmin[39m=[32m&quot;1&quot;[39m
                    [33mname[39m=[32m&quot;shareCapital&quot;[39m
                    [33mrequired[39m=[32m&quot;&quot;[39m
                    [33mstep[39m=[32m&quot;0.01&quot;[39m
                    [33mtype[39m=[32m&quot;number&quot;[39m
                    [33mvalue[39m=[32m&quot;0&quot;[39m
                  [36m/&gt;[39m
                [36m&lt;/div&gt;[39m
                [36m&lt;div&gt;[39m
                  [36m&lt;label[39m
                    [33mclass[39m=[32m&quot;block text-sm font-medium text-gray-700 mb-2&quot;[39m
                    [33mfor[39m=[32m&quot;numberOfShares&quot;[39m
                  [36m&gt;[39m
                    [0mNumber of Shares *[0m
                  [36m&lt;/label&gt;[39m
                  [36m&lt;input[39m
                    [33mclass[39m=[32m&quot;w-full px-4 py-3 border rounded-lg focus:ring-2 focus:ring-blue-500 focus:border-transparent transition-colors border-gray-300&quot;[39m
                    [33mid[39m=[32m&quot;numberOfShares&quot;[39m
                    [33mmin[39m=[32m&quot;1&quot;[39m
                    [33mname[39m=[32m&quot;numberOfShares&quot;[39m
                    [33mrequired[39m=[32m&quot;&quot;[39m
                    [33mtype[39m=[32m&quot;number&quot;[39m
                    [33mvalue[39m=[32m&quot;0&quot;[39m
                  [36m/&gt;[39m
                [36m&lt;/div&gt;[39m
                [36m&lt;div&gt;[39m
                  [36m&lt;label[39m
                    [33mclass[39m=[32m&quot;block text-sm font-medium text-gray-700 mb-2&quot;[39m
                    [33mfor[39m=[32m&quot;shareValue&quot;[39m
                  [36m&gt;[39m
                    [0mValue per Share (NZD) *[0m
                  [36m&lt;/label&gt;[39m
                  [36m&lt;input[39m
                    [33mclass[39m=[32m&quot;w-full px-4 py-3 border rounded-lg focus:ring-2 focus:ring-blue-500 focus:border-transparent transition-colors border-gray-300&quot;[39m
[...]
                for=&quot;companyName&quot;
              &gt;
                Company Name *
              &lt;/label&gt;
              &lt;div
                class=&quot;relative&quot;
              &gt;
                &lt;input
                  class=&quot;w-full px-4 py-3 border rounded-lg focus:ring-2 focus:ring-blue-500 focus:border-transparent transition-colors border-gray-300&quot;
                  id=&quot;companyName&quot;
                  name=&quot;companyName&quot;
                  placeholder=&quot;Enter company name&quot;
                  required=&quot;&quot;
                  type=&quot;text&quot;
                  value=&quot;Test Company&quot;
                /&gt;
                &lt;div
                  class=&quot;absolute right-3 top-1/2 transform -translate-y-1/2&quot;
                &gt;
                  &lt;svg
                    aria-hidden=&quot;true&quot;
                    class=&quot;lucide lucide-circle-alert h-5 w-5 text-red-500&quot;
                    fill=&quot;none&quot;
                    height=&quot;24&quot;
                    stroke=&quot;currentColor&quot;
                    stroke-linecap=&quot;round&quot;
                    stroke-linejoin=&quot;round&quot;
                    stroke-width=&quot;2&quot;
                    viewBox=&quot;0 0 24 24&quot;
                    width=&quot;24&quot;
                    xmlns=&quot;http://www.w3.org/2000/svg&quot;
                  &gt;
                    &lt;circle
                      cx=&quot;12&quot;
                      cy=&quot;12&quot;
                      r=&quot;10&quot;
                    /&gt;
                    &lt;line
                      x1=&quot;12&quot;
                      x2=&quot;12&quot;
                      y1=&quot;8&quot;
                      y2=&quot;12&quot;
                    /&gt;
                    &lt;line
                      x1=&quot;12&quot;
                      x2=&quot;12.01&quot;
                      y1=&quot;16&quot;
                      y2=&quot;16&quot;
                    /&gt;
                  &lt;/svg&gt;
                &lt;/div&gt;
              &lt;/div&gt;
            &lt;/div&gt;
            &lt;div&gt;
              &lt;label
                class=&quot;block text-sm font-medium text-gray-700 mb-2&quot;
                for=&quot;companyType&quot;
              &gt;
                Company Type *
              &lt;/label&gt;
              &lt;select
                class=&quot;w-full px-4 py-3 border border-gray-300 rounded-lg focus:ring-2 focus:ring-blue-500 focus:border-transparent transition-colors&quot;
                id=&quot;companyType&quot;
                name=&quot;companyType&quot;
                required=&quot;&quot;
              &gt;
                &lt;option
                  value=&quot;LTD&quot;
                &gt;
                  Limited Company (Ltd)
                &lt;/option&gt;
                &lt;option
                  value=&quot;OVERSEAS&quot;
                &gt;
                  Overseas Company
                &lt;/option&gt;
                &lt;option
                  value=&quot;UNLIMITED&quot;
                &gt;
                  Unlimited Company
                &lt;/option&gt;
              &lt;/select&gt;
            &lt;/div&gt;
            &lt;div&gt;
              &lt;label
                class=&quot;block text-sm font-medium text-gray-700 mb-2&quot;
                for=&quot;incorporationDate&quot;
              &gt;
                Incorporation Date *
              &lt;/label&gt;
              &lt;input
                class=&quot;w-full px-4 py-3 border rounded-lg focus:ring-2 focus:ring-blue-500 focus:border-transparent transition-colors border-gray-300&quot;
                id=&quot;incorporationDate&quot;
                name=&quot;incorporationDate&quot;
                required=&quot;&quot;
                type=&quot;date&quot;
                value=&quot;2024-01-01&quot;
              /&gt;
            &lt;/div&gt;
            &lt;div&gt;
              &lt;label
                class=&quot;block text-sm font-medium text-gray-700 mb-2&quot;
                for=&quot;nzbn&quot;
              &gt;
                NZBN (Optional)
              &lt;/label&gt;
              &lt;input
                class=&quot;w-full px-4 py-3 border border-gray-300 rounded-lg focus:ring-2 focus:ring-blue-500 focus:border-transparent transition-colors&quot;
                id=&quot;nzbn&quot;
                name=&quot;nzbn&quot;
                placeholder=&quot;New Zealand Business Number&quot;
                type=&quot;text&quot;
                value=&quot;&quot;
              /&gt;
            &lt;/div&gt;
            &lt;div
              class=&quot;border-t pt-6&quot;
            &gt;
              &lt;h3
                class=&quot;text-lg font-medium text-gray-900 mb-4&quot;
              &gt;
                Share Capital
              &lt;/h3&gt;
              &lt;div
                class=&quot;grid grid-cols-1 md:grid-cols-3 gap-4&quot;
              &gt;
                &lt;div&gt;
                  &lt;label
                    class=&quot;block text-sm font-medium text-gray-700 mb-2&quot;
                    for=&quot;shareCapital&quot;
                  &gt;
                    Share Capital (NZD) *
                  &lt;/label&gt;
                  &lt;input
                    class=&quot;w-full px-4 py-3 border rounded-lg focus:ring-2 focus:ring-blue-500 focus:border-transparent transition-colors border-gray-300&quot;
                    id=&quot;shareCapital&quot;
                    min=&quot;1&quot;
                    name=&quot;shareCapital&quot;
                    required=&quot;&quot;
                    step=&quot;0.01&quot;
                    type=&quot;number&quot;
                    value=&quot;100&quot;
                  /&gt;
                &lt;/div&gt;
                &lt;div&gt;
                  &lt;label
                    class=&quot;block text-sm font-medium text-gray-700 mb-2&quot;
                    for=&quot;numberOfShares&quot;
                  &gt;
                    Number of Shares *
                  &lt;/label&gt;
                  &lt;input
                    class=&quot;w-full px-4 py-3 border rounded-lg focus:ring-2 focus:ring-blue-500 focus:border-transparent transition-colors border-gray-300&quot;
                    id=&quot;numberOfShares&quot;
                    min=&quot;1&quot;
                    name=&quot;numberOfShares&quot;
                    required=&quot;&quot;
                    type=&quot;number&quot;
                    value=&quot;100&quot;
                  /&gt;
                &lt;/div&gt;
                &lt;div&gt;
                  &lt;label
                    class=&quot;block text-sm font-medium text-gray-700 mb-2&quot;
                    for=&quot;shareValue&quot;
                  &gt;
                    Value per Share (NZD) *
                  &lt;/label&gt;
                  &lt;input
                    class=&quot;w-full px-4 py-3 border rounded-lg focus:ring-2 focus:ring-blue-500 focus:border-transparent transition-colors border-gray-300&quot;
                    id=&quot;shareValue&quot;
                    min=&quot;0.01&quot;
                    name=&quot;shareValue&quot;
                    required=&quot;&quot;
                    step=&quot;0.01&quot;
                    type=&quot;number&quot;
                    value=&quot;1&quot;
                  /&gt;
                &lt;/div&gt;
              &lt;/div&gt;
            &lt;/div&gt;
            &lt;div
              class=&quot;pt-6&quot;
            &gt;
              &lt;button
                class=&quot;w-full py-3 px-6 rounded-lg font-medium text-white transition-all duration-200 bg-gray-400 cursor-not-allowed&quot;
                disabled=&quot;&quot;
                type=&quot;submit&quot;
              &gt;
                Register Company
              &lt;/button&gt;
            &lt;/div&gt;
          &lt;/form&gt;
        &lt;/div&gt;
      &lt;/div&gt;
    &lt;/div&gt;
  &lt;/div&gt;
&lt;/body&gt;

Ignored nodes: comments, script, style
&lt;html&gt;
  &lt;head /&gt;
  &lt;body&gt;
    &lt;div&gt;
      &lt;div
        class=&quot;min-h-screen bg-gradient-to-br from-blue-50 via-white to-green-50 py-12 px-4 sm:px-6 lg:px-8&quot;
      &gt;
        &lt;div
          class=&quot;max-w-3xl mx-auto&quot;
        &gt;
          &lt;div
            class=&quot;text-center mb-8&quot;
          &gt;
            &lt;div
              class=&quot;flex items-center justify-center mb-4&quot;
            &gt;
              &lt;div
                class=&quot;flex items-center justify-center w-16 h-16 bg-gradient-to-br from-blue-600 to-green-600 rounded-xl shadow-lg&quot;
              &gt;
                &lt;svg
                  aria-hidden=&quot;true&quot;
                  class=&quot;lucide lucide-building2 lucide-building-2 h-8 w-8 text-white&quot;
                  fill=&quot;none&quot;
                  height=&quot;24&quot;
                  stroke=&quot;currentColor&quot;
                  stroke-linecap=&quot;round&quot;
                  stroke-linejoin=&quot;round&quot;
                  stroke-width=&quot;2&quot;
                  viewBox=&quot;0 0 24 24&quot;
                  width=&quot;24&quot;
                  xmlns=&quot;http://www.w3.org/2000/svg&quot;
                &gt;
                  &lt;path
                    d=&quot;M6 22V4a2 2 0 0 1 2-2h8a2 2 0 0 1 2 2v18Z&quot;
                  /&gt;
                  &lt;path
                    d=&quot;M6 12H4a2 2 0 0 0-2 2v6a2 2 0 0 0 2 2h2&quot;
                  /&gt;
                  &lt;path
                    d=&quot;M18 9h2a2 2 0 0 1 2 2v9a2 2 0 0 1-2 2h-2&quot;
                  /&gt;
                  &lt;path
                    d=&quot;M10 6h4&quot;
                  /&gt;
                  &lt;path
                    d=&quot;M10 10h4&quot;
                  /&gt;
                  &lt;path
                    d=&quot;M10 14h4&quot;
                  /&gt;
                  &lt;path
                    d=&quot;M10 18h4&quot;
                  /&gt;
                &lt;/svg&gt;
              &lt;/div&gt;
            &lt;/div&gt;
            &lt;h1
              class=&quot;text-3xl font-bold text-gray-900 mb-2&quot;
            &gt;
              Register a New Company
            &lt;/h1&gt;
            &lt;p
              class=&quot;text-lg text-gray-600&quot;
            &gt;
              Register your new company with the New Zealand Companies Office
            &lt;/p&gt;
          &lt;/div&gt;
          &lt;div
            class=&quot;bg-white rounded-2xl shadow-xl p-8 border border-gray-100&quot;
          &gt;
            &lt;form
              class=&quot;space-y-6&quot;
            &gt;
              &lt;div&gt;
                &lt;label
                  class=&quot;block text-sm font-medium text-gray-700 mb-2&quot;
                  for=&quot;companyName&quot;
                &gt;
                  Company Name *
                &lt;/label&gt;
                &lt;div
                  class=&quot;relative&quot;
                &gt;
                  &lt;input
                    class=&quot;w-full px-4 py-3 border rounded-lg focus:ring-2 focus:ring-blue-500 focus:border-transparent transition-colors border-gray-300&quot;
                    id=&quot;companyName&quot;
                    name=&quot;companyName&quot;
                    placeholder=&quot;Enter company name&quot;
                    required=&quot;&quot;
                    type=&quot;text&quot;
                    value=&quot;Test Company&quot;
                  /&gt;
                  &lt;div
                    class=&quot;absolute right-3 top-1/2 transform -translate-y-1/2&quot;
                  &gt;
                    &lt;svg
                      aria-hidden=&quot;true&quot;
                      class=&quot;lucide lucide-circle-alert h-5 w-5 text-red-500&quot;
                      fill=&quot;none&quot;
                      height=&quot;24&quot;
                      stroke=&quot;currentColor&quot;
                      stroke-linecap=&quot;round&quot;
                      stroke-linejoin=&quot;round&quot;
                      stroke-width=&quot;2&quot;
                      viewBox=&quot;0 0 24 24&quot;
                      width=&quot;24&quot;
                      xmlns=&quot;http://www.w3.org/2000/svg&quot;
                    &gt;
                      &lt;circle
                        cx=&quot;12&quot;
                        cy=&quot;12&quot;
                        r=&quot;10&quot;
                      /&gt;
                      &lt;line
                        x1=&quot;12&quot;
                        x2=&quot;12&quot;
                        y1=&quot;8&quot;
                        y2=&quot;12&quot;
                      /&gt;
                      &lt;line
                        x1=&quot;12&quot;
                        x2=&quot;12.01&quot;
                        y1=&quot;16&quot;
                        y2=&quot;16&quot;
                      /&gt;
                    &lt;/svg&gt;
                  &lt;/div&gt;
                &lt;/div&gt;
              &lt;/div&gt;
              &lt;div&gt;
                &lt;label
                  class=&quot;block text-sm font-medium text-gray-700 mb-2&quot;
                  for=&quot;companyType&quot;
                &gt;
                  Company Type *
                &lt;/label&gt;
                &lt;select
                  class=&quot;w-full px-4 py-3 border border-gray-300 rounded-lg focus:ring-2 focus:ring-blue-500 focus:border-transparent transition-colors&quot;
                  id=&quot;companyType&quot;
                  name=&quot;companyType&quot;
                  required=&quot;&quot;
                &gt;
                  &lt;option
                    value=&quot;LTD&quot;
                  &gt;
                    Limited Company (Ltd)
                  &lt;/option&gt;
                  &lt;option
                    value=&quot;OVERSEAS&quot;
                  &gt;
                    Overseas Company
                  &lt;/option&gt;
                  &lt;option
                    value=&quot;UNLIMITED&quot;
                  &gt;
                    Unlimited Company
                  &lt;/option&gt;
                &lt;/select&gt;
              &lt;/div&gt;
              &lt;div&gt;
                &lt;label
                  class=&quot;block text-sm font-medium text-gray-700 mb-2&quot;
                  for=&quot;incorporationDate&quot;
                &gt;
                  Incorporation Date *
                &lt;/label&gt;
                &lt;input
                  class=&quot;w-full px-4 py-3 border rounded-lg focus:ring-2 focus:ring-blue-500 focus:border-transparent transition-colors border-gray-300&quot;
                  id=&quot;incorporationDate&quot;
                  name=&quot;incorporationDate&quot;
                  required=&quot;&quot;
                  type=&quot;date&quot;
                  value=&quot;2024-01-01&quot;
                /&gt;
              &lt;/div&gt;
              &lt;div&gt;
                &lt;label
                  class=&quot;block text-sm font-medium text-gray-700 mb-2&quot;
                  for=&quot;nzbn&quot;
                &gt;
                  NZBN (Optional)
                &lt;/label&gt;
                &lt;input
                  class=&quot;w-full px-4 py-3 border border-gray-300 rounded-lg focus:ring-2 focus:ring-blue-500 focus:border-transparent transition-colors&quot;
                  id=&quot;nzbn&quot;
                  name=&quot;nzbn&quot;
                  placeholder=&quot;New Zealand Business Number&quot;
                  type=&quot;text&quot;
                  value=&quot;&quot;
                /&gt;
              &lt;/div&gt;
              &lt;div
                class=&quot;border-t pt-6&quot;
              &gt;
                &lt;h3
                  class=&quot;text-lg font-medium text-gray-900 mb-4&quot;
                &gt;
                  Share Capital
                &lt;/h3&gt;
                &lt;div
                  class=&quot;grid grid-cols-1 md:grid-cols-3 gap-4&quot;
                &gt;
                  &lt;div&gt;
                    &lt;label
                      class=&quot;block text-sm font-medium text-gray-700 mb-2&quot;
                      for=&quot;shareCapital&quot;
                    &gt;
                      Share Capital (NZD) *
                    &lt;/label&gt;
                    &lt;input
                      class=&quot;w-full px-4 py-3 border rounded-lg focus:ring-2 focus:ring-blue-500 focus:border-transparent transition-colors border-gray-300&quot;
                      id=&quot;shareCapital&quot;
                      min=&quot;1&quot;
                      name=&quot;shareCapital&quot;
                      required=&quot;&quot;
                      step=&quot;0.01&quot;
                      type=&quot;number&quot;
                      value=&quot;100&quot;
                    /&gt;
                  &lt;/div&gt;
                  &lt;div&gt;
                    &lt;label
                      class=&quot;block text-sm font-medium text-gray-700 mb-2&quot;
                      for=&quot;numberOfShares&quot;
                    &gt;
                      Number of Shares *
                    &lt;/label&gt;
                    &lt;input
                      class=&quot;w-full px-4 py-3 border rounded-lg focus:ring-2 focus:ring-blue-500 focus:border-transparent transition-colors border-gray-300&quot;
                      id=&quot;numberOfShares&quot;
                      min=&quot;1&quot;
                      name=&quot;numberOfShares&quot;
                      required=&quot;&quot;
                      type=&quot;number&quot;
                      value=&quot;100&quot;
                    /&gt;
                  &lt;/div&gt;
                  &lt;div&gt;
                    &lt;label
                      class=&quot;block text-sm font-medium text-gray-700 mb-2&quot;
                      for=&quot;shareValue&quot;
                    &gt;
                      Value per Share (NZD) *
                    &lt;/label&gt;
                    &lt;input
                      class=&quot;w-full px-4 py-3 border rounded-lg focus:ring-2 focus:ring-blue-500 focus:border-transparent transition-colors border-gray-300&quot;
                      id=&quot;shareValue&quot;
                      min=&quot;0.01&quot;
                      name=&quot;shareValue&quot;
                      required=&quot;&quot;
                      step=&quot;0.01&quot;
                      type=&quot;number&quot;
                      value=&quot;1&quot;
                    /&gt;
                  &lt;/div&gt;
                &lt;/div&gt;
              &lt;/div&gt;
              &lt;div
                class=&quot;pt-6&quot;
              &gt;
                &lt;button
                  class=&quot;w-full py-3 px-6 rounded-lg font-medium text-white transition-all duration-200 bg-gray-400 cursor-not-allowed&quot;
                  disabled=&quot;&quot;
                  type=&quot;submit&quot;
                &gt;
                  Register Company
                &lt;/button&gt;
              &lt;/div&gt;
            &lt;/form&gt;
          &lt;/div&gt;
        &lt;/div&gt;
      &lt;/div&gt;
    &lt;/div&gt;
  &lt;/body&gt;
&lt;/html&gt;
 ❯ waitForWrapper node_modules/@testing-library/dom/dist/wait-for.js:163:27
 ❯ src/pages/__tests__/CompanyRegistration.test.tsx:291:11
            </failure>
        </testcase>
        <testcase classname="src/pages/__tests__/CompanyRegistration.test.tsx" name="CompanyRegistration &gt; has proper accessibility attributes" time="0.019886622">
        </testcase>
    </testsuite>
</testsuites>
